

================================================================
== Vitis HLS Report for 'gemm_7'
================================================================
* Date:           Fri May  1 14:34:45 2026

* Version:        2025.2 (Build 6295257 on Nov 14 2025)
* Project:        hls_component
* Solution:       solution1 (Vivado IP Flow Target)
* Product family: spartan7
* Target device:  xc7s50-csga324-2


================================================================
== Performance Estimates
================================================================
+ Timing: 
    * Summary: 
    +--------+----------+----------+------------+
    |  Clock |  Target  | Estimated| Uncertainty|
    +--------+----------+----------+------------+
    |ap_clk  |  10.00 ns|  7.251 ns|     2.70 ns|
    +--------+----------+----------+------------+

+ Latency: 
    * Summary: 
    +---------+---------+----------+----------+-----+-----+---------+
    |  Latency (cycles) |  Latency (absolute) |  Interval | Pipeline|
    |   min   |   max   |    min   |    max   | min | max |   Type  |
    +---------+---------+----------+----------+-----+-----+---------+
    |       36|       36|  0.360 us|  0.360 us|   36|   36|       no|
    +---------+---------+----------+----------+-----+-----+---------+

    + Detail: 
        * Instance: 
        +----------------------------------------------+----------------------------------+---------+---------+----------+----------+-----+-----+-------------------+
        |                                              |                                  |  Latency (cycles) |  Latency (absolute) |  Interval |      Pipeline     |
        |                   Instance                   |              Module              |   min   |   max   |    min   |    max   | min | max |        Type       |
        +----------------------------------------------+----------------------------------+---------+---------+----------+----------+-----+-----+-------------------+
        |grp_gemm_7_Pipeline_VITIS_LOOP_139_1_fu_2598  |gemm_7_Pipeline_VITIS_LOOP_139_1  |       10|       10|  0.100 us|  0.100 us|    0|    0|  loop pipeline stp|
        |grp_gemm_7_Pipeline_VITIS_LOOP_151_3_fu_2620  |gemm_7_Pipeline_VITIS_LOOP_151_3  |       17|       17|  0.170 us|  0.170 us|    0|    0|  loop pipeline stp|
        +----------------------------------------------+----------------------------------+---------+---------+----------+----------+-----+-----+-------------------+

        * Loop: 
        N/A



================================================================
== Utilization Estimates
================================================================
* Summary: 
+-----------------+---------+-----+-------+-------+-----+
|       Name      | BRAM_18K| DSP |   FF  |  LUT  | URAM|
+-----------------+---------+-----+-------+-------+-----+
|DSP              |        -|    -|      -|      -|    -|
|Expression       |        -|    -|      0|      2|    -|
|FIFO             |        -|    -|      -|      -|    -|
|Instance         |        -|   22|    558|   2122|    -|
|Memory           |        -|    -|      -|      -|    -|
|Multiplexer      |        -|    -|      0|   1411|    -|
|Register         |        -|    -|   2062|      -|    -|
+-----------------+---------+-----+-------+-------+-----+
|Total            |        0|   22|   2620|   3535|    0|
+-----------------+---------+-----+-------+-------+-----+
|Available        |      150|  120|  65200|  32600|    0|
+-----------------+---------+-----+-------+-------+-----+
|Utilization (%)  |        0|   18|      4|     10|    0|
+-----------------+---------+-----+-------+-------+-----+

+ Detail: 
    * Instance: 
    +----------------------------------------------+----------------------------------+---------+----+-----+------+-----+
    |                   Instance                   |              Module              | BRAM_18K| DSP|  FF |  LUT | URAM|
    +----------------------------------------------+----------------------------------+---------+----+-----+------+-----+
    |grp_gemm_7_Pipeline_VITIS_LOOP_139_1_fu_2598  |gemm_7_Pipeline_VITIS_LOOP_139_1  |        0|   0|  138|    75|    0|
    |grp_gemm_7_Pipeline_VITIS_LOOP_151_3_fu_2620  |gemm_7_Pipeline_VITIS_LOOP_151_3  |        0|  22|  420|  2047|    0|
    +----------------------------------------------+----------------------------------+---------+----+-----+------+-----+
    |Total                                         |                                  |        0|  22|  558|  2122|    0|
    +----------------------------------------------+----------------------------------+---------+----+-----+------+-----+

    * DSP: 
    N/A

    * Memory: 
    N/A

    * FIFO: 
    N/A

    * Expression: 
    +-----------------+----------+----+---+----+------------+------------+
    |  Variable Name  | Operation| DSP| FF| LUT| Bitwidth P0| Bitwidth P1|
    +-----------------+----------+----+---+----+------------+------------+
    |ap_block_state1  |        or|   0|  0|   2|           1|           1|
    +-----------------+----------+----+---+----+------------+------------+
    |Total            |          |   0|  0|   2|           1|           1|
    +-----------------+----------+----+---+----+------------+------------+

    * Multiplexer: 
    +-------------------+----+-----------+-----+-----------+
    |        Name       | LUT| Input Size| Bits| Total Bits|
    +-------------------+----+-----------+-----+-----------+
    |ap_NS_fsm          |  49|         11|    1|         11|
    |ap_done            |   9|          2|    1|          2|
    |real_start         |   9|          2|    1|          2|
    |w4_0_Addr_A_orig   |  42|          9|   32|        288|
    |w4_0_Addr_B_orig   |  42|          9|   32|        288|
    |w4_10_Addr_A_orig  |  42|          9|   32|        288|
    |w4_10_Addr_B_orig  |  42|          9|   32|        288|
    |w4_11_Addr_A_orig  |  42|          9|   32|        288|
    |w4_11_Addr_B_orig  |  42|          9|   32|        288|
    |w4_12_Addr_A_orig  |  42|          9|   32|        288|
    |w4_12_Addr_B_orig  |  42|          9|   32|        288|
    |w4_13_Addr_A_orig  |  42|          9|   32|        288|
    |w4_13_Addr_B_orig  |  42|          9|   32|        288|
    |w4_14_Addr_A_orig  |  42|          9|   32|        288|
    |w4_14_Addr_B_orig  |  42|          9|   32|        288|
    |w4_15_Addr_A_orig  |  42|          9|   32|        288|
    |w4_15_Addr_B_orig  |  42|          9|   32|        288|
    |w4_1_Addr_A_orig   |  42|          9|   32|        288|
    |w4_1_Addr_B_orig   |  42|          9|   32|        288|
    |w4_2_Addr_A_orig   |  42|          9|   32|        288|
    |w4_2_Addr_B_orig   |  42|          9|   32|        288|
    |w4_3_Addr_A_orig   |  42|          9|   32|        288|
    |w4_3_Addr_B_orig   |  42|          9|   32|        288|
    |w4_4_Addr_A_orig   |  42|          9|   32|        288|
    |w4_4_Addr_B_orig   |  42|          9|   32|        288|
    |w4_5_Addr_A_orig   |  42|          9|   32|        288|
    |w4_5_Addr_B_orig   |  42|          9|   32|        288|
    |w4_6_Addr_A_orig   |  42|          9|   32|        288|
    |w4_6_Addr_B_orig   |  42|          9|   32|        288|
    |w4_7_Addr_A_orig   |  42|          9|   32|        288|
    |w4_7_Addr_B_orig   |  42|          9|   32|        288|
    |w4_8_Addr_A_orig   |  42|          9|   32|        288|
    |w4_8_Addr_B_orig   |  42|          9|   32|        288|
    |w4_9_Addr_A_orig   |  42|          9|   32|        288|
    |w4_9_Addr_B_orig   |  42|          9|   32|        288|
    +-------------------+----+-----------+-----+-----------+
    |Total              |1411|        303| 1027|       9231|
    +-------------------+----+-----------+-----+-----------+

    * Register: 
    +-----------------------------------------------------------+----+----+-----+-----------+
    |                            Name                           | FF | LUT| Bits| Const Bits|
    +-----------------------------------------------------------+----+----+-----+-----------+
    |ap_CS_fsm                                                  |  10|   0|   10|          0|
    |ap_done_reg                                                |   1|   0|    1|          0|
    |grp_gemm_7_Pipeline_VITIS_LOOP_139_1_fu_2598_ap_start_reg  |   1|   0|    1|          0|
    |grp_gemm_7_Pipeline_VITIS_LOOP_151_3_fu_2620_ap_start_reg  |   1|   0|    1|          0|
    |start_once_reg                                             |   1|   0|    1|          0|
    |w4_0_load_10_reg_4874                                      |   8|   0|    8|          0|
    |w4_0_load_11_reg_4914                                      |   8|   0|    8|          0|
    |w4_0_load_12_reg_5194                                      |   8|   0|    8|          0|
    |w4_0_load_13_reg_5234                                      |   8|   0|    8|          0|
    |w4_0_load_14_reg_5562                                      |   8|   0|    8|          0|
    |w4_0_load_15_reg_5602                                      |   8|   0|    8|          0|
    |w4_0_load_1_reg_3314                                       |   8|   0|    8|          0|
    |w4_0_load_2_reg_3594                                       |   8|   0|    8|          0|
    |w4_0_load_3_reg_3634                                       |   8|   0|    8|          0|
    |w4_0_load_4_reg_3914                                       |   8|   0|    8|          0|
    |w4_0_load_5_reg_3954                                       |   8|   0|    8|          0|
    |w4_0_load_6_reg_4234                                       |   8|   0|    8|          0|
    |w4_0_load_7_reg_4274                                       |   8|   0|    8|          0|
    |w4_0_load_8_reg_4554                                       |   8|   0|    8|          0|
    |w4_0_load_9_reg_4594                                       |   8|   0|    8|          0|
    |w4_0_load_reg_3274                                         |   8|   0|    8|          0|
    |w4_10_load_10_reg_4899                                     |   8|   0|    8|          0|
    |w4_10_load_11_reg_4939                                     |   8|   0|    8|          0|
    |w4_10_load_12_reg_5219                                     |   8|   0|    8|          0|
    |w4_10_load_13_reg_5259                                     |   8|   0|    8|          0|
    |w4_10_load_14_reg_5587                                     |   8|   0|    8|          0|
    |w4_10_load_15_reg_5627                                     |   8|   0|    8|          0|
    |w4_10_load_1_reg_3339                                      |   8|   0|    8|          0|
    |w4_10_load_2_reg_3619                                      |   8|   0|    8|          0|
    |w4_10_load_3_reg_3659                                      |   8|   0|    8|          0|
    |w4_10_load_4_reg_3939                                      |   8|   0|    8|          0|
    |w4_10_load_5_reg_3979                                      |   8|   0|    8|          0|
    |w4_10_load_6_reg_4259                                      |   8|   0|    8|          0|
    |w4_10_load_7_reg_4299                                      |   8|   0|    8|          0|
    |w4_10_load_8_reg_4579                                      |   8|   0|    8|          0|
    |w4_10_load_9_reg_4619                                      |   8|   0|    8|          0|
    |w4_10_load_reg_3299                                        |   8|   0|    8|          0|
    |w4_11_load_10_reg_5059                                     |   8|   0|    8|          0|
    |w4_11_load_11_reg_5099                                     |   8|   0|    8|          0|
    |w4_11_load_12_reg_5379                                     |   8|   0|    8|          0|
    |w4_11_load_13_reg_5419                                     |   8|   0|    8|          0|
    |w4_11_load_14_reg_5667                                     |   8|   0|    8|          0|
    |w4_11_load_15_reg_5707                                     |   8|   0|    8|          0|
    |w4_11_load_1_reg_3499                                      |   8|   0|    8|          0|
    |w4_11_load_2_reg_3779                                      |   8|   0|    8|          0|
    |w4_11_load_3_reg_3819                                      |   8|   0|    8|          0|
    |w4_11_load_4_reg_4099                                      |   8|   0|    8|          0|
    |w4_11_load_5_reg_4139                                      |   8|   0|    8|          0|
    |w4_11_load_6_reg_4419                                      |   8|   0|    8|          0|
    |w4_11_load_7_reg_4459                                      |   8|   0|    8|          0|
    |w4_11_load_8_reg_4739                                      |   8|   0|    8|          0|
    |w4_11_load_9_reg_4779                                      |   8|   0|    8|          0|
    |w4_11_load_reg_3459                                        |   8|   0|    8|          0|
    |w4_12_load_10_reg_4904                                     |   8|   0|    8|          0|
    |w4_12_load_11_reg_4944                                     |   8|   0|    8|          0|
    |w4_12_load_12_reg_5224                                     |   8|   0|    8|          0|
    |w4_12_load_13_reg_5264                                     |   8|   0|    8|          0|
    |w4_12_load_14_reg_5592                                     |   8|   0|    8|          0|
    |w4_12_load_15_reg_5632                                     |   8|   0|    8|          0|
    |w4_12_load_1_reg_3344                                      |   8|   0|    8|          0|
    |w4_12_load_2_reg_3624                                      |   8|   0|    8|          0|
    |w4_12_load_3_reg_3664                                      |   8|   0|    8|          0|
    |w4_12_load_4_reg_3944                                      |   8|   0|    8|          0|
    |w4_12_load_5_reg_3984                                      |   8|   0|    8|          0|
    |w4_12_load_6_reg_4264                                      |   8|   0|    8|          0|
    |w4_12_load_7_reg_4304                                      |   8|   0|    8|          0|
    |w4_12_load_8_reg_4584                                      |   8|   0|    8|          0|
    |w4_12_load_9_reg_4624                                      |   8|   0|    8|          0|
    |w4_12_load_reg_3304                                        |   8|   0|    8|          0|
    |w4_13_load_10_reg_5064                                     |   8|   0|    8|          0|
    |w4_13_load_11_reg_5104                                     |   8|   0|    8|          0|
    |w4_13_load_12_reg_5384                                     |   8|   0|    8|          0|
    |w4_13_load_13_reg_5424                                     |   8|   0|    8|          0|
    |w4_13_load_14_reg_5672                                     |   8|   0|    8|          0|
    |w4_13_load_15_reg_5712                                     |   8|   0|    8|          0|
    |w4_13_load_1_reg_3504                                      |   8|   0|    8|          0|
    |w4_13_load_2_reg_3784                                      |   8|   0|    8|          0|
    |w4_13_load_3_reg_3824                                      |   8|   0|    8|          0|
    |w4_13_load_4_reg_4104                                      |   8|   0|    8|          0|
    |w4_13_load_5_reg_4144                                      |   8|   0|    8|          0|
    |w4_13_load_6_reg_4424                                      |   8|   0|    8|          0|
    |w4_13_load_7_reg_4464                                      |   8|   0|    8|          0|
    |w4_13_load_8_reg_4744                                      |   8|   0|    8|          0|
    |w4_13_load_9_reg_4784                                      |   8|   0|    8|          0|
    |w4_13_load_reg_3464                                        |   8|   0|    8|          0|
    |w4_14_load_10_reg_4909                                     |   8|   0|    8|          0|
    |w4_14_load_11_reg_4949                                     |   8|   0|    8|          0|
    |w4_14_load_12_reg_5229                                     |   8|   0|    8|          0|
    |w4_14_load_13_reg_5269                                     |   8|   0|    8|          0|
    |w4_14_load_14_reg_5597                                     |   8|   0|    8|          0|
    |w4_14_load_15_reg_5637                                     |   8|   0|    8|          0|
    |w4_14_load_1_reg_3349                                      |   8|   0|    8|          0|
    |w4_14_load_2_reg_3629                                      |   8|   0|    8|          0|
    |w4_14_load_3_reg_3669                                      |   8|   0|    8|          0|
    |w4_14_load_4_reg_3949                                      |   8|   0|    8|          0|
    |w4_14_load_5_reg_3989                                      |   8|   0|    8|          0|
    |w4_14_load_6_reg_4269                                      |   8|   0|    8|          0|
    |w4_14_load_7_reg_4309                                      |   8|   0|    8|          0|
    |w4_14_load_8_reg_4589                                      |   8|   0|    8|          0|
    |w4_14_load_9_reg_4629                                      |   8|   0|    8|          0|
    |w4_14_load_reg_3309                                        |   8|   0|    8|          0|
    |w4_15_load_10_reg_5069                                     |   8|   0|    8|          0|
    |w4_15_load_11_reg_5109                                     |   8|   0|    8|          0|
    |w4_15_load_12_reg_5389                                     |   8|   0|    8|          0|
    |w4_15_load_13_reg_5429                                     |   8|   0|    8|          0|
    |w4_15_load_14_reg_5677                                     |   8|   0|    8|          0|
    |w4_15_load_15_reg_5717                                     |   8|   0|    8|          0|
    |w4_15_load_1_reg_3509                                      |   8|   0|    8|          0|
    |w4_15_load_2_reg_3789                                      |   8|   0|    8|          0|
    |w4_15_load_3_reg_3829                                      |   8|   0|    8|          0|
    |w4_15_load_4_reg_4109                                      |   8|   0|    8|          0|
    |w4_15_load_5_reg_4149                                      |   8|   0|    8|          0|
    |w4_15_load_6_reg_4429                                      |   8|   0|    8|          0|
    |w4_15_load_7_reg_4469                                      |   8|   0|    8|          0|
    |w4_15_load_8_reg_4749                                      |   8|   0|    8|          0|
    |w4_15_load_9_reg_4789                                      |   8|   0|    8|          0|
    |w4_15_load_reg_3469                                        |   8|   0|    8|          0|
    |w4_1_load_10_reg_5034                                      |   8|   0|    8|          0|
    |w4_1_load_11_reg_5074                                      |   8|   0|    8|          0|
    |w4_1_load_12_reg_5354                                      |   8|   0|    8|          0|
    |w4_1_load_13_reg_5394                                      |   8|   0|    8|          0|
    |w4_1_load_14_reg_5642                                      |   8|   0|    8|          0|
    |w4_1_load_15_reg_5682                                      |   8|   0|    8|          0|
    |w4_1_load_1_reg_3474                                       |   8|   0|    8|          0|
    |w4_1_load_2_reg_3754                                       |   8|   0|    8|          0|
    |w4_1_load_3_reg_3794                                       |   8|   0|    8|          0|
    |w4_1_load_4_reg_4074                                       |   8|   0|    8|          0|
    |w4_1_load_5_reg_4114                                       |   8|   0|    8|          0|
    |w4_1_load_6_reg_4394                                       |   8|   0|    8|          0|
    |w4_1_load_7_reg_4434                                       |   8|   0|    8|          0|
    |w4_1_load_8_reg_4714                                       |   8|   0|    8|          0|
    |w4_1_load_9_reg_4754                                       |   8|   0|    8|          0|
    |w4_1_load_reg_3434                                         |   8|   0|    8|          0|
    |w4_2_load_10_reg_4879                                      |   8|   0|    8|          0|
    |w4_2_load_11_reg_4919                                      |   8|   0|    8|          0|
    |w4_2_load_12_reg_5199                                      |   8|   0|    8|          0|
    |w4_2_load_13_reg_5239                                      |   8|   0|    8|          0|
    |w4_2_load_14_reg_5567                                      |   8|   0|    8|          0|
    |w4_2_load_15_reg_5607                                      |   8|   0|    8|          0|
    |w4_2_load_1_reg_3319                                       |   8|   0|    8|          0|
    |w4_2_load_2_reg_3599                                       |   8|   0|    8|          0|
    |w4_2_load_3_reg_3639                                       |   8|   0|    8|          0|
    |w4_2_load_4_reg_3919                                       |   8|   0|    8|          0|
    |w4_2_load_5_reg_3959                                       |   8|   0|    8|          0|
    |w4_2_load_6_reg_4239                                       |   8|   0|    8|          0|
    |w4_2_load_7_reg_4279                                       |   8|   0|    8|          0|
    |w4_2_load_8_reg_4559                                       |   8|   0|    8|          0|
    |w4_2_load_9_reg_4599                                       |   8|   0|    8|          0|
    |w4_2_load_reg_3279                                         |   8|   0|    8|          0|
    |w4_3_load_10_reg_5039                                      |   8|   0|    8|          0|
    |w4_3_load_11_reg_5079                                      |   8|   0|    8|          0|
    |w4_3_load_12_reg_5359                                      |   8|   0|    8|          0|
    |w4_3_load_13_reg_5399                                      |   8|   0|    8|          0|
    |w4_3_load_14_reg_5647                                      |   8|   0|    8|          0|
    |w4_3_load_15_reg_5687                                      |   8|   0|    8|          0|
    |w4_3_load_1_reg_3479                                       |   8|   0|    8|          0|
    |w4_3_load_2_reg_3759                                       |   8|   0|    8|          0|
    |w4_3_load_3_reg_3799                                       |   8|   0|    8|          0|
    |w4_3_load_4_reg_4079                                       |   8|   0|    8|          0|
    |w4_3_load_5_reg_4119                                       |   8|   0|    8|          0|
    |w4_3_load_6_reg_4399                                       |   8|   0|    8|          0|
    |w4_3_load_7_reg_4439                                       |   8|   0|    8|          0|
    |w4_3_load_8_reg_4719                                       |   8|   0|    8|          0|
    |w4_3_load_9_reg_4759                                       |   8|   0|    8|          0|
    |w4_3_load_reg_3439                                         |   8|   0|    8|          0|
    |w4_4_load_10_reg_4884                                      |   8|   0|    8|          0|
    |w4_4_load_11_reg_4924                                      |   8|   0|    8|          0|
    |w4_4_load_12_reg_5204                                      |   8|   0|    8|          0|
    |w4_4_load_13_reg_5244                                      |   8|   0|    8|          0|
    |w4_4_load_14_reg_5572                                      |   8|   0|    8|          0|
    |w4_4_load_15_reg_5612                                      |   8|   0|    8|          0|
    |w4_4_load_1_reg_3324                                       |   8|   0|    8|          0|
    |w4_4_load_2_reg_3604                                       |   8|   0|    8|          0|
    |w4_4_load_3_reg_3644                                       |   8|   0|    8|          0|
    |w4_4_load_4_reg_3924                                       |   8|   0|    8|          0|
    |w4_4_load_5_reg_3964                                       |   8|   0|    8|          0|
    |w4_4_load_6_reg_4244                                       |   8|   0|    8|          0|
    |w4_4_load_7_reg_4284                                       |   8|   0|    8|          0|
    |w4_4_load_8_reg_4564                                       |   8|   0|    8|          0|
    |w4_4_load_9_reg_4604                                       |   8|   0|    8|          0|
    |w4_4_load_reg_3284                                         |   8|   0|    8|          0|
    |w4_5_load_10_reg_5044                                      |   8|   0|    8|          0|
    |w4_5_load_11_reg_5084                                      |   8|   0|    8|          0|
    |w4_5_load_12_reg_5364                                      |   8|   0|    8|          0|
    |w4_5_load_13_reg_5404                                      |   8|   0|    8|          0|
    |w4_5_load_14_reg_5652                                      |   8|   0|    8|          0|
    |w4_5_load_15_reg_5692                                      |   8|   0|    8|          0|
    |w4_5_load_1_reg_3484                                       |   8|   0|    8|          0|
    |w4_5_load_2_reg_3764                                       |   8|   0|    8|          0|
    |w4_5_load_3_reg_3804                                       |   8|   0|    8|          0|
    |w4_5_load_4_reg_4084                                       |   8|   0|    8|          0|
    |w4_5_load_5_reg_4124                                       |   8|   0|    8|          0|
    |w4_5_load_6_reg_4404                                       |   8|   0|    8|          0|
    |w4_5_load_7_reg_4444                                       |   8|   0|    8|          0|
    |w4_5_load_8_reg_4724                                       |   8|   0|    8|          0|
    |w4_5_load_9_reg_4764                                       |   8|   0|    8|          0|
    |w4_5_load_reg_3444                                         |   8|   0|    8|          0|
    |w4_6_load_10_reg_4889                                      |   8|   0|    8|          0|
    |w4_6_load_11_reg_4929                                      |   8|   0|    8|          0|
    |w4_6_load_12_reg_5209                                      |   8|   0|    8|          0|
    |w4_6_load_13_reg_5249                                      |   8|   0|    8|          0|
    |w4_6_load_14_reg_5577                                      |   8|   0|    8|          0|
    |w4_6_load_15_reg_5617                                      |   8|   0|    8|          0|
    |w4_6_load_1_reg_3329                                       |   8|   0|    8|          0|
    |w4_6_load_2_reg_3609                                       |   8|   0|    8|          0|
    |w4_6_load_3_reg_3649                                       |   8|   0|    8|          0|
    |w4_6_load_4_reg_3929                                       |   8|   0|    8|          0|
    |w4_6_load_5_reg_3969                                       |   8|   0|    8|          0|
    |w4_6_load_6_reg_4249                                       |   8|   0|    8|          0|
    |w4_6_load_7_reg_4289                                       |   8|   0|    8|          0|
    |w4_6_load_8_reg_4569                                       |   8|   0|    8|          0|
    |w4_6_load_9_reg_4609                                       |   8|   0|    8|          0|
    |w4_6_load_reg_3289                                         |   8|   0|    8|          0|
    |w4_7_load_10_reg_5049                                      |   8|   0|    8|          0|
    |w4_7_load_11_reg_5089                                      |   8|   0|    8|          0|
    |w4_7_load_12_reg_5369                                      |   8|   0|    8|          0|
    |w4_7_load_13_reg_5409                                      |   8|   0|    8|          0|
    |w4_7_load_14_reg_5657                                      |   8|   0|    8|          0|
    |w4_7_load_15_reg_5697                                      |   8|   0|    8|          0|
    |w4_7_load_1_reg_3489                                       |   8|   0|    8|          0|
    |w4_7_load_2_reg_3769                                       |   8|   0|    8|          0|
    |w4_7_load_3_reg_3809                                       |   8|   0|    8|          0|
    |w4_7_load_4_reg_4089                                       |   8|   0|    8|          0|
    |w4_7_load_5_reg_4129                                       |   8|   0|    8|          0|
    |w4_7_load_6_reg_4409                                       |   8|   0|    8|          0|
    |w4_7_load_7_reg_4449                                       |   8|   0|    8|          0|
    |w4_7_load_8_reg_4729                                       |   8|   0|    8|          0|
    |w4_7_load_9_reg_4769                                       |   8|   0|    8|          0|
    |w4_7_load_reg_3449                                         |   8|   0|    8|          0|
    |w4_8_load_10_reg_4894                                      |   8|   0|    8|          0|
    |w4_8_load_11_reg_4934                                      |   8|   0|    8|          0|
    |w4_8_load_12_reg_5214                                      |   8|   0|    8|          0|
    |w4_8_load_13_reg_5254                                      |   8|   0|    8|          0|
    |w4_8_load_14_reg_5582                                      |   8|   0|    8|          0|
    |w4_8_load_15_reg_5622                                      |   8|   0|    8|          0|
    |w4_8_load_1_reg_3334                                       |   8|   0|    8|          0|
    |w4_8_load_2_reg_3614                                       |   8|   0|    8|          0|
    |w4_8_load_3_reg_3654                                       |   8|   0|    8|          0|
    |w4_8_load_4_reg_3934                                       |   8|   0|    8|          0|
    |w4_8_load_5_reg_3974                                       |   8|   0|    8|          0|
    |w4_8_load_6_reg_4254                                       |   8|   0|    8|          0|
    |w4_8_load_7_reg_4294                                       |   8|   0|    8|          0|
    |w4_8_load_8_reg_4574                                       |   8|   0|    8|          0|
    |w4_8_load_9_reg_4614                                       |   8|   0|    8|          0|
    |w4_8_load_reg_3294                                         |   8|   0|    8|          0|
    |w4_9_load_10_reg_5054                                      |   8|   0|    8|          0|
    |w4_9_load_11_reg_5094                                      |   8|   0|    8|          0|
    |w4_9_load_12_reg_5374                                      |   8|   0|    8|          0|
    |w4_9_load_13_reg_5414                                      |   8|   0|    8|          0|
    |w4_9_load_14_reg_5662                                      |   8|   0|    8|          0|
    |w4_9_load_15_reg_5702                                      |   8|   0|    8|          0|
    |w4_9_load_1_reg_3494                                       |   8|   0|    8|          0|
    |w4_9_load_2_reg_3774                                       |   8|   0|    8|          0|
    |w4_9_load_3_reg_3814                                       |   8|   0|    8|          0|
    |w4_9_load_4_reg_4094                                       |   8|   0|    8|          0|
    |w4_9_load_5_reg_4134                                       |   8|   0|    8|          0|
    |w4_9_load_6_reg_4414                                       |   8|   0|    8|          0|
    |w4_9_load_7_reg_4454                                       |   8|   0|    8|          0|
    |w4_9_load_8_reg_4734                                       |   8|   0|    8|          0|
    |w4_9_load_9_reg_4774                                       |   8|   0|    8|          0|
    |w4_9_load_reg_3454                                         |   8|   0|    8|          0|
    +-----------------------------------------------------------+----+----+-----+-----------+
    |Total                                                      |2062|   0| 2062|          0|
    +-----------------------------------------------------------+----+----+-----+-----------+



================================================================
== Interface
================================================================
* Summary: 
+----------------------------+-----+-----+------------+--------------+--------------+
|          RTL Ports         | Dir | Bits|  Protocol  | Source Object|    C Type    |
+----------------------------+-----+-----+------------+--------------+--------------+
|ap_clk                      |   in|    1|  ap_ctrl_hs|        gemm.7|  return value|
|ap_rst                      |   in|    1|  ap_ctrl_hs|        gemm.7|  return value|
|ap_start                    |   in|    1|  ap_ctrl_hs|        gemm.7|  return value|
|start_full_n                |   in|    1|  ap_ctrl_hs|        gemm.7|  return value|
|ap_done                     |  out|    1|  ap_ctrl_hs|        gemm.7|  return value|
|ap_continue                 |   in|    1|  ap_ctrl_hs|        gemm.7|  return value|
|ap_idle                     |  out|    1|  ap_ctrl_hs|        gemm.7|  return value|
|ap_ready                    |  out|    1|  ap_ctrl_hs|        gemm.7|  return value|
|start_out                   |  out|    1|  ap_ctrl_hs|        gemm.7|  return value|
|start_write                 |  out|    1|  ap_ctrl_hs|        gemm.7|  return value|
|s_relu_out_dout             |   in|   16|     ap_fifo|    s_relu_out|       pointer|
|s_relu_out_empty_n          |   in|    1|     ap_fifo|    s_relu_out|       pointer|
|s_relu_out_read             |  out|    1|     ap_fifo|    s_relu_out|       pointer|
|s_relu_out_num_data_valid   |   in|    3|     ap_fifo|    s_relu_out|       pointer|
|s_relu_out_fifo_cap         |   in|    3|     ap_fifo|    s_relu_out|       pointer|
|s_gemm4_out_din             |  out|   16|     ap_fifo|   s_gemm4_out|       pointer|
|s_gemm4_out_full_n          |   in|    1|     ap_fifo|   s_gemm4_out|       pointer|
|s_gemm4_out_write           |  out|    1|     ap_fifo|   s_gemm4_out|       pointer|
|s_gemm4_out_num_data_valid  |   in|   32|     ap_fifo|   s_gemm4_out|       pointer|
|s_gemm4_out_fifo_cap        |   in|   32|     ap_fifo|   s_gemm4_out|       pointer|
|w4_0_Addr_A                 |  out|   32|        bram|          w4_0|         array|
|w4_0_EN_A                   |  out|    1|        bram|          w4_0|         array|
|w4_0_WEN_A                  |  out|    1|        bram|          w4_0|         array|
|w4_0_Din_A                  |  out|    8|        bram|          w4_0|         array|
|w4_0_Dout_A                 |   in|    8|        bram|          w4_0|         array|
|w4_0_Addr_B                 |  out|   32|        bram|          w4_0|         array|
|w4_0_EN_B                   |  out|    1|        bram|          w4_0|         array|
|w4_0_WEN_B                  |  out|    1|        bram|          w4_0|         array|
|w4_0_Din_B                  |  out|    8|        bram|          w4_0|         array|
|w4_0_Dout_B                 |   in|    8|        bram|          w4_0|         array|
|w4_1_Addr_A                 |  out|   32|        bram|          w4_1|         array|
|w4_1_EN_A                   |  out|    1|        bram|          w4_1|         array|
|w4_1_WEN_A                  |  out|    1|        bram|          w4_1|         array|
|w4_1_Din_A                  |  out|    8|        bram|          w4_1|         array|
|w4_1_Dout_A                 |   in|    8|        bram|          w4_1|         array|
|w4_1_Addr_B                 |  out|   32|        bram|          w4_1|         array|
|w4_1_EN_B                   |  out|    1|        bram|          w4_1|         array|
|w4_1_WEN_B                  |  out|    1|        bram|          w4_1|         array|
|w4_1_Din_B                  |  out|    8|        bram|          w4_1|         array|
|w4_1_Dout_B                 |   in|    8|        bram|          w4_1|         array|
|w4_2_Addr_A                 |  out|   32|        bram|          w4_2|         array|
|w4_2_EN_A                   |  out|    1|        bram|          w4_2|         array|
|w4_2_WEN_A                  |  out|    1|        bram|          w4_2|         array|
|w4_2_Din_A                  |  out|    8|        bram|          w4_2|         array|
|w4_2_Dout_A                 |   in|    8|        bram|          w4_2|         array|
|w4_2_Addr_B                 |  out|   32|        bram|          w4_2|         array|
|w4_2_EN_B                   |  out|    1|        bram|          w4_2|         array|
|w4_2_WEN_B                  |  out|    1|        bram|          w4_2|         array|
|w4_2_Din_B                  |  out|    8|        bram|          w4_2|         array|
|w4_2_Dout_B                 |   in|    8|        bram|          w4_2|         array|
|w4_3_Addr_A                 |  out|   32|        bram|          w4_3|         array|
|w4_3_EN_A                   |  out|    1|        bram|          w4_3|         array|
|w4_3_WEN_A                  |  out|    1|        bram|          w4_3|         array|
|w4_3_Din_A                  |  out|    8|        bram|          w4_3|         array|
|w4_3_Dout_A                 |   in|    8|        bram|          w4_3|         array|
|w4_3_Addr_B                 |  out|   32|        bram|          w4_3|         array|
|w4_3_EN_B                   |  out|    1|        bram|          w4_3|         array|
|w4_3_WEN_B                  |  out|    1|        bram|          w4_3|         array|
|w4_3_Din_B                  |  out|    8|        bram|          w4_3|         array|
|w4_3_Dout_B                 |   in|    8|        bram|          w4_3|         array|
|w4_4_Addr_A                 |  out|   32|        bram|          w4_4|         array|
|w4_4_EN_A                   |  out|    1|        bram|          w4_4|         array|
|w4_4_WEN_A                  |  out|    1|        bram|          w4_4|         array|
|w4_4_Din_A                  |  out|    8|        bram|          w4_4|         array|
|w4_4_Dout_A                 |   in|    8|        bram|          w4_4|         array|
|w4_4_Addr_B                 |  out|   32|        bram|          w4_4|         array|
|w4_4_EN_B                   |  out|    1|        bram|          w4_4|         array|
|w4_4_WEN_B                  |  out|    1|        bram|          w4_4|         array|
|w4_4_Din_B                  |  out|    8|        bram|          w4_4|         array|
|w4_4_Dout_B                 |   in|    8|        bram|          w4_4|         array|
|w4_5_Addr_A                 |  out|   32|        bram|          w4_5|         array|
|w4_5_EN_A                   |  out|    1|        bram|          w4_5|         array|
|w4_5_WEN_A                  |  out|    1|        bram|          w4_5|         array|
|w4_5_Din_A                  |  out|    8|        bram|          w4_5|         array|
|w4_5_Dout_A                 |   in|    8|        bram|          w4_5|         array|
|w4_5_Addr_B                 |  out|   32|        bram|          w4_5|         array|
|w4_5_EN_B                   |  out|    1|        bram|          w4_5|         array|
|w4_5_WEN_B                  |  out|    1|        bram|          w4_5|         array|
|w4_5_Din_B                  |  out|    8|        bram|          w4_5|         array|
|w4_5_Dout_B                 |   in|    8|        bram|          w4_5|         array|
|w4_6_Addr_A                 |  out|   32|        bram|          w4_6|         array|
|w4_6_EN_A                   |  out|    1|        bram|          w4_6|         array|
|w4_6_WEN_A                  |  out|    1|        bram|          w4_6|         array|
|w4_6_Din_A                  |  out|    8|        bram|          w4_6|         array|
|w4_6_Dout_A                 |   in|    8|        bram|          w4_6|         array|
|w4_6_Addr_B                 |  out|   32|        bram|          w4_6|         array|
|w4_6_EN_B                   |  out|    1|        bram|          w4_6|         array|
|w4_6_WEN_B                  |  out|    1|        bram|          w4_6|         array|
|w4_6_Din_B                  |  out|    8|        bram|          w4_6|         array|
|w4_6_Dout_B                 |   in|    8|        bram|          w4_6|         array|
|w4_7_Addr_A                 |  out|   32|        bram|          w4_7|         array|
|w4_7_EN_A                   |  out|    1|        bram|          w4_7|         array|
|w4_7_WEN_A                  |  out|    1|        bram|          w4_7|         array|
|w4_7_Din_A                  |  out|    8|        bram|          w4_7|         array|
|w4_7_Dout_A                 |   in|    8|        bram|          w4_7|         array|
|w4_7_Addr_B                 |  out|   32|        bram|          w4_7|         array|
|w4_7_EN_B                   |  out|    1|        bram|          w4_7|         array|
|w4_7_WEN_B                  |  out|    1|        bram|          w4_7|         array|
|w4_7_Din_B                  |  out|    8|        bram|          w4_7|         array|
|w4_7_Dout_B                 |   in|    8|        bram|          w4_7|         array|
|w4_8_Addr_A                 |  out|   32|        bram|          w4_8|         array|
|w4_8_EN_A                   |  out|    1|        bram|          w4_8|         array|
|w4_8_WEN_A                  |  out|    1|        bram|          w4_8|         array|
|w4_8_Din_A                  |  out|    8|        bram|          w4_8|         array|
|w4_8_Dout_A                 |   in|    8|        bram|          w4_8|         array|
|w4_8_Addr_B                 |  out|   32|        bram|          w4_8|         array|
|w4_8_EN_B                   |  out|    1|        bram|          w4_8|         array|
|w4_8_WEN_B                  |  out|    1|        bram|          w4_8|         array|
|w4_8_Din_B                  |  out|    8|        bram|          w4_8|         array|
|w4_8_Dout_B                 |   in|    8|        bram|          w4_8|         array|
|w4_9_Addr_A                 |  out|   32|        bram|          w4_9|         array|
|w4_9_EN_A                   |  out|    1|        bram|          w4_9|         array|
|w4_9_WEN_A                  |  out|    1|        bram|          w4_9|         array|
|w4_9_Din_A                  |  out|    8|        bram|          w4_9|         array|
|w4_9_Dout_A                 |   in|    8|        bram|          w4_9|         array|
|w4_9_Addr_B                 |  out|   32|        bram|          w4_9|         array|
|w4_9_EN_B                   |  out|    1|        bram|          w4_9|         array|
|w4_9_WEN_B                  |  out|    1|        bram|          w4_9|         array|
|w4_9_Din_B                  |  out|    8|        bram|          w4_9|         array|
|w4_9_Dout_B                 |   in|    8|        bram|          w4_9|         array|
|w4_10_Addr_A                |  out|   32|        bram|         w4_10|         array|
|w4_10_EN_A                  |  out|    1|        bram|         w4_10|         array|
|w4_10_WEN_A                 |  out|    1|        bram|         w4_10|         array|
|w4_10_Din_A                 |  out|    8|        bram|         w4_10|         array|
|w4_10_Dout_A                |   in|    8|        bram|         w4_10|         array|
|w4_10_Addr_B                |  out|   32|        bram|         w4_10|         array|
|w4_10_EN_B                  |  out|    1|        bram|         w4_10|         array|
|w4_10_WEN_B                 |  out|    1|        bram|         w4_10|         array|
|w4_10_Din_B                 |  out|    8|        bram|         w4_10|         array|
|w4_10_Dout_B                |   in|    8|        bram|         w4_10|         array|
|w4_11_Addr_A                |  out|   32|        bram|         w4_11|         array|
|w4_11_EN_A                  |  out|    1|        bram|         w4_11|         array|
|w4_11_WEN_A                 |  out|    1|        bram|         w4_11|         array|
|w4_11_Din_A                 |  out|    8|        bram|         w4_11|         array|
|w4_11_Dout_A                |   in|    8|        bram|         w4_11|         array|
|w4_11_Addr_B                |  out|   32|        bram|         w4_11|         array|
|w4_11_EN_B                  |  out|    1|        bram|         w4_11|         array|
|w4_11_WEN_B                 |  out|    1|        bram|         w4_11|         array|
|w4_11_Din_B                 |  out|    8|        bram|         w4_11|         array|
|w4_11_Dout_B                |   in|    8|        bram|         w4_11|         array|
|w4_12_Addr_A                |  out|   32|        bram|         w4_12|         array|
|w4_12_EN_A                  |  out|    1|        bram|         w4_12|         array|
|w4_12_WEN_A                 |  out|    1|        bram|         w4_12|         array|
|w4_12_Din_A                 |  out|    8|        bram|         w4_12|         array|
|w4_12_Dout_A                |   in|    8|        bram|         w4_12|         array|
|w4_12_Addr_B                |  out|   32|        bram|         w4_12|         array|
|w4_12_EN_B                  |  out|    1|        bram|         w4_12|         array|
|w4_12_WEN_B                 |  out|    1|        bram|         w4_12|         array|
|w4_12_Din_B                 |  out|    8|        bram|         w4_12|         array|
|w4_12_Dout_B                |   in|    8|        bram|         w4_12|         array|
|w4_13_Addr_A                |  out|   32|        bram|         w4_13|         array|
|w4_13_EN_A                  |  out|    1|        bram|         w4_13|         array|
|w4_13_WEN_A                 |  out|    1|        bram|         w4_13|         array|
|w4_13_Din_A                 |  out|    8|        bram|         w4_13|         array|
|w4_13_Dout_A                |   in|    8|        bram|         w4_13|         array|
|w4_13_Addr_B                |  out|   32|        bram|         w4_13|         array|
|w4_13_EN_B                  |  out|    1|        bram|         w4_13|         array|
|w4_13_WEN_B                 |  out|    1|        bram|         w4_13|         array|
|w4_13_Din_B                 |  out|    8|        bram|         w4_13|         array|
|w4_13_Dout_B                |   in|    8|        bram|         w4_13|         array|
|w4_14_Addr_A                |  out|   32|        bram|         w4_14|         array|
|w4_14_EN_A                  |  out|    1|        bram|         w4_14|         array|
|w4_14_WEN_A                 |  out|    1|        bram|         w4_14|         array|
|w4_14_Din_A                 |  out|    8|        bram|         w4_14|         array|
|w4_14_Dout_A                |   in|    8|        bram|         w4_14|         array|
|w4_14_Addr_B                |  out|   32|        bram|         w4_14|         array|
|w4_14_EN_B                  |  out|    1|        bram|         w4_14|         array|
|w4_14_WEN_B                 |  out|    1|        bram|         w4_14|         array|
|w4_14_Din_B                 |  out|    8|        bram|         w4_14|         array|
|w4_14_Dout_B                |   in|    8|        bram|         w4_14|         array|
|w4_15_Addr_A                |  out|   32|        bram|         w4_15|         array|
|w4_15_EN_A                  |  out|    1|        bram|         w4_15|         array|
|w4_15_WEN_A                 |  out|    1|        bram|         w4_15|         array|
|w4_15_Din_A                 |  out|    8|        bram|         w4_15|         array|
|w4_15_Dout_A                |   in|    8|        bram|         w4_15|         array|
|w4_15_Addr_B                |  out|   32|        bram|         w4_15|         array|
|w4_15_EN_B                  |  out|    1|        bram|         w4_15|         array|
|w4_15_WEN_B                 |  out|    1|        bram|         w4_15|         array|
|w4_15_Din_B                 |  out|    8|        bram|         w4_15|         array|
|w4_15_Dout_B                |   in|    8|        bram|         w4_15|         array|
+----------------------------+-----+-----+------------+--------------+--------------+

