

================================================================
== Vitis HLS Report for 'activation_relu'
================================================================
* Date:           Fri May  1 14:34:44 2026

* Version:        2025.2 (Build 6295257 on Nov 14 2025)
* Project:        hls_component
* Solution:       solution1 (Vivado IP Flow Target)
* Product family: spartan7
* Target device:  xc7s50-csga324-2


================================================================
== Performance Estimates
================================================================
+ Timing: 
    * Summary: 
    +--------+----------+----------+------------+
    |  Clock |  Target  | Estimated| Uncertainty|
    +--------+----------+----------+------------+
    |ap_clk  |  10.00 ns|  4.281 ns|     2.70 ns|
    +--------+----------+----------+------------+

+ Latency: 
    * Summary: 
    +---------+---------+----------+----------+-----+-----+------------------------------------------------+
    |  Latency (cycles) |  Latency (absolute) |  Interval |                    Pipeline                    |
    |   min   |   max   |    min   |    max   | min | max |                      Type                      |
    +---------+---------+----------+----------+-----+-----+------------------------------------------------+
    |       10|       10|  0.100 us|  0.100 us|    8|    8|  loop auto-rewind stp (delay=0 clock cycles(s))|
    +---------+---------+----------+----------+-----+-----+------------------------------------------------+

    + Detail: 
        * Instance: 
        N/A

        * Loop: 
        +--------------------+---------+---------+----------+-----------+-----------+------+----------+
        |                    |  Latency (cycles) | Iteration|  Initiation Interval  | Trip |          |
        |      Loop Name     |   min   |   max   |  Latency |  achieved |   target  | Count| Pipelined|
        +--------------------+---------+---------+----------+-----------+-----------+------+----------+
        |- VITIS_LOOP_236_1  |        8|        8|         2|          1|          1|     8|       yes|
        +--------------------+---------+---------+----------+-----------+-----------+------+----------+



================================================================
== Utilization Estimates
================================================================
* Summary: 
+-----------------+---------+-----+-------+-------+-----+
|       Name      | BRAM_18K| DSP |   FF  |  LUT  | URAM|
+-----------------+---------+-----+-------+-------+-----+
|DSP              |        -|    -|      -|      -|    -|
|Expression       |        -|    -|      0|     46|    -|
|FIFO             |        -|    -|      -|      -|    -|
|Instance         |        -|    -|      -|      -|    -|
|Memory           |        -|    -|      -|      -|    -|
|Multiplexer      |        -|    -|      0|     54|    -|
|Register         |        -|    -|     21|      -|    -|
+-----------------+---------+-----+-------+-------+-----+
|Total            |        0|    0|     21|    100|    0|
+-----------------+---------+-----+-------+-------+-----+
|Available        |      150|  120|  65200|  32600|    0|
+-----------------+---------+-----+-------+-------+-----+
|Utilization (%)  |        0|    0|     ~0|     ~0|    0|
+-----------------+---------+-----+-------+-------+-----+

+ Detail: 
    * Instance: 
    N/A

    * DSP: 
    N/A

    * Memory: 
    N/A

    * FIFO: 
    N/A

    * Expression: 
    +---------------------------------------+----------+----+---+----+------------+------------+
    |             Variable Name             | Operation| DSP| FF| LUT| Bitwidth P0| Bitwidth P1|
    +---------------------------------------+----------+----+---+----+------------+------------+
    |i_fu_123_p2                            |         +|   0|  0|  11|           3|           1|
    |ap_condition_103                       |       and|   0|  0|   2|           1|           1|
    |icmp_ln236_fu_129_p2                   |      icmp|   0|  0|  11|           3|           2|
    |ap_block_pp0_stage0_01001_grp1         |        or|   0|  0|   2|           1|           1|
    |ap_block_pp0_stage0_11001              |        or|   0|  0|   2|           1|           1|
    |ap_block_state1_pp0_stage0_iter0_grp1  |        or|   0|  0|   2|           1|           1|
    |elems_26_fu_115_p3                     |    select|   0|  0|   7|           1|           1|
    |elems_fu_99_p3                         |    select|   0|  0|   7|           1|           1|
    |ap_enable_pp0                          |       xor|   0|  0|   2|           1|           2|
    +---------------------------------------+----------+----+---+----+------------+------------+
    |Total                                  |          |   0|  0|  46|          13|          11|
    +---------------------------------------+----------+----+---+----+------------+------------+

    * Multiplexer: 
    +----------------------------------+----+-----------+-----+-----------+
    |               Name               | LUT| Input Size| Bits| Total Bits|
    +----------------------------------+----+-----------+-----+-----------+
    |ap_done_int                       |   9|          2|    1|          2|
    |ap_loop_exit_ready_pp0_iter1_reg  |   9|          2|    1|          2|
    |ap_sig_allocacmp_i_22             |   9|          2|    3|          6|
    |i_21_fu_52                        |   9|          2|    3|          6|
    |s_gemm3_out_blk_n                 |   9|          2|    1|          2|
    |s_relu_out_blk_n                  |   9|          2|    1|          2|
    +----------------------------------+----+-----------+-----+-----------+
    |Total                             |  54|         12|   10|         20|
    +----------------------------------+----+-----------+-----+-----------+

    * Register: 
    +----------------------------------+---+----+-----+-----------+
    |               Name               | FF| LUT| Bits| Const Bits|
    +----------------------------------+---+----+-----+-----------+
    |ap_CS_fsm                         |  1|   0|    1|          0|
    |ap_done_reg                       |  1|   0|    1|          0|
    |ap_enable_reg_pp0_iter1           |  1|   0|    1|          0|
    |ap_loop_exit_ready_pp0_iter1_reg  |  1|   0|    1|          0|
    |elems_26_reg_167                  |  7|   0|    7|          0|
    |elems_reg_162                     |  7|   0|    7|          0|
    |i_21_fu_52                        |  3|   0|    3|          0|
    +----------------------------------+---+----+-----+-----------+
    |Total                             | 21|   0|   21|          0|
    +----------------------------------+---+----+-----+-----------+



================================================================
== Interface
================================================================
* Summary: 
+----------------------------+-----+-----+------------+-----------------+--------------+
|          RTL Ports         | Dir | Bits|  Protocol  |  Source Object  |    C Type    |
+----------------------------+-----+-----+------------+-----------------+--------------+
|ap_clk                      |   in|    1|  ap_ctrl_hs|  activation_relu|  return value|
|ap_rst                      |   in|    1|  ap_ctrl_hs|  activation_relu|  return value|
|ap_start                    |   in|    1|  ap_ctrl_hs|  activation_relu|  return value|
|ap_done                     |  out|    1|  ap_ctrl_hs|  activation_relu|  return value|
|ap_continue                 |   in|    1|  ap_ctrl_hs|  activation_relu|  return value|
|ap_idle                     |  out|    1|  ap_ctrl_hs|  activation_relu|  return value|
|ap_ready                    |  out|    1|  ap_ctrl_hs|  activation_relu|  return value|
|s_gemm3_out_dout            |   in|   16|     ap_fifo|      s_gemm3_out|       pointer|
|s_gemm3_out_empty_n         |   in|    1|     ap_fifo|      s_gemm3_out|       pointer|
|s_gemm3_out_read            |  out|    1|     ap_fifo|      s_gemm3_out|       pointer|
|s_gemm3_out_num_data_valid  |   in|    3|     ap_fifo|      s_gemm3_out|       pointer|
|s_gemm3_out_fifo_cap        |   in|    3|     ap_fifo|      s_gemm3_out|       pointer|
|s_relu_out_din              |  out|   16|     ap_fifo|       s_relu_out|       pointer|
|s_relu_out_full_n           |   in|    1|     ap_fifo|       s_relu_out|       pointer|
|s_relu_out_write            |  out|    1|     ap_fifo|       s_relu_out|       pointer|
|s_relu_out_num_data_valid   |   in|   32|     ap_fifo|       s_relu_out|       pointer|
|s_relu_out_fifo_cap         |   in|   32|     ap_fifo|       s_relu_out|       pointer|
+----------------------------+-----+-----+------------+-----------------+--------------+

============================================================
+ Verbose Summary: Synthesis Manager
============================================================
InlineROM: 1
ExposeGlobal: 0
============================================================
+ Verbose Summary: CDFG Model
============================================================
IsTopModel: 0
ResetActiveHigh: 1
IsCombinational: 2
IsDatapathOnly: 0
HasWiredReturn: 1
HasMFsm: 2
HasVarLatency: 1
IsPipeline: 0
IsRtlPipelined: 0
IsInstanceOverlapped: 0
IsDontTouch: 0
HasImplIP: 0
IsGatedGlobalClock: 0

+ Individual pipeline summary: 
  * Pipeline-0: initiation interval (II) = 1, depth = 2


============================================================
+ Verbose Summary: Schedule
============================================================
* Number of FSM states : 2
* Pipeline : 1
  Pipeline-0 : II = 1, D = 2, States = { 1 2 }
* Dataflow Pipeline: 0

* FSM state transitions: 
1 --> 2 
2 --> 

* FSM state operations: 

State 1 <SV = 0> <Delay = 4.28>
ST_1 : Operation 5 [1/1] (0.00ns)   --->   "%i_21 = alloca i32 1" [main.cpp:236]   --->   Operation 5 'alloca' 'i_21' <Predicate = true> <Delay = 0.00>
ST_1 : Operation 6 [1/1] (0.00ns)   --->   "%specinterface_ln0 = specinterface void @_ssdm_op_SpecInterface, i16 %s_relu_out, void @empty_7, i32 0, i32 0, void @empty_9, i32 0, i32 0, void @empty_9, void @empty_9, void @empty_9, i32 0, i32 0, i32 0, i32 0, void @empty_9, void @empty_9, i32 4294967295, i32 0, i32 0, i32 0"   --->   Operation 6 'specinterface' 'specinterface_ln0' <Predicate = true> <Delay = 0.00>
ST_1 : Operation 7 [1/1] (0.00ns)   --->   "%specinterface_ln0 = specinterface void @_ssdm_op_SpecInterface, i16 %s_gemm3_out, void @empty_7, i32 0, i32 0, void @empty_9, i32 0, i32 0, void @empty_9, void @empty_9, void @empty_9, i32 0, i32 0, i32 0, i32 0, void @empty_9, void @empty_9, i32 4294967295, i32 0, i32 0, i32 0"   --->   Operation 7 'specinterface' 'specinterface_ln0' <Predicate = true> <Delay = 0.00>
ST_1 : Operation 8 [1/1] (1.29ns)   --->   "%store_ln236 = store i3 0, i3 %i_21" [main.cpp:236]   --->   Operation 8 'store' 'store_ln236' <Predicate = true> <Delay = 1.29>
ST_1 : Operation 9 [1/1] (0.00ns)   --->   "%br_ln236 = br void %for.body.split" [main.cpp:236]   --->   Operation 9 'br' 'br_ln236' <Predicate = true> <Delay = 0.00>
ST_1 : Operation 10 [1/1] (0.00ns)   --->   "%i_22 = load i3 %i_21" [main.cpp:236]   --->   Operation 10 'load' 'i_22' <Predicate = true> <Delay = 0.00>
ST_1 : Operation 11 [1/1] ( I:3.47ns O:3.47ns )   --->   "%b = read i16 @_ssdm_op_Read.ap_fifo.volatile.i16P0A, i16 %s_gemm3_out" [main.cpp:238]   --->   Operation 11 'read' 'b' <Predicate = true> <Delay = 3.47> <CoreInst = "FIFO_SRL">   --->   Core 80 'FIFO_SRL' <Latency = 0> <II = 1> <Delay = 3.47> <Storage> <Opcode : 'read' 'write' 'nbread' 'nbwrite'> <Ports = 0> <Width = 16> <Depth = 2> <FIFO>
ST_1 : Operation 12 [1/1] (0.00ns)   --->   "%trunc_ln239 = trunc i16 %b" [main.cpp:239]   --->   Operation 12 'trunc' 'trunc_ln239' <Predicate = true> <Delay = 0.00>
ST_1 : Operation 13 [1/1] (0.00ns)   --->   "%trunc_ln239_1 = partselect i7 @_ssdm_op_PartSelect.i7.i16.i32.i32, i16 %b, i32 8, i32 14" [main.cpp:239]   --->   Operation 13 'partselect' 'trunc_ln239_1' <Predicate = true> <Delay = 0.00>
ST_1 : Operation 14 [1/1] (0.00ns)   --->   "%tmp = bitselect i1 @_ssdm_op_BitSelect.i1.i16.i32, i16 %b, i32 7" [main.cpp:243]   --->   Operation 14 'bitselect' 'tmp' <Predicate = true> <Delay = 0.00>
ST_1 : Operation 15 [1/1] (0.80ns)   --->   "%elems = select i1 %tmp, i7 0, i7 %trunc_ln239" [main.cpp:243]   --->   Operation 15 'select' 'elems' <Predicate = true> <Delay = 0.80> <CoreInst = "Sel">   --->   Core 73 'Sel' <Latency = 0> <II = 1> <Delay = 0.80> <FuncUnit> <Opcode : 'select'> <InPorts = 3> <OutPorts = 1>
ST_1 : Operation 16 [1/1] (0.00ns)   --->   "%tmp_93 = bitselect i1 @_ssdm_op_BitSelect.i1.i16.i32, i16 %b, i32 15" [main.cpp:243]   --->   Operation 16 'bitselect' 'tmp_93' <Predicate = true> <Delay = 0.00>
ST_1 : Operation 17 [1/1] (0.80ns)   --->   "%elems_26 = select i1 %tmp_93, i7 0, i7 %trunc_ln239_1" [main.cpp:243]   --->   Operation 17 'select' 'elems_26' <Predicate = true> <Delay = 0.80> <CoreInst = "Sel">   --->   Core 73 'Sel' <Latency = 0> <II = 1> <Delay = 0.80> <FuncUnit> <Opcode : 'select'> <InPorts = 3> <OutPorts = 1>
ST_1 : Operation 18 [1/1] (1.45ns)   --->   "%i = add i3 %i_22, i3 1" [main.cpp:236]   --->   Operation 18 'add' 'i' <Predicate = true> <Delay = 1.45> <CoreInst = "Adder">   --->   Core 1 'Adder' <Latency = 0> <II = 1> <Delay = 1.45> <FuncUnit> <Opcode : 'add' 'sub'> <InPorts = 2> <OutPorts = 1>
ST_1 : Operation 19 [1/1] (1.45ns)   --->   "%icmp_ln236 = icmp_eq  i3 %i_22, i3 7" [main.cpp:236]   --->   Operation 19 'icmp' 'icmp_ln236' <Predicate = true> <Delay = 1.45> <CoreInst = "Cmp">   --->   Core 9 'Cmp' <Latency = 0> <II = 1> <Delay = 1.45> <FuncUnit> <Opcode : 'seteq' 'setne' 'setle' 'setge' 'setlt' 'setgt'> <InPorts = 2> <OutPorts = 1>
ST_1 : Operation 20 [1/1] (1.29ns)   --->   "%store_ln236 = store i3 %i, i3 %i_21" [main.cpp:236]   --->   Operation 20 'store' 'store_ln236' <Predicate = true> <Delay = 1.29>
ST_1 : Operation 21 [1/1] (0.00ns)   --->   "%br_ln236 = br i1 %icmp_ln236, void %for.body.split, void %for.end11" [main.cpp:236]   --->   Operation 21 'br' 'br_ln236' <Predicate = true> <Delay = 0.00>

State 2 <SV = 1> <Delay = 3.47>
ST_2 : Operation 22 [1/1] (0.00ns)   --->   "%specpipeline_ln237 = specpipeline void @_ssdm_op_SpecPipeline, i32 1, i32 0, i32 0, i32 0, i32 4294967295, void @empty_9" [main.cpp:237]   --->   Operation 22 'specpipeline' 'specpipeline_ln237' <Predicate = true> <Delay = 0.00>
ST_2 : Operation 23 [1/1] (0.00ns)   --->   "%speclooptripcount_ln236 = speclooptripcount void @_ssdm_op_SpecLoopTripCount, i64 8, i64 8, i64 8" [main.cpp:236]   --->   Operation 23 'speclooptripcount' 'speclooptripcount_ln236' <Predicate = true> <Delay = 0.00>
ST_2 : Operation 24 [1/1] (0.00ns)   --->   "%specloopname_ln236 = specloopname void @_ssdm_op_SpecLoopName, void @empty_1" [main.cpp:236]   --->   Operation 24 'specloopname' 'specloopname_ln236' <Predicate = true> <Delay = 0.00>
ST_2 : Operation 25 [1/1] (0.00ns)   --->   "%zext_ln239 = zext i7 %elems" [main.cpp:239]   --->   Operation 25 'zext' 'zext_ln239' <Predicate = true> <Delay = 0.00>
ST_2 : Operation 26 [1/1] (0.00ns)   --->   "%b_5 = bitconcatenate i15 @_ssdm_op_BitConcatenate.i15.i7.i8, i7 %elems_26, i8 %zext_ln239" [main.cpp:41->main.cpp:245]   --->   Operation 26 'bitconcatenate' 'b_5' <Predicate = true> <Delay = 0.00>
ST_2 : Operation 27 [1/1] (0.00ns)   --->   "%zext_ln37 = zext i15 %b_5" [main.cpp:37->main.cpp:245]   --->   Operation 27 'zext' 'zext_ln37' <Predicate = true> <Delay = 0.00>
ST_2 : Operation 28 [1/1] ( I:3.47ns O:3.47ns )   --->   "%write_ln245 = write void @_ssdm_op_Write.ap_fifo.volatile.i16P0A, i16 %s_relu_out, i16 %zext_ln37" [main.cpp:245]   --->   Operation 28 'write' 'write_ln245' <Predicate = true> <Delay = 3.47> <CoreInst = "FIFO_SRL">   --->   Core 80 'FIFO_SRL' <Latency = 0> <II = 1> <Delay = 3.47> <Storage> <Opcode : 'read' 'write' 'nbread' 'nbwrite'> <Ports = 0> <Width = 16> <Depth = 2> <FIFO>
ST_2 : Operation 29 [1/1] (1.29ns)   --->   "%ret_ln247 = ret" [main.cpp:247]   --->   Operation 29 'ret' 'ret_ln247' <Predicate = (icmp_ln236)> <Delay = 1.29>


============================================================
+ Verbose Summary: Binding
============================================================
STG Binding: 
---------------- STG Properties BEGIN ----------------
- Is combinational: 0
- Is one-state seq: 0
- Is datapath-only: 0
- Is pipelined: 0
- Is top level: 0
Port [ Return ] is wired: 1; IO mode=ap_ctrl_hs:ce=0
Port [ s_gemm3_out]:  wired=1; compound=1; hidden=0; nouse=0; global=0; static=0; extern=0; dir=0; type=3; pingpong=0; private_global=0; IO mode=ap_fifo:ce=0
Port [ s_relu_out]:  wired=1; compound=1; hidden=0; nouse=0; global=0; static=0; extern=0; dir=1; type=3; pingpong=0; private_global=0; IO mode=ap_fifo:ce=0
---------------- STG Properties END ------------------

---------------- Datapath Model BEGIN ----------------

<LifeTime>
<method=bitvector/>
i_21                    (alloca           ) [ 010]
specinterface_ln0       (specinterface    ) [ 000]
specinterface_ln0       (specinterface    ) [ 000]
store_ln236             (store            ) [ 000]
br_ln236                (br               ) [ 000]
i_22                    (load             ) [ 000]
b                       (read             ) [ 000]
trunc_ln239             (trunc            ) [ 000]
trunc_ln239_1           (partselect       ) [ 000]
tmp                     (bitselect        ) [ 000]
elems                   (select           ) [ 011]
tmp_93                  (bitselect        ) [ 000]
elems_26                (select           ) [ 011]
i                       (add              ) [ 000]
icmp_ln236              (icmp             ) [ 011]
store_ln236             (store            ) [ 000]
br_ln236                (br               ) [ 000]
specpipeline_ln237      (specpipeline     ) [ 000]
speclooptripcount_ln236 (speclooptripcount) [ 000]
specloopname_ln236      (specloopname     ) [ 000]
zext_ln239              (zext             ) [ 000]
b_5                     (bitconcatenate   ) [ 000]
zext_ln37               (zext             ) [ 000]
write_ln245             (write            ) [ 000]
ret_ln247               (ret              ) [ 000]
</LifeTime>

<model>

<comp_list>
<comp id="0" class="1000" name="s_gemm3_out">
<pin_list>
<pin id="1" dir="1" index="0" bw="1" slack="0"/>
</pin_list>
<bind>
<StgValue><ssdm name="s_gemm3_out"/></StgValue>
</bind>
</comp>

<comp id="2" class="1000" name="s_relu_out">
<pin_list>
<pin id="3" dir="1" index="0" bw="1" slack="0"/>
</pin_list>
<bind>
<StgValue><ssdm name="s_relu_out"/></StgValue>
</bind>
</comp>

<comp id="4" class="1001" name="const_4">
<pin_list>
<pin id="5" dir="1" index="0" bw="1" slack="0"/>
</pin_list>
<bind>
<StgValue><ssdm name=""/></StgValue>
</bind>
</comp>

<comp id="6" class="1001" name="const_6">
<pin_list>
<pin id="7" dir="1" index="0" bw="1" slack="2147483647"/>
</pin_list>
<bind>
<StgValue><ssdm name="_ssdm_op_SpecInterface"/></StgValue>
</bind>
</comp>

<comp id="8" class="1001" name="const_8">
<pin_list>
<pin id="9" dir="1" index="0" bw="1" slack="2147483647"/>
</pin_list>
<bind>
<StgValue><ssdm name="empty_7"/></StgValue>
</bind>
</comp>

<comp id="10" class="1001" name="const_10">
<pin_list>
<pin id="11" dir="1" index="0" bw="1" slack="2147483647"/>
</pin_list>
<bind>
<StgValue><ssdm name=""/></StgValue>
</bind>
</comp>

<comp id="12" class="1001" name="const_12">
<pin_list>
<pin id="13" dir="1" index="0" bw="1" slack="2147483647"/>
</pin_list>
<bind>
<StgValue><ssdm name="empty_9"/></StgValue>
</bind>
</comp>

<comp id="14" class="1001" name="const_14">
<pin_list>
<pin id="15" dir="1" index="0" bw="1" slack="2147483647"/>
</pin_list>
<bind>
<StgValue><ssdm name=""/></StgValue>
</bind>
</comp>

<comp id="16" class="1001" name="const_16">
<pin_list>
<pin id="17" dir="1" index="0" bw="1" slack="0"/>
</pin_list>
<bind>
<StgValue><ssdm name=""/></StgValue>
</bind>
</comp>

<comp id="18" class="1001" name="const_18">
<pin_list>
<pin id="19" dir="1" index="0" bw="1" slack="0"/>
</pin_list>
<bind>
<StgValue><ssdm name="_ssdm_op_Read.ap_fifo.volatile.i16P0A"/></StgValue>
</bind>
</comp>

<comp id="20" class="1001" name="const_20">
<pin_list>
<pin id="21" dir="1" index="0" bw="1" slack="0"/>
</pin_list>
<bind>
<StgValue><ssdm name="_ssdm_op_PartSelect.i7.i16.i32.i32"/></StgValue>
</bind>
</comp>

<comp id="22" class="1001" name="const_22">
<pin_list>
<pin id="23" dir="1" index="0" bw="1" slack="0"/>
</pin_list>
<bind>
<StgValue><ssdm name=""/></StgValue>
</bind>
</comp>

<comp id="24" class="1001" name="const_24">
<pin_list>
<pin id="25" dir="1" index="0" bw="1" slack="0"/>
</pin_list>
<bind>
<StgValue><ssdm name=""/></StgValue>
</bind>
</comp>

<comp id="26" class="1001" name="const_26">
<pin_list>
<pin id="27" dir="1" index="0" bw="1" slack="0"/>
</pin_list>
<bind>
<StgValue><ssdm name="_ssdm_op_BitSelect.i1.i16.i32"/></StgValue>
</bind>
</comp>

<comp id="28" class="1001" name="const_28">
<pin_list>
<pin id="29" dir="1" index="0" bw="1" slack="0"/>
</pin_list>
<bind>
<StgValue><ssdm name=""/></StgValue>
</bind>
</comp>

<comp id="30" class="1001" name="const_30">
<pin_list>
<pin id="31" dir="1" index="0" bw="1" slack="0"/>
</pin_list>
<bind>
<StgValue><ssdm name=""/></StgValue>
</bind>
</comp>

<comp id="32" class="1001" name="const_32">
<pin_list>
<pin id="33" dir="1" index="0" bw="1" slack="0"/>
</pin_list>
<bind>
<StgValue><ssdm name=""/></StgValue>
</bind>
</comp>

<comp id="34" class="1001" name="const_34">
<pin_list>
<pin id="35" dir="1" index="0" bw="1" slack="0"/>
</pin_list>
<bind>
<StgValue><ssdm name=""/></StgValue>
</bind>
</comp>

<comp id="36" class="1001" name="const_36">
<pin_list>
<pin id="37" dir="1" index="0" bw="1" slack="0"/>
</pin_list>
<bind>
<StgValue><ssdm name=""/></StgValue>
</bind>
</comp>

<comp id="38" class="1001" name="const_38">
<pin_list>
<pin id="39" dir="1" index="0" bw="1" slack="2147483647"/>
</pin_list>
<bind>
<StgValue><ssdm name="_ssdm_op_SpecPipeline"/></StgValue>
</bind>
</comp>

<comp id="40" class="1001" name="const_40">
<pin_list>
<pin id="41" dir="1" index="0" bw="1" slack="2147483647"/>
</pin_list>
<bind>
<StgValue><ssdm name="_ssdm_op_SpecLoopTripCount"/></StgValue>
</bind>
</comp>

<comp id="42" class="1001" name="const_42">
<pin_list>
<pin id="43" dir="1" index="0" bw="1" slack="2147483647"/>
</pin_list>
<bind>
<StgValue><ssdm name=""/></StgValue>
</bind>
</comp>

<comp id="44" class="1001" name="const_44">
<pin_list>
<pin id="45" dir="1" index="0" bw="1" slack="2147483647"/>
</pin_list>
<bind>
<StgValue><ssdm name="_ssdm_op_SpecLoopName"/></StgValue>
</bind>
</comp>

<comp id="46" class="1001" name="const_46">
<pin_list>
<pin id="47" dir="1" index="0" bw="1" slack="2147483647"/>
</pin_list>
<bind>
<StgValue><ssdm name="empty_1"/></StgValue>
</bind>
</comp>

<comp id="48" class="1001" name="const_48">
<pin_list>
<pin id="49" dir="1" index="0" bw="1" slack="0"/>
</pin_list>
<bind>
<StgValue><ssdm name="_ssdm_op_BitConcatenate.i15.i7.i8"/></StgValue>
</bind>
</comp>

<comp id="50" class="1001" name="const_50">
<pin_list>
<pin id="51" dir="1" index="0" bw="1" slack="0"/>
</pin_list>
<bind>
<StgValue><ssdm name="_ssdm_op_Write.ap_fifo.volatile.i16P0A"/></StgValue>
</bind>
</comp>

<comp id="52" class="1004" name="i_21_fu_52">
<pin_list>
<pin id="53" dir="0" index="0" bw="1" slack="0"/>
<pin id="54" dir="1" index="1" bw="3" slack="0"/>
</pin_list>
<bind>
<opcode="alloca(26) " fcode="alloca"/>
<opset="i_21/1 "/>
</bind>
</comp>

<comp id="56" class="1004" name="b_read_fu_56">
<pin_list>
<pin id="57" dir="0" index="0" bw="16" slack="0"/>
<pin id="58" dir="0" index="1" bw="16" slack="0"/>
<pin id="59" dir="1" index="2" bw="16" slack="0"/>
</pin_list>
<bind>
<opcode="read(1150) " fcode="read"/>
<opset="b/1 "/>
</bind>
</comp>

<comp id="62" class="1004" name="write_ln245_write_fu_62">
<pin_list>
<pin id="63" dir="0" index="0" bw="0" slack="0"/>
<pin id="64" dir="0" index="1" bw="16" slack="0"/>
<pin id="65" dir="0" index="2" bw="15" slack="0"/>
<pin id="66" dir="1" index="3" bw="0" slack="2147483647"/>
</pin_list>
<bind>
<opcode="write(1151) " fcode="write"/>
<opset="write_ln245/2 "/>
</bind>
</comp>

<comp id="69" class="1004" name="store_ln236_store_fu_69">
<pin_list>
<pin id="70" dir="0" index="0" bw="1" slack="0"/>
<pin id="71" dir="0" index="1" bw="3" slack="0"/>
<pin id="72" dir="1" index="2" bw="0" slack="2147483647"/>
</pin_list>
<bind>
<opcode="store(28) " fcode="store"/>
<opset="store_ln236/1 "/>
</bind>
</comp>

<comp id="74" class="1004" name="i_22_load_fu_74">
<pin_list>
<pin id="75" dir="0" index="0" bw="3" slack="0"/>
<pin id="76" dir="1" index="1" bw="3" slack="0"/>
</pin_list>
<bind>
<opcode="load(27) " fcode="load"/>
<opset="i_22/1 "/>
</bind>
</comp>

<comp id="77" class="1004" name="trunc_ln239_fu_77">
<pin_list>
<pin id="78" dir="0" index="0" bw="16" slack="0"/>
<pin id="79" dir="1" index="1" bw="7" slack="0"/>
</pin_list>
<bind>
<opcode="trunc(33) " fcode="trunc"/>
<opset="trunc_ln239/1 "/>
</bind>
</comp>

<comp id="81" class="1004" name="trunc_ln239_1_fu_81">
<pin_list>
<pin id="82" dir="0" index="0" bw="7" slack="0"/>
<pin id="83" dir="0" index="1" bw="16" slack="0"/>
<pin id="84" dir="0" index="2" bw="5" slack="0"/>
<pin id="85" dir="0" index="3" bw="5" slack="0"/>
<pin id="86" dir="1" index="4" bw="7" slack="0"/>
</pin_list>
<bind>
<opcode="partselect(1002) " fcode="partselect"/>
<opset="trunc_ln239_1/1 "/>
</bind>
</comp>

<comp id="91" class="1004" name="tmp_fu_91">
<pin_list>
<pin id="92" dir="0" index="0" bw="1" slack="0"/>
<pin id="93" dir="0" index="1" bw="16" slack="0"/>
<pin id="94" dir="0" index="2" bw="4" slack="0"/>
<pin id="95" dir="1" index="3" bw="1" slack="0"/>
</pin_list>
<bind>
<opcode="bitselect(1000) " fcode="bitselect"/>
<opset="tmp/1 "/>
</bind>
</comp>

<comp id="99" class="1004" name="elems_fu_99">
<pin_list>
<pin id="100" dir="0" index="0" bw="1" slack="0"/>
<pin id="101" dir="0" index="1" bw="7" slack="0"/>
<pin id="102" dir="0" index="2" bw="7" slack="0"/>
<pin id="103" dir="1" index="3" bw="7" slack="1"/>
</pin_list>
<bind>
<opcode="select(49) " fcode="select"/>
<opset="elems/1 "/>
</bind>
</comp>

<comp id="107" class="1004" name="tmp_93_fu_107">
<pin_list>
<pin id="108" dir="0" index="0" bw="1" slack="0"/>
<pin id="109" dir="0" index="1" bw="16" slack="0"/>
<pin id="110" dir="0" index="2" bw="5" slack="0"/>
<pin id="111" dir="1" index="3" bw="1" slack="0"/>
</pin_list>
<bind>
<opcode="bitselect(1000) " fcode="bitselect"/>
<opset="tmp_93/1 "/>
</bind>
</comp>

<comp id="115" class="1004" name="elems_26_fu_115">
<pin_list>
<pin id="116" dir="0" index="0" bw="1" slack="0"/>
<pin id="117" dir="0" index="1" bw="7" slack="0"/>
<pin id="118" dir="0" index="2" bw="7" slack="0"/>
<pin id="119" dir="1" index="3" bw="7" slack="1"/>
</pin_list>
<bind>
<opcode="select(49) " fcode="select"/>
<opset="elems_26/1 "/>
</bind>
</comp>

<comp id="123" class="1004" name="i_fu_123">
<pin_list>
<pin id="124" dir="0" index="0" bw="3" slack="0"/>
<pin id="125" dir="0" index="1" bw="1" slack="0"/>
<pin id="126" dir="1" index="2" bw="3" slack="0"/>
</pin_list>
<bind>
<opcode="add(8) " fcode="add"/>
<opset="i/1 "/>
</bind>
</comp>

<comp id="129" class="1004" name="icmp_ln236_fu_129">
<pin_list>
<pin id="130" dir="0" index="0" bw="3" slack="0"/>
<pin id="131" dir="0" index="1" bw="3" slack="0"/>
<pin id="132" dir="1" index="2" bw="1" slack="1"/>
</pin_list>
<bind>
<opcode="icmp(45) " fcode="icmp"/>
<opset="icmp_ln236/1 "/>
</bind>
</comp>

<comp id="135" class="1004" name="store_ln236_store_fu_135">
<pin_list>
<pin id="136" dir="0" index="0" bw="3" slack="0"/>
<pin id="137" dir="0" index="1" bw="3" slack="0"/>
<pin id="138" dir="1" index="2" bw="0" slack="2147483647"/>
</pin_list>
<bind>
<opcode="store(28) " fcode="store"/>
<opset="store_ln236/1 "/>
</bind>
</comp>

<comp id="140" class="1004" name="zext_ln239_fu_140">
<pin_list>
<pin id="141" dir="0" index="0" bw="7" slack="1"/>
<pin id="142" dir="1" index="1" bw="8" slack="0"/>
</pin_list>
<bind>
<opcode="zext(34) " fcode="zext"/>
<opset="zext_ln239/2 "/>
</bind>
</comp>

<comp id="143" class="1004" name="b_5_fu_143">
<pin_list>
<pin id="144" dir="0" index="0" bw="15" slack="0"/>
<pin id="145" dir="0" index="1" bw="7" slack="1"/>
<pin id="146" dir="0" index="2" bw="7" slack="0"/>
<pin id="147" dir="1" index="3" bw="15" slack="0"/>
</pin_list>
<bind>
<opcode="bitconcatenate(1004) " fcode="bitconcatenate"/>
<opset="b_5/2 "/>
</bind>
</comp>

<comp id="150" class="1004" name="zext_ln37_fu_150">
<pin_list>
<pin id="151" dir="0" index="0" bw="15" slack="0"/>
<pin id="152" dir="1" index="1" bw="16" slack="0"/>
</pin_list>
<bind>
<opcode="zext(34) " fcode="zext"/>
<opset="zext_ln37/2 "/>
</bind>
</comp>

<comp id="155" class="1005" name="i_21_reg_155">
<pin_list>
<pin id="156" dir="0" index="0" bw="3" slack="0"/>
<pin id="157" dir="1" index="1" bw="3" slack="0"/>
</pin_list>
<bind>
<opset="i_21 "/>
</bind>
</comp>

<comp id="162" class="1005" name="elems_reg_162">
<pin_list>
<pin id="163" dir="0" index="0" bw="7" slack="1"/>
<pin id="164" dir="1" index="1" bw="7" slack="1"/>
</pin_list>
<bind>
<opset="elems "/>
</bind>
</comp>

<comp id="167" class="1005" name="elems_26_reg_167">
<pin_list>
<pin id="168" dir="0" index="0" bw="7" slack="1"/>
<pin id="169" dir="1" index="1" bw="7" slack="1"/>
</pin_list>
<bind>
<opset="elems_26 "/>
</bind>
</comp>

<comp id="172" class="1005" name="icmp_ln236_reg_172">
<pin_list>
<pin id="173" dir="0" index="0" bw="1" slack="1"/>
<pin id="174" dir="1" index="1" bw="1" slack="2147483647"/>
</pin_list>
<bind>
<opset="icmp_ln236 "/>
</bind>
</comp>

</comp_list>

<net_list>
<net id="55"><net_src comp="4" pin="0"/><net_sink comp="52" pin=0"/></net>

<net id="60"><net_src comp="18" pin="0"/><net_sink comp="56" pin=0"/></net>

<net id="61"><net_src comp="0" pin="0"/><net_sink comp="56" pin=1"/></net>

<net id="67"><net_src comp="50" pin="0"/><net_sink comp="62" pin=0"/></net>

<net id="68"><net_src comp="2" pin="0"/><net_sink comp="62" pin=1"/></net>

<net id="73"><net_src comp="16" pin="0"/><net_sink comp="69" pin=0"/></net>

<net id="80"><net_src comp="56" pin="2"/><net_sink comp="77" pin=0"/></net>

<net id="87"><net_src comp="20" pin="0"/><net_sink comp="81" pin=0"/></net>

<net id="88"><net_src comp="56" pin="2"/><net_sink comp="81" pin=1"/></net>

<net id="89"><net_src comp="22" pin="0"/><net_sink comp="81" pin=2"/></net>

<net id="90"><net_src comp="24" pin="0"/><net_sink comp="81" pin=3"/></net>

<net id="96"><net_src comp="26" pin="0"/><net_sink comp="91" pin=0"/></net>

<net id="97"><net_src comp="56" pin="2"/><net_sink comp="91" pin=1"/></net>

<net id="98"><net_src comp="28" pin="0"/><net_sink comp="91" pin=2"/></net>

<net id="104"><net_src comp="91" pin="3"/><net_sink comp="99" pin=0"/></net>

<net id="105"><net_src comp="30" pin="0"/><net_sink comp="99" pin=1"/></net>

<net id="106"><net_src comp="77" pin="1"/><net_sink comp="99" pin=2"/></net>

<net id="112"><net_src comp="26" pin="0"/><net_sink comp="107" pin=0"/></net>

<net id="113"><net_src comp="56" pin="2"/><net_sink comp="107" pin=1"/></net>

<net id="114"><net_src comp="32" pin="0"/><net_sink comp="107" pin=2"/></net>

<net id="120"><net_src comp="107" pin="3"/><net_sink comp="115" pin=0"/></net>

<net id="121"><net_src comp="30" pin="0"/><net_sink comp="115" pin=1"/></net>

<net id="122"><net_src comp="81" pin="4"/><net_sink comp="115" pin=2"/></net>

<net id="127"><net_src comp="74" pin="1"/><net_sink comp="123" pin=0"/></net>

<net id="128"><net_src comp="34" pin="0"/><net_sink comp="123" pin=1"/></net>

<net id="133"><net_src comp="74" pin="1"/><net_sink comp="129" pin=0"/></net>

<net id="134"><net_src comp="36" pin="0"/><net_sink comp="129" pin=1"/></net>

<net id="139"><net_src comp="123" pin="2"/><net_sink comp="135" pin=0"/></net>

<net id="148"><net_src comp="48" pin="0"/><net_sink comp="143" pin=0"/></net>

<net id="149"><net_src comp="140" pin="1"/><net_sink comp="143" pin=2"/></net>

<net id="153"><net_src comp="143" pin="3"/><net_sink comp="150" pin=0"/></net>

<net id="154"><net_src comp="150" pin="1"/><net_sink comp="62" pin=2"/></net>

<net id="158"><net_src comp="52" pin="1"/><net_sink comp="155" pin=0"/></net>

<net id="159"><net_src comp="155" pin="1"/><net_sink comp="69" pin=1"/></net>

<net id="160"><net_src comp="155" pin="1"/><net_sink comp="74" pin=0"/></net>

<net id="161"><net_src comp="155" pin="1"/><net_sink comp="135" pin=1"/></net>

<net id="165"><net_src comp="99" pin="3"/><net_sink comp="162" pin=0"/></net>

<net id="166"><net_src comp="162" pin="1"/><net_sink comp="140" pin=0"/></net>

<net id="170"><net_src comp="115" pin="3"/><net_sink comp="167" pin=0"/></net>

<net id="171"><net_src comp="167" pin="1"/><net_sink comp="143" pin=1"/></net>

<net id="175"><net_src comp="129" pin="2"/><net_sink comp="172" pin=0"/></net>

</net_list>

</model> 
---------------- Datapath Model END ------------------

* FSMD analyzer results:
  - Output states:
	Port: s_relu_out | {2 }
 - Input state : 
	Port: activation_relu : s_gemm3_out | {1 }
  - Chain level:
	State 1
		store_ln236 : 1
		i_22 : 1
		elems : 1
		elems_26 : 1
		i : 2
		icmp_ln236 : 2
		store_ln236 : 3
		br_ln236 : 3
	State 2
		b_5 : 1
		zext_ln37 : 2
		write_ln245 : 3


============================================================
+ Verbose Summary: Datapath Resource usage 
============================================================

* Functional unit list:
|----------|-------------------------|---------|---------|
| Operation|     Functional Unit     |    FF   |   LUT   |
|----------|-------------------------|---------|---------|
|  select  |       elems_fu_99       |    0    |    7    |
|          |     elems_26_fu_115     |    0    |    7    |
|----------|-------------------------|---------|---------|
|    add   |         i_fu_123        |    0    |    11   |
|----------|-------------------------|---------|---------|
|   icmp   |    icmp_ln236_fu_129    |    0    |    11   |
|----------|-------------------------|---------|---------|
|   read   |       b_read_fu_56      |    0    |    0    |
|----------|-------------------------|---------|---------|
|   write  | write_ln245_write_fu_62 |    0    |    0    |
|----------|-------------------------|---------|---------|
|   trunc  |    trunc_ln239_fu_77    |    0    |    0    |
|----------|-------------------------|---------|---------|
|partselect|   trunc_ln239_1_fu_81   |    0    |    0    |
|----------|-------------------------|---------|---------|
| bitselect|        tmp_fu_91        |    0    |    0    |
|          |      tmp_93_fu_107      |    0    |    0    |
|----------|-------------------------|---------|---------|
|   zext   |    zext_ln239_fu_140    |    0    |    0    |
|          |     zext_ln37_fu_150    |    0    |    0    |
|----------|-------------------------|---------|---------|
|bitconcatenate|        b_5_fu_143       |    0    |    0    |
|----------|-------------------------|---------|---------|
|   Total  |                         |    0    |    36   |
|----------|-------------------------|---------|---------|

Memories:
N/A

* Register list:
+------------------+--------+
|                  |   FF   |
+------------------+--------+
| elems_26_reg_167 |    7   |
|   elems_reg_162  |    7   |
|   i_21_reg_155   |    3   |
|icmp_ln236_reg_172|    1   |
+------------------+--------+
|       Total      |   18   |
+------------------+--------+

* Multiplexer (MUX) list: 
|--------|------|------|------|--------|
|  Comp  |  Pin | Size |  BW  | S x BW |
|--------|------|------|------|--------|
|  Total |      |      |      |    0   |
|--------|------|------|------|--------|



* Summary:
+-----------+--------+--------+
|           |   FF   |   LUT  |
+-----------+--------+--------+
|  Function |    0   |   36   |
|   Memory  |    -   |    -   |
|Multiplexer|    -   |    -   |
|  Register |   18   |    -   |
+-----------+--------+--------+
|   Total   |   18   |   36   |
+-----------+--------+--------+
