

================================================================
== Vitis HLS Report for 'fifo_9'
================================================================
* Date:           Fri May  1 14:34:42 2026

* Version:        2025.2 (Build 6295257 on Nov 14 2025)
* Project:        hls_component
* Solution:       solution1 (Vivado IP Flow Target)
* Product family: spartan7
* Target device:  xc7s50-csga324-2


================================================================
== Performance Estimates
================================================================
+ Timing: 
    * Summary: 
    +--------+----------+----------+------------+
    |  Clock |  Target  | Estimated| Uncertainty|
    +--------+----------+----------+------------+
    |ap_clk  |  10.00 ns|  4.441 ns|     2.70 ns|
    +--------+----------+----------+------------+

+ Latency: 
    * Summary: 
    +---------+---------+----------+----------+-----+-----+------------------------------------------------+
    |  Latency (cycles) |  Latency (absolute) |  Interval |                    Pipeline                    |
    |   min   |   max   |    min   |    max   | min | max |                      Type                      |
    +---------+---------+----------+----------+-----+-----+------------------------------------------------+
    |       10|       10|  0.100 us|  0.100 us|    8|    8|  loop auto-rewind stp (delay=0 clock cycles(s))|
    +---------+---------+----------+----------+-----+-----+------------------------------------------------+

    + Detail: 
        * Instance: 
        N/A

        * Loop: 
        +-------------------+---------+---------+----------+-----------+-----------+------+----------+
        |                   |  Latency (cycles) | Iteration|  Initiation Interval  | Trip |          |
        |     Loop Name     |   min   |   max   |  Latency |  achieved |   target  | Count| Pipelined|
        +-------------------+---------+---------+----------+-----------+-----------+------+----------+
        |- VITIS_LOOP_66_1  |        8|        8|         2|          1|          1|     8|       yes|
        +-------------------+---------+---------+----------+-----------+-----------+------+----------+

============================================================
+ Verbose Summary: Synthesis Manager
============================================================
InlineROM: 1
ExposeGlobal: 0
============================================================
+ Verbose Summary: CDFG Model
============================================================
IsTopModel: 0
ResetActiveHigh: 1
IsCombinational: 2
IsDatapathOnly: 0
HasWiredReturn: 1
HasMFsm: 2
HasVarLatency: 1
IsPipeline: 0
IsRtlPipelined: 0
IsInstanceOverlapped: 0
IsDontTouch: 0
HasImplIP: 0
IsGatedGlobalClock: 0

+ Individual pipeline summary: 
  * Pipeline-0: initiation interval (II) = 1, depth = 2


============================================================
+ Verbose Summary: Schedule
============================================================
* Number of FSM states : 2
* Pipeline : 1
  Pipeline-0 : II = 1, D = 2, States = { 1 2 }
* Dataflow Pipeline: 0

* FSM state transitions: 
1 --> 2 
2 --> 

* FSM state operations: 

State 1 <SV = 0> <Delay = 4.44>
ST_1 : Operation 5 [1/1] (0.00ns)   --->   "%i_9 = alloca i32 1" [main.cpp:66]   --->   Operation 5 'alloca' 'i_9' <Predicate = true> <Delay = 0.00>
ST_1 : Operation 6 [1/1] (0.00ns)   --->   "%specinterface_ln0 = specinterface void @_ssdm_op_SpecInterface, i16 %s_alu2_fifo, void @empty_7, i32 0, i32 0, void @empty_9, i32 0, i32 0, void @empty_9, void @empty_9, void @empty_9, i32 0, i32 0, i32 0, i32 0, void @empty_9, void @empty_9, i32 4294967295, i32 0, i32 0, i32 0"   --->   Operation 6 'specinterface' 'specinterface_ln0' <Predicate = true> <Delay = 0.00>
ST_1 : Operation 7 [1/1] (0.00ns)   --->   "%specinterface_ln0 = specinterface void @_ssdm_op_SpecInterface, i16 %out_r, void @empty_11, i32 1, i32 1, void @empty_10, i32 0, i32 0, void @empty_9, void @empty_9, void @empty_9, i32 0, i32 0, i32 0, i32 0, void @empty_9, void @empty_9, i32 4294967295, i32 0, i32 0, i32 0"   --->   Operation 7 'specinterface' 'specinterface_ln0' <Predicate = true> <Delay = 0.00>
ST_1 : Operation 8 [1/1] (1.29ns)   --->   "%store_ln66 = store i3 0, i3 %i_9" [main.cpp:66]   --->   Operation 8 'store' 'store_ln66' <Predicate = true> <Delay = 1.29>
ST_1 : Operation 9 [1/1] (0.00ns)   --->   "%br_ln66 = br void %for.inc.split" [main.cpp:66]   --->   Operation 9 'br' 'br_ln66' <Predicate = true> <Delay = 0.00>
ST_1 : Operation 10 [1/1] (0.00ns)   --->   "%i_10 = load i3 %i_9" [main.cpp:66]   --->   Operation 10 'load' 'i_10' <Predicate = true> <Delay = 0.00>
ST_1 : Operation 11 [1/1] ( I:3.39ns O:3.39ns )   --->   "%s_alu2_fifo_read = read i16 @_ssdm_op_Read.ap_fifo.volatile.i16P0A, i16 %s_alu2_fifo" [main.cpp:68]   --->   Operation 11 'read' 's_alu2_fifo_read' <Predicate = true> <Delay = 3.39> <CoreInst = "FIFO_SRL">   --->   Core 80 'FIFO_SRL' <Latency = 0> <II = 1> <Delay = 3.39> <Storage> <Opcode : 'read' 'write' 'nbread' 'nbwrite'> <Ports = 0> <Width = 16> <Depth = 32> <FIFO>
ST_1 : Operation 12 [2/2] (1.04ns)   --->   "%write_ln68 = write void @_ssdm_op_Write.axis.volatile.i16P128A, i16 %out_r, i16 %s_alu2_fifo_read" [main.cpp:68]   --->   Operation 12 'write' 'write_ln68' <Predicate = true> <Delay = 1.04> <CoreInst = "regslice">   --->   Core 135 'regslice' <Latency = 0> <II = 1> <Delay = 1.60> <Adapter> <Opcode : 'read' 'write'>
ST_1 : Operation 13 [1/1] (1.45ns)   --->   "%i = add i3 %i_10, i3 1" [main.cpp:66]   --->   Operation 13 'add' 'i' <Predicate = true> <Delay = 1.45> <CoreInst = "Adder">   --->   Core 1 'Adder' <Latency = 0> <II = 1> <Delay = 1.45> <FuncUnit> <Opcode : 'add' 'sub'> <InPorts = 2> <OutPorts = 1>
ST_1 : Operation 14 [1/1] (1.45ns)   --->   "%icmp_ln66 = icmp_eq  i3 %i_10, i3 7" [main.cpp:66]   --->   Operation 14 'icmp' 'icmp_ln66' <Predicate = true> <Delay = 1.45> <CoreInst = "Cmp">   --->   Core 9 'Cmp' <Latency = 0> <II = 1> <Delay = 1.45> <FuncUnit> <Opcode : 'seteq' 'setne' 'setle' 'setge' 'setlt' 'setgt'> <InPorts = 2> <OutPorts = 1>
ST_1 : Operation 15 [1/1] (1.29ns)   --->   "%store_ln66 = store i3 %i, i3 %i_9" [main.cpp:66]   --->   Operation 15 'store' 'store_ln66' <Predicate = true> <Delay = 1.29>
ST_1 : Operation 16 [1/1] (0.00ns)   --->   "%br_ln66 = br i1 %icmp_ln66, void %for.inc.split, void %for.end" [main.cpp:66]   --->   Operation 16 'br' 'br_ln66' <Predicate = true> <Delay = 0.00>

State 2 <SV = 1> <Delay = 1.29>
ST_2 : Operation 17 [1/1] (0.00ns)   --->   "%specpipeline_ln67 = specpipeline void @_ssdm_op_SpecPipeline, i32 1, i32 0, i32 0, i32 0, i32 4294967295, void @empty_9" [main.cpp:67]   --->   Operation 17 'specpipeline' 'specpipeline_ln67' <Predicate = true> <Delay = 0.00>
ST_2 : Operation 18 [1/1] (0.00ns)   --->   "%speclooptripcount_ln66 = speclooptripcount void @_ssdm_op_SpecLoopTripCount, i64 8, i64 8, i64 8" [main.cpp:66]   --->   Operation 18 'speclooptripcount' 'speclooptripcount_ln66' <Predicate = true> <Delay = 0.00>
ST_2 : Operation 19 [1/1] (0.00ns)   --->   "%specloopname_ln66 = specloopname void @_ssdm_op_SpecLoopName, void @empty_4" [main.cpp:66]   --->   Operation 19 'specloopname' 'specloopname_ln66' <Predicate = true> <Delay = 0.00>
ST_2 : Operation 20 [1/2] ( I:1.04ns O:1.04ns )   --->   "%write_ln68 = write void @_ssdm_op_Write.axis.volatile.i16P128A, i16 %out_r, i16 %s_alu2_fifo_read" [main.cpp:68]   --->   Operation 20 'write' 'write_ln68' <Predicate = true> <Delay = 1.04> <CoreInst = "regslice">   --->   Core 135 'regslice' <Latency = 0> <II = 1> <Delay = 1.60> <Adapter> <Opcode : 'read' 'write'>
ST_2 : Operation 21 [1/1] (1.29ns)   --->   "%ret_ln70 = ret" [main.cpp:70]   --->   Operation 21 'ret' 'ret_ln70' <Predicate = (icmp_ln66)> <Delay = 1.29>


============================================================
+ Verbose Summary: Timing violations
============================================================
Target clock period: 10.000ns, clock uncertainty: 2.700ns.

 <State 1>: 4.441ns
The critical path consists of the following:
	fifo read operation ('s_alu2_fifo_read', main.cpp:68) on port 's_alu2_fifo' (main.cpp:68) [13]  (3.392 ns)
	axis write operation ('write_ln68', main.cpp:68) on port 'out_r' (main.cpp:68) [14]  (0.000 ns)
	blocking operation 1.049 ns on control path)

 <State 2>: 1.294ns
The critical path consists of the following:


============================================================
+ Verbose Summary: Binding
============================================================
N/A
* FSMD analyzer results:
  - Output states:
 - Input state : 
  - Chain level:
	State 1
	State 2


============================================================
+ Verbose Summary: Datapath Resource usage 
============================================================
N/A
