

================================================================
== Vitis HLS Report for 'gemm_5_Pipeline_VITIS_LOOP_139_1'
================================================================
* Date:           Fri May  1 14:34:41 2026

* Version:        2025.2 (Build 6295257 on Nov 14 2025)
* Project:        hls_component
* Solution:       solution1 (Vivado IP Flow Target)
* Product family: spartan7
* Target device:  xc7s50-csga324-2


================================================================
== Performance Estimates
================================================================
+ Timing: 
    * Summary: 
    +--------+----------+----------+------------+
    |  Clock |  Target  | Estimated| Uncertainty|
    +--------+----------+----------+------------+
    |ap_clk  |  10.00 ns|  4.155 ns|     2.70 ns|
    +--------+----------+----------+------------+

+ Latency: 
    * Summary: 
    +---------+---------+----------+----------+-----+-----+-------------------+
    |  Latency (cycles) |  Latency (absolute) |  Interval |      Pipeline     |
    |   min   |   max   |    min   |    max   | min | max |        Type       |
    +---------+---------+----------+----------+-----+-----+-------------------+
    |       10|       10|  0.100 us|  0.100 us|    0|    0|  loop pipeline stp|
    +---------+---------+----------+----------+-----+-----+-------------------+

    + Detail: 
        * Instance: 
        N/A

        * Loop: 
        +--------------------+---------+---------+----------+-----------+-----------+------+----------+
        |                    |  Latency (cycles) | Iteration|  Initiation Interval  | Trip |          |
        |      Loop Name     |   min   |   max   |  Latency |  achieved |   target  | Count| Pipelined|
        +--------------------+---------+---------+----------+-----------+-----------+------+----------+
        |- VITIS_LOOP_139_1  |        8|        8|         2|          1|          1|     8|       yes|
        +--------------------+---------+---------+----------+-----------+-----------+------+----------+

============================================================
+ Verbose Summary: Synthesis Manager
============================================================
InlineROM: 1
ExposeGlobal: 0
============================================================
+ Verbose Summary: CDFG Model
============================================================
IsTopModel: 0
ResetActiveHigh: 1
IsCombinational: 0
IsDatapathOnly: 0
HasWiredReturn: 1
HasMFsm: 2
HasVarLatency: 1
IsPipeline: 0
IsRtlPipelined: 0
IsInstanceOverlapped: 0
IsDontTouch: 0
HasImplIP: 0
IsGatedGlobalClock: 0

+ Individual pipeline summary: 
  * Pipeline-0: initiation interval (II) = 1, depth = 2


============================================================
+ Verbose Summary: Schedule
============================================================
* Number of FSM states : 2
* Pipeline : 1
  Pipeline-0 : II = 1, D = 2, States = { 1 2 }
* Dataflow Pipeline: 0

* FSM state transitions: 
1 --> 2 
2 --> 

* FSM state operations: 

State 1 <SV = 0> <Delay = 4.15>
ST_1 : Operation 5 [1/1] (0.00ns)   --->   "%i = alloca i32 1" [main.cpp:139]   --->   Operation 5 'alloca' 'i' <Predicate = true> <Delay = 0.00>
ST_1 : Operation 6 [1/1] (0.00ns)   --->   "%empty = alloca i32 1"   --->   Operation 6 'alloca' 'empty' <Predicate = true> <Delay = 0.00>
ST_1 : Operation 7 [1/1] (0.00ns)   --->   "%empty_106 = alloca i32 1"   --->   Operation 7 'alloca' 'empty_106' <Predicate = true> <Delay = 0.00>
ST_1 : Operation 8 [1/1] (0.00ns)   --->   "%empty_107 = alloca i32 1"   --->   Operation 8 'alloca' 'empty_107' <Predicate = true> <Delay = 0.00>
ST_1 : Operation 9 [1/1] (0.00ns)   --->   "%empty_108 = alloca i32 1"   --->   Operation 9 'alloca' 'empty_108' <Predicate = true> <Delay = 0.00>
ST_1 : Operation 10 [1/1] (0.00ns)   --->   "%empty_109 = alloca i32 1"   --->   Operation 10 'alloca' 'empty_109' <Predicate = true> <Delay = 0.00>
ST_1 : Operation 11 [1/1] (0.00ns)   --->   "%empty_110 = alloca i32 1"   --->   Operation 11 'alloca' 'empty_110' <Predicate = true> <Delay = 0.00>
ST_1 : Operation 12 [1/1] (0.00ns)   --->   "%empty_111 = alloca i32 1"   --->   Operation 12 'alloca' 'empty_111' <Predicate = true> <Delay = 0.00>
ST_1 : Operation 13 [1/1] (0.00ns)   --->   "%empty_112 = alloca i32 1"   --->   Operation 13 'alloca' 'empty_112' <Predicate = true> <Delay = 0.00>
ST_1 : Operation 14 [1/1] (0.00ns)   --->   "%empty_113 = alloca i32 1"   --->   Operation 14 'alloca' 'empty_113' <Predicate = true> <Delay = 0.00>
ST_1 : Operation 15 [1/1] (0.00ns)   --->   "%empty_114 = alloca i32 1"   --->   Operation 15 'alloca' 'empty_114' <Predicate = true> <Delay = 0.00>
ST_1 : Operation 16 [1/1] (0.00ns)   --->   "%empty_115 = alloca i32 1"   --->   Operation 16 'alloca' 'empty_115' <Predicate = true> <Delay = 0.00>
ST_1 : Operation 17 [1/1] (0.00ns)   --->   "%empty_116 = alloca i32 1"   --->   Operation 17 'alloca' 'empty_116' <Predicate = true> <Delay = 0.00>
ST_1 : Operation 18 [1/1] (0.00ns)   --->   "%empty_117 = alloca i32 1"   --->   Operation 18 'alloca' 'empty_117' <Predicate = true> <Delay = 0.00>
ST_1 : Operation 19 [1/1] (0.00ns)   --->   "%empty_118 = alloca i32 1"   --->   Operation 19 'alloca' 'empty_118' <Predicate = true> <Delay = 0.00>
ST_1 : Operation 20 [1/1] (0.00ns)   --->   "%empty_119 = alloca i32 1"   --->   Operation 20 'alloca' 'empty_119' <Predicate = true> <Delay = 0.00>
ST_1 : Operation 21 [1/1] (0.00ns)   --->   "%empty_120 = alloca i32 1"   --->   Operation 21 'alloca' 'empty_120' <Predicate = true> <Delay = 0.00>
ST_1 : Operation 22 [1/1] (0.00ns)   --->   "%specinterface_ln0 = specinterface void @_ssdm_op_SpecInterface, i16 %s_softmax_out, void @empty_7, i32 0, i32 0, void @empty_9, i32 0, i32 0, void @empty_9, void @empty_9, void @empty_9, i32 0, i32 0, i32 0, i32 0, void @empty_9, void @empty_9, i32 4294967295, i32 0, i32 0, i32 0"   --->   Operation 22 'specinterface' 'specinterface_ln0' <Predicate = true> <Delay = 0.00>
ST_1 : Operation 23 [1/1] (1.29ns)   --->   "%store_ln139 = store i4 0, i4 %i" [main.cpp:139]   --->   Operation 23 'store' 'store_ln139' <Predicate = true> <Delay = 1.29>
ST_1 : Operation 24 [1/1] (0.00ns)   --->   "%br_ln139 = br void %for.body" [main.cpp:139]   --->   Operation 24 'br' 'br_ln139' <Predicate = true> <Delay = 0.00>
ST_1 : Operation 25 [1/1] (0.00ns)   --->   "%i_8 = load i4 %i" [main.cpp:139]   --->   Operation 25 'load' 'i_8' <Predicate = true> <Delay = 0.00>
ST_1 : Operation 26 [1/1] (1.56ns)   --->   "%icmp_ln139 = icmp_eq  i4 %i_8, i4 8" [main.cpp:139]   --->   Operation 26 'icmp' 'icmp_ln139' <Predicate = true> <Delay = 1.56> <CoreInst = "Cmp">   --->   Core 9 'Cmp' <Latency = 0> <II = 1> <Delay = 1.56> <FuncUnit> <Opcode : 'seteq' 'setne' 'setle' 'setge' 'setlt' 'setgt'> <InPorts = 2> <OutPorts = 1>
ST_1 : Operation 27 [1/1] (1.56ns)   --->   "%add_ln139 = add i4 %i_8, i4 1" [main.cpp:139]   --->   Operation 27 'add' 'add_ln139' <Predicate = true> <Delay = 1.56> <CoreInst = "Adder">   --->   Core 1 'Adder' <Latency = 0> <II = 1> <Delay = 1.56> <FuncUnit> <Opcode : 'add' 'sub'> <InPorts = 2> <OutPorts = 1>
ST_1 : Operation 28 [1/1] (0.00ns)   --->   "%br_ln139 = br i1 %icmp_ln139, void %for.body.split, void %VITIS_LOOP_151_3.exitStub" [main.cpp:139]   --->   Operation 28 'br' 'br_ln139' <Predicate = true> <Delay = 0.00>
ST_1 : Operation 29 [1/1] (0.00ns)   --->   "%trunc_ln139 = trunc i4 %i_8" [main.cpp:139]   --->   Operation 29 'trunc' 'trunc_ln139' <Predicate = (!icmp_ln139)> <Delay = 0.00>
ST_1 : Operation 30 [1/1] (1.45ns)   --->   "%switch_ln146 = switch i3 %trunc_ln139, void %arrayidx6.1.case.15, i3 0, void %for.body.split.arrayidx6.1.exit_crit_edge, i3 1, void %arrayidx6.1.case.3, i3 2, void %arrayidx6.1.case.5, i3 3, void %arrayidx6.1.case.7, i3 4, void %arrayidx6.1.case.9, i3 5, void %arrayidx6.1.case.11, i3 6, void %arrayidx6.1.case.13" [main.cpp:146]   --->   Operation 30 'switch' 'switch_ln146' <Predicate = (!icmp_ln139)> <Delay = 1.45>
ST_1 : Operation 31 [1/1] (1.29ns)   --->   "%store_ln139 = store i4 %add_ln139, i4 %i" [main.cpp:139]   --->   Operation 31 'store' 'store_ln139' <Predicate = (!icmp_ln139)> <Delay = 1.29>
ST_1 : Operation 32 [1/1] (0.00ns)   --->   "%br_ln139 = br void %for.body" [main.cpp:139]   --->   Operation 32 'br' 'br_ln139' <Predicate = (!icmp_ln139)> <Delay = 0.00>
ST_1 : Operation 63 [1/1] (0.00ns)   --->   "%p_load32 = load i8 %empty"   --->   Operation 63 'load' 'p_load32' <Predicate = (icmp_ln139)> <Delay = 0.00>
ST_1 : Operation 64 [1/1] (0.00ns)   --->   "%p_load31 = load i8 %empty_106"   --->   Operation 64 'load' 'p_load31' <Predicate = (icmp_ln139)> <Delay = 0.00>
ST_1 : Operation 65 [1/1] (0.00ns)   --->   "%p_load30 = load i8 %empty_107"   --->   Operation 65 'load' 'p_load30' <Predicate = (icmp_ln139)> <Delay = 0.00>
ST_1 : Operation 66 [1/1] (0.00ns)   --->   "%p_load29 = load i8 %empty_108"   --->   Operation 66 'load' 'p_load29' <Predicate = (icmp_ln139)> <Delay = 0.00>
ST_1 : Operation 67 [1/1] (0.00ns)   --->   "%p_load28 = load i8 %empty_109"   --->   Operation 67 'load' 'p_load28' <Predicate = (icmp_ln139)> <Delay = 0.00>
ST_1 : Operation 68 [1/1] (0.00ns)   --->   "%p_load27 = load i8 %empty_110"   --->   Operation 68 'load' 'p_load27' <Predicate = (icmp_ln139)> <Delay = 0.00>
ST_1 : Operation 69 [1/1] (0.00ns)   --->   "%p_load26 = load i8 %empty_111"   --->   Operation 69 'load' 'p_load26' <Predicate = (icmp_ln139)> <Delay = 0.00>
ST_1 : Operation 70 [1/1] (0.00ns)   --->   "%p_load25 = load i8 %empty_112"   --->   Operation 70 'load' 'p_load25' <Predicate = (icmp_ln139)> <Delay = 0.00>
ST_1 : Operation 71 [1/1] (0.00ns)   --->   "%p_load24 = load i8 %empty_113"   --->   Operation 71 'load' 'p_load24' <Predicate = (icmp_ln139)> <Delay = 0.00>
ST_1 : Operation 72 [1/1] (0.00ns)   --->   "%p_load23 = load i8 %empty_114"   --->   Operation 72 'load' 'p_load23' <Predicate = (icmp_ln139)> <Delay = 0.00>
ST_1 : Operation 73 [1/1] (0.00ns)   --->   "%p_load22 = load i8 %empty_115"   --->   Operation 73 'load' 'p_load22' <Predicate = (icmp_ln139)> <Delay = 0.00>
ST_1 : Operation 74 [1/1] (0.00ns)   --->   "%p_load21 = load i8 %empty_116"   --->   Operation 74 'load' 'p_load21' <Predicate = (icmp_ln139)> <Delay = 0.00>
ST_1 : Operation 75 [1/1] (0.00ns)   --->   "%p_load20 = load i8 %empty_117"   --->   Operation 75 'load' 'p_load20' <Predicate = (icmp_ln139)> <Delay = 0.00>
ST_1 : Operation 76 [1/1] (0.00ns)   --->   "%p_load19 = load i8 %empty_118"   --->   Operation 76 'load' 'p_load19' <Predicate = (icmp_ln139)> <Delay = 0.00>
ST_1 : Operation 77 [1/1] (0.00ns)   --->   "%p_load18 = load i8 %empty_119"   --->   Operation 77 'load' 'p_load18' <Predicate = (icmp_ln139)> <Delay = 0.00>
ST_1 : Operation 78 [1/1] (0.00ns)   --->   "%p_load = load i8 %empty_120"   --->   Operation 78 'load' 'p_load' <Predicate = (icmp_ln139)> <Delay = 0.00>
ST_1 : Operation 79 [1/1] (0.00ns)   --->   "%write_ln0 = write void @_ssdm_op_Write.ap_auto.i8P0A, i8 %p_out, i8 %p_load"   --->   Operation 79 'write' 'write_ln0' <Predicate = (icmp_ln139)> <Delay = 0.00>
ST_1 : Operation 80 [1/1] (0.00ns)   --->   "%write_ln0 = write void @_ssdm_op_Write.ap_auto.i8P0A, i8 %p_out1, i8 %p_load18"   --->   Operation 80 'write' 'write_ln0' <Predicate = (icmp_ln139)> <Delay = 0.00>
ST_1 : Operation 81 [1/1] (0.00ns)   --->   "%write_ln0 = write void @_ssdm_op_Write.ap_auto.i8P0A, i8 %p_out2, i8 %p_load19"   --->   Operation 81 'write' 'write_ln0' <Predicate = (icmp_ln139)> <Delay = 0.00>
ST_1 : Operation 82 [1/1] (0.00ns)   --->   "%write_ln0 = write void @_ssdm_op_Write.ap_auto.i8P0A, i8 %p_out3, i8 %p_load20"   --->   Operation 82 'write' 'write_ln0' <Predicate = (icmp_ln139)> <Delay = 0.00>
ST_1 : Operation 83 [1/1] (0.00ns)   --->   "%write_ln0 = write void @_ssdm_op_Write.ap_auto.i8P0A, i8 %p_out4, i8 %p_load21"   --->   Operation 83 'write' 'write_ln0' <Predicate = (icmp_ln139)> <Delay = 0.00>
ST_1 : Operation 84 [1/1] (0.00ns)   --->   "%write_ln0 = write void @_ssdm_op_Write.ap_auto.i8P0A, i8 %p_out5, i8 %p_load22"   --->   Operation 84 'write' 'write_ln0' <Predicate = (icmp_ln139)> <Delay = 0.00>
ST_1 : Operation 85 [1/1] (0.00ns)   --->   "%write_ln0 = write void @_ssdm_op_Write.ap_auto.i8P0A, i8 %p_out6, i8 %p_load23"   --->   Operation 85 'write' 'write_ln0' <Predicate = (icmp_ln139)> <Delay = 0.00>
ST_1 : Operation 86 [1/1] (0.00ns)   --->   "%write_ln0 = write void @_ssdm_op_Write.ap_auto.i8P0A, i8 %p_out7, i8 %p_load24"   --->   Operation 86 'write' 'write_ln0' <Predicate = (icmp_ln139)> <Delay = 0.00>
ST_1 : Operation 87 [1/1] (0.00ns)   --->   "%write_ln0 = write void @_ssdm_op_Write.ap_auto.i8P0A, i8 %p_out8, i8 %p_load25"   --->   Operation 87 'write' 'write_ln0' <Predicate = (icmp_ln139)> <Delay = 0.00>
ST_1 : Operation 88 [1/1] (0.00ns)   --->   "%write_ln0 = write void @_ssdm_op_Write.ap_auto.i8P0A, i8 %p_out9, i8 %p_load26"   --->   Operation 88 'write' 'write_ln0' <Predicate = (icmp_ln139)> <Delay = 0.00>
ST_1 : Operation 89 [1/1] (0.00ns)   --->   "%write_ln0 = write void @_ssdm_op_Write.ap_auto.i8P0A, i8 %p_out10, i8 %p_load27"   --->   Operation 89 'write' 'write_ln0' <Predicate = (icmp_ln139)> <Delay = 0.00>
ST_1 : Operation 90 [1/1] (0.00ns)   --->   "%write_ln0 = write void @_ssdm_op_Write.ap_auto.i8P0A, i8 %p_out11, i8 %p_load28"   --->   Operation 90 'write' 'write_ln0' <Predicate = (icmp_ln139)> <Delay = 0.00>
ST_1 : Operation 91 [1/1] (0.00ns)   --->   "%write_ln0 = write void @_ssdm_op_Write.ap_auto.i8P0A, i8 %p_out12, i8 %p_load29"   --->   Operation 91 'write' 'write_ln0' <Predicate = (icmp_ln139)> <Delay = 0.00>
ST_1 : Operation 92 [1/1] (0.00ns)   --->   "%write_ln0 = write void @_ssdm_op_Write.ap_auto.i8P0A, i8 %p_out13, i8 %p_load30"   --->   Operation 92 'write' 'write_ln0' <Predicate = (icmp_ln139)> <Delay = 0.00>
ST_1 : Operation 93 [1/1] (0.00ns)   --->   "%write_ln0 = write void @_ssdm_op_Write.ap_auto.i8P0A, i8 %p_out14, i8 %p_load31"   --->   Operation 93 'write' 'write_ln0' <Predicate = (icmp_ln139)> <Delay = 0.00>
ST_1 : Operation 94 [1/1] (0.00ns)   --->   "%write_ln0 = write void @_ssdm_op_Write.ap_auto.i8P0A, i8 %p_out15, i8 %p_load32"   --->   Operation 94 'write' 'write_ln0' <Predicate = (icmp_ln139)> <Delay = 0.00>
ST_1 : Operation 95 [1/1] (1.29ns)   --->   "%ret_ln0 = ret"   --->   Operation 95 'ret' 'ret_ln0' <Predicate = (icmp_ln139)> <Delay = 1.29>

State 2 <SV = 1> <Delay = 3.47>
ST_2 : Operation 33 [1/1] (0.00ns)   --->   "%specpipeline_ln140 = specpipeline void @_ssdm_op_SpecPipeline, i32 1, i32 0, i32 0, i32 0, i32 4294967295, void @empty_9" [main.cpp:140]   --->   Operation 33 'specpipeline' 'specpipeline_ln140' <Predicate = true> <Delay = 0.00>
ST_2 : Operation 34 [1/1] (0.00ns)   --->   "%speclooptripcount_ln139 = speclooptripcount void @_ssdm_op_SpecLoopTripCount, i64 8, i64 8, i64 8" [main.cpp:139]   --->   Operation 34 'speclooptripcount' 'speclooptripcount_ln139' <Predicate = true> <Delay = 0.00>
ST_2 : Operation 35 [1/1] (0.00ns)   --->   "%specloopname_ln139 = specloopname void @_ssdm_op_SpecLoopName, void @empty_12" [main.cpp:139]   --->   Operation 35 'specloopname' 'specloopname_ln139' <Predicate = true> <Delay = 0.00>
ST_2 : Operation 36 [1/1] ( I:3.47ns O:3.47ns )   --->   "%b = read i16 @_ssdm_op_Read.ap_fifo.volatile.i16P0A, i16 %s_softmax_out" [main.cpp:141]   --->   Operation 36 'read' 'b' <Predicate = true> <Delay = 3.47> <CoreInst = "FIFO_SRL">   --->   Core 80 'FIFO_SRL' <Latency = 0> <II = 1> <Delay = 3.47> <Storage> <Opcode : 'read' 'write' 'nbread' 'nbwrite'> <Ports = 0> <Width = 16> <Depth = 2> <FIFO>
ST_2 : Operation 37 [1/1] (0.00ns)   --->   "%elems = trunc i16 %b" [main.cpp:31->main.cpp:143]   --->   Operation 37 'trunc' 'elems' <Predicate = true> <Delay = 0.00>
ST_2 : Operation 38 [1/1] (0.00ns)   --->   "%elems_24 = partselect i8 @_ssdm_op_PartSelect.i8.i16.i32.i32, i16 %b, i32 8, i32 15" [main.cpp:31->main.cpp:143]   --->   Operation 38 'partselect' 'elems_24' <Predicate = true> <Delay = 0.00>
ST_2 : Operation 39 [1/1] (0.00ns)   --->   "%store_ln31 = store i8 %elems_24, i8 %empty_118" [main.cpp:31->main.cpp:143]   --->   Operation 39 'store' 'store_ln31' <Predicate = (trunc_ln139 == 6)> <Delay = 0.00>
ST_2 : Operation 40 [1/1] (0.00ns)   --->   "%store_ln31 = store i8 %elems, i8 %empty_117" [main.cpp:31->main.cpp:143]   --->   Operation 40 'store' 'store_ln31' <Predicate = (trunc_ln139 == 6)> <Delay = 0.00>
ST_2 : Operation 41 [1/1] (0.00ns)   --->   "%br_ln146 = br void %arrayidx6.1.exit" [main.cpp:146]   --->   Operation 41 'br' 'br_ln146' <Predicate = (trunc_ln139 == 6)> <Delay = 0.00>
ST_2 : Operation 42 [1/1] (0.00ns)   --->   "%store_ln31 = store i8 %elems_24, i8 %empty_116" [main.cpp:31->main.cpp:143]   --->   Operation 42 'store' 'store_ln31' <Predicate = (trunc_ln139 == 5)> <Delay = 0.00>
ST_2 : Operation 43 [1/1] (0.00ns)   --->   "%store_ln31 = store i8 %elems, i8 %empty_115" [main.cpp:31->main.cpp:143]   --->   Operation 43 'store' 'store_ln31' <Predicate = (trunc_ln139 == 5)> <Delay = 0.00>
ST_2 : Operation 44 [1/1] (0.00ns)   --->   "%br_ln146 = br void %arrayidx6.1.exit" [main.cpp:146]   --->   Operation 44 'br' 'br_ln146' <Predicate = (trunc_ln139 == 5)> <Delay = 0.00>
ST_2 : Operation 45 [1/1] (0.00ns)   --->   "%store_ln31 = store i8 %elems_24, i8 %empty_114" [main.cpp:31->main.cpp:143]   --->   Operation 45 'store' 'store_ln31' <Predicate = (trunc_ln139 == 4)> <Delay = 0.00>
ST_2 : Operation 46 [1/1] (0.00ns)   --->   "%store_ln31 = store i8 %elems, i8 %empty_113" [main.cpp:31->main.cpp:143]   --->   Operation 46 'store' 'store_ln31' <Predicate = (trunc_ln139 == 4)> <Delay = 0.00>
ST_2 : Operation 47 [1/1] (0.00ns)   --->   "%br_ln146 = br void %arrayidx6.1.exit" [main.cpp:146]   --->   Operation 47 'br' 'br_ln146' <Predicate = (trunc_ln139 == 4)> <Delay = 0.00>
ST_2 : Operation 48 [1/1] (0.00ns)   --->   "%store_ln31 = store i8 %elems_24, i8 %empty_112" [main.cpp:31->main.cpp:143]   --->   Operation 48 'store' 'store_ln31' <Predicate = (trunc_ln139 == 3)> <Delay = 0.00>
ST_2 : Operation 49 [1/1] (0.00ns)   --->   "%store_ln31 = store i8 %elems, i8 %empty_111" [main.cpp:31->main.cpp:143]   --->   Operation 49 'store' 'store_ln31' <Predicate = (trunc_ln139 == 3)> <Delay = 0.00>
ST_2 : Operation 50 [1/1] (0.00ns)   --->   "%br_ln146 = br void %arrayidx6.1.exit" [main.cpp:146]   --->   Operation 50 'br' 'br_ln146' <Predicate = (trunc_ln139 == 3)> <Delay = 0.00>
ST_2 : Operation 51 [1/1] (0.00ns)   --->   "%store_ln31 = store i8 %elems_24, i8 %empty_110" [main.cpp:31->main.cpp:143]   --->   Operation 51 'store' 'store_ln31' <Predicate = (trunc_ln139 == 2)> <Delay = 0.00>
ST_2 : Operation 52 [1/1] (0.00ns)   --->   "%store_ln31 = store i8 %elems, i8 %empty_109" [main.cpp:31->main.cpp:143]   --->   Operation 52 'store' 'store_ln31' <Predicate = (trunc_ln139 == 2)> <Delay = 0.00>
ST_2 : Operation 53 [1/1] (0.00ns)   --->   "%br_ln146 = br void %arrayidx6.1.exit" [main.cpp:146]   --->   Operation 53 'br' 'br_ln146' <Predicate = (trunc_ln139 == 2)> <Delay = 0.00>
ST_2 : Operation 54 [1/1] (0.00ns)   --->   "%store_ln31 = store i8 %elems_24, i8 %empty_108" [main.cpp:31->main.cpp:143]   --->   Operation 54 'store' 'store_ln31' <Predicate = (trunc_ln139 == 1)> <Delay = 0.00>
ST_2 : Operation 55 [1/1] (0.00ns)   --->   "%store_ln31 = store i8 %elems, i8 %empty_107" [main.cpp:31->main.cpp:143]   --->   Operation 55 'store' 'store_ln31' <Predicate = (trunc_ln139 == 1)> <Delay = 0.00>
ST_2 : Operation 56 [1/1] (0.00ns)   --->   "%br_ln146 = br void %arrayidx6.1.exit" [main.cpp:146]   --->   Operation 56 'br' 'br_ln146' <Predicate = (trunc_ln139 == 1)> <Delay = 0.00>
ST_2 : Operation 57 [1/1] (0.00ns)   --->   "%store_ln31 = store i8 %elems_24, i8 %empty_106" [main.cpp:31->main.cpp:143]   --->   Operation 57 'store' 'store_ln31' <Predicate = (trunc_ln139 == 0)> <Delay = 0.00>
ST_2 : Operation 58 [1/1] (0.00ns)   --->   "%store_ln31 = store i8 %elems, i8 %empty" [main.cpp:31->main.cpp:143]   --->   Operation 58 'store' 'store_ln31' <Predicate = (trunc_ln139 == 0)> <Delay = 0.00>
ST_2 : Operation 59 [1/1] (0.00ns)   --->   "%br_ln146 = br void %arrayidx6.1.exit" [main.cpp:146]   --->   Operation 59 'br' 'br_ln146' <Predicate = (trunc_ln139 == 0)> <Delay = 0.00>
ST_2 : Operation 60 [1/1] (0.00ns)   --->   "%store_ln31 = store i8 %elems_24, i8 %empty_120" [main.cpp:31->main.cpp:143]   --->   Operation 60 'store' 'store_ln31' <Predicate = (trunc_ln139 == 7)> <Delay = 0.00>
ST_2 : Operation 61 [1/1] (0.00ns)   --->   "%store_ln31 = store i8 %elems, i8 %empty_119" [main.cpp:31->main.cpp:143]   --->   Operation 61 'store' 'store_ln31' <Predicate = (trunc_ln139 == 7)> <Delay = 0.00>
ST_2 : Operation 62 [1/1] (0.00ns)   --->   "%br_ln146 = br void %arrayidx6.1.exit" [main.cpp:146]   --->   Operation 62 'br' 'br_ln146' <Predicate = (trunc_ln139 == 7)> <Delay = 0.00>


============================================================
+ Verbose Summary: Timing violations
============================================================
Target clock period: 10.000ns, clock uncertainty: 2.700ns.

 <State 1>: 4.155ns
The critical path consists of the following:
	'store' operation ('store_ln139', main.cpp:139) of constant 0 4 bit on local variable 'i', main.cpp:139 [36]  (1.294 ns)
	'load' operation 4 bit ('i', main.cpp:139) on local variable 'i', main.cpp:139 [39]  (0.000 ns)
	'add' operation 4 bit ('add_ln139', main.cpp:139) [41]  (1.567 ns)
	'store' operation ('store_ln139', main.cpp:139) of variable 'add_ln139', main.cpp:139 4 bit on local variable 'i', main.cpp:139 [85]  (1.294 ns)

 <State 2>: 3.475ns
The critical path consists of the following:
	fifo read operation ('b', main.cpp:141) on port 's_softmax_out' (main.cpp:141) [48]  (3.475 ns)
	'store' operation ('store_ln31', main.cpp:31->main.cpp:143) of variable 'elems', main.cpp:31->main.cpp:143 8 bit on local variable 'empty_118' [53]  (0.000 ns)


============================================================
+ Verbose Summary: Binding
============================================================
N/A
* FSMD analyzer results:
  - Output states:
 - Input state : 
  - Chain level:
	State 1
	State 2


============================================================
+ Verbose Summary: Datapath Resource usage 
============================================================
N/A
