

================================================================
== Vitis HLS Report for 'stateful_norm_Pipeline_VITIS_LOOP_85_1'
================================================================
* Date:           Fri May  1 14:34:42 2026

* Version:        2025.2 (Build 6295257 on Nov 14 2025)
* Project:        hls_component
* Solution:       solution1 (Vivado IP Flow Target)
* Product family: spartan7
* Target device:  xc7s50-csga324-2


================================================================
== Performance Estimates
================================================================
+ Timing: 
    * Summary: 
    +--------+----------+----------+------------+
    |  Clock |  Target  | Estimated| Uncertainty|
    +--------+----------+----------+------------+
    |ap_clk  |  10.00 ns|  5.111 ns|     2.70 ns|
    +--------+----------+----------+------------+

+ Latency: 
    * Summary: 
    +---------+---------+----------+----------+-----+-----+-------------------+
    |  Latency (cycles) |  Latency (absolute) |  Interval |      Pipeline     |
    |   min   |   max   |    min   |    max   | min | max |        Type       |
    +---------+---------+----------+----------+-----+-----+-------------------+
    |       11|       11|  0.110 us|  0.110 us|    0|    0|  loop pipeline stp|
    +---------+---------+----------+----------+-----+-----+-------------------+

    + Detail: 
        * Instance: 
        N/A

        * Loop: 
        +-------------------+---------+---------+----------+-----------+-----------+------+----------+
        |                   |  Latency (cycles) | Iteration|  Initiation Interval  | Trip |          |
        |     Loop Name     |   min   |   max   |  Latency |  achieved |   target  | Count| Pipelined|
        +-------------------+---------+---------+----------+-----------+-----------+------+----------+
        |- VITIS_LOOP_85_1  |        9|        9|         3|          1|          1|     8|       yes|
        +-------------------+---------+---------+----------+-----------+-----------+------+----------+

============================================================
+ Verbose Summary: Synthesis Manager
============================================================
InlineROM: 1
ExposeGlobal: 0
============================================================
+ Verbose Summary: CDFG Model
============================================================
IsTopModel: 0
ResetActiveHigh: 1
IsCombinational: 0
IsDatapathOnly: 0
HasWiredReturn: 1
HasMFsm: 2
HasVarLatency: 1
IsPipeline: 0
IsRtlPipelined: 0
IsInstanceOverlapped: 0
IsDontTouch: 0
HasImplIP: 0
IsGatedGlobalClock: 0

+ Individual pipeline summary: 
  * Pipeline-0: initiation interval (II) = 1, depth = 3


============================================================
+ Verbose Summary: Schedule
============================================================
* Number of FSM states : 3
* Pipeline : 1
  Pipeline-0 : II = 1, D = 3, States = { 1 2 3 }
* Dataflow Pipeline: 0

* FSM state transitions: 
1 --> 2 
2 --> 3 
3 --> 

* FSM state operations: 

State 1 <SV = 0> <Delay = 4.15>
ST_1 : Operation 6 [1/1] (0.00ns)   --->   "%sum_x = alloca i32 1" [main.cpp:83]   --->   Operation 6 'alloca' 'sum_x' <Predicate = true> <Delay = 0.00>
ST_1 : Operation 7 [1/1] (0.00ns)   --->   "%i = alloca i32 1" [main.cpp:85]   --->   Operation 7 'alloca' 'i' <Predicate = true> <Delay = 0.00>
ST_1 : Operation 8 [1/1] (0.00ns)   --->   "%buf = alloca i32 1" [main.cpp:79]   --->   Operation 8 'alloca' 'buf' <Predicate = true> <Delay = 0.00>
ST_1 : Operation 9 [1/1] (0.00ns)   --->   "%buf_2 = alloca i32 1" [main.cpp:79]   --->   Operation 9 'alloca' 'buf_2' <Predicate = true> <Delay = 0.00>
ST_1 : Operation 10 [1/1] (0.00ns)   --->   "%buf_3 = alloca i32 1" [main.cpp:79]   --->   Operation 10 'alloca' 'buf_3' <Predicate = true> <Delay = 0.00>
ST_1 : Operation 11 [1/1] (0.00ns)   --->   "%buf_4 = alloca i32 1" [main.cpp:79]   --->   Operation 11 'alloca' 'buf_4' <Predicate = true> <Delay = 0.00>
ST_1 : Operation 12 [1/1] (0.00ns)   --->   "%buf_5 = alloca i32 1" [main.cpp:79]   --->   Operation 12 'alloca' 'buf_5' <Predicate = true> <Delay = 0.00>
ST_1 : Operation 13 [1/1] (0.00ns)   --->   "%buf_6 = alloca i32 1" [main.cpp:79]   --->   Operation 13 'alloca' 'buf_6' <Predicate = true> <Delay = 0.00>
ST_1 : Operation 14 [1/1] (0.00ns)   --->   "%buf_7 = alloca i32 1" [main.cpp:79]   --->   Operation 14 'alloca' 'buf_7' <Predicate = true> <Delay = 0.00>
ST_1 : Operation 15 [1/1] (0.00ns)   --->   "%buf_8 = alloca i32 1" [main.cpp:79]   --->   Operation 15 'alloca' 'buf_8' <Predicate = true> <Delay = 0.00>
ST_1 : Operation 16 [1/1] (0.00ns)   --->   "%buf_9 = alloca i32 1" [main.cpp:79]   --->   Operation 16 'alloca' 'buf_9' <Predicate = true> <Delay = 0.00>
ST_1 : Operation 17 [1/1] (0.00ns)   --->   "%buf_10 = alloca i32 1" [main.cpp:79]   --->   Operation 17 'alloca' 'buf_10' <Predicate = true> <Delay = 0.00>
ST_1 : Operation 18 [1/1] (0.00ns)   --->   "%buf_11 = alloca i32 1" [main.cpp:79]   --->   Operation 18 'alloca' 'buf_11' <Predicate = true> <Delay = 0.00>
ST_1 : Operation 19 [1/1] (0.00ns)   --->   "%buf_12 = alloca i32 1" [main.cpp:79]   --->   Operation 19 'alloca' 'buf_12' <Predicate = true> <Delay = 0.00>
ST_1 : Operation 20 [1/1] (0.00ns)   --->   "%buf_13 = alloca i32 1" [main.cpp:79]   --->   Operation 20 'alloca' 'buf_13' <Predicate = true> <Delay = 0.00>
ST_1 : Operation 21 [1/1] (0.00ns)   --->   "%buf_14 = alloca i32 1" [main.cpp:79]   --->   Operation 21 'alloca' 'buf_14' <Predicate = true> <Delay = 0.00>
ST_1 : Operation 22 [1/1] (0.00ns)   --->   "%buf_15 = alloca i32 1" [main.cpp:79]   --->   Operation 22 'alloca' 'buf_15' <Predicate = true> <Delay = 0.00>
ST_1 : Operation 23 [1/1] (0.00ns)   --->   "%buf_16 = alloca i32 1" [main.cpp:79]   --->   Operation 23 'alloca' 'buf_16' <Predicate = true> <Delay = 0.00>
ST_1 : Operation 24 [1/1] (0.00ns)   --->   "%specinterface_ln0 = specinterface void @_ssdm_op_SpecInterface, i16 %s_norm2_in, void @empty_7, i32 0, i32 0, void @empty_9, i32 0, i32 0, void @empty_9, void @empty_9, void @empty_9, i32 0, i32 0, i32 0, i32 0, void @empty_9, void @empty_9, i32 4294967295, i32 0, i32 0, i32 0"   --->   Operation 24 'specinterface' 'specinterface_ln0' <Predicate = true> <Delay = 0.00>
ST_1 : Operation 25 [1/1] (1.29ns)   --->   "%store_ln85 = store i4 0, i4 %i" [main.cpp:85]   --->   Operation 25 'store' 'store_ln85' <Predicate = true> <Delay = 1.29>
ST_1 : Operation 26 [1/1] (1.29ns)   --->   "%store_ln83 = store i12 0, i12 %sum_x" [main.cpp:83]   --->   Operation 26 'store' 'store_ln83' <Predicate = true> <Delay = 1.29>
ST_1 : Operation 27 [1/1] (0.00ns)   --->   "%br_ln85 = br void %for.body" [main.cpp:85]   --->   Operation 27 'br' 'br_ln85' <Predicate = true> <Delay = 0.00>
ST_1 : Operation 28 [1/1] (0.00ns)   --->   "%i_3 = load i4 %i" [main.cpp:85]   --->   Operation 28 'load' 'i_3' <Predicate = true> <Delay = 0.00>
ST_1 : Operation 29 [1/1] (1.56ns)   --->   "%icmp_ln85 = icmp_eq  i4 %i_3, i4 8" [main.cpp:85]   --->   Operation 29 'icmp' 'icmp_ln85' <Predicate = true> <Delay = 1.56> <CoreInst = "Cmp">   --->   Core 9 'Cmp' <Latency = 0> <II = 1> <Delay = 1.56> <FuncUnit> <Opcode : 'seteq' 'setne' 'setle' 'setge' 'setlt' 'setgt'> <InPorts = 2> <OutPorts = 1>
ST_1 : Operation 30 [1/1] (1.56ns)   --->   "%add_ln85 = add i4 %i_3, i4 1" [main.cpp:85]   --->   Operation 30 'add' 'add_ln85' <Predicate = true> <Delay = 1.56> <CoreInst = "Adder">   --->   Core 1 'Adder' <Latency = 0> <II = 1> <Delay = 1.56> <FuncUnit> <Opcode : 'add' 'sub'> <InPorts = 2> <OutPorts = 1>
ST_1 : Operation 31 [1/1] (0.00ns)   --->   "%br_ln85 = br i1 %icmp_ln85, void %for.body.split, void %for.end14.exitStub" [main.cpp:85]   --->   Operation 31 'br' 'br_ln85' <Predicate = true> <Delay = 0.00>
ST_1 : Operation 32 [1/1] (0.00ns)   --->   "%trunc_ln85 = trunc i4 %i_3" [main.cpp:85]   --->   Operation 32 'trunc' 'trunc_ln85' <Predicate = (!icmp_ln85)> <Delay = 0.00>
ST_1 : Operation 33 [1/1] (1.45ns)   --->   "%switch_ln93 = switch i3 %trunc_ln85, void %arrayidx6.1.case.15, i3 0, void %arrayidx6.1.case.1, i3 1, void %arrayidx6.1.case.3, i3 2, void %arrayidx6.1.case.5, i3 3, void %arrayidx6.1.case.7, i3 4, void %arrayidx6.1.case.9, i3 5, void %arrayidx6.1.case.11, i3 6, void %for.body.split.arrayidx6.1.exit_crit_edge" [main.cpp:93]   --->   Operation 33 'switch' 'switch_ln93' <Predicate = (!icmp_ln85)> <Delay = 1.45>
ST_1 : Operation 34 [1/1] (1.29ns)   --->   "%store_ln85 = store i4 %add_ln85, i4 %i" [main.cpp:85]   --->   Operation 34 'store' 'store_ln85' <Predicate = (!icmp_ln85)> <Delay = 1.29>

State 2 <SV = 1> <Delay = 5.11>
ST_2 : Operation 35 [1/1] (0.00ns)   --->   "%specpipeline_ln86 = specpipeline void @_ssdm_op_SpecPipeline, i32 1, i32 0, i32 0, i32 0, i32 4294967295, void @empty_9" [main.cpp:86]   --->   Operation 35 'specpipeline' 'specpipeline_ln86' <Predicate = true> <Delay = 0.00>
ST_2 : Operation 36 [1/1] (0.00ns)   --->   "%speclooptripcount_ln79 = speclooptripcount void @_ssdm_op_SpecLoopTripCount, i64 8, i64 8, i64 8" [main.cpp:79]   --->   Operation 36 'speclooptripcount' 'speclooptripcount_ln79' <Predicate = true> <Delay = 0.00>
ST_2 : Operation 37 [1/1] (0.00ns)   --->   "%specloopname_ln85 = specloopname void @_ssdm_op_SpecLoopName, void @empty_5" [main.cpp:85]   --->   Operation 37 'specloopname' 'specloopname_ln85' <Predicate = true> <Delay = 0.00>
ST_2 : Operation 38 [1/1] ( I:3.47ns O:3.47ns )   --->   "%b = read i16 @_ssdm_op_Read.ap_fifo.volatile.i16P0A, i16 %s_norm2_in" [main.cpp:87]   --->   Operation 38 'read' 'b' <Predicate = true> <Delay = 3.47> <CoreInst = "FIFO_SRL">   --->   Core 80 'FIFO_SRL' <Latency = 0> <II = 1> <Delay = 3.47> <Storage> <Opcode : 'read' 'write' 'nbread' 'nbwrite'> <Ports = 0> <Width = 16> <Depth = 2> <FIFO>
ST_2 : Operation 39 [1/1] (0.00ns)   --->   "%elems = trunc i16 %b" [main.cpp:31->main.cpp:89]   --->   Operation 39 'trunc' 'elems' <Predicate = true> <Delay = 0.00>
ST_2 : Operation 40 [1/1] (0.00ns)   --->   "%elems_6 = partselect i8 @_ssdm_op_PartSelect.i8.i16.i32.i32, i16 %b, i32 8, i32 15" [main.cpp:31->main.cpp:89]   --->   Operation 40 'partselect' 'elems_6' <Predicate = true> <Delay = 0.00>
ST_2 : Operation 41 [1/1] (0.00ns)   --->   "%sext_ln92 = sext i8 %elems" [main.cpp:92]   --->   Operation 41 'sext' 'sext_ln92' <Predicate = true> <Delay = 0.00>
ST_2 : Operation 42 [1/1] (0.00ns)   --->   "%store_ln79 = store i8 %elems_6, i8 %buf_14" [main.cpp:79]   --->   Operation 42 'store' 'store_ln79' <Predicate = (trunc_ln85 == 6)> <Delay = 0.00>
ST_2 : Operation 43 [1/1] (0.00ns)   --->   "%store_ln79 = store i8 %elems, i8 %buf_13" [main.cpp:79]   --->   Operation 43 'store' 'store_ln79' <Predicate = (trunc_ln85 == 6)> <Delay = 0.00>
ST_2 : Operation 44 [1/1] (0.00ns)   --->   "%br_ln93 = br void %arrayidx6.1.exit" [main.cpp:93]   --->   Operation 44 'br' 'br_ln93' <Predicate = (trunc_ln85 == 6)> <Delay = 0.00>
ST_2 : Operation 45 [1/1] (0.00ns)   --->   "%store_ln79 = store i8 %elems_6, i8 %buf_12" [main.cpp:79]   --->   Operation 45 'store' 'store_ln79' <Predicate = (trunc_ln85 == 5)> <Delay = 0.00>
ST_2 : Operation 46 [1/1] (0.00ns)   --->   "%store_ln79 = store i8 %elems, i8 %buf_11" [main.cpp:79]   --->   Operation 46 'store' 'store_ln79' <Predicate = (trunc_ln85 == 5)> <Delay = 0.00>
ST_2 : Operation 47 [1/1] (0.00ns)   --->   "%br_ln93 = br void %arrayidx6.1.exit" [main.cpp:93]   --->   Operation 47 'br' 'br_ln93' <Predicate = (trunc_ln85 == 5)> <Delay = 0.00>
ST_2 : Operation 48 [1/1] (0.00ns)   --->   "%store_ln79 = store i8 %elems_6, i8 %buf_10" [main.cpp:79]   --->   Operation 48 'store' 'store_ln79' <Predicate = (trunc_ln85 == 4)> <Delay = 0.00>
ST_2 : Operation 49 [1/1] (0.00ns)   --->   "%store_ln79 = store i8 %elems, i8 %buf_9" [main.cpp:79]   --->   Operation 49 'store' 'store_ln79' <Predicate = (trunc_ln85 == 4)> <Delay = 0.00>
ST_2 : Operation 50 [1/1] (0.00ns)   --->   "%br_ln93 = br void %arrayidx6.1.exit" [main.cpp:93]   --->   Operation 50 'br' 'br_ln93' <Predicate = (trunc_ln85 == 4)> <Delay = 0.00>
ST_2 : Operation 51 [1/1] (0.00ns)   --->   "%store_ln79 = store i8 %elems_6, i8 %buf_8" [main.cpp:79]   --->   Operation 51 'store' 'store_ln79' <Predicate = (trunc_ln85 == 3)> <Delay = 0.00>
ST_2 : Operation 52 [1/1] (0.00ns)   --->   "%store_ln79 = store i8 %elems, i8 %buf_7" [main.cpp:79]   --->   Operation 52 'store' 'store_ln79' <Predicate = (trunc_ln85 == 3)> <Delay = 0.00>
ST_2 : Operation 53 [1/1] (0.00ns)   --->   "%br_ln93 = br void %arrayidx6.1.exit" [main.cpp:93]   --->   Operation 53 'br' 'br_ln93' <Predicate = (trunc_ln85 == 3)> <Delay = 0.00>
ST_2 : Operation 54 [1/1] (0.00ns)   --->   "%store_ln79 = store i8 %elems_6, i8 %buf_6" [main.cpp:79]   --->   Operation 54 'store' 'store_ln79' <Predicate = (trunc_ln85 == 2)> <Delay = 0.00>
ST_2 : Operation 55 [1/1] (0.00ns)   --->   "%store_ln79 = store i8 %elems, i8 %buf_5" [main.cpp:79]   --->   Operation 55 'store' 'store_ln79' <Predicate = (trunc_ln85 == 2)> <Delay = 0.00>
ST_2 : Operation 56 [1/1] (0.00ns)   --->   "%br_ln93 = br void %arrayidx6.1.exit" [main.cpp:93]   --->   Operation 56 'br' 'br_ln93' <Predicate = (trunc_ln85 == 2)> <Delay = 0.00>
ST_2 : Operation 57 [1/1] (0.00ns)   --->   "%store_ln79 = store i8 %elems_6, i8 %buf_4" [main.cpp:79]   --->   Operation 57 'store' 'store_ln79' <Predicate = (trunc_ln85 == 1)> <Delay = 0.00>
ST_2 : Operation 58 [1/1] (0.00ns)   --->   "%store_ln79 = store i8 %elems, i8 %buf_3" [main.cpp:79]   --->   Operation 58 'store' 'store_ln79' <Predicate = (trunc_ln85 == 1)> <Delay = 0.00>
ST_2 : Operation 59 [1/1] (0.00ns)   --->   "%br_ln93 = br void %arrayidx6.1.exit" [main.cpp:93]   --->   Operation 59 'br' 'br_ln93' <Predicate = (trunc_ln85 == 1)> <Delay = 0.00>
ST_2 : Operation 60 [1/1] (0.00ns)   --->   "%store_ln79 = store i8 %elems_6, i8 %buf_2" [main.cpp:79]   --->   Operation 60 'store' 'store_ln79' <Predicate = (trunc_ln85 == 0)> <Delay = 0.00>
ST_2 : Operation 61 [1/1] (0.00ns)   --->   "%store_ln79 = store i8 %elems, i8 %buf" [main.cpp:79]   --->   Operation 61 'store' 'store_ln79' <Predicate = (trunc_ln85 == 0)> <Delay = 0.00>
ST_2 : Operation 62 [1/1] (0.00ns)   --->   "%br_ln93 = br void %arrayidx6.1.exit" [main.cpp:93]   --->   Operation 62 'br' 'br_ln93' <Predicate = (trunc_ln85 == 0)> <Delay = 0.00>
ST_2 : Operation 63 [1/1] (0.00ns)   --->   "%store_ln79 = store i8 %elems_6, i8 %buf_16" [main.cpp:79]   --->   Operation 63 'store' 'store_ln79' <Predicate = (trunc_ln85 == 7)> <Delay = 0.00>
ST_2 : Operation 64 [1/1] (0.00ns)   --->   "%store_ln79 = store i8 %elems, i8 %buf_15" [main.cpp:79]   --->   Operation 64 'store' 'store_ln79' <Predicate = (trunc_ln85 == 7)> <Delay = 0.00>
ST_2 : Operation 65 [1/1] (0.00ns)   --->   "%br_ln93 = br void %arrayidx6.1.exit" [main.cpp:93]   --->   Operation 65 'br' 'br_ln93' <Predicate = (trunc_ln85 == 7)> <Delay = 0.00>
ST_2 : Operation 66 [1/1] (0.00ns)   --->   "%sext_ln94 = sext i8 %elems_6" [main.cpp:94]   --->   Operation 66 'sext' 'sext_ln94' <Predicate = true> <Delay = 0.00>
ST_2 : Operation 67 [1/1] (1.63ns)   --->   "%add_ln94 = add i9 %sext_ln94, i9 %sext_ln92" [main.cpp:94]   --->   Operation 67 'add' 'add_ln94' <Predicate = true> <Delay = 1.63> <CoreInst = "Adder">   --->   Core 1 'Adder' <Latency = 0> <II = 1> <Delay = 1.63> <FuncUnit> <Opcode : 'add' 'sub'> <InPorts = 2> <OutPorts = 1>
ST_2 : Operation 73 [1/1] (0.00ns)   --->   "%sum_x_load_1 = load i12 %sum_x"   --->   Operation 73 'load' 'sum_x_load_1' <Predicate = (icmp_ln85)> <Delay = 0.00>
ST_2 : Operation 74 [1/1] (0.00ns)   --->   "%buf_load = load i8 %buf"   --->   Operation 74 'load' 'buf_load' <Predicate = (icmp_ln85)> <Delay = 0.00>
ST_2 : Operation 75 [1/1] (0.00ns)   --->   "%buf_2_load = load i8 %buf_2"   --->   Operation 75 'load' 'buf_2_load' <Predicate = (icmp_ln85)> <Delay = 0.00>
ST_2 : Operation 76 [1/1] (0.00ns)   --->   "%buf_3_load = load i8 %buf_3"   --->   Operation 76 'load' 'buf_3_load' <Predicate = (icmp_ln85)> <Delay = 0.00>
ST_2 : Operation 77 [1/1] (0.00ns)   --->   "%buf_4_load = load i8 %buf_4"   --->   Operation 77 'load' 'buf_4_load' <Predicate = (icmp_ln85)> <Delay = 0.00>
ST_2 : Operation 78 [1/1] (0.00ns)   --->   "%buf_5_load = load i8 %buf_5"   --->   Operation 78 'load' 'buf_5_load' <Predicate = (icmp_ln85)> <Delay = 0.00>
ST_2 : Operation 79 [1/1] (0.00ns)   --->   "%buf_6_load = load i8 %buf_6"   --->   Operation 79 'load' 'buf_6_load' <Predicate = (icmp_ln85)> <Delay = 0.00>
ST_2 : Operation 80 [1/1] (0.00ns)   --->   "%buf_7_load = load i8 %buf_7"   --->   Operation 80 'load' 'buf_7_load' <Predicate = (icmp_ln85)> <Delay = 0.00>
ST_2 : Operation 81 [1/1] (0.00ns)   --->   "%buf_8_load = load i8 %buf_8"   --->   Operation 81 'load' 'buf_8_load' <Predicate = (icmp_ln85)> <Delay = 0.00>
ST_2 : Operation 82 [1/1] (0.00ns)   --->   "%buf_9_load = load i8 %buf_9"   --->   Operation 82 'load' 'buf_9_load' <Predicate = (icmp_ln85)> <Delay = 0.00>
ST_2 : Operation 83 [1/1] (0.00ns)   --->   "%buf_10_load = load i8 %buf_10"   --->   Operation 83 'load' 'buf_10_load' <Predicate = (icmp_ln85)> <Delay = 0.00>
ST_2 : Operation 84 [1/1] (0.00ns)   --->   "%buf_11_load = load i8 %buf_11"   --->   Operation 84 'load' 'buf_11_load' <Predicate = (icmp_ln85)> <Delay = 0.00>
ST_2 : Operation 85 [1/1] (0.00ns)   --->   "%buf_12_load = load i8 %buf_12"   --->   Operation 85 'load' 'buf_12_load' <Predicate = (icmp_ln85)> <Delay = 0.00>
ST_2 : Operation 86 [1/1] (0.00ns)   --->   "%buf_13_load = load i8 %buf_13"   --->   Operation 86 'load' 'buf_13_load' <Predicate = (icmp_ln85)> <Delay = 0.00>
ST_2 : Operation 87 [1/1] (0.00ns)   --->   "%buf_14_load = load i8 %buf_14"   --->   Operation 87 'load' 'buf_14_load' <Predicate = (icmp_ln85)> <Delay = 0.00>
ST_2 : Operation 88 [1/1] (0.00ns)   --->   "%buf_15_load = load i8 %buf_15"   --->   Operation 88 'load' 'buf_15_load' <Predicate = (icmp_ln85)> <Delay = 0.00>
ST_2 : Operation 89 [1/1] (0.00ns)   --->   "%buf_16_load = load i8 %buf_16"   --->   Operation 89 'load' 'buf_16_load' <Predicate = (icmp_ln85)> <Delay = 0.00>
ST_2 : Operation 90 [1/1] (0.00ns)   --->   "%write_ln0 = write void @_ssdm_op_Write.ap_auto.i8P0A, i8 %buf_49_out, i8 %buf_16_load"   --->   Operation 90 'write' 'write_ln0' <Predicate = (icmp_ln85)> <Delay = 0.00>
ST_2 : Operation 91 [1/1] (0.00ns)   --->   "%write_ln0 = write void @_ssdm_op_Write.ap_auto.i8P0A, i8 %buf_48_out, i8 %buf_15_load"   --->   Operation 91 'write' 'write_ln0' <Predicate = (icmp_ln85)> <Delay = 0.00>
ST_2 : Operation 92 [1/1] (0.00ns)   --->   "%write_ln0 = write void @_ssdm_op_Write.ap_auto.i8P0A, i8 %buf_47_out, i8 %buf_14_load"   --->   Operation 92 'write' 'write_ln0' <Predicate = (icmp_ln85)> <Delay = 0.00>
ST_2 : Operation 93 [1/1] (0.00ns)   --->   "%write_ln0 = write void @_ssdm_op_Write.ap_auto.i8P0A, i8 %buf_46_out, i8 %buf_13_load"   --->   Operation 93 'write' 'write_ln0' <Predicate = (icmp_ln85)> <Delay = 0.00>
ST_2 : Operation 94 [1/1] (0.00ns)   --->   "%write_ln0 = write void @_ssdm_op_Write.ap_auto.i8P0A, i8 %buf_45_out, i8 %buf_12_load"   --->   Operation 94 'write' 'write_ln0' <Predicate = (icmp_ln85)> <Delay = 0.00>
ST_2 : Operation 95 [1/1] (0.00ns)   --->   "%write_ln0 = write void @_ssdm_op_Write.ap_auto.i8P0A, i8 %buf_44_out, i8 %buf_11_load"   --->   Operation 95 'write' 'write_ln0' <Predicate = (icmp_ln85)> <Delay = 0.00>
ST_2 : Operation 96 [1/1] (0.00ns)   --->   "%write_ln0 = write void @_ssdm_op_Write.ap_auto.i8P0A, i8 %buf_43_out, i8 %buf_10_load"   --->   Operation 96 'write' 'write_ln0' <Predicate = (icmp_ln85)> <Delay = 0.00>
ST_2 : Operation 97 [1/1] (0.00ns)   --->   "%write_ln0 = write void @_ssdm_op_Write.ap_auto.i8P0A, i8 %buf_42_out, i8 %buf_9_load"   --->   Operation 97 'write' 'write_ln0' <Predicate = (icmp_ln85)> <Delay = 0.00>
ST_2 : Operation 98 [1/1] (0.00ns)   --->   "%write_ln0 = write void @_ssdm_op_Write.ap_auto.i8P0A, i8 %buf_41_out, i8 %buf_8_load"   --->   Operation 98 'write' 'write_ln0' <Predicate = (icmp_ln85)> <Delay = 0.00>
ST_2 : Operation 99 [1/1] (0.00ns)   --->   "%write_ln0 = write void @_ssdm_op_Write.ap_auto.i8P0A, i8 %buf_40_out, i8 %buf_7_load"   --->   Operation 99 'write' 'write_ln0' <Predicate = (icmp_ln85)> <Delay = 0.00>
ST_2 : Operation 100 [1/1] (0.00ns)   --->   "%write_ln0 = write void @_ssdm_op_Write.ap_auto.i8P0A, i8 %buf_39_out, i8 %buf_6_load"   --->   Operation 100 'write' 'write_ln0' <Predicate = (icmp_ln85)> <Delay = 0.00>
ST_2 : Operation 101 [1/1] (0.00ns)   --->   "%write_ln0 = write void @_ssdm_op_Write.ap_auto.i8P0A, i8 %buf_38_out, i8 %buf_5_load"   --->   Operation 101 'write' 'write_ln0' <Predicate = (icmp_ln85)> <Delay = 0.00>
ST_2 : Operation 102 [1/1] (0.00ns)   --->   "%write_ln0 = write void @_ssdm_op_Write.ap_auto.i8P0A, i8 %buf_37_out, i8 %buf_4_load"   --->   Operation 102 'write' 'write_ln0' <Predicate = (icmp_ln85)> <Delay = 0.00>
ST_2 : Operation 103 [1/1] (0.00ns)   --->   "%write_ln0 = write void @_ssdm_op_Write.ap_auto.i8P0A, i8 %buf_36_out, i8 %buf_3_load"   --->   Operation 103 'write' 'write_ln0' <Predicate = (icmp_ln85)> <Delay = 0.00>
ST_2 : Operation 104 [1/1] (0.00ns)   --->   "%write_ln0 = write void @_ssdm_op_Write.ap_auto.i8P0A, i8 %buf_35_out, i8 %buf_2_load"   --->   Operation 104 'write' 'write_ln0' <Predicate = (icmp_ln85)> <Delay = 0.00>
ST_2 : Operation 105 [1/1] (0.00ns)   --->   "%write_ln0 = write void @_ssdm_op_Write.ap_auto.i8P0A, i8 %buf_out, i8 %buf_load"   --->   Operation 105 'write' 'write_ln0' <Predicate = (icmp_ln85)> <Delay = 0.00>
ST_2 : Operation 106 [1/1] (0.00ns)   --->   "%write_ln0 = write void @_ssdm_op_Write.ap_auto.i12P0A, i12 %sum_x_out, i12 %sum_x_load_1"   --->   Operation 106 'write' 'write_ln0' <Predicate = (icmp_ln85)> <Delay = 0.00>
ST_2 : Operation 107 [1/1] (1.29ns)   --->   "%ret_ln0 = ret"   --->   Operation 107 'ret' 'ret_ln0' <Predicate = (icmp_ln85)> <Delay = 1.29>

State 3 <SV = 2> <Delay = 2.98>
ST_3 : Operation 68 [1/1] (0.00ns)   --->   "%sum_x_load = load i12 %sum_x" [main.cpp:94]   --->   Operation 68 'load' 'sum_x_load' <Predicate = true> <Delay = 0.00>
ST_3 : Operation 69 [1/1] (0.00ns)   --->   "%sext_ln94_1 = sext i9 %add_ln94" [main.cpp:94]   --->   Operation 69 'sext' 'sext_ln94_1' <Predicate = true> <Delay = 0.00>
ST_3 : Operation 70 [1/1] (1.69ns)   --->   "%sum_x_1 = add i12 %sum_x_load, i12 %sext_ln94_1" [main.cpp:94]   --->   Operation 70 'add' 'sum_x_1' <Predicate = true> <Delay = 1.69> <CoreInst = "Adder">   --->   Core 1 'Adder' <Latency = 0> <II = 1> <Delay = 1.69> <FuncUnit> <Opcode : 'add' 'sub'> <InPorts = 2> <OutPorts = 1>
ST_3 : Operation 71 [1/1] (1.29ns)   --->   "%store_ln83 = store i12 %sum_x_1, i12 %sum_x" [main.cpp:83]   --->   Operation 71 'store' 'store_ln83' <Predicate = true> <Delay = 1.29>
ST_3 : Operation 72 [1/1] (0.00ns)   --->   "%br_ln85 = br void %for.body" [main.cpp:85]   --->   Operation 72 'br' 'br_ln85' <Predicate = true> <Delay = 0.00>


============================================================
+ Verbose Summary: Timing violations
============================================================
Target clock period: 10.000ns, clock uncertainty: 2.700ns.

 <State 1>: 4.155ns
The critical path consists of the following:
	'store' operation ('store_ln85', main.cpp:85) of constant 0 4 bit on local variable 'i', main.cpp:85 [38]  (1.294 ns)
	'load' operation 4 bit ('i', main.cpp:85) on local variable 'i', main.cpp:85 [42]  (0.000 ns)
	'icmp' operation 1 bit ('icmp_ln85', main.cpp:85) [43]  (1.567 ns)
	'store' operation ('store_ln85', main.cpp:85) of variable 'add_ln85', main.cpp:85 4 bit on local variable 'i', main.cpp:85 [94]  (1.294 ns)

 <State 2>: 5.111ns
The critical path consists of the following:
	fifo read operation ('b', main.cpp:87) on port 's_norm2_in' (main.cpp:87) [51]  (3.475 ns)
	'add' operation 9 bit ('add_ln94', main.cpp:94) [91]  (1.636 ns)

 <State 3>: 2.987ns
The critical path consists of the following:
	'load' operation 12 bit ('sum_x_load', main.cpp:94) on local variable 'sum_x', main.cpp:83 [89]  (0.000 ns)
	'add' operation 12 bit ('sum_x', main.cpp:94) [93]  (1.693 ns)
	'store' operation ('store_ln83', main.cpp:83) of variable 'sum_x', main.cpp:94 12 bit on local variable 'sum_x', main.cpp:83 [95]  (1.294 ns)


============================================================
+ Verbose Summary: Binding
============================================================
N/A
* FSMD analyzer results:
  - Output states:
 - Input state : 
  - Chain level:
	State 1
	State 2
	State 3


============================================================
+ Verbose Summary: Datapath Resource usage 
============================================================
N/A
