

================================================================
== Vitis HLS Report for 'stateful_softmax_Pipeline_VITIS_LOOP_188_1'
================================================================
* Date:           Fri May  1 14:34:41 2026

* Version:        2025.2 (Build 6295257 on Nov 14 2025)
* Project:        hls_component
* Solution:       solution1 (Vivado IP Flow Target)
* Product family: spartan7
* Target device:  xc7s50-csga324-2


================================================================
== Performance Estimates
================================================================
+ Timing: 
    * Summary: 
    +--------+----------+----------+------------+
    |  Clock |  Target  | Estimated| Uncertainty|
    +--------+----------+----------+------------+
    |ap_clk  |  10.00 ns|  6.548 ns|     2.70 ns|
    +--------+----------+----------+------------+

+ Latency: 
    * Summary: 
    +---------+---------+----------+----------+-----+-----+-------------------+
    |  Latency (cycles) |  Latency (absolute) |  Interval |      Pipeline     |
    |   min   |   max   |    min   |    max   | min | max |        Type       |
    +---------+---------+----------+----------+-----+-----+-------------------+
    |       11|       11|  0.110 us|  0.110 us|    0|    0|  loop pipeline stp|
    +---------+---------+----------+----------+-----+-----+-------------------+

    + Detail: 
        * Instance: 
        N/A

        * Loop: 
        +--------------------+---------+---------+----------+-----------+-----------+------+----------+
        |                    |  Latency (cycles) | Iteration|  Initiation Interval  | Trip |          |
        |      Loop Name     |   min   |   max   |  Latency |  achieved |   target  | Count| Pipelined|
        +--------------------+---------+---------+----------+-----------+-----------+------+----------+
        |- VITIS_LOOP_188_1  |        9|        9|         3|          1|          1|     8|       yes|
        +--------------------+---------+---------+----------+-----------+-----------+------+----------+

============================================================
+ Verbose Summary: Synthesis Manager
============================================================
InlineROM: 1
ExposeGlobal: 0
============================================================
+ Verbose Summary: CDFG Model
============================================================
IsTopModel: 0
ResetActiveHigh: 1
IsCombinational: 0
IsDatapathOnly: 0
HasWiredReturn: 1
HasMFsm: 2
HasVarLatency: 1
IsPipeline: 0
IsRtlPipelined: 0
IsInstanceOverlapped: 0
IsDontTouch: 0
HasImplIP: 0
IsGatedGlobalClock: 0

+ Individual pipeline summary: 
  * Pipeline-0: initiation interval (II) = 1, depth = 3


============================================================
+ Verbose Summary: Schedule
============================================================
* Number of FSM states : 3
* Pipeline : 1
  Pipeline-0 : II = 1, D = 3, States = { 1 2 3 }
* Dataflow Pipeline: 0

* FSM state transitions: 
1 --> 2 
2 --> 3 
3 --> 

* FSM state operations: 

State 1 <SV = 0> <Delay = 4.15>
ST_1 : Operation 6 [1/1] (0.00ns)   --->   "%max_val = alloca i32 1" [main.cpp:187]   --->   Operation 6 'alloca' 'max_val' <Predicate = true> <Delay = 0.00>
ST_1 : Operation 7 [1/1] (0.00ns)   --->   "%i = alloca i32 1" [main.cpp:188]   --->   Operation 7 'alloca' 'i' <Predicate = true> <Delay = 0.00>
ST_1 : Operation 8 [1/1] (0.00ns)   --->   "%empty = alloca i32 1"   --->   Operation 8 'alloca' 'empty' <Predicate = true> <Delay = 0.00>
ST_1 : Operation 9 [1/1] (0.00ns)   --->   "%empty_46 = alloca i32 1"   --->   Operation 9 'alloca' 'empty_46' <Predicate = true> <Delay = 0.00>
ST_1 : Operation 10 [1/1] (0.00ns)   --->   "%empty_47 = alloca i32 1"   --->   Operation 10 'alloca' 'empty_47' <Predicate = true> <Delay = 0.00>
ST_1 : Operation 11 [1/1] (0.00ns)   --->   "%empty_48 = alloca i32 1"   --->   Operation 11 'alloca' 'empty_48' <Predicate = true> <Delay = 0.00>
ST_1 : Operation 12 [1/1] (0.00ns)   --->   "%empty_49 = alloca i32 1"   --->   Operation 12 'alloca' 'empty_49' <Predicate = true> <Delay = 0.00>
ST_1 : Operation 13 [1/1] (0.00ns)   --->   "%empty_50 = alloca i32 1"   --->   Operation 13 'alloca' 'empty_50' <Predicate = true> <Delay = 0.00>
ST_1 : Operation 14 [1/1] (0.00ns)   --->   "%empty_51 = alloca i32 1"   --->   Operation 14 'alloca' 'empty_51' <Predicate = true> <Delay = 0.00>
ST_1 : Operation 15 [1/1] (0.00ns)   --->   "%empty_52 = alloca i32 1"   --->   Operation 15 'alloca' 'empty_52' <Predicate = true> <Delay = 0.00>
ST_1 : Operation 16 [1/1] (0.00ns)   --->   "%empty_53 = alloca i32 1"   --->   Operation 16 'alloca' 'empty_53' <Predicate = true> <Delay = 0.00>
ST_1 : Operation 17 [1/1] (0.00ns)   --->   "%empty_54 = alloca i32 1"   --->   Operation 17 'alloca' 'empty_54' <Predicate = true> <Delay = 0.00>
ST_1 : Operation 18 [1/1] (0.00ns)   --->   "%empty_55 = alloca i32 1"   --->   Operation 18 'alloca' 'empty_55' <Predicate = true> <Delay = 0.00>
ST_1 : Operation 19 [1/1] (0.00ns)   --->   "%empty_56 = alloca i32 1"   --->   Operation 19 'alloca' 'empty_56' <Predicate = true> <Delay = 0.00>
ST_1 : Operation 20 [1/1] (0.00ns)   --->   "%empty_57 = alloca i32 1"   --->   Operation 20 'alloca' 'empty_57' <Predicate = true> <Delay = 0.00>
ST_1 : Operation 21 [1/1] (0.00ns)   --->   "%empty_58 = alloca i32 1"   --->   Operation 21 'alloca' 'empty_58' <Predicate = true> <Delay = 0.00>
ST_1 : Operation 22 [1/1] (0.00ns)   --->   "%empty_59 = alloca i32 1"   --->   Operation 22 'alloca' 'empty_59' <Predicate = true> <Delay = 0.00>
ST_1 : Operation 23 [1/1] (0.00ns)   --->   "%empty_60 = alloca i32 1"   --->   Operation 23 'alloca' 'empty_60' <Predicate = true> <Delay = 0.00>
ST_1 : Operation 24 [1/1] (0.00ns)   --->   "%specinterface_ln0 = specinterface void @_ssdm_op_SpecInterface, i16 %s_gemm1_out, void @empty_7, i32 0, i32 0, void @empty_9, i32 0, i32 0, void @empty_9, void @empty_9, void @empty_9, i32 0, i32 0, i32 0, i32 0, void @empty_9, void @empty_9, i32 4294967295, i32 0, i32 0, i32 0"   --->   Operation 24 'specinterface' 'specinterface_ln0' <Predicate = true> <Delay = 0.00>
ST_1 : Operation 25 [1/1] (1.29ns)   --->   "%store_ln188 = store i4 0, i4 %i" [main.cpp:188]   --->   Operation 25 'store' 'store_ln188' <Predicate = true> <Delay = 1.29>
ST_1 : Operation 26 [1/1] (1.29ns)   --->   "%store_ln187 = store i8 128, i8 %max_val" [main.cpp:187]   --->   Operation 26 'store' 'store_ln187' <Predicate = true> <Delay = 1.29>
ST_1 : Operation 27 [1/1] (0.00ns)   --->   "%br_ln188 = br void %for.body" [main.cpp:188]   --->   Operation 27 'br' 'br_ln188' <Predicate = true> <Delay = 0.00>
ST_1 : Operation 28 [1/1] (0.00ns)   --->   "%i_2 = load i4 %i" [main.cpp:188]   --->   Operation 28 'load' 'i_2' <Predicate = true> <Delay = 0.00>
ST_1 : Operation 29 [1/1] (1.56ns)   --->   "%icmp_ln188 = icmp_eq  i4 %i_2, i4 8" [main.cpp:188]   --->   Operation 29 'icmp' 'icmp_ln188' <Predicate = true> <Delay = 1.56> <CoreInst = "Cmp">   --->   Core 9 'Cmp' <Latency = 0> <II = 1> <Delay = 1.56> <FuncUnit> <Opcode : 'seteq' 'setne' 'setle' 'setge' 'setlt' 'setgt'> <InPorts = 2> <OutPorts = 1>
ST_1 : Operation 30 [1/1] (1.56ns)   --->   "%add_ln188 = add i4 %i_2, i4 1" [main.cpp:188]   --->   Operation 30 'add' 'add_ln188' <Predicate = true> <Delay = 1.56> <CoreInst = "Adder">   --->   Core 1 'Adder' <Latency = 0> <II = 1> <Delay = 1.56> <FuncUnit> <Opcode : 'add' 'sub'> <InPorts = 2> <OutPorts = 1>
ST_1 : Operation 31 [1/1] (0.00ns)   --->   "%br_ln188 = br i1 %icmp_ln188, void %for.body.split, void %for.end11.exitStub" [main.cpp:188]   --->   Operation 31 'br' 'br_ln188' <Predicate = true> <Delay = 0.00>
ST_1 : Operation 32 [1/1] (0.00ns)   --->   "%trunc_ln188 = trunc i4 %i_2" [main.cpp:188]   --->   Operation 32 'trunc' 'trunc_ln188' <Predicate = (!icmp_ln188)> <Delay = 0.00>
ST_1 : Operation 33 [1/1] (1.45ns)   --->   "%switch_ln196 = switch i3 %trunc_ln188, void %arrayidx6.1.case.15, i3 0, void %for.body.split.arrayidx6.1.exit_crit_edge, i3 1, void %arrayidx6.1.case.3, i3 2, void %arrayidx6.1.case.5, i3 3, void %arrayidx6.1.case.7, i3 4, void %arrayidx6.1.case.9, i3 5, void %arrayidx6.1.case.11, i3 6, void %arrayidx6.1.case.13" [main.cpp:196]   --->   Operation 33 'switch' 'switch_ln196' <Predicate = (!icmp_ln188)> <Delay = 1.45>
ST_1 : Operation 34 [1/1] (1.29ns)   --->   "%store_ln188 = store i4 %add_ln188, i4 %i" [main.cpp:188]   --->   Operation 34 'store' 'store_ln188' <Predicate = (!icmp_ln188)> <Delay = 1.29>

State 2 <SV = 1> <Delay = 3.47>
ST_2 : Operation 35 [1/1] ( I:3.47ns O:3.47ns )   --->   "%b = read i16 @_ssdm_op_Read.ap_fifo.volatile.i16P0A, i16 %s_gemm1_out" [main.cpp:190]   --->   Operation 35 'read' 'b' <Predicate = true> <Delay = 3.47> <CoreInst = "FIFO_SRL">   --->   Core 80 'FIFO_SRL' <Latency = 0> <II = 1> <Delay = 3.47> <Storage> <Opcode : 'read' 'write' 'nbread' 'nbwrite'> <Ports = 0> <Width = 16> <Depth = 2> <FIFO>
ST_2 : Operation 36 [1/1] (0.00ns)   --->   "%elems = trunc i16 %b" [main.cpp:31->main.cpp:192]   --->   Operation 36 'trunc' 'elems' <Predicate = true> <Delay = 0.00>
ST_2 : Operation 37 [1/1] (0.00ns)   --->   "%elems_4 = partselect i8 @_ssdm_op_PartSelect.i8.i16.i32.i32, i16 %b, i32 8, i32 15" [main.cpp:31->main.cpp:192]   --->   Operation 37 'partselect' 'elems_4' <Predicate = true> <Delay = 0.00>
ST_2 : Operation 38 [1/1] (0.00ns)   --->   "%store_ln31 = store i8 %elems_4, i8 %empty_58" [main.cpp:31->main.cpp:192]   --->   Operation 38 'store' 'store_ln31' <Predicate = (trunc_ln188 == 6)> <Delay = 0.00>
ST_2 : Operation 39 [1/1] (0.00ns)   --->   "%store_ln31 = store i8 %elems, i8 %empty_57" [main.cpp:31->main.cpp:192]   --->   Operation 39 'store' 'store_ln31' <Predicate = (trunc_ln188 == 6)> <Delay = 0.00>
ST_2 : Operation 40 [1/1] (0.00ns)   --->   "%br_ln196 = br void %arrayidx6.1.exit" [main.cpp:196]   --->   Operation 40 'br' 'br_ln196' <Predicate = (trunc_ln188 == 6)> <Delay = 0.00>
ST_2 : Operation 41 [1/1] (0.00ns)   --->   "%store_ln31 = store i8 %elems_4, i8 %empty_56" [main.cpp:31->main.cpp:192]   --->   Operation 41 'store' 'store_ln31' <Predicate = (trunc_ln188 == 5)> <Delay = 0.00>
ST_2 : Operation 42 [1/1] (0.00ns)   --->   "%store_ln31 = store i8 %elems, i8 %empty_55" [main.cpp:31->main.cpp:192]   --->   Operation 42 'store' 'store_ln31' <Predicate = (trunc_ln188 == 5)> <Delay = 0.00>
ST_2 : Operation 43 [1/1] (0.00ns)   --->   "%br_ln196 = br void %arrayidx6.1.exit" [main.cpp:196]   --->   Operation 43 'br' 'br_ln196' <Predicate = (trunc_ln188 == 5)> <Delay = 0.00>
ST_2 : Operation 44 [1/1] (0.00ns)   --->   "%store_ln31 = store i8 %elems_4, i8 %empty_54" [main.cpp:31->main.cpp:192]   --->   Operation 44 'store' 'store_ln31' <Predicate = (trunc_ln188 == 4)> <Delay = 0.00>
ST_2 : Operation 45 [1/1] (0.00ns)   --->   "%store_ln31 = store i8 %elems, i8 %empty_53" [main.cpp:31->main.cpp:192]   --->   Operation 45 'store' 'store_ln31' <Predicate = (trunc_ln188 == 4)> <Delay = 0.00>
ST_2 : Operation 46 [1/1] (0.00ns)   --->   "%br_ln196 = br void %arrayidx6.1.exit" [main.cpp:196]   --->   Operation 46 'br' 'br_ln196' <Predicate = (trunc_ln188 == 4)> <Delay = 0.00>
ST_2 : Operation 47 [1/1] (0.00ns)   --->   "%store_ln31 = store i8 %elems_4, i8 %empty_52" [main.cpp:31->main.cpp:192]   --->   Operation 47 'store' 'store_ln31' <Predicate = (trunc_ln188 == 3)> <Delay = 0.00>
ST_2 : Operation 48 [1/1] (0.00ns)   --->   "%store_ln31 = store i8 %elems, i8 %empty_51" [main.cpp:31->main.cpp:192]   --->   Operation 48 'store' 'store_ln31' <Predicate = (trunc_ln188 == 3)> <Delay = 0.00>
ST_2 : Operation 49 [1/1] (0.00ns)   --->   "%br_ln196 = br void %arrayidx6.1.exit" [main.cpp:196]   --->   Operation 49 'br' 'br_ln196' <Predicate = (trunc_ln188 == 3)> <Delay = 0.00>
ST_2 : Operation 50 [1/1] (0.00ns)   --->   "%store_ln31 = store i8 %elems_4, i8 %empty_50" [main.cpp:31->main.cpp:192]   --->   Operation 50 'store' 'store_ln31' <Predicate = (trunc_ln188 == 2)> <Delay = 0.00>
ST_2 : Operation 51 [1/1] (0.00ns)   --->   "%store_ln31 = store i8 %elems, i8 %empty_49" [main.cpp:31->main.cpp:192]   --->   Operation 51 'store' 'store_ln31' <Predicate = (trunc_ln188 == 2)> <Delay = 0.00>
ST_2 : Operation 52 [1/1] (0.00ns)   --->   "%br_ln196 = br void %arrayidx6.1.exit" [main.cpp:196]   --->   Operation 52 'br' 'br_ln196' <Predicate = (trunc_ln188 == 2)> <Delay = 0.00>
ST_2 : Operation 53 [1/1] (0.00ns)   --->   "%store_ln31 = store i8 %elems_4, i8 %empty_48" [main.cpp:31->main.cpp:192]   --->   Operation 53 'store' 'store_ln31' <Predicate = (trunc_ln188 == 1)> <Delay = 0.00>
ST_2 : Operation 54 [1/1] (0.00ns)   --->   "%store_ln31 = store i8 %elems, i8 %empty_47" [main.cpp:31->main.cpp:192]   --->   Operation 54 'store' 'store_ln31' <Predicate = (trunc_ln188 == 1)> <Delay = 0.00>
ST_2 : Operation 55 [1/1] (0.00ns)   --->   "%br_ln196 = br void %arrayidx6.1.exit" [main.cpp:196]   --->   Operation 55 'br' 'br_ln196' <Predicate = (trunc_ln188 == 1)> <Delay = 0.00>
ST_2 : Operation 56 [1/1] (0.00ns)   --->   "%store_ln31 = store i8 %elems_4, i8 %empty_46" [main.cpp:31->main.cpp:192]   --->   Operation 56 'store' 'store_ln31' <Predicate = (trunc_ln188 == 0)> <Delay = 0.00>
ST_2 : Operation 57 [1/1] (0.00ns)   --->   "%store_ln31 = store i8 %elems, i8 %empty" [main.cpp:31->main.cpp:192]   --->   Operation 57 'store' 'store_ln31' <Predicate = (trunc_ln188 == 0)> <Delay = 0.00>
ST_2 : Operation 58 [1/1] (0.00ns)   --->   "%br_ln196 = br void %arrayidx6.1.exit" [main.cpp:196]   --->   Operation 58 'br' 'br_ln196' <Predicate = (trunc_ln188 == 0)> <Delay = 0.00>
ST_2 : Operation 59 [1/1] (0.00ns)   --->   "%store_ln31 = store i8 %elems_4, i8 %empty_60" [main.cpp:31->main.cpp:192]   --->   Operation 59 'store' 'store_ln31' <Predicate = (trunc_ln188 == 7)> <Delay = 0.00>
ST_2 : Operation 60 [1/1] (0.00ns)   --->   "%store_ln31 = store i8 %elems, i8 %empty_59" [main.cpp:31->main.cpp:192]   --->   Operation 60 'store' 'store_ln31' <Predicate = (trunc_ln188 == 7)> <Delay = 0.00>
ST_2 : Operation 61 [1/1] (0.00ns)   --->   "%br_ln196 = br void %arrayidx6.1.exit" [main.cpp:196]   --->   Operation 61 'br' 'br_ln196' <Predicate = (trunc_ln188 == 7)> <Delay = 0.00>
ST_2 : Operation 72 [1/1] (0.00ns)   --->   "%max_val_load = load i8 %max_val"   --->   Operation 72 'load' 'max_val_load' <Predicate = (icmp_ln188)> <Delay = 0.00>
ST_2 : Operation 73 [1/1] (0.00ns)   --->   "%p_load32 = load i8 %empty"   --->   Operation 73 'load' 'p_load32' <Predicate = (icmp_ln188)> <Delay = 0.00>
ST_2 : Operation 74 [1/1] (0.00ns)   --->   "%p_load31 = load i8 %empty_46"   --->   Operation 74 'load' 'p_load31' <Predicate = (icmp_ln188)> <Delay = 0.00>
ST_2 : Operation 75 [1/1] (0.00ns)   --->   "%p_load30 = load i8 %empty_47"   --->   Operation 75 'load' 'p_load30' <Predicate = (icmp_ln188)> <Delay = 0.00>
ST_2 : Operation 76 [1/1] (0.00ns)   --->   "%p_load29 = load i8 %empty_48"   --->   Operation 76 'load' 'p_load29' <Predicate = (icmp_ln188)> <Delay = 0.00>
ST_2 : Operation 77 [1/1] (0.00ns)   --->   "%p_load28 = load i8 %empty_49"   --->   Operation 77 'load' 'p_load28' <Predicate = (icmp_ln188)> <Delay = 0.00>
ST_2 : Operation 78 [1/1] (0.00ns)   --->   "%p_load27 = load i8 %empty_50"   --->   Operation 78 'load' 'p_load27' <Predicate = (icmp_ln188)> <Delay = 0.00>
ST_2 : Operation 79 [1/1] (0.00ns)   --->   "%p_load26 = load i8 %empty_51"   --->   Operation 79 'load' 'p_load26' <Predicate = (icmp_ln188)> <Delay = 0.00>
ST_2 : Operation 80 [1/1] (0.00ns)   --->   "%p_load25 = load i8 %empty_52"   --->   Operation 80 'load' 'p_load25' <Predicate = (icmp_ln188)> <Delay = 0.00>
ST_2 : Operation 81 [1/1] (0.00ns)   --->   "%p_load24 = load i8 %empty_53"   --->   Operation 81 'load' 'p_load24' <Predicate = (icmp_ln188)> <Delay = 0.00>
ST_2 : Operation 82 [1/1] (0.00ns)   --->   "%p_load23 = load i8 %empty_54"   --->   Operation 82 'load' 'p_load23' <Predicate = (icmp_ln188)> <Delay = 0.00>
ST_2 : Operation 83 [1/1] (0.00ns)   --->   "%p_load22 = load i8 %empty_55"   --->   Operation 83 'load' 'p_load22' <Predicate = (icmp_ln188)> <Delay = 0.00>
ST_2 : Operation 84 [1/1] (0.00ns)   --->   "%p_load21 = load i8 %empty_56"   --->   Operation 84 'load' 'p_load21' <Predicate = (icmp_ln188)> <Delay = 0.00>
ST_2 : Operation 85 [1/1] (0.00ns)   --->   "%p_load20 = load i8 %empty_57"   --->   Operation 85 'load' 'p_load20' <Predicate = (icmp_ln188)> <Delay = 0.00>
ST_2 : Operation 86 [1/1] (0.00ns)   --->   "%p_load19 = load i8 %empty_58"   --->   Operation 86 'load' 'p_load19' <Predicate = (icmp_ln188)> <Delay = 0.00>
ST_2 : Operation 87 [1/1] (0.00ns)   --->   "%p_load18 = load i8 %empty_59"   --->   Operation 87 'load' 'p_load18' <Predicate = (icmp_ln188)> <Delay = 0.00>
ST_2 : Operation 88 [1/1] (0.00ns)   --->   "%p_load = load i8 %empty_60"   --->   Operation 88 'load' 'p_load' <Predicate = (icmp_ln188)> <Delay = 0.00>
ST_2 : Operation 89 [1/1] (0.00ns)   --->   "%write_ln0 = write void @_ssdm_op_Write.ap_auto.i8P0A, i8 %p_out, i8 %p_load"   --->   Operation 89 'write' 'write_ln0' <Predicate = (icmp_ln188)> <Delay = 0.00>
ST_2 : Operation 90 [1/1] (0.00ns)   --->   "%write_ln0 = write void @_ssdm_op_Write.ap_auto.i8P0A, i8 %p_out1, i8 %p_load18"   --->   Operation 90 'write' 'write_ln0' <Predicate = (icmp_ln188)> <Delay = 0.00>
ST_2 : Operation 91 [1/1] (0.00ns)   --->   "%write_ln0 = write void @_ssdm_op_Write.ap_auto.i8P0A, i8 %p_out2, i8 %p_load19"   --->   Operation 91 'write' 'write_ln0' <Predicate = (icmp_ln188)> <Delay = 0.00>
ST_2 : Operation 92 [1/1] (0.00ns)   --->   "%write_ln0 = write void @_ssdm_op_Write.ap_auto.i8P0A, i8 %p_out3, i8 %p_load20"   --->   Operation 92 'write' 'write_ln0' <Predicate = (icmp_ln188)> <Delay = 0.00>
ST_2 : Operation 93 [1/1] (0.00ns)   --->   "%write_ln0 = write void @_ssdm_op_Write.ap_auto.i8P0A, i8 %p_out4, i8 %p_load21"   --->   Operation 93 'write' 'write_ln0' <Predicate = (icmp_ln188)> <Delay = 0.00>
ST_2 : Operation 94 [1/1] (0.00ns)   --->   "%write_ln0 = write void @_ssdm_op_Write.ap_auto.i8P0A, i8 %p_out5, i8 %p_load22"   --->   Operation 94 'write' 'write_ln0' <Predicate = (icmp_ln188)> <Delay = 0.00>
ST_2 : Operation 95 [1/1] (0.00ns)   --->   "%write_ln0 = write void @_ssdm_op_Write.ap_auto.i8P0A, i8 %p_out6, i8 %p_load23"   --->   Operation 95 'write' 'write_ln0' <Predicate = (icmp_ln188)> <Delay = 0.00>
ST_2 : Operation 96 [1/1] (0.00ns)   --->   "%write_ln0 = write void @_ssdm_op_Write.ap_auto.i8P0A, i8 %p_out7, i8 %p_load24"   --->   Operation 96 'write' 'write_ln0' <Predicate = (icmp_ln188)> <Delay = 0.00>
ST_2 : Operation 97 [1/1] (0.00ns)   --->   "%write_ln0 = write void @_ssdm_op_Write.ap_auto.i8P0A, i8 %p_out8, i8 %p_load25"   --->   Operation 97 'write' 'write_ln0' <Predicate = (icmp_ln188)> <Delay = 0.00>
ST_2 : Operation 98 [1/1] (0.00ns)   --->   "%write_ln0 = write void @_ssdm_op_Write.ap_auto.i8P0A, i8 %p_out9, i8 %p_load26"   --->   Operation 98 'write' 'write_ln0' <Predicate = (icmp_ln188)> <Delay = 0.00>
ST_2 : Operation 99 [1/1] (0.00ns)   --->   "%write_ln0 = write void @_ssdm_op_Write.ap_auto.i8P0A, i8 %p_out10, i8 %p_load27"   --->   Operation 99 'write' 'write_ln0' <Predicate = (icmp_ln188)> <Delay = 0.00>
ST_2 : Operation 100 [1/1] (0.00ns)   --->   "%write_ln0 = write void @_ssdm_op_Write.ap_auto.i8P0A, i8 %p_out11, i8 %p_load28"   --->   Operation 100 'write' 'write_ln0' <Predicate = (icmp_ln188)> <Delay = 0.00>
ST_2 : Operation 101 [1/1] (0.00ns)   --->   "%write_ln0 = write void @_ssdm_op_Write.ap_auto.i8P0A, i8 %p_out12, i8 %p_load29"   --->   Operation 101 'write' 'write_ln0' <Predicate = (icmp_ln188)> <Delay = 0.00>
ST_2 : Operation 102 [1/1] (0.00ns)   --->   "%write_ln0 = write void @_ssdm_op_Write.ap_auto.i8P0A, i8 %p_out13, i8 %p_load30"   --->   Operation 102 'write' 'write_ln0' <Predicate = (icmp_ln188)> <Delay = 0.00>
ST_2 : Operation 103 [1/1] (0.00ns)   --->   "%write_ln0 = write void @_ssdm_op_Write.ap_auto.i8P0A, i8 %p_out14, i8 %p_load31"   --->   Operation 103 'write' 'write_ln0' <Predicate = (icmp_ln188)> <Delay = 0.00>
ST_2 : Operation 104 [1/1] (0.00ns)   --->   "%write_ln0 = write void @_ssdm_op_Write.ap_auto.i8P0A, i8 %p_out15, i8 %p_load32"   --->   Operation 104 'write' 'write_ln0' <Predicate = (icmp_ln188)> <Delay = 0.00>
ST_2 : Operation 105 [1/1] (0.00ns)   --->   "%write_ln0 = write void @_ssdm_op_Write.ap_auto.i8P0A, i8 %max_val_out, i8 %max_val_load"   --->   Operation 105 'write' 'write_ln0' <Predicate = (icmp_ln188)> <Delay = 0.00>
ST_2 : Operation 106 [1/1] (1.29ns)   --->   "%ret_ln0 = ret"   --->   Operation 106 'ret' 'ret_ln0' <Predicate = (icmp_ln188)> <Delay = 1.29>

State 3 <SV = 2> <Delay = 6.54>
ST_3 : Operation 62 [1/1] (0.00ns)   --->   "%max_val_load_1 = load i8 %max_val" [main.cpp:197]   --->   Operation 62 'load' 'max_val_load_1' <Predicate = true> <Delay = 0.00>
ST_3 : Operation 63 [1/1] (0.00ns)   --->   "%specpipeline_ln189 = specpipeline void @_ssdm_op_SpecPipeline, i32 1, i32 0, i32 0, i32 0, i32 4294967295, void @empty_9" [main.cpp:189]   --->   Operation 63 'specpipeline' 'specpipeline_ln189' <Predicate = true> <Delay = 0.00>
ST_3 : Operation 64 [1/1] (0.00ns)   --->   "%speclooptripcount_ln188 = speclooptripcount void @_ssdm_op_SpecLoopTripCount, i64 8, i64 8, i64 8" [main.cpp:188]   --->   Operation 64 'speclooptripcount' 'speclooptripcount_ln188' <Predicate = true> <Delay = 0.00>
ST_3 : Operation 65 [1/1] (0.00ns)   --->   "%specloopname_ln188 = specloopname void @_ssdm_op_SpecLoopName, void @empty_0" [main.cpp:188]   --->   Operation 65 'specloopname' 'specloopname_ln188' <Predicate = true> <Delay = 0.00>
ST_3 : Operation 66 [1/1] (1.63ns)   --->   "%icmp_ln197 = icmp_sgt  i8 %elems, i8 %max_val_load_1" [main.cpp:197]   --->   Operation 66 'icmp' 'icmp_ln197' <Predicate = true> <Delay = 1.63> <CoreInst = "Cmp">   --->   Core 9 'Cmp' <Latency = 0> <II = 1> <Delay = 1.63> <FuncUnit> <Opcode : 'seteq' 'setne' 'setle' 'setge' 'setlt' 'setgt'> <InPorts = 2> <OutPorts = 1>
ST_3 : Operation 67 [1/1] (0.99ns)   --->   "%max_val_2 = select i1 %icmp_ln197, i8 %elems, i8 %max_val_load_1" [main.cpp:197]   --->   Operation 67 'select' 'max_val_2' <Predicate = true> <Delay = 0.99> <CoreInst = "Sel">   --->   Core 73 'Sel' <Latency = 0> <II = 1> <Delay = 0.99> <FuncUnit> <Opcode : 'select'> <InPorts = 3> <OutPorts = 1>
ST_3 : Operation 68 [1/1] (1.63ns)   --->   "%icmp_ln197_1 = icmp_sgt  i8 %elems_4, i8 %max_val_2" [main.cpp:197]   --->   Operation 68 'icmp' 'icmp_ln197_1' <Predicate = true> <Delay = 1.63> <CoreInst = "Cmp">   --->   Core 9 'Cmp' <Latency = 0> <II = 1> <Delay = 1.63> <FuncUnit> <Opcode : 'seteq' 'setne' 'setle' 'setge' 'setlt' 'setgt'> <InPorts = 2> <OutPorts = 1>
ST_3 : Operation 69 [1/1] (0.99ns)   --->   "%max_val_3 = select i1 %icmp_ln197_1, i8 %elems_4, i8 %max_val_2" [main.cpp:197]   --->   Operation 69 'select' 'max_val_3' <Predicate = true> <Delay = 0.99> <CoreInst = "Sel">   --->   Core 73 'Sel' <Latency = 0> <II = 1> <Delay = 0.99> <FuncUnit> <Opcode : 'select'> <InPorts = 3> <OutPorts = 1>
ST_3 : Operation 70 [1/1] (1.29ns)   --->   "%store_ln187 = store i8 %max_val_3, i8 %max_val" [main.cpp:187]   --->   Operation 70 'store' 'store_ln187' <Predicate = true> <Delay = 1.29>
ST_3 : Operation 71 [1/1] (0.00ns)   --->   "%br_ln188 = br void %for.body" [main.cpp:188]   --->   Operation 71 'br' 'br_ln188' <Predicate = true> <Delay = 0.00>


============================================================
+ Verbose Summary: Binding
============================================================
STG Binding: 
---------------- STG Properties BEGIN ----------------
- Is combinational: 0
- Is one-state seq: 0
- Is datapath-only: 0
- Is pipelined: 0
- Is top level: 0
Port [ Return ] is wired: 1; IO mode=ap_ctrl_hs:ce=0
Port [ s_gemm1_out]:  wired=1; compound=1; hidden=0; nouse=0; global=0; static=0; extern=0; dir=0; type=3; pingpong=0; private_global=0; IO mode=ap_fifo:ce=0
Port [ p_out]:  wired=1; compound=0; hidden=0; nouse=0; global=0; static=0; extern=0; dir=1; type=0; pingpong=0; private_global=0; IO mode=ap_vld:ce=0
Port [ p_out1]:  wired=1; compound=0; hidden=0; nouse=0; global=0; static=0; extern=0; dir=1; type=0; pingpong=0; private_global=0; IO mode=ap_vld:ce=0
Port [ p_out2]:  wired=1; compound=0; hidden=0; nouse=0; global=0; static=0; extern=0; dir=1; type=0; pingpong=0; private_global=0; IO mode=ap_vld:ce=0
Port [ p_out3]:  wired=1; compound=0; hidden=0; nouse=0; global=0; static=0; extern=0; dir=1; type=0; pingpong=0; private_global=0; IO mode=ap_vld:ce=0
Port [ p_out4]:  wired=1; compound=0; hidden=0; nouse=0; global=0; static=0; extern=0; dir=1; type=0; pingpong=0; private_global=0; IO mode=ap_vld:ce=0
Port [ p_out5]:  wired=1; compound=0; hidden=0; nouse=0; global=0; static=0; extern=0; dir=1; type=0; pingpong=0; private_global=0; IO mode=ap_vld:ce=0
Port [ p_out6]:  wired=1; compound=0; hidden=0; nouse=0; global=0; static=0; extern=0; dir=1; type=0; pingpong=0; private_global=0; IO mode=ap_vld:ce=0
Port [ p_out7]:  wired=1; compound=0; hidden=0; nouse=0; global=0; static=0; extern=0; dir=1; type=0; pingpong=0; private_global=0; IO mode=ap_vld:ce=0
Port [ p_out8]:  wired=1; compound=0; hidden=0; nouse=0; global=0; static=0; extern=0; dir=1; type=0; pingpong=0; private_global=0; IO mode=ap_vld:ce=0
Port [ p_out9]:  wired=1; compound=0; hidden=0; nouse=0; global=0; static=0; extern=0; dir=1; type=0; pingpong=0; private_global=0; IO mode=ap_vld:ce=0
Port [ p_out10]:  wired=1; compound=0; hidden=0; nouse=0; global=0; static=0; extern=0; dir=1; type=0; pingpong=0; private_global=0; IO mode=ap_vld:ce=0
Port [ p_out11]:  wired=1; compound=0; hidden=0; nouse=0; global=0; static=0; extern=0; dir=1; type=0; pingpong=0; private_global=0; IO mode=ap_vld:ce=0
Port [ p_out12]:  wired=1; compound=0; hidden=0; nouse=0; global=0; static=0; extern=0; dir=1; type=0; pingpong=0; private_global=0; IO mode=ap_vld:ce=0
Port [ p_out13]:  wired=1; compound=0; hidden=0; nouse=0; global=0; static=0; extern=0; dir=1; type=0; pingpong=0; private_global=0; IO mode=ap_vld:ce=0
Port [ p_out14]:  wired=1; compound=0; hidden=0; nouse=0; global=0; static=0; extern=0; dir=1; type=0; pingpong=0; private_global=0; IO mode=ap_vld:ce=0
Port [ p_out15]:  wired=1; compound=0; hidden=0; nouse=0; global=0; static=0; extern=0; dir=1; type=0; pingpong=0; private_global=0; IO mode=ap_vld:ce=0
Port [ max_val_out]:  wired=1; compound=0; hidden=0; nouse=0; global=0; static=0; extern=0; dir=1; type=0; pingpong=0; private_global=0; IO mode=ap_vld:ce=0
---------------- STG Properties END ------------------

---------------- Datapath Model BEGIN ----------------

<LifeTime>
<method=bitvector/>
max_val                 (alloca           ) [ 0111]
i                       (alloca           ) [ 0100]
empty                   (alloca           ) [ 0110]
empty_46                (alloca           ) [ 0110]
empty_47                (alloca           ) [ 0110]
empty_48                (alloca           ) [ 0110]
empty_49                (alloca           ) [ 0110]
empty_50                (alloca           ) [ 0110]
empty_51                (alloca           ) [ 0110]
empty_52                (alloca           ) [ 0110]
empty_53                (alloca           ) [ 0110]
empty_54                (alloca           ) [ 0110]
empty_55                (alloca           ) [ 0110]
empty_56                (alloca           ) [ 0110]
empty_57                (alloca           ) [ 0110]
empty_58                (alloca           ) [ 0110]
empty_59                (alloca           ) [ 0110]
empty_60                (alloca           ) [ 0110]
specinterface_ln0       (specinterface    ) [ 0000]
store_ln188             (store            ) [ 0000]
store_ln187             (store            ) [ 0000]
br_ln188                (br               ) [ 0000]
i_2                     (load             ) [ 0000]
icmp_ln188              (icmp             ) [ 0110]
add_ln188               (add              ) [ 0000]
br_ln188                (br               ) [ 0000]
trunc_ln188             (trunc            ) [ 0110]
switch_ln196            (switch           ) [ 0000]
store_ln188             (store            ) [ 0000]
b                       (read             ) [ 0000]
elems                   (trunc            ) [ 0101]
elems_4                 (partselect       ) [ 0101]
store_ln31              (store            ) [ 0000]
store_ln31              (store            ) [ 0000]
br_ln196                (br               ) [ 0000]
store_ln31              (store            ) [ 0000]
store_ln31              (store            ) [ 0000]
br_ln196                (br               ) [ 0000]
store_ln31              (store            ) [ 0000]
store_ln31              (store            ) [ 0000]
br_ln196                (br               ) [ 0000]
store_ln31              (store            ) [ 0000]
store_ln31              (store            ) [ 0000]
br_ln196                (br               ) [ 0000]
store_ln31              (store            ) [ 0000]
store_ln31              (store            ) [ 0000]
br_ln196                (br               ) [ 0000]
store_ln31              (store            ) [ 0000]
store_ln31              (store            ) [ 0000]
br_ln196                (br               ) [ 0000]
store_ln31              (store            ) [ 0000]
store_ln31              (store            ) [ 0000]
br_ln196                (br               ) [ 0000]
store_ln31              (store            ) [ 0000]
store_ln31              (store            ) [ 0000]
br_ln196                (br               ) [ 0000]
max_val_load_1          (load             ) [ 0000]
specpipeline_ln189      (specpipeline     ) [ 0000]
speclooptripcount_ln188 (speclooptripcount) [ 0000]
specloopname_ln188      (specloopname     ) [ 0000]
icmp_ln197              (icmp             ) [ 0000]
max_val_2               (select           ) [ 0000]
icmp_ln197_1            (icmp             ) [ 0000]
max_val_3               (select           ) [ 0000]
store_ln187             (store            ) [ 0000]
br_ln188                (br               ) [ 0000]
max_val_load            (load             ) [ 0000]
p_load32                (load             ) [ 0000]
p_load31                (load             ) [ 0000]
p_load30                (load             ) [ 0000]
p_load29                (load             ) [ 0000]
p_load28                (load             ) [ 0000]
p_load27                (load             ) [ 0000]
p_load26                (load             ) [ 0000]
p_load25                (load             ) [ 0000]
p_load24                (load             ) [ 0000]
p_load23                (load             ) [ 0000]
p_load22                (load             ) [ 0000]
p_load21                (load             ) [ 0000]
p_load20                (load             ) [ 0000]
p_load19                (load             ) [ 0000]
p_load18                (load             ) [ 0000]
p_load                  (load             ) [ 0000]
write_ln0               (write            ) [ 0000]
write_ln0               (write            ) [ 0000]
write_ln0               (write            ) [ 0000]
write_ln0               (write            ) [ 0000]
write_ln0               (write            ) [ 0000]
write_ln0               (write            ) [ 0000]
write_ln0               (write            ) [ 0000]
write_ln0               (write            ) [ 0000]
write_ln0               (write            ) [ 0000]
write_ln0               (write            ) [ 0000]
write_ln0               (write            ) [ 0000]
write_ln0               (write            ) [ 0000]
write_ln0               (write            ) [ 0000]
write_ln0               (write            ) [ 0000]
write_ln0               (write            ) [ 0000]
write_ln0               (write            ) [ 0000]
write_ln0               (write            ) [ 0000]
ret_ln0                 (ret              ) [ 0000]
</LifeTime>

<model>

<comp_list>
<comp id="0" class="1000" name="s_gemm1_out">
<pin_list>
<pin id="1" dir="1" index="0" bw="1" slack="0"/>
</pin_list>
<bind>
<StgValue><ssdm name="s_gemm1_out"/></StgValue>
</bind>
</comp>

<comp id="2" class="1000" name="p_out">
<pin_list>
<pin id="3" dir="1" index="0" bw="1" slack="0"/>
</pin_list>
<bind>
<StgValue><ssdm name="p_out"/></StgValue>
</bind>
</comp>

<comp id="4" class="1000" name="p_out1">
<pin_list>
<pin id="5" dir="1" index="0" bw="1" slack="0"/>
</pin_list>
<bind>
<StgValue><ssdm name="p_out1"/></StgValue>
</bind>
</comp>

<comp id="6" class="1000" name="p_out2">
<pin_list>
<pin id="7" dir="1" index="0" bw="1" slack="0"/>
</pin_list>
<bind>
<StgValue><ssdm name="p_out2"/></StgValue>
</bind>
</comp>

<comp id="8" class="1000" name="p_out3">
<pin_list>
<pin id="9" dir="1" index="0" bw="1" slack="0"/>
</pin_list>
<bind>
<StgValue><ssdm name="p_out3"/></StgValue>
</bind>
</comp>

<comp id="10" class="1000" name="p_out4">
<pin_list>
<pin id="11" dir="1" index="0" bw="1" slack="0"/>
</pin_list>
<bind>
<StgValue><ssdm name="p_out4"/></StgValue>
</bind>
</comp>

<comp id="12" class="1000" name="p_out5">
<pin_list>
<pin id="13" dir="1" index="0" bw="1" slack="0"/>
</pin_list>
<bind>
<StgValue><ssdm name="p_out5"/></StgValue>
</bind>
</comp>

<comp id="14" class="1000" name="p_out6">
<pin_list>
<pin id="15" dir="1" index="0" bw="1" slack="0"/>
</pin_list>
<bind>
<StgValue><ssdm name="p_out6"/></StgValue>
</bind>
</comp>

<comp id="16" class="1000" name="p_out7">
<pin_list>
<pin id="17" dir="1" index="0" bw="1" slack="0"/>
</pin_list>
<bind>
<StgValue><ssdm name="p_out7"/></StgValue>
</bind>
</comp>

<comp id="18" class="1000" name="p_out8">
<pin_list>
<pin id="19" dir="1" index="0" bw="1" slack="0"/>
</pin_list>
<bind>
<StgValue><ssdm name="p_out8"/></StgValue>
</bind>
</comp>

<comp id="20" class="1000" name="p_out9">
<pin_list>
<pin id="21" dir="1" index="0" bw="1" slack="0"/>
</pin_list>
<bind>
<StgValue><ssdm name="p_out9"/></StgValue>
</bind>
</comp>

<comp id="22" class="1000" name="p_out10">
<pin_list>
<pin id="23" dir="1" index="0" bw="1" slack="0"/>
</pin_list>
<bind>
<StgValue><ssdm name="p_out10"/></StgValue>
</bind>
</comp>

<comp id="24" class="1000" name="p_out11">
<pin_list>
<pin id="25" dir="1" index="0" bw="1" slack="0"/>
</pin_list>
<bind>
<StgValue><ssdm name="p_out11"/></StgValue>
</bind>
</comp>

<comp id="26" class="1000" name="p_out12">
<pin_list>
<pin id="27" dir="1" index="0" bw="1" slack="0"/>
</pin_list>
<bind>
<StgValue><ssdm name="p_out12"/></StgValue>
</bind>
</comp>

<comp id="28" class="1000" name="p_out13">
<pin_list>
<pin id="29" dir="1" index="0" bw="1" slack="0"/>
</pin_list>
<bind>
<StgValue><ssdm name="p_out13"/></StgValue>
</bind>
</comp>

<comp id="30" class="1000" name="p_out14">
<pin_list>
<pin id="31" dir="1" index="0" bw="1" slack="0"/>
</pin_list>
<bind>
<StgValue><ssdm name="p_out14"/></StgValue>
</bind>
</comp>

<comp id="32" class="1000" name="p_out15">
<pin_list>
<pin id="33" dir="1" index="0" bw="1" slack="0"/>
</pin_list>
<bind>
<StgValue><ssdm name="p_out15"/></StgValue>
</bind>
</comp>

<comp id="34" class="1000" name="max_val_out">
<pin_list>
<pin id="35" dir="1" index="0" bw="1" slack="0"/>
</pin_list>
<bind>
<StgValue><ssdm name="max_val_out"/></StgValue>
</bind>
</comp>

<comp id="36" class="1001" name="const_36">
<pin_list>
<pin id="37" dir="1" index="0" bw="1" slack="0"/>
</pin_list>
<bind>
<StgValue><ssdm name=""/></StgValue>
</bind>
</comp>

<comp id="38" class="1001" name="const_38">
<pin_list>
<pin id="39" dir="1" index="0" bw="1" slack="2147483647"/>
</pin_list>
<bind>
<StgValue><ssdm name="_ssdm_op_SpecInterface"/></StgValue>
</bind>
</comp>

<comp id="40" class="1001" name="const_40">
<pin_list>
<pin id="41" dir="1" index="0" bw="1" slack="2147483647"/>
</pin_list>
<bind>
<StgValue><ssdm name="empty_7"/></StgValue>
</bind>
</comp>

<comp id="42" class="1001" name="const_42">
<pin_list>
<pin id="43" dir="1" index="0" bw="1" slack="2147483647"/>
</pin_list>
<bind>
<StgValue><ssdm name=""/></StgValue>
</bind>
</comp>

<comp id="44" class="1001" name="const_44">
<pin_list>
<pin id="45" dir="1" index="0" bw="1" slack="2147483647"/>
</pin_list>
<bind>
<StgValue><ssdm name="empty_9"/></StgValue>
</bind>
</comp>

<comp id="46" class="1001" name="const_46">
<pin_list>
<pin id="47" dir="1" index="0" bw="1" slack="2147483647"/>
</pin_list>
<bind>
<StgValue><ssdm name=""/></StgValue>
</bind>
</comp>

<comp id="48" class="1001" name="const_48">
<pin_list>
<pin id="49" dir="1" index="0" bw="1" slack="0"/>
</pin_list>
<bind>
<StgValue><ssdm name=""/></StgValue>
</bind>
</comp>

<comp id="50" class="1001" name="const_50">
<pin_list>
<pin id="51" dir="1" index="0" bw="1" slack="0"/>
</pin_list>
<bind>
<StgValue><ssdm name=""/></StgValue>
</bind>
</comp>

<comp id="52" class="1001" name="const_52">
<pin_list>
<pin id="53" dir="1" index="0" bw="1" slack="0"/>
</pin_list>
<bind>
<StgValue><ssdm name=""/></StgValue>
</bind>
</comp>

<comp id="54" class="1001" name="const_54">
<pin_list>
<pin id="55" dir="1" index="0" bw="1" slack="0"/>
</pin_list>
<bind>
<StgValue><ssdm name=""/></StgValue>
</bind>
</comp>

<comp id="56" class="1001" name="const_56">
<pin_list>
<pin id="57" dir="1" index="0" bw="1" slack="0"/>
</pin_list>
<bind>
<StgValue><ssdm name=""/></StgValue>
</bind>
</comp>

<comp id="58" class="1001" name="const_58">
<pin_list>
<pin id="59" dir="1" index="0" bw="1" slack="0"/>
</pin_list>
<bind>
<StgValue><ssdm name=""/></StgValue>
</bind>
</comp>

<comp id="60" class="1001" name="const_60">
<pin_list>
<pin id="61" dir="1" index="0" bw="1" slack="0"/>
</pin_list>
<bind>
<StgValue><ssdm name=""/></StgValue>
</bind>
</comp>

<comp id="62" class="1001" name="const_62">
<pin_list>
<pin id="63" dir="1" index="0" bw="1" slack="0"/>
</pin_list>
<bind>
<StgValue><ssdm name=""/></StgValue>
</bind>
</comp>

<comp id="64" class="1001" name="const_64">
<pin_list>
<pin id="65" dir="1" index="0" bw="1" slack="0"/>
</pin_list>
<bind>
<StgValue><ssdm name=""/></StgValue>
</bind>
</comp>

<comp id="66" class="1001" name="const_66">
<pin_list>
<pin id="67" dir="1" index="0" bw="1" slack="0"/>
</pin_list>
<bind>
<StgValue><ssdm name=""/></StgValue>
</bind>
</comp>

<comp id="68" class="1001" name="const_68">
<pin_list>
<pin id="69" dir="1" index="0" bw="1" slack="0"/>
</pin_list>
<bind>
<StgValue><ssdm name=""/></StgValue>
</bind>
</comp>

<comp id="70" class="1001" name="const_70">
<pin_list>
<pin id="71" dir="1" index="0" bw="1" slack="0"/>
</pin_list>
<bind>
<StgValue><ssdm name="_ssdm_op_Read.ap_fifo.volatile.i16P0A"/></StgValue>
</bind>
</comp>

<comp id="72" class="1001" name="const_72">
<pin_list>
<pin id="73" dir="1" index="0" bw="1" slack="0"/>
</pin_list>
<bind>
<StgValue><ssdm name="_ssdm_op_PartSelect.i8.i16.i32.i32"/></StgValue>
</bind>
</comp>

<comp id="74" class="1001" name="const_74">
<pin_list>
<pin id="75" dir="1" index="0" bw="1" slack="0"/>
</pin_list>
<bind>
<StgValue><ssdm name=""/></StgValue>
</bind>
</comp>

<comp id="76" class="1001" name="const_76">
<pin_list>
<pin id="77" dir="1" index="0" bw="1" slack="0"/>
</pin_list>
<bind>
<StgValue><ssdm name=""/></StgValue>
</bind>
</comp>

<comp id="78" class="1001" name="const_78">
<pin_list>
<pin id="79" dir="1" index="0" bw="1" slack="2147483647"/>
</pin_list>
<bind>
<StgValue><ssdm name="_ssdm_op_SpecPipeline"/></StgValue>
</bind>
</comp>

<comp id="80" class="1001" name="const_80">
<pin_list>
<pin id="81" dir="1" index="0" bw="1" slack="2147483647"/>
</pin_list>
<bind>
<StgValue><ssdm name="_ssdm_op_SpecLoopTripCount"/></StgValue>
</bind>
</comp>

<comp id="82" class="1001" name="const_82">
<pin_list>
<pin id="83" dir="1" index="0" bw="1" slack="2147483647"/>
</pin_list>
<bind>
<StgValue><ssdm name=""/></StgValue>
</bind>
</comp>

<comp id="84" class="1001" name="const_84">
<pin_list>
<pin id="85" dir="1" index="0" bw="1" slack="2147483647"/>
</pin_list>
<bind>
<StgValue><ssdm name="_ssdm_op_SpecLoopName"/></StgValue>
</bind>
</comp>

<comp id="86" class="1001" name="const_86">
<pin_list>
<pin id="87" dir="1" index="0" bw="1" slack="2147483647"/>
</pin_list>
<bind>
<StgValue><ssdm name="empty_0"/></StgValue>
</bind>
</comp>

<comp id="88" class="1001" name="const_88">
<pin_list>
<pin id="89" dir="1" index="0" bw="1" slack="0"/>
</pin_list>
<bind>
<StgValue><ssdm name="_ssdm_op_Write.ap_auto.i8P0A"/></StgValue>
</bind>
</comp>

<comp id="90" class="1004" name="max_val_fu_90">
<pin_list>
<pin id="91" dir="0" index="0" bw="1" slack="0"/>
<pin id="92" dir="1" index="1" bw="8" slack="0"/>
</pin_list>
<bind>
<opcode="alloca(26) " fcode="alloca"/>
<opset="max_val/1 "/>
</bind>
</comp>

<comp id="94" class="1004" name="i_fu_94">
<pin_list>
<pin id="95" dir="0" index="0" bw="1" slack="0"/>
<pin id="96" dir="1" index="1" bw="4" slack="0"/>
</pin_list>
<bind>
<opcode="alloca(26) " fcode="alloca"/>
<opset="i/1 "/>
</bind>
</comp>

<comp id="98" class="1004" name="empty_fu_98">
<pin_list>
<pin id="99" dir="0" index="0" bw="1" slack="0"/>
<pin id="100" dir="1" index="1" bw="8" slack="1"/>
</pin_list>
<bind>
<opcode="alloca(26) " fcode="alloca"/>
<opset="empty/1 "/>
</bind>
</comp>

<comp id="102" class="1004" name="empty_46_fu_102">
<pin_list>
<pin id="103" dir="0" index="0" bw="1" slack="0"/>
<pin id="104" dir="1" index="1" bw="8" slack="1"/>
</pin_list>
<bind>
<opcode="alloca(26) " fcode="alloca"/>
<opset="empty_46/1 "/>
</bind>
</comp>

<comp id="106" class="1004" name="empty_47_fu_106">
<pin_list>
<pin id="107" dir="0" index="0" bw="1" slack="0"/>
<pin id="108" dir="1" index="1" bw="8" slack="1"/>
</pin_list>
<bind>
<opcode="alloca(26) " fcode="alloca"/>
<opset="empty_47/1 "/>
</bind>
</comp>

<comp id="110" class="1004" name="empty_48_fu_110">
<pin_list>
<pin id="111" dir="0" index="0" bw="1" slack="0"/>
<pin id="112" dir="1" index="1" bw="8" slack="1"/>
</pin_list>
<bind>
<opcode="alloca(26) " fcode="alloca"/>
<opset="empty_48/1 "/>
</bind>
</comp>

<comp id="114" class="1004" name="empty_49_fu_114">
<pin_list>
<pin id="115" dir="0" index="0" bw="1" slack="0"/>
<pin id="116" dir="1" index="1" bw="8" slack="1"/>
</pin_list>
<bind>
<opcode="alloca(26) " fcode="alloca"/>
<opset="empty_49/1 "/>
</bind>
</comp>

<comp id="118" class="1004" name="empty_50_fu_118">
<pin_list>
<pin id="119" dir="0" index="0" bw="1" slack="0"/>
<pin id="120" dir="1" index="1" bw="8" slack="1"/>
</pin_list>
<bind>
<opcode="alloca(26) " fcode="alloca"/>
<opset="empty_50/1 "/>
</bind>
</comp>

<comp id="122" class="1004" name="empty_51_fu_122">
<pin_list>
<pin id="123" dir="0" index="0" bw="1" slack="0"/>
<pin id="124" dir="1" index="1" bw="8" slack="1"/>
</pin_list>
<bind>
<opcode="alloca(26) " fcode="alloca"/>
<opset="empty_51/1 "/>
</bind>
</comp>

<comp id="126" class="1004" name="empty_52_fu_126">
<pin_list>
<pin id="127" dir="0" index="0" bw="1" slack="0"/>
<pin id="128" dir="1" index="1" bw="8" slack="1"/>
</pin_list>
<bind>
<opcode="alloca(26) " fcode="alloca"/>
<opset="empty_52/1 "/>
</bind>
</comp>

<comp id="130" class="1004" name="empty_53_fu_130">
<pin_list>
<pin id="131" dir="0" index="0" bw="1" slack="0"/>
<pin id="132" dir="1" index="1" bw="8" slack="1"/>
</pin_list>
<bind>
<opcode="alloca(26) " fcode="alloca"/>
<opset="empty_53/1 "/>
</bind>
</comp>

<comp id="134" class="1004" name="empty_54_fu_134">
<pin_list>
<pin id="135" dir="0" index="0" bw="1" slack="0"/>
<pin id="136" dir="1" index="1" bw="8" slack="1"/>
</pin_list>
<bind>
<opcode="alloca(26) " fcode="alloca"/>
<opset="empty_54/1 "/>
</bind>
</comp>

<comp id="138" class="1004" name="empty_55_fu_138">
<pin_list>
<pin id="139" dir="0" index="0" bw="1" slack="0"/>
<pin id="140" dir="1" index="1" bw="8" slack="1"/>
</pin_list>
<bind>
<opcode="alloca(26) " fcode="alloca"/>
<opset="empty_55/1 "/>
</bind>
</comp>

<comp id="142" class="1004" name="empty_56_fu_142">
<pin_list>
<pin id="143" dir="0" index="0" bw="1" slack="0"/>
<pin id="144" dir="1" index="1" bw="8" slack="1"/>
</pin_list>
<bind>
<opcode="alloca(26) " fcode="alloca"/>
<opset="empty_56/1 "/>
</bind>
</comp>

<comp id="146" class="1004" name="empty_57_fu_146">
<pin_list>
<pin id="147" dir="0" index="0" bw="1" slack="0"/>
<pin id="148" dir="1" index="1" bw="8" slack="1"/>
</pin_list>
<bind>
<opcode="alloca(26) " fcode="alloca"/>
<opset="empty_57/1 "/>
</bind>
</comp>

<comp id="150" class="1004" name="empty_58_fu_150">
<pin_list>
<pin id="151" dir="0" index="0" bw="1" slack="0"/>
<pin id="152" dir="1" index="1" bw="8" slack="1"/>
</pin_list>
<bind>
<opcode="alloca(26) " fcode="alloca"/>
<opset="empty_58/1 "/>
</bind>
</comp>

<comp id="154" class="1004" name="empty_59_fu_154">
<pin_list>
<pin id="155" dir="0" index="0" bw="1" slack="0"/>
<pin id="156" dir="1" index="1" bw="8" slack="1"/>
</pin_list>
<bind>
<opcode="alloca(26) " fcode="alloca"/>
<opset="empty_59/1 "/>
</bind>
</comp>

<comp id="158" class="1004" name="empty_60_fu_158">
<pin_list>
<pin id="159" dir="0" index="0" bw="1" slack="0"/>
<pin id="160" dir="1" index="1" bw="8" slack="1"/>
</pin_list>
<bind>
<opcode="alloca(26) " fcode="alloca"/>
<opset="empty_60/1 "/>
</bind>
</comp>

<comp id="162" class="1004" name="b_read_fu_162">
<pin_list>
<pin id="163" dir="0" index="0" bw="16" slack="0"/>
<pin id="164" dir="0" index="1" bw="16" slack="0"/>
<pin id="165" dir="1" index="2" bw="16" slack="0"/>
</pin_list>
<bind>
<opcode="read(1150) " fcode="read"/>
<opset="b/2 "/>
</bind>
</comp>

<comp id="168" class="1004" name="write_ln0_write_fu_168">
<pin_list>
<pin id="169" dir="0" index="0" bw="0" slack="0"/>
<pin id="170" dir="0" index="1" bw="8" slack="0"/>
<pin id="171" dir="0" index="2" bw="8" slack="0"/>
<pin id="172" dir="1" index="3" bw="0" slack="2147483647"/>
</pin_list>
<bind>
<opcode="write(1151) " fcode="write"/>
<opset="write_ln0/2 "/>
</bind>
</comp>

<comp id="175" class="1004" name="write_ln0_write_fu_175">
<pin_list>
<pin id="176" dir="0" index="0" bw="0" slack="0"/>
<pin id="177" dir="0" index="1" bw="8" slack="0"/>
<pin id="178" dir="0" index="2" bw="8" slack="0"/>
<pin id="179" dir="1" index="3" bw="0" slack="2147483647"/>
</pin_list>
<bind>
<opcode="write(1151) " fcode="write"/>
<opset="write_ln0/2 "/>
</bind>
</comp>

<comp id="182" class="1004" name="write_ln0_write_fu_182">
<pin_list>
<pin id="183" dir="0" index="0" bw="0" slack="0"/>
<pin id="184" dir="0" index="1" bw="8" slack="0"/>
<pin id="185" dir="0" index="2" bw="8" slack="0"/>
<pin id="186" dir="1" index="3" bw="0" slack="2147483647"/>
</pin_list>
<bind>
<opcode="write(1151) " fcode="write"/>
<opset="write_ln0/2 "/>
</bind>
</comp>

<comp id="189" class="1004" name="write_ln0_write_fu_189">
<pin_list>
<pin id="190" dir="0" index="0" bw="0" slack="0"/>
<pin id="191" dir="0" index="1" bw="8" slack="0"/>
<pin id="192" dir="0" index="2" bw="8" slack="0"/>
<pin id="193" dir="1" index="3" bw="0" slack="2147483647"/>
</pin_list>
<bind>
<opcode="write(1151) " fcode="write"/>
<opset="write_ln0/2 "/>
</bind>
</comp>

<comp id="196" class="1004" name="write_ln0_write_fu_196">
<pin_list>
<pin id="197" dir="0" index="0" bw="0" slack="0"/>
<pin id="198" dir="0" index="1" bw="8" slack="0"/>
<pin id="199" dir="0" index="2" bw="8" slack="0"/>
<pin id="200" dir="1" index="3" bw="0" slack="2147483647"/>
</pin_list>
<bind>
<opcode="write(1151) " fcode="write"/>
<opset="write_ln0/2 "/>
</bind>
</comp>

<comp id="203" class="1004" name="write_ln0_write_fu_203">
<pin_list>
<pin id="204" dir="0" index="0" bw="0" slack="0"/>
<pin id="205" dir="0" index="1" bw="8" slack="0"/>
<pin id="206" dir="0" index="2" bw="8" slack="0"/>
<pin id="207" dir="1" index="3" bw="0" slack="2147483647"/>
</pin_list>
<bind>
<opcode="write(1151) " fcode="write"/>
<opset="write_ln0/2 "/>
</bind>
</comp>

<comp id="210" class="1004" name="write_ln0_write_fu_210">
<pin_list>
<pin id="211" dir="0" index="0" bw="0" slack="0"/>
<pin id="212" dir="0" index="1" bw="8" slack="0"/>
<pin id="213" dir="0" index="2" bw="8" slack="0"/>
<pin id="214" dir="1" index="3" bw="0" slack="2147483647"/>
</pin_list>
<bind>
<opcode="write(1151) " fcode="write"/>
<opset="write_ln0/2 "/>
</bind>
</comp>

<comp id="217" class="1004" name="write_ln0_write_fu_217">
<pin_list>
<pin id="218" dir="0" index="0" bw="0" slack="0"/>
<pin id="219" dir="0" index="1" bw="8" slack="0"/>
<pin id="220" dir="0" index="2" bw="8" slack="0"/>
<pin id="221" dir="1" index="3" bw="0" slack="2147483647"/>
</pin_list>
<bind>
<opcode="write(1151) " fcode="write"/>
<opset="write_ln0/2 "/>
</bind>
</comp>

<comp id="224" class="1004" name="write_ln0_write_fu_224">
<pin_list>
<pin id="225" dir="0" index="0" bw="0" slack="0"/>
<pin id="226" dir="0" index="1" bw="8" slack="0"/>
<pin id="227" dir="0" index="2" bw="8" slack="0"/>
<pin id="228" dir="1" index="3" bw="0" slack="2147483647"/>
</pin_list>
<bind>
<opcode="write(1151) " fcode="write"/>
<opset="write_ln0/2 "/>
</bind>
</comp>

<comp id="231" class="1004" name="write_ln0_write_fu_231">
<pin_list>
<pin id="232" dir="0" index="0" bw="0" slack="0"/>
<pin id="233" dir="0" index="1" bw="8" slack="0"/>
<pin id="234" dir="0" index="2" bw="8" slack="0"/>
<pin id="235" dir="1" index="3" bw="0" slack="2147483647"/>
</pin_list>
<bind>
<opcode="write(1151) " fcode="write"/>
<opset="write_ln0/2 "/>
</bind>
</comp>

<comp id="238" class="1004" name="write_ln0_write_fu_238">
<pin_list>
<pin id="239" dir="0" index="0" bw="0" slack="0"/>
<pin id="240" dir="0" index="1" bw="8" slack="0"/>
<pin id="241" dir="0" index="2" bw="8" slack="0"/>
<pin id="242" dir="1" index="3" bw="0" slack="2147483647"/>
</pin_list>
<bind>
<opcode="write(1151) " fcode="write"/>
<opset="write_ln0/2 "/>
</bind>
</comp>

<comp id="245" class="1004" name="write_ln0_write_fu_245">
<pin_list>
<pin id="246" dir="0" index="0" bw="0" slack="0"/>
<pin id="247" dir="0" index="1" bw="8" slack="0"/>
<pin id="248" dir="0" index="2" bw="8" slack="0"/>
<pin id="249" dir="1" index="3" bw="0" slack="2147483647"/>
</pin_list>
<bind>
<opcode="write(1151) " fcode="write"/>
<opset="write_ln0/2 "/>
</bind>
</comp>

<comp id="252" class="1004" name="write_ln0_write_fu_252">
<pin_list>
<pin id="253" dir="0" index="0" bw="0" slack="0"/>
<pin id="254" dir="0" index="1" bw="8" slack="0"/>
<pin id="255" dir="0" index="2" bw="8" slack="0"/>
<pin id="256" dir="1" index="3" bw="0" slack="2147483647"/>
</pin_list>
<bind>
<opcode="write(1151) " fcode="write"/>
<opset="write_ln0/2 "/>
</bind>
</comp>

<comp id="259" class="1004" name="write_ln0_write_fu_259">
<pin_list>
<pin id="260" dir="0" index="0" bw="0" slack="0"/>
<pin id="261" dir="0" index="1" bw="8" slack="0"/>
<pin id="262" dir="0" index="2" bw="8" slack="0"/>
<pin id="263" dir="1" index="3" bw="0" slack="2147483647"/>
</pin_list>
<bind>
<opcode="write(1151) " fcode="write"/>
<opset="write_ln0/2 "/>
</bind>
</comp>

<comp id="266" class="1004" name="write_ln0_write_fu_266">
<pin_list>
<pin id="267" dir="0" index="0" bw="0" slack="0"/>
<pin id="268" dir="0" index="1" bw="8" slack="0"/>
<pin id="269" dir="0" index="2" bw="8" slack="0"/>
<pin id="270" dir="1" index="3" bw="0" slack="2147483647"/>
</pin_list>
<bind>
<opcode="write(1151) " fcode="write"/>
<opset="write_ln0/2 "/>
</bind>
</comp>

<comp id="273" class="1004" name="write_ln0_write_fu_273">
<pin_list>
<pin id="274" dir="0" index="0" bw="0" slack="0"/>
<pin id="275" dir="0" index="1" bw="8" slack="0"/>
<pin id="276" dir="0" index="2" bw="8" slack="0"/>
<pin id="277" dir="1" index="3" bw="0" slack="2147483647"/>
</pin_list>
<bind>
<opcode="write(1151) " fcode="write"/>
<opset="write_ln0/2 "/>
</bind>
</comp>

<comp id="280" class="1004" name="write_ln0_write_fu_280">
<pin_list>
<pin id="281" dir="0" index="0" bw="0" slack="0"/>
<pin id="282" dir="0" index="1" bw="8" slack="0"/>
<pin id="283" dir="0" index="2" bw="8" slack="0"/>
<pin id="284" dir="1" index="3" bw="0" slack="2147483647"/>
</pin_list>
<bind>
<opcode="write(1151) " fcode="write"/>
<opset="write_ln0/2 "/>
</bind>
</comp>

<comp id="287" class="1004" name="store_ln188_store_fu_287">
<pin_list>
<pin id="288" dir="0" index="0" bw="1" slack="0"/>
<pin id="289" dir="0" index="1" bw="4" slack="0"/>
<pin id="290" dir="1" index="2" bw="0" slack="2147483647"/>
</pin_list>
<bind>
<opcode="store(28) " fcode="store"/>
<opset="store_ln188/1 "/>
</bind>
</comp>

<comp id="292" class="1004" name="store_ln187_store_fu_292">
<pin_list>
<pin id="293" dir="0" index="0" bw="8" slack="0"/>
<pin id="294" dir="0" index="1" bw="8" slack="0"/>
<pin id="295" dir="1" index="2" bw="0" slack="2147483647"/>
</pin_list>
<bind>
<opcode="store(28) " fcode="store"/>
<opset="store_ln187/1 "/>
</bind>
</comp>

<comp id="297" class="1004" name="i_2_load_fu_297">
<pin_list>
<pin id="298" dir="0" index="0" bw="4" slack="0"/>
<pin id="299" dir="1" index="1" bw="4" slack="0"/>
</pin_list>
<bind>
<opcode="load(27) " fcode="load"/>
<opset="i_2/1 "/>
</bind>
</comp>

<comp id="300" class="1004" name="icmp_ln188_fu_300">
<pin_list>
<pin id="301" dir="0" index="0" bw="4" slack="0"/>
<pin id="302" dir="0" index="1" bw="4" slack="0"/>
<pin id="303" dir="1" index="2" bw="1" slack="1"/>
</pin_list>
<bind>
<opcode="icmp(45) " fcode="icmp"/>
<opset="icmp_ln188/1 "/>
</bind>
</comp>

<comp id="306" class="1004" name="add_ln188_fu_306">
<pin_list>
<pin id="307" dir="0" index="0" bw="4" slack="0"/>
<pin id="308" dir="0" index="1" bw="1" slack="0"/>
<pin id="309" dir="1" index="2" bw="4" slack="0"/>
</pin_list>
<bind>
<opcode="add(8) " fcode="add"/>
<opset="add_ln188/1 "/>
</bind>
</comp>

<comp id="312" class="1004" name="trunc_ln188_fu_312">
<pin_list>
<pin id="313" dir="0" index="0" bw="4" slack="0"/>
<pin id="314" dir="1" index="1" bw="3" slack="0"/>
</pin_list>
<bind>
<opcode="trunc(33) " fcode="trunc"/>
<opset="trunc_ln188/1 "/>
</bind>
</comp>

<comp id="316" class="1004" name="switch_ln196_fu_316">
<pin_list>
<pin id="317" dir="0" index="0" bw="3" slack="0"/>
<pin id="318" dir="0" index="1" bw="1" slack="0"/>
<pin id="319" dir="0" index="2" bw="1" slack="0"/>
<pin id="320" dir="0" index="3" bw="3" slack="0"/>
<pin id="321" dir="0" index="4" bw="3" slack="0"/>
<pin id="322" dir="0" index="5" bw="3" slack="0"/>
<pin id="323" dir="0" index="6" bw="3" slack="0"/>
<pin id="324" dir="0" index="7" bw="2" slack="0"/>
<pin id="325" dir="1" index="8" bw="0" slack="2147483647"/>
</pin_list>
<bind>
<opcode="switch(3) " fcode="switch"/>
<opset="switch_ln196/1 "/>
</bind>
</comp>

<comp id="334" class="1004" name="store_ln188_store_fu_334">
<pin_list>
<pin id="335" dir="0" index="0" bw="4" slack="0"/>
<pin id="336" dir="0" index="1" bw="4" slack="0"/>
<pin id="337" dir="1" index="2" bw="0" slack="2147483647"/>
</pin_list>
<bind>
<opcode="store(28) " fcode="store"/>
<opset="store_ln188/1 "/>
</bind>
</comp>

<comp id="339" class="1004" name="elems_fu_339">
<pin_list>
<pin id="340" dir="0" index="0" bw="16" slack="0"/>
<pin id="341" dir="1" index="1" bw="8" slack="0"/>
</pin_list>
<bind>
<opcode="trunc(33) " fcode="trunc"/>
<opset="elems/2 "/>
</bind>
</comp>

<comp id="343" class="1004" name="elems_4_fu_343">
<pin_list>
<pin id="344" dir="0" index="0" bw="8" slack="0"/>
<pin id="345" dir="0" index="1" bw="16" slack="0"/>
<pin id="346" dir="0" index="2" bw="5" slack="0"/>
<pin id="347" dir="0" index="3" bw="5" slack="0"/>
<pin id="348" dir="1" index="4" bw="8" slack="0"/>
</pin_list>
<bind>
<opcode="partselect(1002) " fcode="partselect"/>
<opset="elems_4/2 "/>
</bind>
</comp>

<comp id="353" class="1004" name="store_ln31_store_fu_353">
<pin_list>
<pin id="354" dir="0" index="0" bw="8" slack="0"/>
<pin id="355" dir="0" index="1" bw="8" slack="1"/>
<pin id="356" dir="1" index="2" bw="0" slack="2147483647"/>
</pin_list>
<bind>
<opcode="store(28) " fcode="store"/>
<opset="store_ln31/2 "/>
</bind>
</comp>

<comp id="358" class="1004" name="store_ln31_store_fu_358">
<pin_list>
<pin id="359" dir="0" index="0" bw="8" slack="0"/>
<pin id="360" dir="0" index="1" bw="8" slack="1"/>
<pin id="361" dir="1" index="2" bw="0" slack="2147483647"/>
</pin_list>
<bind>
<opcode="store(28) " fcode="store"/>
<opset="store_ln31/2 "/>
</bind>
</comp>

<comp id="363" class="1004" name="store_ln31_store_fu_363">
<pin_list>
<pin id="364" dir="0" index="0" bw="8" slack="0"/>
<pin id="365" dir="0" index="1" bw="8" slack="1"/>
<pin id="366" dir="1" index="2" bw="0" slack="2147483647"/>
</pin_list>
<bind>
<opcode="store(28) " fcode="store"/>
<opset="store_ln31/2 "/>
</bind>
</comp>

<comp id="368" class="1004" name="store_ln31_store_fu_368">
<pin_list>
<pin id="369" dir="0" index="0" bw="8" slack="0"/>
<pin id="370" dir="0" index="1" bw="8" slack="1"/>
<pin id="371" dir="1" index="2" bw="0" slack="2147483647"/>
</pin_list>
<bind>
<opcode="store(28) " fcode="store"/>
<opset="store_ln31/2 "/>
</bind>
</comp>

<comp id="373" class="1004" name="store_ln31_store_fu_373">
<pin_list>
<pin id="374" dir="0" index="0" bw="8" slack="0"/>
<pin id="375" dir="0" index="1" bw="8" slack="1"/>
<pin id="376" dir="1" index="2" bw="0" slack="2147483647"/>
</pin_list>
<bind>
<opcode="store(28) " fcode="store"/>
<opset="store_ln31/2 "/>
</bind>
</comp>

<comp id="378" class="1004" name="store_ln31_store_fu_378">
<pin_list>
<pin id="379" dir="0" index="0" bw="8" slack="0"/>
<pin id="380" dir="0" index="1" bw="8" slack="1"/>
<pin id="381" dir="1" index="2" bw="0" slack="2147483647"/>
</pin_list>
<bind>
<opcode="store(28) " fcode="store"/>
<opset="store_ln31/2 "/>
</bind>
</comp>

<comp id="383" class="1004" name="store_ln31_store_fu_383">
<pin_list>
<pin id="384" dir="0" index="0" bw="8" slack="0"/>
<pin id="385" dir="0" index="1" bw="8" slack="1"/>
<pin id="386" dir="1" index="2" bw="0" slack="2147483647"/>
</pin_list>
<bind>
<opcode="store(28) " fcode="store"/>
<opset="store_ln31/2 "/>
</bind>
</comp>

<comp id="388" class="1004" name="store_ln31_store_fu_388">
<pin_list>
<pin id="389" dir="0" index="0" bw="8" slack="0"/>
<pin id="390" dir="0" index="1" bw="8" slack="1"/>
<pin id="391" dir="1" index="2" bw="0" slack="2147483647"/>
</pin_list>
<bind>
<opcode="store(28) " fcode="store"/>
<opset="store_ln31/2 "/>
</bind>
</comp>

<comp id="393" class="1004" name="store_ln31_store_fu_393">
<pin_list>
<pin id="394" dir="0" index="0" bw="8" slack="0"/>
<pin id="395" dir="0" index="1" bw="8" slack="1"/>
<pin id="396" dir="1" index="2" bw="0" slack="2147483647"/>
</pin_list>
<bind>
<opcode="store(28) " fcode="store"/>
<opset="store_ln31/2 "/>
</bind>
</comp>

<comp id="398" class="1004" name="store_ln31_store_fu_398">
<pin_list>
<pin id="399" dir="0" index="0" bw="8" slack="0"/>
<pin id="400" dir="0" index="1" bw="8" slack="1"/>
<pin id="401" dir="1" index="2" bw="0" slack="2147483647"/>
</pin_list>
<bind>
<opcode="store(28) " fcode="store"/>
<opset="store_ln31/2 "/>
</bind>
</comp>

<comp id="403" class="1004" name="store_ln31_store_fu_403">
<pin_list>
<pin id="404" dir="0" index="0" bw="8" slack="0"/>
<pin id="405" dir="0" index="1" bw="8" slack="1"/>
<pin id="406" dir="1" index="2" bw="0" slack="2147483647"/>
</pin_list>
<bind>
<opcode="store(28) " fcode="store"/>
<opset="store_ln31/2 "/>
</bind>
</comp>

<comp id="408" class="1004" name="store_ln31_store_fu_408">
<pin_list>
<pin id="409" dir="0" index="0" bw="8" slack="0"/>
<pin id="410" dir="0" index="1" bw="8" slack="1"/>
<pin id="411" dir="1" index="2" bw="0" slack="2147483647"/>
</pin_list>
<bind>
<opcode="store(28) " fcode="store"/>
<opset="store_ln31/2 "/>
</bind>
</comp>

<comp id="413" class="1004" name="store_ln31_store_fu_413">
<pin_list>
<pin id="414" dir="0" index="0" bw="8" slack="0"/>
<pin id="415" dir="0" index="1" bw="8" slack="1"/>
<pin id="416" dir="1" index="2" bw="0" slack="2147483647"/>
</pin_list>
<bind>
<opcode="store(28) " fcode="store"/>
<opset="store_ln31/2 "/>
</bind>
</comp>

<comp id="418" class="1004" name="store_ln31_store_fu_418">
<pin_list>
<pin id="419" dir="0" index="0" bw="8" slack="0"/>
<pin id="420" dir="0" index="1" bw="8" slack="1"/>
<pin id="421" dir="1" index="2" bw="0" slack="2147483647"/>
</pin_list>
<bind>
<opcode="store(28) " fcode="store"/>
<opset="store_ln31/2 "/>
</bind>
</comp>

<comp id="423" class="1004" name="store_ln31_store_fu_423">
<pin_list>
<pin id="424" dir="0" index="0" bw="8" slack="0"/>
<pin id="425" dir="0" index="1" bw="8" slack="1"/>
<pin id="426" dir="1" index="2" bw="0" slack="2147483647"/>
</pin_list>
<bind>
<opcode="store(28) " fcode="store"/>
<opset="store_ln31/2 "/>
</bind>
</comp>

<comp id="428" class="1004" name="store_ln31_store_fu_428">
<pin_list>
<pin id="429" dir="0" index="0" bw="8" slack="0"/>
<pin id="430" dir="0" index="1" bw="8" slack="1"/>
<pin id="431" dir="1" index="2" bw="0" slack="2147483647"/>
</pin_list>
<bind>
<opcode="store(28) " fcode="store"/>
<opset="store_ln31/2 "/>
</bind>
</comp>

<comp id="433" class="1004" name="max_val_load_1_load_fu_433">
<pin_list>
<pin id="434" dir="0" index="0" bw="8" slack="2"/>
<pin id="435" dir="1" index="1" bw="8" slack="0"/>
</pin_list>
<bind>
<opcode="load(27) " fcode="load"/>
<opset="max_val_load_1/3 "/>
</bind>
</comp>

<comp id="436" class="1004" name="icmp_ln197_fu_436">
<pin_list>
<pin id="437" dir="0" index="0" bw="8" slack="1"/>
<pin id="438" dir="0" index="1" bw="8" slack="0"/>
<pin id="439" dir="1" index="2" bw="1" slack="0"/>
</pin_list>
<bind>
<opcode="icmp(45) " fcode="icmp"/>
<opset="icmp_ln197/3 "/>
</bind>
</comp>

<comp id="441" class="1004" name="max_val_2_fu_441">
<pin_list>
<pin id="442" dir="0" index="0" bw="1" slack="0"/>
<pin id="443" dir="0" index="1" bw="8" slack="1"/>
<pin id="444" dir="0" index="2" bw="8" slack="0"/>
<pin id="445" dir="1" index="3" bw="8" slack="0"/>
</pin_list>
<bind>
<opcode="select(49) " fcode="select"/>
<opset="max_val_2/3 "/>
</bind>
</comp>

<comp id="448" class="1004" name="icmp_ln197_1_fu_448">
<pin_list>
<pin id="449" dir="0" index="0" bw="8" slack="1"/>
<pin id="450" dir="0" index="1" bw="8" slack="0"/>
<pin id="451" dir="1" index="2" bw="1" slack="0"/>
</pin_list>
<bind>
<opcode="icmp(45) " fcode="icmp"/>
<opset="icmp_ln197_1/3 "/>
</bind>
</comp>

<comp id="453" class="1004" name="max_val_3_fu_453">
<pin_list>
<pin id="454" dir="0" index="0" bw="1" slack="0"/>
<pin id="455" dir="0" index="1" bw="8" slack="1"/>
<pin id="456" dir="0" index="2" bw="8" slack="0"/>
<pin id="457" dir="1" index="3" bw="8" slack="0"/>
</pin_list>
<bind>
<opcode="select(49) " fcode="select"/>
<opset="max_val_3/3 "/>
</bind>
</comp>

<comp id="460" class="1004" name="store_ln187_store_fu_460">
<pin_list>
<pin id="461" dir="0" index="0" bw="8" slack="0"/>
<pin id="462" dir="0" index="1" bw="8" slack="2"/>
<pin id="463" dir="1" index="2" bw="0" slack="2147483647"/>
</pin_list>
<bind>
<opcode="store(28) " fcode="store"/>
<opset="store_ln187/3 "/>
</bind>
</comp>

<comp id="465" class="1004" name="max_val_load_load_fu_465">
<pin_list>
<pin id="466" dir="0" index="0" bw="8" slack="1"/>
<pin id="467" dir="1" index="1" bw="8" slack="0"/>
</pin_list>
<bind>
<opcode="load(27) " fcode="load"/>
<opset="max_val_load/2 "/>
</bind>
</comp>

<comp id="469" class="1004" name="p_load32_load_fu_469">
<pin_list>
<pin id="470" dir="0" index="0" bw="8" slack="1"/>
<pin id="471" dir="1" index="1" bw="8" slack="0"/>
</pin_list>
<bind>
<opcode="load(27) " fcode="load"/>
<opset="p_load32/2 "/>
</bind>
</comp>

<comp id="473" class="1004" name="p_load31_load_fu_473">
<pin_list>
<pin id="474" dir="0" index="0" bw="8" slack="1"/>
<pin id="475" dir="1" index="1" bw="8" slack="0"/>
</pin_list>
<bind>
<opcode="load(27) " fcode="load"/>
<opset="p_load31/2 "/>
</bind>
</comp>

<comp id="477" class="1004" name="p_load30_load_fu_477">
<pin_list>
<pin id="478" dir="0" index="0" bw="8" slack="1"/>
<pin id="479" dir="1" index="1" bw="8" slack="0"/>
</pin_list>
<bind>
<opcode="load(27) " fcode="load"/>
<opset="p_load30/2 "/>
</bind>
</comp>

<comp id="481" class="1004" name="p_load29_load_fu_481">
<pin_list>
<pin id="482" dir="0" index="0" bw="8" slack="1"/>
<pin id="483" dir="1" index="1" bw="8" slack="0"/>
</pin_list>
<bind>
<opcode="load(27) " fcode="load"/>
<opset="p_load29/2 "/>
</bind>
</comp>

<comp id="485" class="1004" name="p_load28_load_fu_485">
<pin_list>
<pin id="486" dir="0" index="0" bw="8" slack="1"/>
<pin id="487" dir="1" index="1" bw="8" slack="0"/>
</pin_list>
<bind>
<opcode="load(27) " fcode="load"/>
<opset="p_load28/2 "/>
</bind>
</comp>

<comp id="489" class="1004" name="p_load27_load_fu_489">
<pin_list>
<pin id="490" dir="0" index="0" bw="8" slack="1"/>
<pin id="491" dir="1" index="1" bw="8" slack="0"/>
</pin_list>
<bind>
<opcode="load(27) " fcode="load"/>
<opset="p_load27/2 "/>
</bind>
</comp>

<comp id="493" class="1004" name="p_load26_load_fu_493">
<pin_list>
<pin id="494" dir="0" index="0" bw="8" slack="1"/>
<pin id="495" dir="1" index="1" bw="8" slack="0"/>
</pin_list>
<bind>
<opcode="load(27) " fcode="load"/>
<opset="p_load26/2 "/>
</bind>
</comp>

<comp id="497" class="1004" name="p_load25_load_fu_497">
<pin_list>
<pin id="498" dir="0" index="0" bw="8" slack="1"/>
<pin id="499" dir="1" index="1" bw="8" slack="0"/>
</pin_list>
<bind>
<opcode="load(27) " fcode="load"/>
<opset="p_load25/2 "/>
</bind>
</comp>

<comp id="501" class="1004" name="p_load24_load_fu_501">
<pin_list>
<pin id="502" dir="0" index="0" bw="8" slack="1"/>
<pin id="503" dir="1" index="1" bw="8" slack="0"/>
</pin_list>
<bind>
<opcode="load(27) " fcode="load"/>
<opset="p_load24/2 "/>
</bind>
</comp>

<comp id="505" class="1004" name="p_load23_load_fu_505">
<pin_list>
<pin id="506" dir="0" index="0" bw="8" slack="1"/>
<pin id="507" dir="1" index="1" bw="8" slack="0"/>
</pin_list>
<bind>
<opcode="load(27) " fcode="load"/>
<opset="p_load23/2 "/>
</bind>
</comp>

<comp id="509" class="1004" name="p_load22_load_fu_509">
<pin_list>
<pin id="510" dir="0" index="0" bw="8" slack="1"/>
<pin id="511" dir="1" index="1" bw="8" slack="0"/>
</pin_list>
<bind>
<opcode="load(27) " fcode="load"/>
<opset="p_load22/2 "/>
</bind>
</comp>

<comp id="513" class="1004" name="p_load21_load_fu_513">
<pin_list>
<pin id="514" dir="0" index="0" bw="8" slack="1"/>
<pin id="515" dir="1" index="1" bw="8" slack="0"/>
</pin_list>
<bind>
<opcode="load(27) " fcode="load"/>
<opset="p_load21/2 "/>
</bind>
</comp>

<comp id="517" class="1004" name="p_load20_load_fu_517">
<pin_list>
<pin id="518" dir="0" index="0" bw="8" slack="1"/>
<pin id="519" dir="1" index="1" bw="8" slack="0"/>
</pin_list>
<bind>
<opcode="load(27) " fcode="load"/>
<opset="p_load20/2 "/>
</bind>
</comp>

<comp id="521" class="1004" name="p_load19_load_fu_521">
<pin_list>
<pin id="522" dir="0" index="0" bw="8" slack="1"/>
<pin id="523" dir="1" index="1" bw="8" slack="0"/>
</pin_list>
<bind>
<opcode="load(27) " fcode="load"/>
<opset="p_load19/2 "/>
</bind>
</comp>

<comp id="525" class="1004" name="p_load18_load_fu_525">
<pin_list>
<pin id="526" dir="0" index="0" bw="8" slack="1"/>
<pin id="527" dir="1" index="1" bw="8" slack="0"/>
</pin_list>
<bind>
<opcode="load(27) " fcode="load"/>
<opset="p_load18/2 "/>
</bind>
</comp>

<comp id="529" class="1004" name="p_load_load_fu_529">
<pin_list>
<pin id="530" dir="0" index="0" bw="8" slack="1"/>
<pin id="531" dir="1" index="1" bw="8" slack="0"/>
</pin_list>
<bind>
<opcode="load(27) " fcode="load"/>
<opset="p_load/2 "/>
</bind>
</comp>

<comp id="533" class="1005" name="max_val_reg_533">
<pin_list>
<pin id="534" dir="0" index="0" bw="8" slack="0"/>
<pin id="535" dir="1" index="1" bw="8" slack="0"/>
</pin_list>
<bind>
<opset="max_val "/>
</bind>
</comp>

<comp id="541" class="1005" name="i_reg_541">
<pin_list>
<pin id="542" dir="0" index="0" bw="4" slack="0"/>
<pin id="543" dir="1" index="1" bw="4" slack="0"/>
</pin_list>
<bind>
<opset="i "/>
</bind>
</comp>

<comp id="548" class="1005" name="empty_reg_548">
<pin_list>
<pin id="549" dir="0" index="0" bw="8" slack="1"/>
<pin id="550" dir="1" index="1" bw="8" slack="1"/>
</pin_list>
<bind>
<opset="empty "/>
</bind>
</comp>

<comp id="554" class="1005" name="empty_46_reg_554">
<pin_list>
<pin id="555" dir="0" index="0" bw="8" slack="1"/>
<pin id="556" dir="1" index="1" bw="8" slack="1"/>
</pin_list>
<bind>
<opset="empty_46 "/>
</bind>
</comp>

<comp id="560" class="1005" name="empty_47_reg_560">
<pin_list>
<pin id="561" dir="0" index="0" bw="8" slack="1"/>
<pin id="562" dir="1" index="1" bw="8" slack="1"/>
</pin_list>
<bind>
<opset="empty_47 "/>
</bind>
</comp>

<comp id="566" class="1005" name="empty_48_reg_566">
<pin_list>
<pin id="567" dir="0" index="0" bw="8" slack="1"/>
<pin id="568" dir="1" index="1" bw="8" slack="1"/>
</pin_list>
<bind>
<opset="empty_48 "/>
</bind>
</comp>

<comp id="572" class="1005" name="empty_49_reg_572">
<pin_list>
<pin id="573" dir="0" index="0" bw="8" slack="1"/>
<pin id="574" dir="1" index="1" bw="8" slack="1"/>
</pin_list>
<bind>
<opset="empty_49 "/>
</bind>
</comp>

<comp id="578" class="1005" name="empty_50_reg_578">
<pin_list>
<pin id="579" dir="0" index="0" bw="8" slack="1"/>
<pin id="580" dir="1" index="1" bw="8" slack="1"/>
</pin_list>
<bind>
<opset="empty_50 "/>
</bind>
</comp>

<comp id="584" class="1005" name="empty_51_reg_584">
<pin_list>
<pin id="585" dir="0" index="0" bw="8" slack="1"/>
<pin id="586" dir="1" index="1" bw="8" slack="1"/>
</pin_list>
<bind>
<opset="empty_51 "/>
</bind>
</comp>

<comp id="590" class="1005" name="empty_52_reg_590">
<pin_list>
<pin id="591" dir="0" index="0" bw="8" slack="1"/>
<pin id="592" dir="1" index="1" bw="8" slack="1"/>
</pin_list>
<bind>
<opset="empty_52 "/>
</bind>
</comp>

<comp id="596" class="1005" name="empty_53_reg_596">
<pin_list>
<pin id="597" dir="0" index="0" bw="8" slack="1"/>
<pin id="598" dir="1" index="1" bw="8" slack="1"/>
</pin_list>
<bind>
<opset="empty_53 "/>
</bind>
</comp>

<comp id="602" class="1005" name="empty_54_reg_602">
<pin_list>
<pin id="603" dir="0" index="0" bw="8" slack="1"/>
<pin id="604" dir="1" index="1" bw="8" slack="1"/>
</pin_list>
<bind>
<opset="empty_54 "/>
</bind>
</comp>

<comp id="608" class="1005" name="empty_55_reg_608">
<pin_list>
<pin id="609" dir="0" index="0" bw="8" slack="1"/>
<pin id="610" dir="1" index="1" bw="8" slack="1"/>
</pin_list>
<bind>
<opset="empty_55 "/>
</bind>
</comp>

<comp id="614" class="1005" name="empty_56_reg_614">
<pin_list>
<pin id="615" dir="0" index="0" bw="8" slack="1"/>
<pin id="616" dir="1" index="1" bw="8" slack="1"/>
</pin_list>
<bind>
<opset="empty_56 "/>
</bind>
</comp>

<comp id="620" class="1005" name="empty_57_reg_620">
<pin_list>
<pin id="621" dir="0" index="0" bw="8" slack="1"/>
<pin id="622" dir="1" index="1" bw="8" slack="1"/>
</pin_list>
<bind>
<opset="empty_57 "/>
</bind>
</comp>

<comp id="626" class="1005" name="empty_58_reg_626">
<pin_list>
<pin id="627" dir="0" index="0" bw="8" slack="1"/>
<pin id="628" dir="1" index="1" bw="8" slack="1"/>
</pin_list>
<bind>
<opset="empty_58 "/>
</bind>
</comp>

<comp id="632" class="1005" name="empty_59_reg_632">
<pin_list>
<pin id="633" dir="0" index="0" bw="8" slack="1"/>
<pin id="634" dir="1" index="1" bw="8" slack="1"/>
</pin_list>
<bind>
<opset="empty_59 "/>
</bind>
</comp>

<comp id="638" class="1005" name="empty_60_reg_638">
<pin_list>
<pin id="639" dir="0" index="0" bw="8" slack="1"/>
<pin id="640" dir="1" index="1" bw="8" slack="1"/>
</pin_list>
<bind>
<opset="empty_60 "/>
</bind>
</comp>

<comp id="644" class="1005" name="icmp_ln188_reg_644">
<pin_list>
<pin id="645" dir="0" index="0" bw="1" slack="1"/>
<pin id="646" dir="1" index="1" bw="1" slack="2147483647"/>
</pin_list>
<bind>
<opset="icmp_ln188 "/>
</bind>
</comp>

<comp id="648" class="1005" name="trunc_ln188_reg_648">
<pin_list>
<pin id="649" dir="0" index="0" bw="3" slack="1"/>
<pin id="650" dir="1" index="1" bw="3" slack="2147483647"/>
</pin_list>
<bind>
<opset="trunc_ln188 "/>
</bind>
</comp>

<comp id="652" class="1005" name="elems_reg_652">
<pin_list>
<pin id="653" dir="0" index="0" bw="8" slack="1"/>
<pin id="654" dir="1" index="1" bw="8" slack="1"/>
</pin_list>
<bind>
<opset="elems "/>
</bind>
</comp>

<comp id="658" class="1005" name="elems_4_reg_658">
<pin_list>
<pin id="659" dir="0" index="0" bw="8" slack="1"/>
<pin id="660" dir="1" index="1" bw="8" slack="1"/>
</pin_list>
<bind>
<opset="elems_4 "/>
</bind>
</comp>

</comp_list>

<net_list>
<net id="93"><net_src comp="36" pin="0"/><net_sink comp="90" pin=0"/></net>

<net id="97"><net_src comp="36" pin="0"/><net_sink comp="94" pin=0"/></net>

<net id="101"><net_src comp="36" pin="0"/><net_sink comp="98" pin=0"/></net>

<net id="105"><net_src comp="36" pin="0"/><net_sink comp="102" pin=0"/></net>

<net id="109"><net_src comp="36" pin="0"/><net_sink comp="106" pin=0"/></net>

<net id="113"><net_src comp="36" pin="0"/><net_sink comp="110" pin=0"/></net>

<net id="117"><net_src comp="36" pin="0"/><net_sink comp="114" pin=0"/></net>

<net id="121"><net_src comp="36" pin="0"/><net_sink comp="118" pin=0"/></net>

<net id="125"><net_src comp="36" pin="0"/><net_sink comp="122" pin=0"/></net>

<net id="129"><net_src comp="36" pin="0"/><net_sink comp="126" pin=0"/></net>

<net id="133"><net_src comp="36" pin="0"/><net_sink comp="130" pin=0"/></net>

<net id="137"><net_src comp="36" pin="0"/><net_sink comp="134" pin=0"/></net>

<net id="141"><net_src comp="36" pin="0"/><net_sink comp="138" pin=0"/></net>

<net id="145"><net_src comp="36" pin="0"/><net_sink comp="142" pin=0"/></net>

<net id="149"><net_src comp="36" pin="0"/><net_sink comp="146" pin=0"/></net>

<net id="153"><net_src comp="36" pin="0"/><net_sink comp="150" pin=0"/></net>

<net id="157"><net_src comp="36" pin="0"/><net_sink comp="154" pin=0"/></net>

<net id="161"><net_src comp="36" pin="0"/><net_sink comp="158" pin=0"/></net>

<net id="166"><net_src comp="70" pin="0"/><net_sink comp="162" pin=0"/></net>

<net id="167"><net_src comp="0" pin="0"/><net_sink comp="162" pin=1"/></net>

<net id="173"><net_src comp="88" pin="0"/><net_sink comp="168" pin=0"/></net>

<net id="174"><net_src comp="2" pin="0"/><net_sink comp="168" pin=1"/></net>

<net id="180"><net_src comp="88" pin="0"/><net_sink comp="175" pin=0"/></net>

<net id="181"><net_src comp="4" pin="0"/><net_sink comp="175" pin=1"/></net>

<net id="187"><net_src comp="88" pin="0"/><net_sink comp="182" pin=0"/></net>

<net id="188"><net_src comp="6" pin="0"/><net_sink comp="182" pin=1"/></net>

<net id="194"><net_src comp="88" pin="0"/><net_sink comp="189" pin=0"/></net>

<net id="195"><net_src comp="8" pin="0"/><net_sink comp="189" pin=1"/></net>

<net id="201"><net_src comp="88" pin="0"/><net_sink comp="196" pin=0"/></net>

<net id="202"><net_src comp="10" pin="0"/><net_sink comp="196" pin=1"/></net>

<net id="208"><net_src comp="88" pin="0"/><net_sink comp="203" pin=0"/></net>

<net id="209"><net_src comp="12" pin="0"/><net_sink comp="203" pin=1"/></net>

<net id="215"><net_src comp="88" pin="0"/><net_sink comp="210" pin=0"/></net>

<net id="216"><net_src comp="14" pin="0"/><net_sink comp="210" pin=1"/></net>

<net id="222"><net_src comp="88" pin="0"/><net_sink comp="217" pin=0"/></net>

<net id="223"><net_src comp="16" pin="0"/><net_sink comp="217" pin=1"/></net>

<net id="229"><net_src comp="88" pin="0"/><net_sink comp="224" pin=0"/></net>

<net id="230"><net_src comp="18" pin="0"/><net_sink comp="224" pin=1"/></net>

<net id="236"><net_src comp="88" pin="0"/><net_sink comp="231" pin=0"/></net>

<net id="237"><net_src comp="20" pin="0"/><net_sink comp="231" pin=1"/></net>

<net id="243"><net_src comp="88" pin="0"/><net_sink comp="238" pin=0"/></net>

<net id="244"><net_src comp="22" pin="0"/><net_sink comp="238" pin=1"/></net>

<net id="250"><net_src comp="88" pin="0"/><net_sink comp="245" pin=0"/></net>

<net id="251"><net_src comp="24" pin="0"/><net_sink comp="245" pin=1"/></net>

<net id="257"><net_src comp="88" pin="0"/><net_sink comp="252" pin=0"/></net>

<net id="258"><net_src comp="26" pin="0"/><net_sink comp="252" pin=1"/></net>

<net id="264"><net_src comp="88" pin="0"/><net_sink comp="259" pin=0"/></net>

<net id="265"><net_src comp="28" pin="0"/><net_sink comp="259" pin=1"/></net>

<net id="271"><net_src comp="88" pin="0"/><net_sink comp="266" pin=0"/></net>

<net id="272"><net_src comp="30" pin="0"/><net_sink comp="266" pin=1"/></net>

<net id="278"><net_src comp="88" pin="0"/><net_sink comp="273" pin=0"/></net>

<net id="279"><net_src comp="32" pin="0"/><net_sink comp="273" pin=1"/></net>

<net id="285"><net_src comp="88" pin="0"/><net_sink comp="280" pin=0"/></net>

<net id="286"><net_src comp="34" pin="0"/><net_sink comp="280" pin=1"/></net>

<net id="291"><net_src comp="48" pin="0"/><net_sink comp="287" pin=0"/></net>

<net id="296"><net_src comp="50" pin="0"/><net_sink comp="292" pin=0"/></net>

<net id="304"><net_src comp="297" pin="1"/><net_sink comp="300" pin=0"/></net>

<net id="305"><net_src comp="52" pin="0"/><net_sink comp="300" pin=1"/></net>

<net id="310"><net_src comp="297" pin="1"/><net_sink comp="306" pin=0"/></net>

<net id="311"><net_src comp="54" pin="0"/><net_sink comp="306" pin=1"/></net>

<net id="315"><net_src comp="297" pin="1"/><net_sink comp="312" pin=0"/></net>

<net id="326"><net_src comp="312" pin="1"/><net_sink comp="316" pin=0"/></net>

<net id="327"><net_src comp="56" pin="0"/><net_sink comp="316" pin=1"/></net>

<net id="328"><net_src comp="58" pin="0"/><net_sink comp="316" pin=2"/></net>

<net id="329"><net_src comp="60" pin="0"/><net_sink comp="316" pin=3"/></net>

<net id="330"><net_src comp="62" pin="0"/><net_sink comp="316" pin=4"/></net>

<net id="331"><net_src comp="64" pin="0"/><net_sink comp="316" pin=5"/></net>

<net id="332"><net_src comp="66" pin="0"/><net_sink comp="316" pin=6"/></net>

<net id="333"><net_src comp="68" pin="0"/><net_sink comp="316" pin=7"/></net>

<net id="338"><net_src comp="306" pin="2"/><net_sink comp="334" pin=0"/></net>

<net id="342"><net_src comp="162" pin="2"/><net_sink comp="339" pin=0"/></net>

<net id="349"><net_src comp="72" pin="0"/><net_sink comp="343" pin=0"/></net>

<net id="350"><net_src comp="162" pin="2"/><net_sink comp="343" pin=1"/></net>

<net id="351"><net_src comp="74" pin="0"/><net_sink comp="343" pin=2"/></net>

<net id="352"><net_src comp="76" pin="0"/><net_sink comp="343" pin=3"/></net>

<net id="357"><net_src comp="343" pin="4"/><net_sink comp="353" pin=0"/></net>

<net id="362"><net_src comp="339" pin="1"/><net_sink comp="358" pin=0"/></net>

<net id="367"><net_src comp="343" pin="4"/><net_sink comp="363" pin=0"/></net>

<net id="372"><net_src comp="339" pin="1"/><net_sink comp="368" pin=0"/></net>

<net id="377"><net_src comp="343" pin="4"/><net_sink comp="373" pin=0"/></net>

<net id="382"><net_src comp="339" pin="1"/><net_sink comp="378" pin=0"/></net>

<net id="387"><net_src comp="343" pin="4"/><net_sink comp="383" pin=0"/></net>

<net id="392"><net_src comp="339" pin="1"/><net_sink comp="388" pin=0"/></net>

<net id="397"><net_src comp="343" pin="4"/><net_sink comp="393" pin=0"/></net>

<net id="402"><net_src comp="339" pin="1"/><net_sink comp="398" pin=0"/></net>

<net id="407"><net_src comp="343" pin="4"/><net_sink comp="403" pin=0"/></net>

<net id="412"><net_src comp="339" pin="1"/><net_sink comp="408" pin=0"/></net>

<net id="417"><net_src comp="343" pin="4"/><net_sink comp="413" pin=0"/></net>

<net id="422"><net_src comp="339" pin="1"/><net_sink comp="418" pin=0"/></net>

<net id="427"><net_src comp="343" pin="4"/><net_sink comp="423" pin=0"/></net>

<net id="432"><net_src comp="339" pin="1"/><net_sink comp="428" pin=0"/></net>

<net id="440"><net_src comp="433" pin="1"/><net_sink comp="436" pin=1"/></net>

<net id="446"><net_src comp="436" pin="2"/><net_sink comp="441" pin=0"/></net>

<net id="447"><net_src comp="433" pin="1"/><net_sink comp="441" pin=2"/></net>

<net id="452"><net_src comp="441" pin="3"/><net_sink comp="448" pin=1"/></net>

<net id="458"><net_src comp="448" pin="2"/><net_sink comp="453" pin=0"/></net>

<net id="459"><net_src comp="441" pin="3"/><net_sink comp="453" pin=2"/></net>

<net id="464"><net_src comp="453" pin="3"/><net_sink comp="460" pin=0"/></net>

<net id="468"><net_src comp="465" pin="1"/><net_sink comp="280" pin=2"/></net>

<net id="472"><net_src comp="469" pin="1"/><net_sink comp="273" pin=2"/></net>

<net id="476"><net_src comp="473" pin="1"/><net_sink comp="266" pin=2"/></net>

<net id="480"><net_src comp="477" pin="1"/><net_sink comp="259" pin=2"/></net>

<net id="484"><net_src comp="481" pin="1"/><net_sink comp="252" pin=2"/></net>

<net id="488"><net_src comp="485" pin="1"/><net_sink comp="245" pin=2"/></net>

<net id="492"><net_src comp="489" pin="1"/><net_sink comp="238" pin=2"/></net>

<net id="496"><net_src comp="493" pin="1"/><net_sink comp="231" pin=2"/></net>

<net id="500"><net_src comp="497" pin="1"/><net_sink comp="224" pin=2"/></net>

<net id="504"><net_src comp="501" pin="1"/><net_sink comp="217" pin=2"/></net>

<net id="508"><net_src comp="505" pin="1"/><net_sink comp="210" pin=2"/></net>

<net id="512"><net_src comp="509" pin="1"/><net_sink comp="203" pin=2"/></net>

<net id="516"><net_src comp="513" pin="1"/><net_sink comp="196" pin=2"/></net>

<net id="520"><net_src comp="517" pin="1"/><net_sink comp="189" pin=2"/></net>

<net id="524"><net_src comp="521" pin="1"/><net_sink comp="182" pin=2"/></net>

<net id="528"><net_src comp="525" pin="1"/><net_sink comp="175" pin=2"/></net>

<net id="532"><net_src comp="529" pin="1"/><net_sink comp="168" pin=2"/></net>

<net id="536"><net_src comp="90" pin="1"/><net_sink comp="533" pin=0"/></net>

<net id="537"><net_src comp="533" pin="1"/><net_sink comp="292" pin=1"/></net>

<net id="538"><net_src comp="533" pin="1"/><net_sink comp="433" pin=0"/></net>

<net id="539"><net_src comp="533" pin="1"/><net_sink comp="460" pin=1"/></net>

<net id="540"><net_src comp="533" pin="1"/><net_sink comp="465" pin=0"/></net>

<net id="544"><net_src comp="94" pin="1"/><net_sink comp="541" pin=0"/></net>

<net id="545"><net_src comp="541" pin="1"/><net_sink comp="287" pin=1"/></net>

<net id="546"><net_src comp="541" pin="1"/><net_sink comp="297" pin=0"/></net>

<net id="547"><net_src comp="541" pin="1"/><net_sink comp="334" pin=1"/></net>

<net id="551"><net_src comp="98" pin="1"/><net_sink comp="548" pin=0"/></net>

<net id="552"><net_src comp="548" pin="1"/><net_sink comp="418" pin=1"/></net>

<net id="553"><net_src comp="548" pin="1"/><net_sink comp="469" pin=0"/></net>

<net id="557"><net_src comp="102" pin="1"/><net_sink comp="554" pin=0"/></net>

<net id="558"><net_src comp="554" pin="1"/><net_sink comp="413" pin=1"/></net>

<net id="559"><net_src comp="554" pin="1"/><net_sink comp="473" pin=0"/></net>

<net id="563"><net_src comp="106" pin="1"/><net_sink comp="560" pin=0"/></net>

<net id="564"><net_src comp="560" pin="1"/><net_sink comp="408" pin=1"/></net>

<net id="565"><net_src comp="560" pin="1"/><net_sink comp="477" pin=0"/></net>

<net id="569"><net_src comp="110" pin="1"/><net_sink comp="566" pin=0"/></net>

<net id="570"><net_src comp="566" pin="1"/><net_sink comp="403" pin=1"/></net>

<net id="571"><net_src comp="566" pin="1"/><net_sink comp="481" pin=0"/></net>

<net id="575"><net_src comp="114" pin="1"/><net_sink comp="572" pin=0"/></net>

<net id="576"><net_src comp="572" pin="1"/><net_sink comp="398" pin=1"/></net>

<net id="577"><net_src comp="572" pin="1"/><net_sink comp="485" pin=0"/></net>

<net id="581"><net_src comp="118" pin="1"/><net_sink comp="578" pin=0"/></net>

<net id="582"><net_src comp="578" pin="1"/><net_sink comp="393" pin=1"/></net>

<net id="583"><net_src comp="578" pin="1"/><net_sink comp="489" pin=0"/></net>

<net id="587"><net_src comp="122" pin="1"/><net_sink comp="584" pin=0"/></net>

<net id="588"><net_src comp="584" pin="1"/><net_sink comp="388" pin=1"/></net>

<net id="589"><net_src comp="584" pin="1"/><net_sink comp="493" pin=0"/></net>

<net id="593"><net_src comp="126" pin="1"/><net_sink comp="590" pin=0"/></net>

<net id="594"><net_src comp="590" pin="1"/><net_sink comp="383" pin=1"/></net>

<net id="595"><net_src comp="590" pin="1"/><net_sink comp="497" pin=0"/></net>

<net id="599"><net_src comp="130" pin="1"/><net_sink comp="596" pin=0"/></net>

<net id="600"><net_src comp="596" pin="1"/><net_sink comp="378" pin=1"/></net>

<net id="601"><net_src comp="596" pin="1"/><net_sink comp="501" pin=0"/></net>

<net id="605"><net_src comp="134" pin="1"/><net_sink comp="602" pin=0"/></net>

<net id="606"><net_src comp="602" pin="1"/><net_sink comp="373" pin=1"/></net>

<net id="607"><net_src comp="602" pin="1"/><net_sink comp="505" pin=0"/></net>

<net id="611"><net_src comp="138" pin="1"/><net_sink comp="608" pin=0"/></net>

<net id="612"><net_src comp="608" pin="1"/><net_sink comp="368" pin=1"/></net>

<net id="613"><net_src comp="608" pin="1"/><net_sink comp="509" pin=0"/></net>

<net id="617"><net_src comp="142" pin="1"/><net_sink comp="614" pin=0"/></net>

<net id="618"><net_src comp="614" pin="1"/><net_sink comp="363" pin=1"/></net>

<net id="619"><net_src comp="614" pin="1"/><net_sink comp="513" pin=0"/></net>

<net id="623"><net_src comp="146" pin="1"/><net_sink comp="620" pin=0"/></net>

<net id="624"><net_src comp="620" pin="1"/><net_sink comp="358" pin=1"/></net>

<net id="625"><net_src comp="620" pin="1"/><net_sink comp="517" pin=0"/></net>

<net id="629"><net_src comp="150" pin="1"/><net_sink comp="626" pin=0"/></net>

<net id="630"><net_src comp="626" pin="1"/><net_sink comp="353" pin=1"/></net>

<net id="631"><net_src comp="626" pin="1"/><net_sink comp="521" pin=0"/></net>

<net id="635"><net_src comp="154" pin="1"/><net_sink comp="632" pin=0"/></net>

<net id="636"><net_src comp="632" pin="1"/><net_sink comp="428" pin=1"/></net>

<net id="637"><net_src comp="632" pin="1"/><net_sink comp="525" pin=0"/></net>

<net id="641"><net_src comp="158" pin="1"/><net_sink comp="638" pin=0"/></net>

<net id="642"><net_src comp="638" pin="1"/><net_sink comp="423" pin=1"/></net>

<net id="643"><net_src comp="638" pin="1"/><net_sink comp="529" pin=0"/></net>

<net id="647"><net_src comp="300" pin="2"/><net_sink comp="644" pin=0"/></net>

<net id="651"><net_src comp="312" pin="1"/><net_sink comp="648" pin=0"/></net>

<net id="655"><net_src comp="339" pin="1"/><net_sink comp="652" pin=0"/></net>

<net id="656"><net_src comp="652" pin="1"/><net_sink comp="436" pin=0"/></net>

<net id="657"><net_src comp="652" pin="1"/><net_sink comp="441" pin=1"/></net>

<net id="661"><net_src comp="343" pin="4"/><net_sink comp="658" pin=0"/></net>

<net id="662"><net_src comp="658" pin="1"/><net_sink comp="448" pin=0"/></net>

<net id="663"><net_src comp="658" pin="1"/><net_sink comp="453" pin=1"/></net>

</net_list>

</model> 
---------------- Datapath Model END ------------------

* FSMD analyzer results:
  - Output states:
	Port: p_out | {2 }
	Port: p_out1 | {2 }
	Port: p_out2 | {2 }
	Port: p_out3 | {2 }
	Port: p_out4 | {2 }
	Port: p_out5 | {2 }
	Port: p_out6 | {2 }
	Port: p_out7 | {2 }
	Port: p_out8 | {2 }
	Port: p_out9 | {2 }
	Port: p_out10 | {2 }
	Port: p_out11 | {2 }
	Port: p_out12 | {2 }
	Port: p_out13 | {2 }
	Port: p_out14 | {2 }
	Port: p_out15 | {2 }
	Port: max_val_out | {2 }
 - Input state : 
	Port: stateful_softmax_Pipeline_VITIS_LOOP_188_1 : s_gemm1_out | {2 }
  - Chain level:
	State 1
		store_ln188 : 1
		store_ln187 : 1
		i_2 : 1
		icmp_ln188 : 2
		add_ln188 : 2
		br_ln188 : 3
		trunc_ln188 : 2
		switch_ln196 : 3
		store_ln188 : 3
	State 2
		store_ln31 : 1
		store_ln31 : 1
		store_ln31 : 1
		store_ln31 : 1
		store_ln31 : 1
		store_ln31 : 1
		store_ln31 : 1
		store_ln31 : 1
		store_ln31 : 1
		store_ln31 : 1
		store_ln31 : 1
		store_ln31 : 1
		store_ln31 : 1
		store_ln31 : 1
		store_ln31 : 1
		store_ln31 : 1
		write_ln0 : 1
		write_ln0 : 1
		write_ln0 : 1
		write_ln0 : 1
		write_ln0 : 1
		write_ln0 : 1
		write_ln0 : 1
		write_ln0 : 1
		write_ln0 : 1
		write_ln0 : 1
		write_ln0 : 1
		write_ln0 : 1
		write_ln0 : 1
		write_ln0 : 1
		write_ln0 : 1
		write_ln0 : 1
		write_ln0 : 1
	State 3
		icmp_ln197 : 1
		max_val_2 : 2
		icmp_ln197_1 : 3
		max_val_3 : 4
		store_ln187 : 5


============================================================
+ Verbose Summary: Datapath Resource usage 
============================================================

* Functional unit list:
|----------|------------------------|---------|---------|
| Operation|     Functional Unit    |    FF   |   LUT   |
|----------|------------------------|---------|---------|
|          |    icmp_ln188_fu_300   |    0    |    13   |
|   icmp   |    icmp_ln197_fu_436   |    0    |    15   |
|          |   icmp_ln197_1_fu_448  |    0    |    15   |
|----------|------------------------|---------|---------|
|  select  |    max_val_2_fu_441    |    0    |    8    |
|          |    max_val_3_fu_453    |    0    |    8    |
|----------|------------------------|---------|---------|
|    add   |    add_ln188_fu_306    |    0    |    13   |
|----------|------------------------|---------|---------|
|   read   |      b_read_fu_162     |    0    |    0    |
|----------|------------------------|---------|---------|
|          | write_ln0_write_fu_168 |    0    |    0    |
|          | write_ln0_write_fu_175 |    0    |    0    |
|          | write_ln0_write_fu_182 |    0    |    0    |
|          | write_ln0_write_fu_189 |    0    |    0    |
|          | write_ln0_write_fu_196 |    0    |    0    |
|          | write_ln0_write_fu_203 |    0    |    0    |
|          | write_ln0_write_fu_210 |    0    |    0    |
|          | write_ln0_write_fu_217 |    0    |    0    |
|   write  | write_ln0_write_fu_224 |    0    |    0    |
|          | write_ln0_write_fu_231 |    0    |    0    |
|          | write_ln0_write_fu_238 |    0    |    0    |
|          | write_ln0_write_fu_245 |    0    |    0    |
|          | write_ln0_write_fu_252 |    0    |    0    |
|          | write_ln0_write_fu_259 |    0    |    0    |
|          | write_ln0_write_fu_266 |    0    |    0    |
|          | write_ln0_write_fu_273 |    0    |    0    |
|          | write_ln0_write_fu_280 |    0    |    0    |
|----------|------------------------|---------|---------|
|   trunc  |   trunc_ln188_fu_312   |    0    |    0    |
|          |      elems_fu_339      |    0    |    0    |
|----------|------------------------|---------|---------|
|  switch  |   switch_ln196_fu_316  |    0    |    0    |
|----------|------------------------|---------|---------|
|partselect|     elems_4_fu_343     |    0    |    0    |
|----------|------------------------|---------|---------|
|   Total  |                        |    0    |    72   |
|----------|------------------------|---------|---------|

Memories:
N/A

* Register list:
+-------------------+--------+
|                   |   FF   |
+-------------------+--------+
|  elems_4_reg_658  |    8   |
|   elems_reg_652   |    8   |
|  empty_46_reg_554 |    8   |
|  empty_47_reg_560 |    8   |
|  empty_48_reg_566 |    8   |
|  empty_49_reg_572 |    8   |
|  empty_50_reg_578 |    8   |
|  empty_51_reg_584 |    8   |
|  empty_52_reg_590 |    8   |
|  empty_53_reg_596 |    8   |
|  empty_54_reg_602 |    8   |
|  empty_55_reg_608 |    8   |
|  empty_56_reg_614 |    8   |
|  empty_57_reg_620 |    8   |
|  empty_58_reg_626 |    8   |
|  empty_59_reg_632 |    8   |
|  empty_60_reg_638 |    8   |
|   empty_reg_548   |    8   |
|     i_reg_541     |    4   |
| icmp_ln188_reg_644|    1   |
|  max_val_reg_533  |    8   |
|trunc_ln188_reg_648|    3   |
+-------------------+--------+
|       Total       |   160  |
+-------------------+--------+

* Multiplexer (MUX) list: 
|--------|------|------|------|--------|
|  Comp  |  Pin | Size |  BW  | S x BW |
|--------|------|------|------|--------|
|  Total |      |      |      |    0   |
|--------|------|------|------|--------|



* Summary:
+-----------+--------+--------+
|           |   FF   |   LUT  |
+-----------+--------+--------+
|  Function |    0   |   72   |
|   Memory  |    -   |    -   |
|Multiplexer|    -   |    -   |
|  Register |   160  |    -   |
+-----------+--------+--------+
|   Total   |   160  |   72   |
+-----------+--------+--------+
