

================================================================
== Vitis HLS Report for 'stateful_norm'
================================================================
* Date:           Fri May  1 14:34:44 2026

* Version:        2025.2 (Build 6295257 on Nov 14 2025)
* Project:        hls_component
* Solution:       solution1 (Vivado IP Flow Target)
* Product family: spartan7
* Target device:  xc7s50-csga324-2


================================================================
== Performance Estimates
================================================================
+ Timing: 
    * Summary: 
    +--------+----------+----------+------------+
    |  Clock |  Target  | Estimated| Uncertainty|
    +--------+----------+----------+------------+
    |ap_clk  |  10.00 ns|  5.111 ns|     2.70 ns|
    +--------+----------+----------+------------+

+ Latency: 
    * Summary: 
    +---------+---------+----------+----------+-----+-----+---------+
    |  Latency (cycles) |  Latency (absolute) |  Interval | Pipeline|
    |   min   |   max   |    min   |    max   | min | max |   Type  |
    +---------+---------+----------+----------+-----+-----+---------+
    |       24|       24|  0.240 us|  0.240 us|   24|   24|       no|
    +---------+---------+----------+----------+-----+-----+---------+

    + Detail: 
        * Instance: 
        +----------------------------------------------------+-----------------------------------------+---------+---------+----------+----------+-----+-----+-------------------+
        |                                                    |                                         |  Latency (cycles) |  Latency (absolute) |  Interval |      Pipeline     |
        |                      Instance                      |                  Module                 |   min   |   max   |    min   |    max   | min | max |        Type       |
        +----------------------------------------------------+-----------------------------------------+---------+---------+----------+----------+-----+-----+-------------------+
        |grp_stateful_norm_Pipeline_VITIS_LOOP_85_1_fu_96    |stateful_norm_Pipeline_VITIS_LOOP_85_1   |       11|       11|  0.110 us|  0.110 us|    0|    0|  loop pipeline stp|
        |grp_stateful_norm_Pipeline_VITIS_LOOP_109_3_fu_119  |stateful_norm_Pipeline_VITIS_LOOP_109_3  |       10|       10|  0.100 us|  0.100 us|    0|    0|  loop pipeline stp|
        +----------------------------------------------------+-----------------------------------------+---------+---------+----------+----------+-----+-----+-------------------+

        * Loop: 
        N/A



================================================================
== Utilization Estimates
================================================================
* Summary: 
+-----------------+---------+-----+-------+-------+-----+
|       Name      | BRAM_18K| DSP |   FF  |  LUT  | URAM|
+-----------------+---------+-----+-------+-------+-----+
|DSP              |        -|    -|      -|      -|    -|
|Expression       |        -|    -|      0|      2|    -|
|FIFO             |        -|    -|      -|      -|    -|
|Instance         |        -|    -|    184|    304|    -|
|Memory           |        -|    -|      -|      -|    -|
|Multiplexer      |        -|    -|      0|     36|    -|
|Register         |        -|    -|     15|      -|    -|
+-----------------+---------+-----+-------+-------+-----+
|Total            |        0|    0|    199|    342|    0|
+-----------------+---------+-----+-------+-------+-----+
|Available        |      150|  120|  65200|  32600|    0|
+-----------------+---------+-----+-------+-------+-----+
|Utilization (%)  |        0|    0|     ~0|      1|    0|
+-----------------+---------+-----+-------+-------+-----+

+ Detail: 
    * Instance: 
    +----------------------------------------------------+-----------------------------------------+---------+----+-----+-----+-----+
    |                      Instance                      |                  Module                 | BRAM_18K| DSP|  FF | LUT | URAM|
    +----------------------------------------------------+-----------------------------------------+---------+----+-----+-----+-----+
    |grp_stateful_norm_Pipeline_VITIS_LOOP_109_3_fu_119  |stateful_norm_Pipeline_VITIS_LOOP_109_3  |        0|   0|   21|  185|    0|
    |grp_stateful_norm_Pipeline_VITIS_LOOP_85_1_fu_96    |stateful_norm_Pipeline_VITIS_LOOP_85_1   |        0|   0|  163|  119|    0|
    +----------------------------------------------------+-----------------------------------------+---------+----+-----+-----+-----+
    |Total                                               |                                         |        0|   0|  184|  304|    0|
    +----------------------------------------------------+-----------------------------------------+---------+----+-----+-----+-----+

    * DSP: 
    N/A

    * Memory: 
    N/A

    * FIFO: 
    N/A

    * Expression: 
    +-----------------+----------+----+---+----+------------+------------+
    |  Variable Name  | Operation| DSP| FF| LUT| Bitwidth P0| Bitwidth P1|
    +-----------------+----------+----+---+----+------------+------------+
    |ap_block_state1  |        or|   0|  0|   2|           1|           1|
    +-----------------+----------+----+---+----+------------+------------+
    |Total            |          |   0|  0|   2|           1|           1|
    +-----------------+----------+----+---+----+------------+------------+

    * Multiplexer: 
    +-----------+----+-----------+-----+-----------+
    |    Name   | LUT| Input Size| Bits| Total Bits|
    +-----------+----+-----------+-----+-----------+
    |ap_NS_fsm  |  27|          5|    1|          5|
    |ap_done    |   9|          2|    1|          2|
    +-----------+----+-----------+-----+-----------+
    |Total      |  36|          7|    2|          7|
    +-----------+----+-----------+-----+-----------+

    * Register: 
    +-----------------------------------------------------------------+---+----+-----+-----------+
    |                               Name                              | FF| LUT| Bits| Const Bits|
    +-----------------------------------------------------------------+---+----+-----+-----------+
    |ap_CS_fsm                                                        |  4|   0|    4|          0|
    |ap_done_reg                                                      |  1|   0|    1|          0|
    |grp_stateful_norm_Pipeline_VITIS_LOOP_109_3_fu_119_ap_start_reg  |  1|   0|    1|          0|
    |grp_stateful_norm_Pipeline_VITIS_LOOP_85_1_fu_96_ap_start_reg    |  1|   0|    1|          0|
    |trunc_ln_reg_394                                                 |  8|   0|    8|          0|
    +-----------------------------------------------------------------+---+----+-----+-----------+
    |Total                                                            | 15|   0|   15|          0|
    +-----------------------------------------------------------------+---+----+-----+-----------+



================================================================
== Interface
================================================================
* Summary: 
+----------------------------+-----+-----+------------+---------------+--------------+
|          RTL Ports         | Dir | Bits|  Protocol  | Source Object |    C Type    |
+----------------------------+-----+-----+------------+---------------+--------------+
|ap_clk                      |   in|    1|  ap_ctrl_hs|  stateful_norm|  return value|
|ap_rst                      |   in|    1|  ap_ctrl_hs|  stateful_norm|  return value|
|ap_start                    |   in|    1|  ap_ctrl_hs|  stateful_norm|  return value|
|ap_done                     |  out|    1|  ap_ctrl_hs|  stateful_norm|  return value|
|ap_continue                 |   in|    1|  ap_ctrl_hs|  stateful_norm|  return value|
|ap_idle                     |  out|    1|  ap_ctrl_hs|  stateful_norm|  return value|
|ap_ready                    |  out|    1|  ap_ctrl_hs|  stateful_norm|  return value|
|s_norm2_in_dout             |   in|   16|     ap_fifo|     s_norm2_in|       pointer|
|s_norm2_in_empty_n          |   in|    1|     ap_fifo|     s_norm2_in|       pointer|
|s_norm2_in_read             |  out|    1|     ap_fifo|     s_norm2_in|       pointer|
|s_norm2_in_num_data_valid   |   in|    3|     ap_fifo|     s_norm2_in|       pointer|
|s_norm2_in_fifo_cap         |   in|    3|     ap_fifo|     s_norm2_in|       pointer|
|s_norm2_out_din             |  out|   16|     ap_fifo|    s_norm2_out|       pointer|
|s_norm2_out_full_n          |   in|    1|     ap_fifo|    s_norm2_out|       pointer|
|s_norm2_out_write           |  out|    1|     ap_fifo|    s_norm2_out|       pointer|
|s_norm2_out_num_data_valid  |   in|   32|     ap_fifo|    s_norm2_out|       pointer|
|s_norm2_out_fifo_cap        |   in|   32|     ap_fifo|    s_norm2_out|       pointer|
+----------------------------+-----+-----+------------+---------------+--------------+

============================================================
+ Verbose Summary: Synthesis Manager
============================================================
InlineROM: 1
ExposeGlobal: 0
============================================================
+ Verbose Summary: CDFG Model
============================================================
IsTopModel: 0
ResetActiveHigh: 1
IsCombinational: 2
IsDatapathOnly: 0
HasWiredReturn: 1
HasMFsm: 0
HasVarLatency: 1
IsPipeline: 0
IsRtlPipelined: 0
IsInstanceOverlapped: 0
IsDontTouch: 0
HasImplIP: 0
IsGatedGlobalClock: 0


============================================================
+ Verbose Summary: Schedule
============================================================
* Number of FSM states : 4
* Pipeline : 0
* Dataflow Pipeline: 0

* FSM state transitions: 
1 --> 2 
2 --> 3 
3 --> 4 
4 --> 

* FSM state operations: 

State 1 <SV = 0> <Delay = 0.00>
ST_1 : Operation 5 [1/1] (0.00ns)   --->   "%sum_x_loc = alloca i64 1"   --->   Operation 5 'alloca' 'sum_x_loc' <Predicate = true> <Delay = 0.00>
ST_1 : Operation 6 [1/1] (0.00ns)   --->   "%buf_loc = alloca i64 1"   --->   Operation 6 'alloca' 'buf_loc' <Predicate = true> <Delay = 0.00>
ST_1 : Operation 7 [1/1] (0.00ns)   --->   "%buf_35_loc = alloca i64 1"   --->   Operation 7 'alloca' 'buf_35_loc' <Predicate = true> <Delay = 0.00>
ST_1 : Operation 8 [1/1] (0.00ns)   --->   "%buf_36_loc = alloca i64 1"   --->   Operation 8 'alloca' 'buf_36_loc' <Predicate = true> <Delay = 0.00>
ST_1 : Operation 9 [1/1] (0.00ns)   --->   "%buf_37_loc = alloca i64 1"   --->   Operation 9 'alloca' 'buf_37_loc' <Predicate = true> <Delay = 0.00>
ST_1 : Operation 10 [1/1] (0.00ns)   --->   "%buf_38_loc = alloca i64 1"   --->   Operation 10 'alloca' 'buf_38_loc' <Predicate = true> <Delay = 0.00>
ST_1 : Operation 11 [1/1] (0.00ns)   --->   "%buf_39_loc = alloca i64 1"   --->   Operation 11 'alloca' 'buf_39_loc' <Predicate = true> <Delay = 0.00>
ST_1 : Operation 12 [1/1] (0.00ns)   --->   "%buf_40_loc = alloca i64 1"   --->   Operation 12 'alloca' 'buf_40_loc' <Predicate = true> <Delay = 0.00>
ST_1 : Operation 13 [1/1] (0.00ns)   --->   "%buf_41_loc = alloca i64 1"   --->   Operation 13 'alloca' 'buf_41_loc' <Predicate = true> <Delay = 0.00>
ST_1 : Operation 14 [1/1] (0.00ns)   --->   "%buf_42_loc = alloca i64 1"   --->   Operation 14 'alloca' 'buf_42_loc' <Predicate = true> <Delay = 0.00>
ST_1 : Operation 15 [1/1] (0.00ns)   --->   "%buf_43_loc = alloca i64 1"   --->   Operation 15 'alloca' 'buf_43_loc' <Predicate = true> <Delay = 0.00>
ST_1 : Operation 16 [1/1] (0.00ns)   --->   "%buf_44_loc = alloca i64 1"   --->   Operation 16 'alloca' 'buf_44_loc' <Predicate = true> <Delay = 0.00>
ST_1 : Operation 17 [1/1] (0.00ns)   --->   "%buf_45_loc = alloca i64 1"   --->   Operation 17 'alloca' 'buf_45_loc' <Predicate = true> <Delay = 0.00>
ST_1 : Operation 18 [1/1] (0.00ns)   --->   "%buf_46_loc = alloca i64 1"   --->   Operation 18 'alloca' 'buf_46_loc' <Predicate = true> <Delay = 0.00>
ST_1 : Operation 19 [1/1] (0.00ns)   --->   "%buf_47_loc = alloca i64 1"   --->   Operation 19 'alloca' 'buf_47_loc' <Predicate = true> <Delay = 0.00>
ST_1 : Operation 20 [1/1] (0.00ns)   --->   "%buf_48_loc = alloca i64 1"   --->   Operation 20 'alloca' 'buf_48_loc' <Predicate = true> <Delay = 0.00>
ST_1 : Operation 21 [1/1] (0.00ns)   --->   "%buf_49_loc = alloca i64 1"   --->   Operation 21 'alloca' 'buf_49_loc' <Predicate = true> <Delay = 0.00>
ST_1 : Operation 22 [2/2] (0.00ns)   --->   "%call_ln0 = call void @stateful_norm_Pipeline_VITIS_LOOP_85_1, i16 %s_norm2_in, i8 %buf_49_loc, i8 %buf_48_loc, i8 %buf_47_loc, i8 %buf_46_loc, i8 %buf_45_loc, i8 %buf_44_loc, i8 %buf_43_loc, i8 %buf_42_loc, i8 %buf_41_loc, i8 %buf_40_loc, i8 %buf_39_loc, i8 %buf_38_loc, i8 %buf_37_loc, i8 %buf_36_loc, i8 %buf_35_loc, i8 %buf_loc, i12 %sum_x_loc"   --->   Operation 22 'call' 'call_ln0' <Predicate = true> <Delay = 0.00> <CoreType = "Generic">   --->   Generic Core

State 2 <SV = 1> <Delay = 0.00>
ST_2 : Operation 23 [1/2] (0.00ns)   --->   "%call_ln0 = call void @stateful_norm_Pipeline_VITIS_LOOP_85_1, i16 %s_norm2_in, i8 %buf_49_loc, i8 %buf_48_loc, i8 %buf_47_loc, i8 %buf_46_loc, i8 %buf_45_loc, i8 %buf_44_loc, i8 %buf_43_loc, i8 %buf_42_loc, i8 %buf_41_loc, i8 %buf_40_loc, i8 %buf_39_loc, i8 %buf_38_loc, i8 %buf_37_loc, i8 %buf_36_loc, i8 %buf_35_loc, i8 %buf_loc, i12 %sum_x_loc"   --->   Operation 23 'call' 'call_ln0' <Predicate = true> <Delay = 0.00> <CoreType = "Generic">   --->   Generic Core

State 3 <SV = 2> <Delay = 3.46>
ST_3 : Operation 24 [1/1] (0.00ns)   --->   "%fence_ln100 = fence void @_ssdm_op_Fence, i16 %s_norm2_in, i32 4294967295, i16 %s_norm2_out, i32 0" [main.cpp:100]   --->   Operation 24 'fence' 'fence_ln100' <Predicate = true> <Delay = 0.00>
ST_3 : Operation 25 [1/1] (0.00ns)   --->   "%buf_49_loc_load = load i8 %buf_49_loc"   --->   Operation 25 'load' 'buf_49_loc_load' <Predicate = true> <Delay = 0.00>
ST_3 : Operation 26 [1/1] (0.00ns)   --->   "%buf_48_loc_load = load i8 %buf_48_loc"   --->   Operation 26 'load' 'buf_48_loc_load' <Predicate = true> <Delay = 0.00>
ST_3 : Operation 27 [1/1] (0.00ns)   --->   "%buf_47_loc_load = load i8 %buf_47_loc"   --->   Operation 27 'load' 'buf_47_loc_load' <Predicate = true> <Delay = 0.00>
ST_3 : Operation 28 [1/1] (0.00ns)   --->   "%buf_46_loc_load = load i8 %buf_46_loc"   --->   Operation 28 'load' 'buf_46_loc_load' <Predicate = true> <Delay = 0.00>
ST_3 : Operation 29 [1/1] (0.00ns)   --->   "%buf_45_loc_load = load i8 %buf_45_loc"   --->   Operation 29 'load' 'buf_45_loc_load' <Predicate = true> <Delay = 0.00>
ST_3 : Operation 30 [1/1] (0.00ns)   --->   "%buf_44_loc_load = load i8 %buf_44_loc"   --->   Operation 30 'load' 'buf_44_loc_load' <Predicate = true> <Delay = 0.00>
ST_3 : Operation 31 [1/1] (0.00ns)   --->   "%buf_43_loc_load = load i8 %buf_43_loc"   --->   Operation 31 'load' 'buf_43_loc_load' <Predicate = true> <Delay = 0.00>
ST_3 : Operation 32 [1/1] (0.00ns)   --->   "%buf_42_loc_load = load i8 %buf_42_loc"   --->   Operation 32 'load' 'buf_42_loc_load' <Predicate = true> <Delay = 0.00>
ST_3 : Operation 33 [1/1] (0.00ns)   --->   "%buf_41_loc_load = load i8 %buf_41_loc"   --->   Operation 33 'load' 'buf_41_loc_load' <Predicate = true> <Delay = 0.00>
ST_3 : Operation 34 [1/1] (0.00ns)   --->   "%buf_40_loc_load = load i8 %buf_40_loc"   --->   Operation 34 'load' 'buf_40_loc_load' <Predicate = true> <Delay = 0.00>
ST_3 : Operation 35 [1/1] (0.00ns)   --->   "%buf_39_loc_load = load i8 %buf_39_loc"   --->   Operation 35 'load' 'buf_39_loc_load' <Predicate = true> <Delay = 0.00>
ST_3 : Operation 36 [1/1] (0.00ns)   --->   "%buf_38_loc_load = load i8 %buf_38_loc"   --->   Operation 36 'load' 'buf_38_loc_load' <Predicate = true> <Delay = 0.00>
ST_3 : Operation 37 [1/1] (0.00ns)   --->   "%buf_37_loc_load = load i8 %buf_37_loc"   --->   Operation 37 'load' 'buf_37_loc_load' <Predicate = true> <Delay = 0.00>
ST_3 : Operation 38 [1/1] (0.00ns)   --->   "%buf_36_loc_load = load i8 %buf_36_loc"   --->   Operation 38 'load' 'buf_36_loc_load' <Predicate = true> <Delay = 0.00>
ST_3 : Operation 39 [1/1] (0.00ns)   --->   "%buf_35_loc_load = load i8 %buf_35_loc"   --->   Operation 39 'load' 'buf_35_loc_load' <Predicate = true> <Delay = 0.00>
ST_3 : Operation 40 [1/1] (0.00ns)   --->   "%buf_loc_load = load i8 %buf_loc"   --->   Operation 40 'load' 'buf_loc_load' <Predicate = true> <Delay = 0.00>
ST_3 : Operation 41 [1/1] (0.00ns)   --->   "%sum_x_loc_load = load i12 %sum_x_loc"   --->   Operation 41 'load' 'sum_x_loc_load' <Predicate = true> <Delay = 0.00>
ST_3 : Operation 42 [1/1] (0.00ns)   --->   "%trunc_ln = partselect i8 @_ssdm_op_PartSelect.i8.i12.i32.i32, i12 %sum_x_loc_load, i32 4, i32 11" [main.cpp:100]   --->   Operation 42 'partselect' 'trunc_ln' <Predicate = true> <Delay = 0.00>
ST_3 : Operation 43 [1/1] (0.00ns)   --->   "%fence_ln109 = fence void @_ssdm_op_Fence, i16 %s_norm2_in, i32 4294967295, i16 %s_norm2_out, i32 0" [main.cpp:109]   --->   Operation 43 'fence' 'fence_ln109' <Predicate = true> <Delay = 0.00>
ST_3 : Operation 44 [2/2] (3.46ns)   --->   "%call_ln100 = call void @stateful_norm_Pipeline_VITIS_LOOP_109_3, i8 %buf_loc_load, i8 %buf_36_loc_load, i8 %buf_38_loc_load, i8 %buf_40_loc_load, i8 %buf_42_loc_load, i8 %buf_44_loc_load, i8 %buf_46_loc_load, i8 %buf_48_loc_load, i8 %trunc_ln, i8 %buf_35_loc_load, i8 %buf_37_loc_load, i8 %buf_39_loc_load, i8 %buf_41_loc_load, i8 %buf_43_loc_load, i8 %buf_45_loc_load, i8 %buf_47_loc_load, i8 %buf_49_loc_load, i16 %s_norm2_out" [main.cpp:100]   --->   Operation 44 'call' 'call_ln100' <Predicate = true> <Delay = 3.46> <CoreType = "Generic">   --->   Generic Core

State 4 <SV = 3> <Delay = 4.15>
ST_4 : Operation 45 [1/1] (0.00ns)   --->   "%specinterface_ln0 = specinterface void @_ssdm_op_SpecInterface, i16 %s_norm2_out, void @empty_7, i32 0, i32 0, void @empty_9, i32 0, i32 0, void @empty_9, void @empty_9, void @empty_9, i32 0, i32 0, i32 0, i32 0, void @empty_9, void @empty_9, i32 4294967295, i32 0, i32 0, i32 0"   --->   Operation 45 'specinterface' 'specinterface_ln0' <Predicate = true> <Delay = 0.00>
ST_4 : Operation 46 [1/1] (0.00ns)   --->   "%specinterface_ln0 = specinterface void @_ssdm_op_SpecInterface, i16 %s_norm2_in, void @empty_7, i32 0, i32 0, void @empty_9, i32 0, i32 0, void @empty_9, void @empty_9, void @empty_9, i32 0, i32 0, i32 0, i32 0, void @empty_9, void @empty_9, i32 4294967295, i32 0, i32 0, i32 0"   --->   Operation 46 'specinterface' 'specinterface_ln0' <Predicate = true> <Delay = 0.00>
ST_4 : Operation 47 [1/2] (4.15ns)   --->   "%call_ln100 = call void @stateful_norm_Pipeline_VITIS_LOOP_109_3, i8 %buf_loc_load, i8 %buf_36_loc_load, i8 %buf_38_loc_load, i8 %buf_40_loc_load, i8 %buf_42_loc_load, i8 %buf_44_loc_load, i8 %buf_46_loc_load, i8 %buf_48_loc_load, i8 %trunc_ln, i8 %buf_35_loc_load, i8 %buf_37_loc_load, i8 %buf_39_loc_load, i8 %buf_41_loc_load, i8 %buf_43_loc_load, i8 %buf_45_loc_load, i8 %buf_47_loc_load, i8 %buf_49_loc_load, i16 %s_norm2_out" [main.cpp:100]   --->   Operation 47 'call' 'call_ln100' <Predicate = true> <Delay = 4.15> <CoreType = "Generic">   --->   Generic Core
ST_4 : Operation 48 [1/1] (0.00ns)   --->   "%ret_ln122 = ret" [main.cpp:122]   --->   Operation 48 'ret' 'ret_ln122' <Predicate = true> <Delay = 0.00>


============================================================
+ Verbose Summary: Binding
============================================================
STG Binding: 
---------------- STG Properties BEGIN ----------------
- Is combinational: 0
- Is one-state seq: 0
- Is datapath-only: 0
- Is pipelined: 0
- Is top level: 0
Port [ Return ] is wired: 1; IO mode=ap_ctrl_hs:ce=0
Port [ s_norm2_in]:  wired=1; compound=1; hidden=0; nouse=0; global=0; static=0; extern=0; dir=0; type=3; pingpong=0; private_global=0; IO mode=ap_fifo:ce=0
Port [ s_norm2_out]:  wired=1; compound=1; hidden=0; nouse=0; global=0; static=0; extern=0; dir=1; type=3; pingpong=0; private_global=0; IO mode=ap_fifo:ce=0
---------------- STG Properties END ------------------

---------------- Datapath Model BEGIN ----------------

<LifeTime>
<method=bitvector/>
sum_x_loc         (alloca       ) [ 01110]
buf_loc           (alloca       ) [ 01110]
buf_35_loc        (alloca       ) [ 01110]
buf_36_loc        (alloca       ) [ 01110]
buf_37_loc        (alloca       ) [ 01110]
buf_38_loc        (alloca       ) [ 01110]
buf_39_loc        (alloca       ) [ 01110]
buf_40_loc        (alloca       ) [ 01110]
buf_41_loc        (alloca       ) [ 01110]
buf_42_loc        (alloca       ) [ 01110]
buf_43_loc        (alloca       ) [ 01110]
buf_44_loc        (alloca       ) [ 01110]
buf_45_loc        (alloca       ) [ 01110]
buf_46_loc        (alloca       ) [ 01110]
buf_47_loc        (alloca       ) [ 01110]
buf_48_loc        (alloca       ) [ 01110]
buf_49_loc        (alloca       ) [ 01110]
call_ln0          (call         ) [ 00000]
fence_ln100       (fence        ) [ 00000]
buf_49_loc_load   (load         ) [ 00001]
buf_48_loc_load   (load         ) [ 00001]
buf_47_loc_load   (load         ) [ 00001]
buf_46_loc_load   (load         ) [ 00001]
buf_45_loc_load   (load         ) [ 00001]
buf_44_loc_load   (load         ) [ 00001]
buf_43_loc_load   (load         ) [ 00001]
buf_42_loc_load   (load         ) [ 00001]
buf_41_loc_load   (load         ) [ 00001]
buf_40_loc_load   (load         ) [ 00001]
buf_39_loc_load   (load         ) [ 00001]
buf_38_loc_load   (load         ) [ 00001]
buf_37_loc_load   (load         ) [ 00001]
buf_36_loc_load   (load         ) [ 00001]
buf_35_loc_load   (load         ) [ 00001]
buf_loc_load      (load         ) [ 00001]
sum_x_loc_load    (load         ) [ 00000]
trunc_ln          (partselect   ) [ 00001]
fence_ln109       (fence        ) [ 00000]
specinterface_ln0 (specinterface) [ 00000]
specinterface_ln0 (specinterface) [ 00000]
call_ln100        (call         ) [ 00000]
ret_ln122         (ret          ) [ 00000]
</LifeTime>

<model>

<comp_list>
<comp id="0" class="1000" name="s_norm2_in">
<pin_list>
<pin id="1" dir="1" index="0" bw="1" slack="0"/>
</pin_list>
<bind>
<StgValue><ssdm name="s_norm2_in"/></StgValue>
</bind>
</comp>

<comp id="2" class="1000" name="s_norm2_out">
<pin_list>
<pin id="3" dir="1" index="0" bw="1" slack="0"/>
</pin_list>
<bind>
<StgValue><ssdm name="s_norm2_out"/></StgValue>
</bind>
</comp>

<comp id="4" class="1001" name="const_4">
<pin_list>
<pin id="5" dir="1" index="0" bw="1" slack="0"/>
</pin_list>
<bind>
<StgValue><ssdm name=""/></StgValue>
</bind>
</comp>

<comp id="6" class="1001" name="const_6">
<pin_list>
<pin id="7" dir="1" index="0" bw="1" slack="0"/>
</pin_list>
<bind>
<StgValue><ssdm name="stateful_norm_Pipeline_VITIS_LOOP_85_1"/></StgValue>
</bind>
</comp>

<comp id="8" class="1001" name="const_8">
<pin_list>
<pin id="9" dir="1" index="0" bw="1" slack="0"/>
</pin_list>
<bind>
<StgValue><ssdm name="_ssdm_op_Fence"/></StgValue>
</bind>
</comp>

<comp id="10" class="1001" name="const_10">
<pin_list>
<pin id="11" dir="1" index="0" bw="1" slack="0"/>
</pin_list>
<bind>
<StgValue><ssdm name=""/></StgValue>
</bind>
</comp>

<comp id="12" class="1001" name="const_12">
<pin_list>
<pin id="13" dir="1" index="0" bw="1" slack="0"/>
</pin_list>
<bind>
<StgValue><ssdm name=""/></StgValue>
</bind>
</comp>

<comp id="14" class="1001" name="const_14">
<pin_list>
<pin id="15" dir="1" index="0" bw="1" slack="0"/>
</pin_list>
<bind>
<StgValue><ssdm name="_ssdm_op_PartSelect.i8.i12.i32.i32"/></StgValue>
</bind>
</comp>

<comp id="16" class="1001" name="const_16">
<pin_list>
<pin id="17" dir="1" index="0" bw="1" slack="0"/>
</pin_list>
<bind>
<StgValue><ssdm name=""/></StgValue>
</bind>
</comp>

<comp id="18" class="1001" name="const_18">
<pin_list>
<pin id="19" dir="1" index="0" bw="1" slack="0"/>
</pin_list>
<bind>
<StgValue><ssdm name=""/></StgValue>
</bind>
</comp>

<comp id="20" class="1001" name="const_20">
<pin_list>
<pin id="21" dir="1" index="0" bw="1" slack="0"/>
</pin_list>
<bind>
<StgValue><ssdm name="stateful_norm_Pipeline_VITIS_LOOP_109_3"/></StgValue>
</bind>
</comp>

<comp id="22" class="1001" name="const_22">
<pin_list>
<pin id="23" dir="1" index="0" bw="1" slack="2147483647"/>
</pin_list>
<bind>
<StgValue><ssdm name="_ssdm_op_SpecInterface"/></StgValue>
</bind>
</comp>

<comp id="24" class="1001" name="const_24">
<pin_list>
<pin id="25" dir="1" index="0" bw="1" slack="2147483647"/>
</pin_list>
<bind>
<StgValue><ssdm name="empty_7"/></StgValue>
</bind>
</comp>

<comp id="26" class="1001" name="const_26">
<pin_list>
<pin id="27" dir="1" index="0" bw="1" slack="2147483647"/>
</pin_list>
<bind>
<StgValue><ssdm name="empty_9"/></StgValue>
</bind>
</comp>

<comp id="28" class="1004" name="sum_x_loc_fu_28">
<pin_list>
<pin id="29" dir="0" index="0" bw="1" slack="0"/>
<pin id="30" dir="1" index="1" bw="12" slack="0"/>
</pin_list>
<bind>
<opcode="alloca(26) " fcode="alloca"/>
<opset="sum_x_loc/1 "/>
</bind>
</comp>

<comp id="32" class="1004" name="buf_loc_fu_32">
<pin_list>
<pin id="33" dir="0" index="0" bw="1" slack="0"/>
<pin id="34" dir="1" index="1" bw="8" slack="0"/>
</pin_list>
<bind>
<opcode="alloca(26) " fcode="alloca"/>
<opset="buf_loc/1 "/>
</bind>
</comp>

<comp id="36" class="1004" name="buf_35_loc_fu_36">
<pin_list>
<pin id="37" dir="0" index="0" bw="1" slack="0"/>
<pin id="38" dir="1" index="1" bw="8" slack="0"/>
</pin_list>
<bind>
<opcode="alloca(26) " fcode="alloca"/>
<opset="buf_35_loc/1 "/>
</bind>
</comp>

<comp id="40" class="1004" name="buf_36_loc_fu_40">
<pin_list>
<pin id="41" dir="0" index="0" bw="1" slack="0"/>
<pin id="42" dir="1" index="1" bw="8" slack="0"/>
</pin_list>
<bind>
<opcode="alloca(26) " fcode="alloca"/>
<opset="buf_36_loc/1 "/>
</bind>
</comp>

<comp id="44" class="1004" name="buf_37_loc_fu_44">
<pin_list>
<pin id="45" dir="0" index="0" bw="1" slack="0"/>
<pin id="46" dir="1" index="1" bw="8" slack="0"/>
</pin_list>
<bind>
<opcode="alloca(26) " fcode="alloca"/>
<opset="buf_37_loc/1 "/>
</bind>
</comp>

<comp id="48" class="1004" name="buf_38_loc_fu_48">
<pin_list>
<pin id="49" dir="0" index="0" bw="1" slack="0"/>
<pin id="50" dir="1" index="1" bw="8" slack="0"/>
</pin_list>
<bind>
<opcode="alloca(26) " fcode="alloca"/>
<opset="buf_38_loc/1 "/>
</bind>
</comp>

<comp id="52" class="1004" name="buf_39_loc_fu_52">
<pin_list>
<pin id="53" dir="0" index="0" bw="1" slack="0"/>
<pin id="54" dir="1" index="1" bw="8" slack="0"/>
</pin_list>
<bind>
<opcode="alloca(26) " fcode="alloca"/>
<opset="buf_39_loc/1 "/>
</bind>
</comp>

<comp id="56" class="1004" name="buf_40_loc_fu_56">
<pin_list>
<pin id="57" dir="0" index="0" bw="1" slack="0"/>
<pin id="58" dir="1" index="1" bw="8" slack="0"/>
</pin_list>
<bind>
<opcode="alloca(26) " fcode="alloca"/>
<opset="buf_40_loc/1 "/>
</bind>
</comp>

<comp id="60" class="1004" name="buf_41_loc_fu_60">
<pin_list>
<pin id="61" dir="0" index="0" bw="1" slack="0"/>
<pin id="62" dir="1" index="1" bw="8" slack="0"/>
</pin_list>
<bind>
<opcode="alloca(26) " fcode="alloca"/>
<opset="buf_41_loc/1 "/>
</bind>
</comp>

<comp id="64" class="1004" name="buf_42_loc_fu_64">
<pin_list>
<pin id="65" dir="0" index="0" bw="1" slack="0"/>
<pin id="66" dir="1" index="1" bw="8" slack="0"/>
</pin_list>
<bind>
<opcode="alloca(26) " fcode="alloca"/>
<opset="buf_42_loc/1 "/>
</bind>
</comp>

<comp id="68" class="1004" name="buf_43_loc_fu_68">
<pin_list>
<pin id="69" dir="0" index="0" bw="1" slack="0"/>
<pin id="70" dir="1" index="1" bw="8" slack="0"/>
</pin_list>
<bind>
<opcode="alloca(26) " fcode="alloca"/>
<opset="buf_43_loc/1 "/>
</bind>
</comp>

<comp id="72" class="1004" name="buf_44_loc_fu_72">
<pin_list>
<pin id="73" dir="0" index="0" bw="1" slack="0"/>
<pin id="74" dir="1" index="1" bw="8" slack="0"/>
</pin_list>
<bind>
<opcode="alloca(26) " fcode="alloca"/>
<opset="buf_44_loc/1 "/>
</bind>
</comp>

<comp id="76" class="1004" name="buf_45_loc_fu_76">
<pin_list>
<pin id="77" dir="0" index="0" bw="1" slack="0"/>
<pin id="78" dir="1" index="1" bw="8" slack="0"/>
</pin_list>
<bind>
<opcode="alloca(26) " fcode="alloca"/>
<opset="buf_45_loc/1 "/>
</bind>
</comp>

<comp id="80" class="1004" name="buf_46_loc_fu_80">
<pin_list>
<pin id="81" dir="0" index="0" bw="1" slack="0"/>
<pin id="82" dir="1" index="1" bw="8" slack="0"/>
</pin_list>
<bind>
<opcode="alloca(26) " fcode="alloca"/>
<opset="buf_46_loc/1 "/>
</bind>
</comp>

<comp id="84" class="1004" name="buf_47_loc_fu_84">
<pin_list>
<pin id="85" dir="0" index="0" bw="1" slack="0"/>
<pin id="86" dir="1" index="1" bw="8" slack="0"/>
</pin_list>
<bind>
<opcode="alloca(26) " fcode="alloca"/>
<opset="buf_47_loc/1 "/>
</bind>
</comp>

<comp id="88" class="1004" name="buf_48_loc_fu_88">
<pin_list>
<pin id="89" dir="0" index="0" bw="1" slack="0"/>
<pin id="90" dir="1" index="1" bw="8" slack="0"/>
</pin_list>
<bind>
<opcode="alloca(26) " fcode="alloca"/>
<opset="buf_48_loc/1 "/>
</bind>
</comp>

<comp id="92" class="1004" name="buf_49_loc_fu_92">
<pin_list>
<pin id="93" dir="0" index="0" bw="1" slack="0"/>
<pin id="94" dir="1" index="1" bw="8" slack="0"/>
</pin_list>
<bind>
<opcode="alloca(26) " fcode="alloca"/>
<opset="buf_49_loc/1 "/>
</bind>
</comp>

<comp id="96" class="1004" name="grp_stateful_norm_Pipeline_VITIS_LOOP_85_1_fu_96">
<pin_list>
<pin id="97" dir="0" index="0" bw="0" slack="0"/>
<pin id="98" dir="0" index="1" bw="16" slack="0"/>
<pin id="99" dir="0" index="2" bw="8" slack="0"/>
<pin id="100" dir="0" index="3" bw="8" slack="0"/>
<pin id="101" dir="0" index="4" bw="8" slack="0"/>
<pin id="102" dir="0" index="5" bw="8" slack="0"/>
<pin id="103" dir="0" index="6" bw="8" slack="0"/>
<pin id="104" dir="0" index="7" bw="8" slack="0"/>
<pin id="105" dir="0" index="8" bw="8" slack="0"/>
<pin id="106" dir="0" index="9" bw="8" slack="0"/>
<pin id="107" dir="0" index="10" bw="8" slack="0"/>
<pin id="108" dir="0" index="11" bw="8" slack="0"/>
<pin id="109" dir="0" index="12" bw="8" slack="0"/>
<pin id="110" dir="0" index="13" bw="8" slack="0"/>
<pin id="111" dir="0" index="14" bw="8" slack="0"/>
<pin id="112" dir="0" index="15" bw="8" slack="0"/>
<pin id="113" dir="0" index="16" bw="8" slack="0"/>
<pin id="114" dir="0" index="17" bw="8" slack="0"/>
<pin id="115" dir="0" index="18" bw="12" slack="0"/>
<pin id="116" dir="1" index="19" bw="0" slack="2147483647"/>
</pin_list>
<bind>
<opcode="call(48) " fcode="call"/>
<opset="call_ln0/1 "/>
</bind>
</comp>

<comp id="119" class="1004" name="grp_stateful_norm_Pipeline_VITIS_LOOP_109_3_fu_119">
<pin_list>
<pin id="120" dir="0" index="0" bw="0" slack="0"/>
<pin id="121" dir="0" index="1" bw="8" slack="0"/>
<pin id="122" dir="0" index="2" bw="8" slack="0"/>
<pin id="123" dir="0" index="3" bw="8" slack="0"/>
<pin id="124" dir="0" index="4" bw="8" slack="0"/>
<pin id="125" dir="0" index="5" bw="8" slack="0"/>
<pin id="126" dir="0" index="6" bw="8" slack="0"/>
<pin id="127" dir="0" index="7" bw="8" slack="0"/>
<pin id="128" dir="0" index="8" bw="8" slack="0"/>
<pin id="129" dir="0" index="9" bw="8" slack="0"/>
<pin id="130" dir="0" index="10" bw="8" slack="0"/>
<pin id="131" dir="0" index="11" bw="8" slack="0"/>
<pin id="132" dir="0" index="12" bw="8" slack="0"/>
<pin id="133" dir="0" index="13" bw="8" slack="0"/>
<pin id="134" dir="0" index="14" bw="8" slack="0"/>
<pin id="135" dir="0" index="15" bw="8" slack="0"/>
<pin id="136" dir="0" index="16" bw="8" slack="0"/>
<pin id="137" dir="0" index="17" bw="8" slack="0"/>
<pin id="138" dir="0" index="18" bw="16" slack="0"/>
<pin id="139" dir="1" index="19" bw="0" slack="2147483647"/>
</pin_list>
<bind>
<opcode="call(48) " fcode="call"/>
<opset="call_ln100/3 "/>
</bind>
</comp>

<comp id="142" class="1004" name="fence_ln100_fu_142">
<pin_list>
<pin id="143" dir="0" index="0" bw="0" slack="0"/>
<pin id="144" dir="0" index="1" bw="16" slack="0"/>
<pin id="145" dir="0" index="2" bw="1" slack="0"/>
<pin id="146" dir="0" index="3" bw="16" slack="0"/>
<pin id="147" dir="0" index="4" bw="1" slack="0"/>
<pin id="148" dir="1" index="5" bw="0" slack="2147483647"/>
</pin_list>
<bind>
<opcode="fence(30) " fcode="fence"/>
<opset="fence_ln100/3 "/>
</bind>
</comp>

<comp id="154" class="1004" name="buf_49_loc_load_load_fu_154">
<pin_list>
<pin id="155" dir="0" index="0" bw="8" slack="2"/>
<pin id="156" dir="1" index="1" bw="8" slack="0"/>
</pin_list>
<bind>
<opcode="load(27) " fcode="load"/>
<opset="buf_49_loc_load/3 "/>
</bind>
</comp>

<comp id="158" class="1004" name="buf_48_loc_load_load_fu_158">
<pin_list>
<pin id="159" dir="0" index="0" bw="8" slack="2"/>
<pin id="160" dir="1" index="1" bw="8" slack="0"/>
</pin_list>
<bind>
<opcode="load(27) " fcode="load"/>
<opset="buf_48_loc_load/3 "/>
</bind>
</comp>

<comp id="162" class="1004" name="buf_47_loc_load_load_fu_162">
<pin_list>
<pin id="163" dir="0" index="0" bw="8" slack="2"/>
<pin id="164" dir="1" index="1" bw="8" slack="0"/>
</pin_list>
<bind>
<opcode="load(27) " fcode="load"/>
<opset="buf_47_loc_load/3 "/>
</bind>
</comp>

<comp id="166" class="1004" name="buf_46_loc_load_load_fu_166">
<pin_list>
<pin id="167" dir="0" index="0" bw="8" slack="2"/>
<pin id="168" dir="1" index="1" bw="8" slack="0"/>
</pin_list>
<bind>
<opcode="load(27) " fcode="load"/>
<opset="buf_46_loc_load/3 "/>
</bind>
</comp>

<comp id="170" class="1004" name="buf_45_loc_load_load_fu_170">
<pin_list>
<pin id="171" dir="0" index="0" bw="8" slack="2"/>
<pin id="172" dir="1" index="1" bw="8" slack="0"/>
</pin_list>
<bind>
<opcode="load(27) " fcode="load"/>
<opset="buf_45_loc_load/3 "/>
</bind>
</comp>

<comp id="174" class="1004" name="buf_44_loc_load_load_fu_174">
<pin_list>
<pin id="175" dir="0" index="0" bw="8" slack="2"/>
<pin id="176" dir="1" index="1" bw="8" slack="0"/>
</pin_list>
<bind>
<opcode="load(27) " fcode="load"/>
<opset="buf_44_loc_load/3 "/>
</bind>
</comp>

<comp id="178" class="1004" name="buf_43_loc_load_load_fu_178">
<pin_list>
<pin id="179" dir="0" index="0" bw="8" slack="2"/>
<pin id="180" dir="1" index="1" bw="8" slack="0"/>
</pin_list>
<bind>
<opcode="load(27) " fcode="load"/>
<opset="buf_43_loc_load/3 "/>
</bind>
</comp>

<comp id="182" class="1004" name="buf_42_loc_load_load_fu_182">
<pin_list>
<pin id="183" dir="0" index="0" bw="8" slack="2"/>
<pin id="184" dir="1" index="1" bw="8" slack="0"/>
</pin_list>
<bind>
<opcode="load(27) " fcode="load"/>
<opset="buf_42_loc_load/3 "/>
</bind>
</comp>

<comp id="186" class="1004" name="buf_41_loc_load_load_fu_186">
<pin_list>
<pin id="187" dir="0" index="0" bw="8" slack="2"/>
<pin id="188" dir="1" index="1" bw="8" slack="0"/>
</pin_list>
<bind>
<opcode="load(27) " fcode="load"/>
<opset="buf_41_loc_load/3 "/>
</bind>
</comp>

<comp id="190" class="1004" name="buf_40_loc_load_load_fu_190">
<pin_list>
<pin id="191" dir="0" index="0" bw="8" slack="2"/>
<pin id="192" dir="1" index="1" bw="8" slack="0"/>
</pin_list>
<bind>
<opcode="load(27) " fcode="load"/>
<opset="buf_40_loc_load/3 "/>
</bind>
</comp>

<comp id="194" class="1004" name="buf_39_loc_load_load_fu_194">
<pin_list>
<pin id="195" dir="0" index="0" bw="8" slack="2"/>
<pin id="196" dir="1" index="1" bw="8" slack="0"/>
</pin_list>
<bind>
<opcode="load(27) " fcode="load"/>
<opset="buf_39_loc_load/3 "/>
</bind>
</comp>

<comp id="198" class="1004" name="buf_38_loc_load_load_fu_198">
<pin_list>
<pin id="199" dir="0" index="0" bw="8" slack="2"/>
<pin id="200" dir="1" index="1" bw="8" slack="0"/>
</pin_list>
<bind>
<opcode="load(27) " fcode="load"/>
<opset="buf_38_loc_load/3 "/>
</bind>
</comp>

<comp id="202" class="1004" name="buf_37_loc_load_load_fu_202">
<pin_list>
<pin id="203" dir="0" index="0" bw="8" slack="2"/>
<pin id="204" dir="1" index="1" bw="8" slack="0"/>
</pin_list>
<bind>
<opcode="load(27) " fcode="load"/>
<opset="buf_37_loc_load/3 "/>
</bind>
</comp>

<comp id="206" class="1004" name="buf_36_loc_load_load_fu_206">
<pin_list>
<pin id="207" dir="0" index="0" bw="8" slack="2"/>
<pin id="208" dir="1" index="1" bw="8" slack="0"/>
</pin_list>
<bind>
<opcode="load(27) " fcode="load"/>
<opset="buf_36_loc_load/3 "/>
</bind>
</comp>

<comp id="210" class="1004" name="buf_35_loc_load_load_fu_210">
<pin_list>
<pin id="211" dir="0" index="0" bw="8" slack="2"/>
<pin id="212" dir="1" index="1" bw="8" slack="0"/>
</pin_list>
<bind>
<opcode="load(27) " fcode="load"/>
<opset="buf_35_loc_load/3 "/>
</bind>
</comp>

<comp id="214" class="1004" name="buf_loc_load_load_fu_214">
<pin_list>
<pin id="215" dir="0" index="0" bw="8" slack="2"/>
<pin id="216" dir="1" index="1" bw="8" slack="0"/>
</pin_list>
<bind>
<opcode="load(27) " fcode="load"/>
<opset="buf_loc_load/3 "/>
</bind>
</comp>

<comp id="218" class="1004" name="sum_x_loc_load_load_fu_218">
<pin_list>
<pin id="219" dir="0" index="0" bw="12" slack="2"/>
<pin id="220" dir="1" index="1" bw="12" slack="0"/>
</pin_list>
<bind>
<opcode="load(27) " fcode="load"/>
<opset="sum_x_loc_load/3 "/>
</bind>
</comp>

<comp id="221" class="1004" name="trunc_ln_fu_221">
<pin_list>
<pin id="222" dir="0" index="0" bw="8" slack="0"/>
<pin id="223" dir="0" index="1" bw="12" slack="0"/>
<pin id="224" dir="0" index="2" bw="4" slack="0"/>
<pin id="225" dir="0" index="3" bw="5" slack="0"/>
<pin id="226" dir="1" index="4" bw="8" slack="0"/>
</pin_list>
<bind>
<opcode="partselect(1002) " fcode="partselect"/>
<opset="trunc_ln/3 "/>
</bind>
</comp>

<comp id="232" class="1004" name="fence_ln109_fu_232">
<pin_list>
<pin id="233" dir="0" index="0" bw="0" slack="0"/>
<pin id="234" dir="0" index="1" bw="16" slack="0"/>
<pin id="235" dir="0" index="2" bw="1" slack="0"/>
<pin id="236" dir="0" index="3" bw="16" slack="0"/>
<pin id="237" dir="0" index="4" bw="1" slack="0"/>
<pin id="238" dir="1" index="5" bw="0" slack="2147483647"/>
</pin_list>
<bind>
<opcode="fence(30) " fcode="fence"/>
<opset="fence_ln109/3 "/>
</bind>
</comp>

<comp id="244" class="1005" name="sum_x_loc_reg_244">
<pin_list>
<pin id="245" dir="0" index="0" bw="12" slack="0"/>
<pin id="246" dir="1" index="1" bw="12" slack="0"/>
</pin_list>
<bind>
<opset="sum_x_loc "/>
</bind>
</comp>

<comp id="250" class="1005" name="buf_loc_reg_250">
<pin_list>
<pin id="251" dir="0" index="0" bw="8" slack="0"/>
<pin id="252" dir="1" index="1" bw="8" slack="0"/>
</pin_list>
<bind>
<opset="buf_loc "/>
</bind>
</comp>

<comp id="256" class="1005" name="buf_35_loc_reg_256">
<pin_list>
<pin id="257" dir="0" index="0" bw="8" slack="0"/>
<pin id="258" dir="1" index="1" bw="8" slack="0"/>
</pin_list>
<bind>
<opset="buf_35_loc "/>
</bind>
</comp>

<comp id="262" class="1005" name="buf_36_loc_reg_262">
<pin_list>
<pin id="263" dir="0" index="0" bw="8" slack="0"/>
<pin id="264" dir="1" index="1" bw="8" slack="0"/>
</pin_list>
<bind>
<opset="buf_36_loc "/>
</bind>
</comp>

<comp id="268" class="1005" name="buf_37_loc_reg_268">
<pin_list>
<pin id="269" dir="0" index="0" bw="8" slack="0"/>
<pin id="270" dir="1" index="1" bw="8" slack="0"/>
</pin_list>
<bind>
<opset="buf_37_loc "/>
</bind>
</comp>

<comp id="274" class="1005" name="buf_38_loc_reg_274">
<pin_list>
<pin id="275" dir="0" index="0" bw="8" slack="0"/>
<pin id="276" dir="1" index="1" bw="8" slack="0"/>
</pin_list>
<bind>
<opset="buf_38_loc "/>
</bind>
</comp>

<comp id="280" class="1005" name="buf_39_loc_reg_280">
<pin_list>
<pin id="281" dir="0" index="0" bw="8" slack="0"/>
<pin id="282" dir="1" index="1" bw="8" slack="0"/>
</pin_list>
<bind>
<opset="buf_39_loc "/>
</bind>
</comp>

<comp id="286" class="1005" name="buf_40_loc_reg_286">
<pin_list>
<pin id="287" dir="0" index="0" bw="8" slack="0"/>
<pin id="288" dir="1" index="1" bw="8" slack="0"/>
</pin_list>
<bind>
<opset="buf_40_loc "/>
</bind>
</comp>

<comp id="292" class="1005" name="buf_41_loc_reg_292">
<pin_list>
<pin id="293" dir="0" index="0" bw="8" slack="0"/>
<pin id="294" dir="1" index="1" bw="8" slack="0"/>
</pin_list>
<bind>
<opset="buf_41_loc "/>
</bind>
</comp>

<comp id="298" class="1005" name="buf_42_loc_reg_298">
<pin_list>
<pin id="299" dir="0" index="0" bw="8" slack="0"/>
<pin id="300" dir="1" index="1" bw="8" slack="0"/>
</pin_list>
<bind>
<opset="buf_42_loc "/>
</bind>
</comp>

<comp id="304" class="1005" name="buf_43_loc_reg_304">
<pin_list>
<pin id="305" dir="0" index="0" bw="8" slack="0"/>
<pin id="306" dir="1" index="1" bw="8" slack="0"/>
</pin_list>
<bind>
<opset="buf_43_loc "/>
</bind>
</comp>

<comp id="310" class="1005" name="buf_44_loc_reg_310">
<pin_list>
<pin id="311" dir="0" index="0" bw="8" slack="0"/>
<pin id="312" dir="1" index="1" bw="8" slack="0"/>
</pin_list>
<bind>
<opset="buf_44_loc "/>
</bind>
</comp>

<comp id="316" class="1005" name="buf_45_loc_reg_316">
<pin_list>
<pin id="317" dir="0" index="0" bw="8" slack="0"/>
<pin id="318" dir="1" index="1" bw="8" slack="0"/>
</pin_list>
<bind>
<opset="buf_45_loc "/>
</bind>
</comp>

<comp id="322" class="1005" name="buf_46_loc_reg_322">
<pin_list>
<pin id="323" dir="0" index="0" bw="8" slack="0"/>
<pin id="324" dir="1" index="1" bw="8" slack="0"/>
</pin_list>
<bind>
<opset="buf_46_loc "/>
</bind>
</comp>

<comp id="328" class="1005" name="buf_47_loc_reg_328">
<pin_list>
<pin id="329" dir="0" index="0" bw="8" slack="0"/>
<pin id="330" dir="1" index="1" bw="8" slack="0"/>
</pin_list>
<bind>
<opset="buf_47_loc "/>
</bind>
</comp>

<comp id="334" class="1005" name="buf_48_loc_reg_334">
<pin_list>
<pin id="335" dir="0" index="0" bw="8" slack="0"/>
<pin id="336" dir="1" index="1" bw="8" slack="0"/>
</pin_list>
<bind>
<opset="buf_48_loc "/>
</bind>
</comp>

<comp id="340" class="1005" name="buf_49_loc_reg_340">
<pin_list>
<pin id="341" dir="0" index="0" bw="8" slack="0"/>
<pin id="342" dir="1" index="1" bw="8" slack="0"/>
</pin_list>
<bind>
<opset="buf_49_loc "/>
</bind>
</comp>

<comp id="394" class="1005" name="trunc_ln_reg_394">
<pin_list>
<pin id="395" dir="0" index="0" bw="8" slack="1"/>
<pin id="396" dir="1" index="1" bw="8" slack="1"/>
</pin_list>
<bind>
<opset="trunc_ln "/>
</bind>
</comp>

</comp_list>

<net_list>
<net id="31"><net_src comp="4" pin="0"/><net_sink comp="28" pin=0"/></net>

<net id="35"><net_src comp="4" pin="0"/><net_sink comp="32" pin=0"/></net>

<net id="39"><net_src comp="4" pin="0"/><net_sink comp="36" pin=0"/></net>

<net id="43"><net_src comp="4" pin="0"/><net_sink comp="40" pin=0"/></net>

<net id="47"><net_src comp="4" pin="0"/><net_sink comp="44" pin=0"/></net>

<net id="51"><net_src comp="4" pin="0"/><net_sink comp="48" pin=0"/></net>

<net id="55"><net_src comp="4" pin="0"/><net_sink comp="52" pin=0"/></net>

<net id="59"><net_src comp="4" pin="0"/><net_sink comp="56" pin=0"/></net>

<net id="63"><net_src comp="4" pin="0"/><net_sink comp="60" pin=0"/></net>

<net id="67"><net_src comp="4" pin="0"/><net_sink comp="64" pin=0"/></net>

<net id="71"><net_src comp="4" pin="0"/><net_sink comp="68" pin=0"/></net>

<net id="75"><net_src comp="4" pin="0"/><net_sink comp="72" pin=0"/></net>

<net id="79"><net_src comp="4" pin="0"/><net_sink comp="76" pin=0"/></net>

<net id="83"><net_src comp="4" pin="0"/><net_sink comp="80" pin=0"/></net>

<net id="87"><net_src comp="4" pin="0"/><net_sink comp="84" pin=0"/></net>

<net id="91"><net_src comp="4" pin="0"/><net_sink comp="88" pin=0"/></net>

<net id="95"><net_src comp="4" pin="0"/><net_sink comp="92" pin=0"/></net>

<net id="117"><net_src comp="6" pin="0"/><net_sink comp="96" pin=0"/></net>

<net id="118"><net_src comp="0" pin="0"/><net_sink comp="96" pin=1"/></net>

<net id="140"><net_src comp="20" pin="0"/><net_sink comp="119" pin=0"/></net>

<net id="141"><net_src comp="2" pin="0"/><net_sink comp="119" pin=18"/></net>

<net id="149"><net_src comp="8" pin="0"/><net_sink comp="142" pin=0"/></net>

<net id="150"><net_src comp="0" pin="0"/><net_sink comp="142" pin=1"/></net>

<net id="151"><net_src comp="10" pin="0"/><net_sink comp="142" pin=2"/></net>

<net id="152"><net_src comp="2" pin="0"/><net_sink comp="142" pin=3"/></net>

<net id="153"><net_src comp="12" pin="0"/><net_sink comp="142" pin=4"/></net>

<net id="157"><net_src comp="154" pin="1"/><net_sink comp="119" pin=17"/></net>

<net id="161"><net_src comp="158" pin="1"/><net_sink comp="119" pin=8"/></net>

<net id="165"><net_src comp="162" pin="1"/><net_sink comp="119" pin=16"/></net>

<net id="169"><net_src comp="166" pin="1"/><net_sink comp="119" pin=7"/></net>

<net id="173"><net_src comp="170" pin="1"/><net_sink comp="119" pin=15"/></net>

<net id="177"><net_src comp="174" pin="1"/><net_sink comp="119" pin=6"/></net>

<net id="181"><net_src comp="178" pin="1"/><net_sink comp="119" pin=14"/></net>

<net id="185"><net_src comp="182" pin="1"/><net_sink comp="119" pin=5"/></net>

<net id="189"><net_src comp="186" pin="1"/><net_sink comp="119" pin=13"/></net>

<net id="193"><net_src comp="190" pin="1"/><net_sink comp="119" pin=4"/></net>

<net id="197"><net_src comp="194" pin="1"/><net_sink comp="119" pin=12"/></net>

<net id="201"><net_src comp="198" pin="1"/><net_sink comp="119" pin=3"/></net>

<net id="205"><net_src comp="202" pin="1"/><net_sink comp="119" pin=11"/></net>

<net id="209"><net_src comp="206" pin="1"/><net_sink comp="119" pin=2"/></net>

<net id="213"><net_src comp="210" pin="1"/><net_sink comp="119" pin=10"/></net>

<net id="217"><net_src comp="214" pin="1"/><net_sink comp="119" pin=1"/></net>

<net id="227"><net_src comp="14" pin="0"/><net_sink comp="221" pin=0"/></net>

<net id="228"><net_src comp="218" pin="1"/><net_sink comp="221" pin=1"/></net>

<net id="229"><net_src comp="16" pin="0"/><net_sink comp="221" pin=2"/></net>

<net id="230"><net_src comp="18" pin="0"/><net_sink comp="221" pin=3"/></net>

<net id="231"><net_src comp="221" pin="4"/><net_sink comp="119" pin=9"/></net>

<net id="239"><net_src comp="8" pin="0"/><net_sink comp="232" pin=0"/></net>

<net id="240"><net_src comp="0" pin="0"/><net_sink comp="232" pin=1"/></net>

<net id="241"><net_src comp="10" pin="0"/><net_sink comp="232" pin=2"/></net>

<net id="242"><net_src comp="2" pin="0"/><net_sink comp="232" pin=3"/></net>

<net id="243"><net_src comp="12" pin="0"/><net_sink comp="232" pin=4"/></net>

<net id="247"><net_src comp="28" pin="1"/><net_sink comp="244" pin=0"/></net>

<net id="248"><net_src comp="244" pin="1"/><net_sink comp="96" pin=18"/></net>

<net id="249"><net_src comp="244" pin="1"/><net_sink comp="218" pin=0"/></net>

<net id="253"><net_src comp="32" pin="1"/><net_sink comp="250" pin=0"/></net>

<net id="254"><net_src comp="250" pin="1"/><net_sink comp="96" pin=17"/></net>

<net id="255"><net_src comp="250" pin="1"/><net_sink comp="214" pin=0"/></net>

<net id="259"><net_src comp="36" pin="1"/><net_sink comp="256" pin=0"/></net>

<net id="260"><net_src comp="256" pin="1"/><net_sink comp="96" pin=16"/></net>

<net id="261"><net_src comp="256" pin="1"/><net_sink comp="210" pin=0"/></net>

<net id="265"><net_src comp="40" pin="1"/><net_sink comp="262" pin=0"/></net>

<net id="266"><net_src comp="262" pin="1"/><net_sink comp="96" pin=15"/></net>

<net id="267"><net_src comp="262" pin="1"/><net_sink comp="206" pin=0"/></net>

<net id="271"><net_src comp="44" pin="1"/><net_sink comp="268" pin=0"/></net>

<net id="272"><net_src comp="268" pin="1"/><net_sink comp="96" pin=14"/></net>

<net id="273"><net_src comp="268" pin="1"/><net_sink comp="202" pin=0"/></net>

<net id="277"><net_src comp="48" pin="1"/><net_sink comp="274" pin=0"/></net>

<net id="278"><net_src comp="274" pin="1"/><net_sink comp="96" pin=13"/></net>

<net id="279"><net_src comp="274" pin="1"/><net_sink comp="198" pin=0"/></net>

<net id="283"><net_src comp="52" pin="1"/><net_sink comp="280" pin=0"/></net>

<net id="284"><net_src comp="280" pin="1"/><net_sink comp="96" pin=12"/></net>

<net id="285"><net_src comp="280" pin="1"/><net_sink comp="194" pin=0"/></net>

<net id="289"><net_src comp="56" pin="1"/><net_sink comp="286" pin=0"/></net>

<net id="290"><net_src comp="286" pin="1"/><net_sink comp="96" pin=11"/></net>

<net id="291"><net_src comp="286" pin="1"/><net_sink comp="190" pin=0"/></net>

<net id="295"><net_src comp="60" pin="1"/><net_sink comp="292" pin=0"/></net>

<net id="296"><net_src comp="292" pin="1"/><net_sink comp="96" pin=10"/></net>

<net id="297"><net_src comp="292" pin="1"/><net_sink comp="186" pin=0"/></net>

<net id="301"><net_src comp="64" pin="1"/><net_sink comp="298" pin=0"/></net>

<net id="302"><net_src comp="298" pin="1"/><net_sink comp="96" pin=9"/></net>

<net id="303"><net_src comp="298" pin="1"/><net_sink comp="182" pin=0"/></net>

<net id="307"><net_src comp="68" pin="1"/><net_sink comp="304" pin=0"/></net>

<net id="308"><net_src comp="304" pin="1"/><net_sink comp="96" pin=8"/></net>

<net id="309"><net_src comp="304" pin="1"/><net_sink comp="178" pin=0"/></net>

<net id="313"><net_src comp="72" pin="1"/><net_sink comp="310" pin=0"/></net>

<net id="314"><net_src comp="310" pin="1"/><net_sink comp="96" pin=7"/></net>

<net id="315"><net_src comp="310" pin="1"/><net_sink comp="174" pin=0"/></net>

<net id="319"><net_src comp="76" pin="1"/><net_sink comp="316" pin=0"/></net>

<net id="320"><net_src comp="316" pin="1"/><net_sink comp="96" pin=6"/></net>

<net id="321"><net_src comp="316" pin="1"/><net_sink comp="170" pin=0"/></net>

<net id="325"><net_src comp="80" pin="1"/><net_sink comp="322" pin=0"/></net>

<net id="326"><net_src comp="322" pin="1"/><net_sink comp="96" pin=5"/></net>

<net id="327"><net_src comp="322" pin="1"/><net_sink comp="166" pin=0"/></net>

<net id="331"><net_src comp="84" pin="1"/><net_sink comp="328" pin=0"/></net>

<net id="332"><net_src comp="328" pin="1"/><net_sink comp="96" pin=4"/></net>

<net id="333"><net_src comp="328" pin="1"/><net_sink comp="162" pin=0"/></net>

<net id="337"><net_src comp="88" pin="1"/><net_sink comp="334" pin=0"/></net>

<net id="338"><net_src comp="334" pin="1"/><net_sink comp="96" pin=3"/></net>

<net id="339"><net_src comp="334" pin="1"/><net_sink comp="158" pin=0"/></net>

<net id="343"><net_src comp="92" pin="1"/><net_sink comp="340" pin=0"/></net>

<net id="344"><net_src comp="340" pin="1"/><net_sink comp="96" pin=2"/></net>

<net id="345"><net_src comp="340" pin="1"/><net_sink comp="154" pin=0"/></net>

<net id="397"><net_src comp="221" pin="4"/><net_sink comp="394" pin=0"/></net>

<net id="398"><net_src comp="394" pin="1"/><net_sink comp="119" pin=9"/></net>

</net_list>

</model> 
---------------- Datapath Model END ------------------

* FSMD analyzer results:
  - Output states:
	Port: s_norm2_out | {3 4 }
 - Input state : 
	Port: stateful_norm : s_norm2_in | {1 2 }
  - Chain level:
	State 1
		call_ln0 : 1
	State 2
	State 3
		trunc_ln : 1
		call_ln100 : 2
	State 4


============================================================
+ Verbose Summary: Datapath Resource usage 
============================================================

* Functional unit list:
|----------|----------------------------------------------------|---------|---------|
| Operation|                   Functional Unit                  |    FF   |   LUT   |
|----------|----------------------------------------------------|---------|---------|
|   call   |  grp_stateful_norm_Pipeline_VITIS_LOOP_85_1_fu_96  |   157   |    60   |
|          | grp_stateful_norm_Pipeline_VITIS_LOOP_109_3_fu_119 |    18   |   134   |
|----------|----------------------------------------------------|---------|---------|
|   fence  |                 fence_ln100_fu_142                 |    0    |    0    |
|          |                 fence_ln109_fu_232                 |    0    |    0    |
|----------|----------------------------------------------------|---------|---------|
|partselect|                   trunc_ln_fu_221                  |    0    |    0    |
|----------|----------------------------------------------------|---------|---------|
|   Total  |                                                    |   175   |   194   |
|----------|----------------------------------------------------|---------|---------|

Memories:
N/A

* Register list:
+------------------+--------+
|                  |   FF   |
+------------------+--------+
|buf_35_loc_reg_256|    8   |
|buf_36_loc_reg_262|    8   |
|buf_37_loc_reg_268|    8   |
|buf_38_loc_reg_274|    8   |
|buf_39_loc_reg_280|    8   |
|buf_40_loc_reg_286|    8   |
|buf_41_loc_reg_292|    8   |
|buf_42_loc_reg_298|    8   |
|buf_43_loc_reg_304|    8   |
|buf_44_loc_reg_310|    8   |
|buf_45_loc_reg_316|    8   |
|buf_46_loc_reg_322|    8   |
|buf_47_loc_reg_328|    8   |
|buf_48_loc_reg_334|    8   |
|buf_49_loc_reg_340|    8   |
|  buf_loc_reg_250 |    8   |
| sum_x_loc_reg_244|   12   |
| trunc_ln_reg_394 |    8   |
+------------------+--------+
|       Total      |   148  |
+------------------+--------+

* Multiplexer (MUX) list: 
|----------------------------------------------------|------|------|------|--------||---------||---------||---------|
|                        Comp                        |  Pin | Size |  BW  | S x BW ||  Delay  ||    FF   ||   LUT   |
|----------------------------------------------------|------|------|------|--------||---------||---------||---------|
| grp_stateful_norm_Pipeline_VITIS_LOOP_109_3_fu_119 |  p9  |   2  |   8  |   16   ||    0    ||    9    |
|----------------------------------------------------|------|------|------|--------||---------||---------||---------|
|                        Total                       |      |      |      |   16   ||  1.294  ||    0    ||    9    |
|----------------------------------------------------|------|------|------|--------||---------||---------||---------|



* Summary:
+-----------+--------+--------+--------+
|           |  Delay |   FF   |   LUT  |
+-----------+--------+--------+--------+
|  Function |    -   |   175  |   194  |
|   Memory  |    -   |    -   |    -   |
|Multiplexer|    1   |    0   |    9   |
|  Register |    -   |   148  |    -   |
+-----------+--------+--------+--------+
|   Total   |    1   |   323  |   203  |
+-----------+--------+--------+--------+
