

================================================================
== Vitis HLS Report for 'stateful_softmax_Pipeline_VITIS_LOOP_217_4'
================================================================
* Date:           Fri May  1 14:34:41 2026

* Version:        2025.2 (Build 6295257 on Nov 14 2025)
* Project:        hls_component
* Solution:       solution1 (Vivado IP Flow Target)
* Product family: spartan7
* Target device:  xc7s50-csga324-2


================================================================
== Performance Estimates
================================================================
+ Timing: 
    * Summary: 
    +--------+----------+----------+------------+
    |  Clock |  Target  | Estimated| Uncertainty|
    +--------+----------+----------+------------+
    |ap_clk  |  10.00 ns|  6.282 ns|     2.70 ns|
    +--------+----------+----------+------------+

+ Latency: 
    * Summary: 
    +---------+---------+----------+----------+-----+-----+-------------------+
    |  Latency (cycles) |  Latency (absolute) |  Interval |      Pipeline     |
    |   min   |   max   |    min   |    max   | min | max |        Type       |
    +---------+---------+----------+----------+-----+-----+-------------------+
    |       30|       30|  0.300 us|  0.300 us|    0|    0|  loop pipeline stp|
    +---------+---------+----------+----------+-----+-----+-------------------+

    + Detail: 
        * Instance: 
        N/A

        * Loop: 
        +--------------------+---------+---------+----------+-----------+-----------+------+----------+
        |                    |  Latency (cycles) | Iteration|  Initiation Interval  | Trip |          |
        |      Loop Name     |   min   |   max   |  Latency |  achieved |   target  | Count| Pipelined|
        +--------------------+---------+---------+----------+-----------+-----------+------+----------+
        |- VITIS_LOOP_217_4  |       28|       28|        22|          1|          1|     8|       yes|
        +--------------------+---------+---------+----------+-----------+-----------+------+----------+

============================================================
+ Verbose Summary: Synthesis Manager
============================================================
InlineROM: 1
ExposeGlobal: 0
============================================================
+ Verbose Summary: CDFG Model
============================================================
IsTopModel: 0
ResetActiveHigh: 1
IsCombinational: 0
IsDatapathOnly: 0
HasWiredReturn: 1
HasMFsm: 2
HasVarLatency: 1
IsPipeline: 0
IsRtlPipelined: 0
IsInstanceOverlapped: 0
IsDontTouch: 0
HasImplIP: 0
IsGatedGlobalClock: 0

+ Individual pipeline summary: 
  * Pipeline-0: initiation interval (II) = 1, depth = 22


============================================================
+ Verbose Summary: Schedule
============================================================
* Number of FSM states : 22
* Pipeline : 1
  Pipeline-0 : II = 1, D = 22, States = { 1 2 3 4 5 6 7 8 9 10 11 12 13 14 15 16 17 18 19 20 21 22 }
* Dataflow Pipeline: 0

* FSM state transitions: 
1 --> 2 
2 --> 3 
3 --> 4 
4 --> 5 
5 --> 6 
6 --> 7 
7 --> 8 
8 --> 9 
9 --> 10 
10 --> 11 
11 --> 12 
12 --> 13 
13 --> 14 
14 --> 15 
15 --> 16 
16 --> 17 
17 --> 18 
18 --> 19 
19 --> 20 
20 --> 21 
21 --> 22 
22 --> 

* FSM state operations: 

State 1 <SV = 0> <Delay = 6.28>
ST_1 : Operation 25 [1/1] (0.00ns)   --->   "%i = alloca i32 1" [main.cpp:217]   --->   Operation 25 'alloca' 'i' <Predicate = true> <Delay = 0.00>
ST_1 : Operation 26 [1/1] (0.00ns)   --->   "%exp_val_33_read = read i9 @_ssdm_op_Read.ap_auto.i9, i9 %exp_val_33"   --->   Operation 26 'read' 'exp_val_33_read' <Predicate = true> <Delay = 0.00>
ST_1 : Operation 27 [1/1] (0.00ns)   --->   "%exp_val_31_read = read i9 @_ssdm_op_Read.ap_auto.i9, i9 %exp_val_31"   --->   Operation 27 'read' 'exp_val_31_read' <Predicate = true> <Delay = 0.00>
ST_1 : Operation 28 [1/1] (0.00ns)   --->   "%exp_val_29_read = read i9 @_ssdm_op_Read.ap_auto.i9, i9 %exp_val_29"   --->   Operation 28 'read' 'exp_val_29_read' <Predicate = true> <Delay = 0.00>
ST_1 : Operation 29 [1/1] (0.00ns)   --->   "%exp_val_27_read = read i9 @_ssdm_op_Read.ap_auto.i9, i9 %exp_val_27"   --->   Operation 29 'read' 'exp_val_27_read' <Predicate = true> <Delay = 0.00>
ST_1 : Operation 30 [1/1] (0.00ns)   --->   "%exp_val_25_read = read i9 @_ssdm_op_Read.ap_auto.i9, i9 %exp_val_25"   --->   Operation 30 'read' 'exp_val_25_read' <Predicate = true> <Delay = 0.00>
ST_1 : Operation 31 [1/1] (0.00ns)   --->   "%exp_val_23_read = read i9 @_ssdm_op_Read.ap_auto.i9, i9 %exp_val_23"   --->   Operation 31 'read' 'exp_val_23_read' <Predicate = true> <Delay = 0.00>
ST_1 : Operation 32 [1/1] (0.00ns)   --->   "%exp_val_21_read = read i9 @_ssdm_op_Read.ap_auto.i9, i9 %exp_val_21"   --->   Operation 32 'read' 'exp_val_21_read' <Predicate = true> <Delay = 0.00>
ST_1 : Operation 33 [1/1] (0.00ns)   --->   "%exp_val_19_read = read i9 @_ssdm_op_Read.ap_auto.i9, i9 %exp_val_19"   --->   Operation 33 'read' 'exp_val_19_read' <Predicate = true> <Delay = 0.00>
ST_1 : Operation 34 [1/1] (0.00ns)   --->   "%zext_ln213_17_read = read i9 @_ssdm_op_Read.ap_auto.i9, i9 %zext_ln213_17"   --->   Operation 34 'read' 'zext_ln213_17_read' <Predicate = true> <Delay = 0.00>
ST_1 : Operation 35 [1/1] (0.00ns)   --->   "%zext_ln217_read = read i12 @_ssdm_op_Read.ap_auto.i12, i12 %zext_ln217"   --->   Operation 35 'read' 'zext_ln217_read' <Predicate = true> <Delay = 0.00>
ST_1 : Operation 36 [1/1] (0.00ns)   --->   "%exp_val_32_read = read i9 @_ssdm_op_Read.ap_auto.i9, i9 %exp_val_32"   --->   Operation 36 'read' 'exp_val_32_read' <Predicate = true> <Delay = 0.00>
ST_1 : Operation 37 [1/1] (0.00ns)   --->   "%exp_val_30_read = read i9 @_ssdm_op_Read.ap_auto.i9, i9 %exp_val_30"   --->   Operation 37 'read' 'exp_val_30_read' <Predicate = true> <Delay = 0.00>
ST_1 : Operation 38 [1/1] (0.00ns)   --->   "%exp_val_28_read = read i9 @_ssdm_op_Read.ap_auto.i9, i9 %exp_val_28"   --->   Operation 38 'read' 'exp_val_28_read' <Predicate = true> <Delay = 0.00>
ST_1 : Operation 39 [1/1] (0.00ns)   --->   "%exp_val_26_read = read i9 @_ssdm_op_Read.ap_auto.i9, i9 %exp_val_26"   --->   Operation 39 'read' 'exp_val_26_read' <Predicate = true> <Delay = 0.00>
ST_1 : Operation 40 [1/1] (0.00ns)   --->   "%exp_val_24_read = read i9 @_ssdm_op_Read.ap_auto.i9, i9 %exp_val_24"   --->   Operation 40 'read' 'exp_val_24_read' <Predicate = true> <Delay = 0.00>
ST_1 : Operation 41 [1/1] (0.00ns)   --->   "%exp_val_22_read = read i9 @_ssdm_op_Read.ap_auto.i9, i9 %exp_val_22"   --->   Operation 41 'read' 'exp_val_22_read' <Predicate = true> <Delay = 0.00>
ST_1 : Operation 42 [1/1] (0.00ns)   --->   "%exp_val_20_read = read i9 @_ssdm_op_Read.ap_auto.i9, i9 %exp_val_20"   --->   Operation 42 'read' 'exp_val_20_read' <Predicate = true> <Delay = 0.00>
ST_1 : Operation 43 [1/1] (0.00ns)   --->   "%exp_val_18_read = read i9 @_ssdm_op_Read.ap_auto.i9, i9 %exp_val_18"   --->   Operation 43 'read' 'exp_val_18_read' <Predicate = true> <Delay = 0.00>
ST_1 : Operation 44 [1/1] (0.00ns)   --->   "%zext_ln213_17_cast = zext i9 %zext_ln213_17_read"   --->   Operation 44 'zext' 'zext_ln213_17_cast' <Predicate = true> <Delay = 0.00>
ST_1 : Operation 45 [1/1] (0.00ns)   --->   "%zext_ln217_cast = zext i12 %zext_ln217_read"   --->   Operation 45 'zext' 'zext_ln217_cast' <Predicate = true> <Delay = 0.00>
ST_1 : Operation 46 [1/1] (0.00ns)   --->   "%specinterface_ln0 = specinterface void @_ssdm_op_SpecInterface, i16 %s_softmax_out, void @empty_7, i32 0, i32 0, void @empty_9, i32 0, i32 0, void @empty_9, void @empty_9, void @empty_9, i32 0, i32 0, i32 0, i32 0, void @empty_9, void @empty_9, i32 4294967295, i32 0, i32 0, i32 0"   --->   Operation 46 'specinterface' 'specinterface_ln0' <Predicate = true> <Delay = 0.00>
ST_1 : Operation 47 [1/1] (1.29ns)   --->   "%store_ln217 = store i4 0, i4 %i" [main.cpp:217]   --->   Operation 47 'store' 'store_ln217' <Predicate = true> <Delay = 1.29>
ST_1 : Operation 48 [1/1] (0.00ns)   --->   "%br_ln0 = br void %VITIS_LOOP_220_5"   --->   Operation 48 'br' 'br_ln0' <Predicate = true> <Delay = 0.00>
ST_1 : Operation 49 [1/1] (0.00ns)   --->   "%i_1 = load i4 %i" [main.cpp:217]   --->   Operation 49 'load' 'i_1' <Predicate = true> <Delay = 0.00>
ST_1 : Operation 50 [1/1] (1.56ns)   --->   "%icmp_ln217 = icmp_eq  i4 %i_1, i4 8" [main.cpp:217]   --->   Operation 50 'icmp' 'icmp_ln217' <Predicate = true> <Delay = 1.56> <CoreInst = "Cmp">   --->   Core 9 'Cmp' <Latency = 0> <II = 1> <Delay = 1.56> <FuncUnit> <Opcode : 'seteq' 'setne' 'setle' 'setge' 'setlt' 'setgt'> <InPorts = 2> <OutPorts = 1>
ST_1 : Operation 51 [1/1] (1.56ns)   --->   "%add_ln217 = add i4 %i_1, i4 1" [main.cpp:217]   --->   Operation 51 'add' 'add_ln217' <Predicate = true> <Delay = 1.56> <CoreInst = "Adder">   --->   Core 1 'Adder' <Latency = 0> <II = 1> <Delay = 1.56> <FuncUnit> <Opcode : 'add' 'sub'> <InPorts = 2> <OutPorts = 1>
ST_1 : Operation 52 [1/1] (0.00ns)   --->   "%br_ln217 = br i1 %icmp_ln217, void %VITIS_LOOP_220_5.split, void %for.end65.exitStub" [main.cpp:217]   --->   Operation 52 'br' 'br_ln217' <Predicate = true> <Delay = 0.00>
ST_1 : Operation 53 [1/1] (0.00ns)   --->   "%trunc_ln217 = trunc i4 %i_1" [main.cpp:217]   --->   Operation 53 'trunc' 'trunc_ln217' <Predicate = (!icmp_ln217)> <Delay = 0.00>
ST_1 : Operation 54 [1/1] (1.83ns)   --->   "%exp_val = sparsemux i9 @_ssdm_op_SparseMux.ap_auto.8i9.i9.i3, i3 0, i9 %exp_val_18_read, i3 1, i9 %exp_val_20_read, i3 2, i9 %exp_val_22_read, i3 3, i9 %exp_val_24_read, i3 4, i9 %exp_val_26_read, i3 5, i9 %exp_val_28_read, i3 6, i9 %exp_val_30_read, i3 7, i9 %exp_val_32_read, i9 0, i3 %trunc_ln217" [main.cpp:222]   --->   Operation 54 'sparsemux' 'exp_val' <Predicate = (!icmp_ln217)> <Delay = 1.83> <CoreInst = "BinarySparseMux_DontCare">   --->   Core 137 'BinarySparseMux_DontCare' <Latency = 0> <II = 1> <Delay = 1.83> <FuncUnit> <Opcode : 'sparsemux'> <InPorts = 2> <OutPorts = 1>
ST_1 : Operation 55 [1/1] (0.00ns)   --->   "%shl_ln = bitconcatenate i17 @_ssdm_op_BitConcatenate.i17.i9.i8, i9 %exp_val, i8 0" [main.cpp:223]   --->   Operation 55 'bitconcatenate' 'shl_ln' <Predicate = (!icmp_ln217)> <Delay = 0.00>
ST_1 : Operation 56 [1/1] (1.69ns)   --->   "%add_ln223 = add i13 %zext_ln217_cast, i13 %zext_ln213_17_cast" [main.cpp:223]   --->   Operation 56 'add' 'add_ln223' <Predicate = (!icmp_ln217)> <Delay = 1.69> <CoreInst = "Adder">   --->   Core 1 'Adder' <Latency = 0> <II = 1> <Delay = 1.69> <FuncUnit> <Opcode : 'add' 'sub'> <InPorts = 2> <OutPorts = 1>
ST_1 : Operation 57 [1/1] (0.00ns)   --->   "%zext_ln223 = zext i13 %add_ln223" [main.cpp:223]   --->   Operation 57 'zext' 'zext_ln223' <Predicate = (!icmp_ln217)> <Delay = 0.00>
ST_1 : Operation 58 [21/21] (3.15ns)   --->   "%udiv_ln223 = udiv i17 %shl_ln, i17 %zext_ln223" [main.cpp:223]   --->   Operation 58 'udiv' 'udiv_ln223' <Predicate = (!icmp_ln217)> <Delay = 3.15> <CoreInst = "Divider">   --->   Core 6 'Divider' <Latency = 20> <II = 1> <Delay = 3.15> <FuncUnit> <Opcode : 'udiv' 'sdiv' 'urem' 'srem'> <InPorts = 2> <OutPorts = 1>
ST_1 : Operation 59 [1/1] (1.83ns)   --->   "%exp_val_1 = sparsemux i9 @_ssdm_op_SparseMux.ap_auto.8i9.i9.i3, i3 0, i9 %exp_val_19_read, i3 1, i9 %exp_val_21_read, i3 2, i9 %exp_val_23_read, i3 3, i9 %exp_val_25_read, i3 4, i9 %exp_val_27_read, i3 5, i9 %exp_val_29_read, i3 6, i9 %exp_val_31_read, i3 7, i9 %exp_val_33_read, i9 0, i3 %trunc_ln217" [main.cpp:222]   --->   Operation 59 'sparsemux' 'exp_val_1' <Predicate = (!icmp_ln217)> <Delay = 1.83> <CoreInst = "BinarySparseMux_DontCare">   --->   Core 137 'BinarySparseMux_DontCare' <Latency = 0> <II = 1> <Delay = 1.83> <FuncUnit> <Opcode : 'sparsemux'> <InPorts = 2> <OutPorts = 1>
ST_1 : Operation 60 [1/1] (0.00ns)   --->   "%shl_ln223_1 = bitconcatenate i17 @_ssdm_op_BitConcatenate.i17.i9.i8, i9 %exp_val_1, i8 0" [main.cpp:223]   --->   Operation 60 'bitconcatenate' 'shl_ln223_1' <Predicate = (!icmp_ln217)> <Delay = 0.00>
ST_1 : Operation 61 [21/21] (3.15ns)   --->   "%udiv_ln223_1 = udiv i17 %shl_ln223_1, i17 %zext_ln223" [main.cpp:223]   --->   Operation 61 'udiv' 'udiv_ln223_1' <Predicate = (!icmp_ln217)> <Delay = 3.15> <CoreInst = "Divider">   --->   Core 6 'Divider' <Latency = 20> <II = 1> <Delay = 3.15> <FuncUnit> <Opcode : 'udiv' 'sdiv' 'urem' 'srem'> <InPorts = 2> <OutPorts = 1>
ST_1 : Operation 62 [1/1] (1.29ns)   --->   "%store_ln217 = store i4 %add_ln217, i4 %i" [main.cpp:217]   --->   Operation 62 'store' 'store_ln217' <Predicate = (!icmp_ln217)> <Delay = 1.29>

State 2 <SV = 1> <Delay = 3.15>
ST_2 : Operation 63 [20/21] (3.15ns)   --->   "%udiv_ln223 = udiv i17 %shl_ln, i17 %zext_ln223" [main.cpp:223]   --->   Operation 63 'udiv' 'udiv_ln223' <Predicate = true> <Delay = 3.15> <CoreInst = "Divider">   --->   Core 6 'Divider' <Latency = 20> <II = 1> <Delay = 3.15> <FuncUnit> <Opcode : 'udiv' 'sdiv' 'urem' 'srem'> <InPorts = 2> <OutPorts = 1>
ST_2 : Operation 64 [20/21] (3.15ns)   --->   "%udiv_ln223_1 = udiv i17 %shl_ln223_1, i17 %zext_ln223" [main.cpp:223]   --->   Operation 64 'udiv' 'udiv_ln223_1' <Predicate = true> <Delay = 3.15> <CoreInst = "Divider">   --->   Core 6 'Divider' <Latency = 20> <II = 1> <Delay = 3.15> <FuncUnit> <Opcode : 'udiv' 'sdiv' 'urem' 'srem'> <InPorts = 2> <OutPorts = 1>

State 3 <SV = 2> <Delay = 3.15>
ST_3 : Operation 65 [19/21] (3.15ns)   --->   "%udiv_ln223 = udiv i17 %shl_ln, i17 %zext_ln223" [main.cpp:223]   --->   Operation 65 'udiv' 'udiv_ln223' <Predicate = true> <Delay = 3.15> <CoreInst = "Divider">   --->   Core 6 'Divider' <Latency = 20> <II = 1> <Delay = 3.15> <FuncUnit> <Opcode : 'udiv' 'sdiv' 'urem' 'srem'> <InPorts = 2> <OutPorts = 1>
ST_3 : Operation 66 [19/21] (3.15ns)   --->   "%udiv_ln223_1 = udiv i17 %shl_ln223_1, i17 %zext_ln223" [main.cpp:223]   --->   Operation 66 'udiv' 'udiv_ln223_1' <Predicate = true> <Delay = 3.15> <CoreInst = "Divider">   --->   Core 6 'Divider' <Latency = 20> <II = 1> <Delay = 3.15> <FuncUnit> <Opcode : 'udiv' 'sdiv' 'urem' 'srem'> <InPorts = 2> <OutPorts = 1>

State 4 <SV = 3> <Delay = 3.15>
ST_4 : Operation 67 [18/21] (3.15ns)   --->   "%udiv_ln223 = udiv i17 %shl_ln, i17 %zext_ln223" [main.cpp:223]   --->   Operation 67 'udiv' 'udiv_ln223' <Predicate = true> <Delay = 3.15> <CoreInst = "Divider">   --->   Core 6 'Divider' <Latency = 20> <II = 1> <Delay = 3.15> <FuncUnit> <Opcode : 'udiv' 'sdiv' 'urem' 'srem'> <InPorts = 2> <OutPorts = 1>
ST_4 : Operation 68 [18/21] (3.15ns)   --->   "%udiv_ln223_1 = udiv i17 %shl_ln223_1, i17 %zext_ln223" [main.cpp:223]   --->   Operation 68 'udiv' 'udiv_ln223_1' <Predicate = true> <Delay = 3.15> <CoreInst = "Divider">   --->   Core 6 'Divider' <Latency = 20> <II = 1> <Delay = 3.15> <FuncUnit> <Opcode : 'udiv' 'sdiv' 'urem' 'srem'> <InPorts = 2> <OutPorts = 1>

State 5 <SV = 4> <Delay = 3.15>
ST_5 : Operation 69 [17/21] (3.15ns)   --->   "%udiv_ln223 = udiv i17 %shl_ln, i17 %zext_ln223" [main.cpp:223]   --->   Operation 69 'udiv' 'udiv_ln223' <Predicate = true> <Delay = 3.15> <CoreInst = "Divider">   --->   Core 6 'Divider' <Latency = 20> <II = 1> <Delay = 3.15> <FuncUnit> <Opcode : 'udiv' 'sdiv' 'urem' 'srem'> <InPorts = 2> <OutPorts = 1>
ST_5 : Operation 70 [17/21] (3.15ns)   --->   "%udiv_ln223_1 = udiv i17 %shl_ln223_1, i17 %zext_ln223" [main.cpp:223]   --->   Operation 70 'udiv' 'udiv_ln223_1' <Predicate = true> <Delay = 3.15> <CoreInst = "Divider">   --->   Core 6 'Divider' <Latency = 20> <II = 1> <Delay = 3.15> <FuncUnit> <Opcode : 'udiv' 'sdiv' 'urem' 'srem'> <InPorts = 2> <OutPorts = 1>

State 6 <SV = 5> <Delay = 3.15>
ST_6 : Operation 71 [16/21] (3.15ns)   --->   "%udiv_ln223 = udiv i17 %shl_ln, i17 %zext_ln223" [main.cpp:223]   --->   Operation 71 'udiv' 'udiv_ln223' <Predicate = true> <Delay = 3.15> <CoreInst = "Divider">   --->   Core 6 'Divider' <Latency = 20> <II = 1> <Delay = 3.15> <FuncUnit> <Opcode : 'udiv' 'sdiv' 'urem' 'srem'> <InPorts = 2> <OutPorts = 1>
ST_6 : Operation 72 [16/21] (3.15ns)   --->   "%udiv_ln223_1 = udiv i17 %shl_ln223_1, i17 %zext_ln223" [main.cpp:223]   --->   Operation 72 'udiv' 'udiv_ln223_1' <Predicate = true> <Delay = 3.15> <CoreInst = "Divider">   --->   Core 6 'Divider' <Latency = 20> <II = 1> <Delay = 3.15> <FuncUnit> <Opcode : 'udiv' 'sdiv' 'urem' 'srem'> <InPorts = 2> <OutPorts = 1>

State 7 <SV = 6> <Delay = 3.15>
ST_7 : Operation 73 [15/21] (3.15ns)   --->   "%udiv_ln223 = udiv i17 %shl_ln, i17 %zext_ln223" [main.cpp:223]   --->   Operation 73 'udiv' 'udiv_ln223' <Predicate = true> <Delay = 3.15> <CoreInst = "Divider">   --->   Core 6 'Divider' <Latency = 20> <II = 1> <Delay = 3.15> <FuncUnit> <Opcode : 'udiv' 'sdiv' 'urem' 'srem'> <InPorts = 2> <OutPorts = 1>
ST_7 : Operation 74 [15/21] (3.15ns)   --->   "%udiv_ln223_1 = udiv i17 %shl_ln223_1, i17 %zext_ln223" [main.cpp:223]   --->   Operation 74 'udiv' 'udiv_ln223_1' <Predicate = true> <Delay = 3.15> <CoreInst = "Divider">   --->   Core 6 'Divider' <Latency = 20> <II = 1> <Delay = 3.15> <FuncUnit> <Opcode : 'udiv' 'sdiv' 'urem' 'srem'> <InPorts = 2> <OutPorts = 1>

State 8 <SV = 7> <Delay = 3.15>
ST_8 : Operation 75 [14/21] (3.15ns)   --->   "%udiv_ln223 = udiv i17 %shl_ln, i17 %zext_ln223" [main.cpp:223]   --->   Operation 75 'udiv' 'udiv_ln223' <Predicate = true> <Delay = 3.15> <CoreInst = "Divider">   --->   Core 6 'Divider' <Latency = 20> <II = 1> <Delay = 3.15> <FuncUnit> <Opcode : 'udiv' 'sdiv' 'urem' 'srem'> <InPorts = 2> <OutPorts = 1>
ST_8 : Operation 76 [14/21] (3.15ns)   --->   "%udiv_ln223_1 = udiv i17 %shl_ln223_1, i17 %zext_ln223" [main.cpp:223]   --->   Operation 76 'udiv' 'udiv_ln223_1' <Predicate = true> <Delay = 3.15> <CoreInst = "Divider">   --->   Core 6 'Divider' <Latency = 20> <II = 1> <Delay = 3.15> <FuncUnit> <Opcode : 'udiv' 'sdiv' 'urem' 'srem'> <InPorts = 2> <OutPorts = 1>

State 9 <SV = 8> <Delay = 3.15>
ST_9 : Operation 77 [13/21] (3.15ns)   --->   "%udiv_ln223 = udiv i17 %shl_ln, i17 %zext_ln223" [main.cpp:223]   --->   Operation 77 'udiv' 'udiv_ln223' <Predicate = true> <Delay = 3.15> <CoreInst = "Divider">   --->   Core 6 'Divider' <Latency = 20> <II = 1> <Delay = 3.15> <FuncUnit> <Opcode : 'udiv' 'sdiv' 'urem' 'srem'> <InPorts = 2> <OutPorts = 1>
ST_9 : Operation 78 [13/21] (3.15ns)   --->   "%udiv_ln223_1 = udiv i17 %shl_ln223_1, i17 %zext_ln223" [main.cpp:223]   --->   Operation 78 'udiv' 'udiv_ln223_1' <Predicate = true> <Delay = 3.15> <CoreInst = "Divider">   --->   Core 6 'Divider' <Latency = 20> <II = 1> <Delay = 3.15> <FuncUnit> <Opcode : 'udiv' 'sdiv' 'urem' 'srem'> <InPorts = 2> <OutPorts = 1>

State 10 <SV = 9> <Delay = 3.15>
ST_10 : Operation 79 [12/21] (3.15ns)   --->   "%udiv_ln223 = udiv i17 %shl_ln, i17 %zext_ln223" [main.cpp:223]   --->   Operation 79 'udiv' 'udiv_ln223' <Predicate = true> <Delay = 3.15> <CoreInst = "Divider">   --->   Core 6 'Divider' <Latency = 20> <II = 1> <Delay = 3.15> <FuncUnit> <Opcode : 'udiv' 'sdiv' 'urem' 'srem'> <InPorts = 2> <OutPorts = 1>
ST_10 : Operation 80 [12/21] (3.15ns)   --->   "%udiv_ln223_1 = udiv i17 %shl_ln223_1, i17 %zext_ln223" [main.cpp:223]   --->   Operation 80 'udiv' 'udiv_ln223_1' <Predicate = true> <Delay = 3.15> <CoreInst = "Divider">   --->   Core 6 'Divider' <Latency = 20> <II = 1> <Delay = 3.15> <FuncUnit> <Opcode : 'udiv' 'sdiv' 'urem' 'srem'> <InPorts = 2> <OutPorts = 1>

State 11 <SV = 10> <Delay = 3.15>
ST_11 : Operation 81 [11/21] (3.15ns)   --->   "%udiv_ln223 = udiv i17 %shl_ln, i17 %zext_ln223" [main.cpp:223]   --->   Operation 81 'udiv' 'udiv_ln223' <Predicate = true> <Delay = 3.15> <CoreInst = "Divider">   --->   Core 6 'Divider' <Latency = 20> <II = 1> <Delay = 3.15> <FuncUnit> <Opcode : 'udiv' 'sdiv' 'urem' 'srem'> <InPorts = 2> <OutPorts = 1>
ST_11 : Operation 82 [11/21] (3.15ns)   --->   "%udiv_ln223_1 = udiv i17 %shl_ln223_1, i17 %zext_ln223" [main.cpp:223]   --->   Operation 82 'udiv' 'udiv_ln223_1' <Predicate = true> <Delay = 3.15> <CoreInst = "Divider">   --->   Core 6 'Divider' <Latency = 20> <II = 1> <Delay = 3.15> <FuncUnit> <Opcode : 'udiv' 'sdiv' 'urem' 'srem'> <InPorts = 2> <OutPorts = 1>

State 12 <SV = 11> <Delay = 3.15>
ST_12 : Operation 83 [10/21] (3.15ns)   --->   "%udiv_ln223 = udiv i17 %shl_ln, i17 %zext_ln223" [main.cpp:223]   --->   Operation 83 'udiv' 'udiv_ln223' <Predicate = true> <Delay = 3.15> <CoreInst = "Divider">   --->   Core 6 'Divider' <Latency = 20> <II = 1> <Delay = 3.15> <FuncUnit> <Opcode : 'udiv' 'sdiv' 'urem' 'srem'> <InPorts = 2> <OutPorts = 1>
ST_12 : Operation 84 [10/21] (3.15ns)   --->   "%udiv_ln223_1 = udiv i17 %shl_ln223_1, i17 %zext_ln223" [main.cpp:223]   --->   Operation 84 'udiv' 'udiv_ln223_1' <Predicate = true> <Delay = 3.15> <CoreInst = "Divider">   --->   Core 6 'Divider' <Latency = 20> <II = 1> <Delay = 3.15> <FuncUnit> <Opcode : 'udiv' 'sdiv' 'urem' 'srem'> <InPorts = 2> <OutPorts = 1>

State 13 <SV = 12> <Delay = 3.15>
ST_13 : Operation 85 [9/21] (3.15ns)   --->   "%udiv_ln223 = udiv i17 %shl_ln, i17 %zext_ln223" [main.cpp:223]   --->   Operation 85 'udiv' 'udiv_ln223' <Predicate = true> <Delay = 3.15> <CoreInst = "Divider">   --->   Core 6 'Divider' <Latency = 20> <II = 1> <Delay = 3.15> <FuncUnit> <Opcode : 'udiv' 'sdiv' 'urem' 'srem'> <InPorts = 2> <OutPorts = 1>
ST_13 : Operation 86 [9/21] (3.15ns)   --->   "%udiv_ln223_1 = udiv i17 %shl_ln223_1, i17 %zext_ln223" [main.cpp:223]   --->   Operation 86 'udiv' 'udiv_ln223_1' <Predicate = true> <Delay = 3.15> <CoreInst = "Divider">   --->   Core 6 'Divider' <Latency = 20> <II = 1> <Delay = 3.15> <FuncUnit> <Opcode : 'udiv' 'sdiv' 'urem' 'srem'> <InPorts = 2> <OutPorts = 1>

State 14 <SV = 13> <Delay = 3.15>
ST_14 : Operation 87 [8/21] (3.15ns)   --->   "%udiv_ln223 = udiv i17 %shl_ln, i17 %zext_ln223" [main.cpp:223]   --->   Operation 87 'udiv' 'udiv_ln223' <Predicate = true> <Delay = 3.15> <CoreInst = "Divider">   --->   Core 6 'Divider' <Latency = 20> <II = 1> <Delay = 3.15> <FuncUnit> <Opcode : 'udiv' 'sdiv' 'urem' 'srem'> <InPorts = 2> <OutPorts = 1>
ST_14 : Operation 88 [8/21] (3.15ns)   --->   "%udiv_ln223_1 = udiv i17 %shl_ln223_1, i17 %zext_ln223" [main.cpp:223]   --->   Operation 88 'udiv' 'udiv_ln223_1' <Predicate = true> <Delay = 3.15> <CoreInst = "Divider">   --->   Core 6 'Divider' <Latency = 20> <II = 1> <Delay = 3.15> <FuncUnit> <Opcode : 'udiv' 'sdiv' 'urem' 'srem'> <InPorts = 2> <OutPorts = 1>

State 15 <SV = 14> <Delay = 3.15>
ST_15 : Operation 89 [7/21] (3.15ns)   --->   "%udiv_ln223 = udiv i17 %shl_ln, i17 %zext_ln223" [main.cpp:223]   --->   Operation 89 'udiv' 'udiv_ln223' <Predicate = true> <Delay = 3.15> <CoreInst = "Divider">   --->   Core 6 'Divider' <Latency = 20> <II = 1> <Delay = 3.15> <FuncUnit> <Opcode : 'udiv' 'sdiv' 'urem' 'srem'> <InPorts = 2> <OutPorts = 1>
ST_15 : Operation 90 [7/21] (3.15ns)   --->   "%udiv_ln223_1 = udiv i17 %shl_ln223_1, i17 %zext_ln223" [main.cpp:223]   --->   Operation 90 'udiv' 'udiv_ln223_1' <Predicate = true> <Delay = 3.15> <CoreInst = "Divider">   --->   Core 6 'Divider' <Latency = 20> <II = 1> <Delay = 3.15> <FuncUnit> <Opcode : 'udiv' 'sdiv' 'urem' 'srem'> <InPorts = 2> <OutPorts = 1>

State 16 <SV = 15> <Delay = 3.15>
ST_16 : Operation 91 [6/21] (3.15ns)   --->   "%udiv_ln223 = udiv i17 %shl_ln, i17 %zext_ln223" [main.cpp:223]   --->   Operation 91 'udiv' 'udiv_ln223' <Predicate = true> <Delay = 3.15> <CoreInst = "Divider">   --->   Core 6 'Divider' <Latency = 20> <II = 1> <Delay = 3.15> <FuncUnit> <Opcode : 'udiv' 'sdiv' 'urem' 'srem'> <InPorts = 2> <OutPorts = 1>
ST_16 : Operation 92 [6/21] (3.15ns)   --->   "%udiv_ln223_1 = udiv i17 %shl_ln223_1, i17 %zext_ln223" [main.cpp:223]   --->   Operation 92 'udiv' 'udiv_ln223_1' <Predicate = true> <Delay = 3.15> <CoreInst = "Divider">   --->   Core 6 'Divider' <Latency = 20> <II = 1> <Delay = 3.15> <FuncUnit> <Opcode : 'udiv' 'sdiv' 'urem' 'srem'> <InPorts = 2> <OutPorts = 1>

State 17 <SV = 16> <Delay = 3.15>
ST_17 : Operation 93 [5/21] (3.15ns)   --->   "%udiv_ln223 = udiv i17 %shl_ln, i17 %zext_ln223" [main.cpp:223]   --->   Operation 93 'udiv' 'udiv_ln223' <Predicate = true> <Delay = 3.15> <CoreInst = "Divider">   --->   Core 6 'Divider' <Latency = 20> <II = 1> <Delay = 3.15> <FuncUnit> <Opcode : 'udiv' 'sdiv' 'urem' 'srem'> <InPorts = 2> <OutPorts = 1>
ST_17 : Operation 94 [5/21] (3.15ns)   --->   "%udiv_ln223_1 = udiv i17 %shl_ln223_1, i17 %zext_ln223" [main.cpp:223]   --->   Operation 94 'udiv' 'udiv_ln223_1' <Predicate = true> <Delay = 3.15> <CoreInst = "Divider">   --->   Core 6 'Divider' <Latency = 20> <II = 1> <Delay = 3.15> <FuncUnit> <Opcode : 'udiv' 'sdiv' 'urem' 'srem'> <InPorts = 2> <OutPorts = 1>

State 18 <SV = 17> <Delay = 3.15>
ST_18 : Operation 95 [4/21] (3.15ns)   --->   "%udiv_ln223 = udiv i17 %shl_ln, i17 %zext_ln223" [main.cpp:223]   --->   Operation 95 'udiv' 'udiv_ln223' <Predicate = true> <Delay = 3.15> <CoreInst = "Divider">   --->   Core 6 'Divider' <Latency = 20> <II = 1> <Delay = 3.15> <FuncUnit> <Opcode : 'udiv' 'sdiv' 'urem' 'srem'> <InPorts = 2> <OutPorts = 1>
ST_18 : Operation 96 [4/21] (3.15ns)   --->   "%udiv_ln223_1 = udiv i17 %shl_ln223_1, i17 %zext_ln223" [main.cpp:223]   --->   Operation 96 'udiv' 'udiv_ln223_1' <Predicate = true> <Delay = 3.15> <CoreInst = "Divider">   --->   Core 6 'Divider' <Latency = 20> <II = 1> <Delay = 3.15> <FuncUnit> <Opcode : 'udiv' 'sdiv' 'urem' 'srem'> <InPorts = 2> <OutPorts = 1>

State 19 <SV = 18> <Delay = 3.15>
ST_19 : Operation 97 [3/21] (3.15ns)   --->   "%udiv_ln223 = udiv i17 %shl_ln, i17 %zext_ln223" [main.cpp:223]   --->   Operation 97 'udiv' 'udiv_ln223' <Predicate = true> <Delay = 3.15> <CoreInst = "Divider">   --->   Core 6 'Divider' <Latency = 20> <II = 1> <Delay = 3.15> <FuncUnit> <Opcode : 'udiv' 'sdiv' 'urem' 'srem'> <InPorts = 2> <OutPorts = 1>
ST_19 : Operation 98 [3/21] (3.15ns)   --->   "%udiv_ln223_1 = udiv i17 %shl_ln223_1, i17 %zext_ln223" [main.cpp:223]   --->   Operation 98 'udiv' 'udiv_ln223_1' <Predicate = true> <Delay = 3.15> <CoreInst = "Divider">   --->   Core 6 'Divider' <Latency = 20> <II = 1> <Delay = 3.15> <FuncUnit> <Opcode : 'udiv' 'sdiv' 'urem' 'srem'> <InPorts = 2> <OutPorts = 1>

State 20 <SV = 19> <Delay = 3.15>
ST_20 : Operation 99 [2/21] (3.15ns)   --->   "%udiv_ln223 = udiv i17 %shl_ln, i17 %zext_ln223" [main.cpp:223]   --->   Operation 99 'udiv' 'udiv_ln223' <Predicate = true> <Delay = 3.15> <CoreInst = "Divider">   --->   Core 6 'Divider' <Latency = 20> <II = 1> <Delay = 3.15> <FuncUnit> <Opcode : 'udiv' 'sdiv' 'urem' 'srem'> <InPorts = 2> <OutPorts = 1>
ST_20 : Operation 100 [2/21] (3.15ns)   --->   "%udiv_ln223_1 = udiv i17 %shl_ln223_1, i17 %zext_ln223" [main.cpp:223]   --->   Operation 100 'udiv' 'udiv_ln223_1' <Predicate = true> <Delay = 3.15> <CoreInst = "Divider">   --->   Core 6 'Divider' <Latency = 20> <II = 1> <Delay = 3.15> <FuncUnit> <Opcode : 'udiv' 'sdiv' 'urem' 'srem'> <InPorts = 2> <OutPorts = 1>

State 21 <SV = 20> <Delay = 5.30>
ST_21 : Operation 101 [1/21] (3.15ns)   --->   "%udiv_ln223 = udiv i17 %shl_ln, i17 %zext_ln223" [main.cpp:223]   --->   Operation 101 'udiv' 'udiv_ln223' <Predicate = true> <Delay = 3.15> <CoreInst = "Divider">   --->   Core 6 'Divider' <Latency = 20> <II = 1> <Delay = 3.15> <FuncUnit> <Opcode : 'udiv' 'sdiv' 'urem' 'srem'> <InPorts = 2> <OutPorts = 1>
ST_21 : Operation 102 [1/1] (0.00ns)   --->   "%tmp = partselect i2 @_ssdm_op_PartSelect.i2.i17.i32.i32, i17 %udiv_ln223, i32 7, i32 8" [main.cpp:224]   --->   Operation 102 'partselect' 'tmp' <Predicate = true> <Delay = 0.00>
ST_21 : Operation 103 [1/1] (1.34ns)   --->   "%icmp_ln224 = icmp_eq  i2 %tmp, i2 1" [main.cpp:224]   --->   Operation 103 'icmp' 'icmp_ln224' <Predicate = true> <Delay = 1.34> <CoreInst = "Cmp">   --->   Core 9 'Cmp' <Latency = 0> <II = 1> <Delay = 1.34> <FuncUnit> <Opcode : 'seteq' 'setne' 'setle' 'setge' 'setlt' 'setgt'> <InPorts = 2> <OutPorts = 1>
ST_21 : Operation 104 [1/1] (0.00ns)   --->   "%trunc_ln225 = trunc i17 %udiv_ln223" [main.cpp:225]   --->   Operation 104 'trunc' 'trunc_ln225' <Predicate = true> <Delay = 0.00>
ST_21 : Operation 105 [1/1] (0.80ns)   --->   "%elems = select i1 %icmp_ln224, i7 127, i7 %trunc_ln225" [main.cpp:225]   --->   Operation 105 'select' 'elems' <Predicate = true> <Delay = 0.80> <CoreInst = "Sel">   --->   Core 73 'Sel' <Latency = 0> <II = 1> <Delay = 0.80> <FuncUnit> <Opcode : 'select'> <InPorts = 3> <OutPorts = 1>
ST_21 : Operation 106 [1/21] (3.15ns)   --->   "%udiv_ln223_1 = udiv i17 %shl_ln223_1, i17 %zext_ln223" [main.cpp:223]   --->   Operation 106 'udiv' 'udiv_ln223_1' <Predicate = true> <Delay = 3.15> <CoreInst = "Divider">   --->   Core 6 'Divider' <Latency = 20> <II = 1> <Delay = 3.15> <FuncUnit> <Opcode : 'udiv' 'sdiv' 'urem' 'srem'> <InPorts = 2> <OutPorts = 1>
ST_21 : Operation 107 [1/1] (0.00ns)   --->   "%tmp_1 = partselect i2 @_ssdm_op_PartSelect.i2.i17.i32.i32, i17 %udiv_ln223_1, i32 7, i32 8" [main.cpp:224]   --->   Operation 107 'partselect' 'tmp_1' <Predicate = true> <Delay = 0.00>
ST_21 : Operation 108 [1/1] (1.34ns)   --->   "%icmp_ln224_1 = icmp_eq  i2 %tmp_1, i2 1" [main.cpp:224]   --->   Operation 108 'icmp' 'icmp_ln224_1' <Predicate = true> <Delay = 1.34> <CoreInst = "Cmp">   --->   Core 9 'Cmp' <Latency = 0> <II = 1> <Delay = 1.34> <FuncUnit> <Opcode : 'seteq' 'setne' 'setle' 'setge' 'setlt' 'setgt'> <InPorts = 2> <OutPorts = 1>
ST_21 : Operation 109 [1/1] (0.00ns)   --->   "%trunc_ln225_1 = trunc i17 %udiv_ln223_1" [main.cpp:225]   --->   Operation 109 'trunc' 'trunc_ln225_1' <Predicate = true> <Delay = 0.00>
ST_21 : Operation 110 [1/1] (0.80ns)   --->   "%elems_2 = select i1 %icmp_ln224_1, i7 127, i7 %trunc_ln225_1" [main.cpp:225]   --->   Operation 110 'select' 'elems_2' <Predicate = true> <Delay = 0.80> <CoreInst = "Sel">   --->   Core 73 'Sel' <Latency = 0> <II = 1> <Delay = 0.80> <FuncUnit> <Opcode : 'select'> <InPorts = 3> <OutPorts = 1>
ST_21 : Operation 119 [1/1] (1.29ns)   --->   "%ret_ln0 = ret"   --->   Operation 119 'ret' 'ret_ln0' <Predicate = (icmp_ln217)> <Delay = 1.29>

State 22 <SV = 21> <Delay = 3.47>
ST_22 : Operation 111 [1/1] (0.00ns)   --->   "%specpipeline_ln218 = specpipeline void @_ssdm_op_SpecPipeline, i32 1, i32 0, i32 0, i32 0, i32 4294967295, void @empty_9" [main.cpp:218]   --->   Operation 111 'specpipeline' 'specpipeline_ln218' <Predicate = true> <Delay = 0.00>
ST_22 : Operation 112 [1/1] (0.00ns)   --->   "%speclooptripcount_ln217 = speclooptripcount void @_ssdm_op_SpecLoopTripCount, i64 8, i64 8, i64 8" [main.cpp:217]   --->   Operation 112 'speclooptripcount' 'speclooptripcount_ln217' <Predicate = true> <Delay = 0.00>
ST_22 : Operation 113 [1/1] (0.00ns)   --->   "%specloopname_ln217 = specloopname void @_ssdm_op_SpecLoopName, void @empty" [main.cpp:217]   --->   Operation 113 'specloopname' 'specloopname_ln217' <Predicate = true> <Delay = 0.00>
ST_22 : Operation 114 [1/1] (0.00ns)   --->   "%zext_ln219 = zext i7 %elems" [main.cpp:219]   --->   Operation 114 'zext' 'zext_ln219' <Predicate = true> <Delay = 0.00>
ST_22 : Operation 115 [1/1] (0.00ns)   --->   "%b = bitconcatenate i15 @_ssdm_op_BitConcatenate.i15.i7.i8, i7 %elems_2, i8 %zext_ln219" [main.cpp:41->main.cpp:227]   --->   Operation 115 'bitconcatenate' 'b' <Predicate = true> <Delay = 0.00>
ST_22 : Operation 116 [1/1] (0.00ns)   --->   "%zext_ln37 = zext i15 %b" [main.cpp:37->main.cpp:227]   --->   Operation 116 'zext' 'zext_ln37' <Predicate = true> <Delay = 0.00>
ST_22 : Operation 117 [1/1] ( I:3.47ns O:3.47ns )   --->   "%write_ln227 = write void @_ssdm_op_Write.ap_fifo.volatile.i16P0A, i16 %s_softmax_out, i16 %zext_ln37" [main.cpp:227]   --->   Operation 117 'write' 'write_ln227' <Predicate = true> <Delay = 3.47> <CoreInst = "FIFO_SRL">   --->   Core 80 'FIFO_SRL' <Latency = 0> <II = 1> <Delay = 3.47> <Storage> <Opcode : 'read' 'write' 'nbread' 'nbwrite'> <Ports = 0> <Width = 16> <Depth = 2> <FIFO>
ST_22 : Operation 118 [1/1] (0.00ns)   --->   "%br_ln217 = br void %VITIS_LOOP_220_5" [main.cpp:217]   --->   Operation 118 'br' 'br_ln217' <Predicate = true> <Delay = 0.00>


============================================================
+ Verbose Summary: Timing violations
============================================================
Target clock period: 10.000ns, clock uncertainty: 2.700ns.

 <State 1>: 6.282ns
The critical path consists of the following:
	'store' operation ('store_ln217', main.cpp:217) of constant 0 4 bit on local variable 'i', main.cpp:217 [42]  (1.294 ns)
	'load' operation 4 bit ('i', main.cpp:217) on local variable 'i', main.cpp:217 [45]  (0.000 ns)
	'sparsemux' operation 9 bit ('exp_val', main.cpp:222) [54]  (1.831 ns)
	'udiv' operation 17 bit ('udiv_ln223', main.cpp:223) [58]  (3.158 ns)

 <State 2>: 3.158ns
The critical path consists of the following:
	'udiv' operation 17 bit ('udiv_ln223', main.cpp:223) [58]  (3.158 ns)

 <State 3>: 3.158ns
The critical path consists of the following:
	'udiv' operation 17 bit ('udiv_ln223', main.cpp:223) [58]  (3.158 ns)

 <State 4>: 3.158ns
The critical path consists of the following:
	'udiv' operation 17 bit ('udiv_ln223', main.cpp:223) [58]  (3.158 ns)

 <State 5>: 3.158ns
The critical path consists of the following:
	'udiv' operation 17 bit ('udiv_ln223', main.cpp:223) [58]  (3.158 ns)

 <State 6>: 3.158ns
The critical path consists of the following:
	'udiv' operation 17 bit ('udiv_ln223', main.cpp:223) [58]  (3.158 ns)

 <State 7>: 3.158ns
The critical path consists of the following:
	'udiv' operation 17 bit ('udiv_ln223', main.cpp:223) [58]  (3.158 ns)

 <State 8>: 3.158ns
The critical path consists of the following:
	'udiv' operation 17 bit ('udiv_ln223', main.cpp:223) [58]  (3.158 ns)

 <State 9>: 3.158ns
The critical path consists of the following:
	'udiv' operation 17 bit ('udiv_ln223', main.cpp:223) [58]  (3.158 ns)

 <State 10>: 3.158ns
The critical path consists of the following:
	'udiv' operation 17 bit ('udiv_ln223', main.cpp:223) [58]  (3.158 ns)

 <State 11>: 3.158ns
The critical path consists of the following:
	'udiv' operation 17 bit ('udiv_ln223', main.cpp:223) [58]  (3.158 ns)

 <State 12>: 3.158ns
The critical path consists of the following:
	'udiv' operation 17 bit ('udiv_ln223', main.cpp:223) [58]  (3.158 ns)

 <State 13>: 3.158ns
The critical path consists of the following:
	'udiv' operation 17 bit ('udiv_ln223', main.cpp:223) [58]  (3.158 ns)

 <State 14>: 3.158ns
The critical path consists of the following:
	'udiv' operation 17 bit ('udiv_ln223', main.cpp:223) [58]  (3.158 ns)

 <State 15>: 3.158ns
The critical path consists of the following:
	'udiv' operation 17 bit ('udiv_ln223', main.cpp:223) [58]  (3.158 ns)

 <State 16>: 3.158ns
The critical path consists of the following:
	'udiv' operation 17 bit ('udiv_ln223', main.cpp:223) [58]  (3.158 ns)

 <State 17>: 3.158ns
The critical path consists of the following:
	'udiv' operation 17 bit ('udiv_ln223', main.cpp:223) [58]  (3.158 ns)

 <State 18>: 3.158ns
The critical path consists of the following:
	'udiv' operation 17 bit ('udiv_ln223', main.cpp:223) [58]  (3.158 ns)

 <State 19>: 3.158ns
The critical path consists of the following:
	'udiv' operation 17 bit ('udiv_ln223', main.cpp:223) [58]  (3.158 ns)

 <State 20>: 3.158ns
The critical path consists of the following:
	'udiv' operation 17 bit ('udiv_ln223', main.cpp:223) [58]  (3.158 ns)

 <State 21>: 5.304ns
The critical path consists of the following:
	'udiv' operation 17 bit ('udiv_ln223', main.cpp:223) [58]  (3.158 ns)
	'icmp' operation 1 bit ('icmp_ln224', main.cpp:224) [60]  (1.341 ns)
	'select' operation 7 bit ('elems', main.cpp:225) [62]  (0.806 ns)

 <State 22>: 3.475ns
The critical path consists of the following:
	fifo write operation ('write_ln227', main.cpp:227) on port 's_softmax_out' (main.cpp:227) [73]  (3.475 ns)


============================================================
+ Verbose Summary: Binding
============================================================
N/A
* FSMD analyzer results:
  - Output states:
 - Input state : 
  - Chain level:
	State 1
	State 2
	State 3
	State 4
	State 5
	State 6
	State 7
	State 8
	State 9
	State 10
	State 11
	State 12
	State 13
	State 14
	State 15
	State 16
	State 17
	State 18
	State 19
	State 20
	State 21
	State 22


============================================================
+ Verbose Summary: Datapath Resource usage 
============================================================
N/A
