================================================================
== Design Size Report
================================================================

* Total Instructions per Compilation Phase
+---------------+----------------------------+--------------+----------------------------------------------------------------------------------------+
| Phase         | Step                       | Instructions | Description                                                                            |
+---------------+----------------------------+--------------+----------------------------------------------------------------------------------------+
| Compile/Link  |                            | 5,015        | After all functions are compiled and linked into a single design                       |
|               |                            |              |                                                                                        |
| Unroll/Inline |                            |              | After user unroll and inline pragmas are applied                                       |
|               | (1) unroll                 | 2,352        | user unroll pragmas are applied                                                        |
|               | (2) simplification         | 1,645        | simplification of applied user unroll pragmas                                          |
|               | (3) inline                 | 1,585        | user inline pragmas are applied                                                        |
|               | (4) simplification         | 1,585        | simplification of applied user inline pragmas                                          |
|               |                            |              |                                                                                        |
| Array/Struct  |                            |              | After user array partition and struct aggregate/disaggregate pragmas are applied       |
|               | (1) array partition        | 5,068        | user array partition pragmas are applied                                               |
|               | (2) simplification         | 3,586        | simplification of applied user array partition & struct aggregate/disaggregate pragmas |
|               | (3) aggregate/disaggregate | 3,586        | user struct aggregate/disaggregate pragmas are applied                                 |
|               | (4) array reshape          | 3,586        | apply array reshape pragmas                                                            |
|               | (5) access patterns        | 3,701        | array access pattern optmizations                                                      |
|               |                            |              |                                                                                        |
| Performance   |                            |              | After transformations are applied to meet performance pragma targets                   |
|               | (1) loop simplification    | 3,701        | loop and instruction simplification                                                    |
|               | (2) parallelization        | 3,586        | loops are unrolled or pipelined to meet performance targets                            |
|               | (3) array partition        | 3,586        | arrays are partitioned to meet performance targets                                     |
|               | (4) simplification         | 3,586        | simplification of design after performance transformations                             |
|               |                            |              |                                                                                        |
| HW Transforms |                            |              | After hardware transfomations                                                          |
|               | (1) lowering               | 3,669        | initial conversion to HW specific instructions                                         |
|               | (2) optimizations          | 3,836        | high level synthesis optimizations                                                     |
+---------------+----------------------------+--------------+----------------------------------------------------------------------------------------+

* Instructions per Function for each Compilation Phase
+---------------------+--------------+-----------------+-----------------+-----------------+-----------------+-----------------+
| Function            | Location     | Compile/Link    | Unroll/Inline   | Array/Struct    | Performance     | HW Transforms   |
+---------------------+--------------+-----------------+-----------------+-----------------+-----------------+-----------------+
| + transformer_top   | main.cpp:277 | 5,015           | 1,585           | 3,701           | 3,586           | 3,836           |
|    fan_out          | main.cpp:49  |   64 (2 calls)  |   18 (2 calls)  |   18 (2 calls)  |   18 (2 calls)  |   40 (2 calls)  |
|    fifo             | main.cpp:64  |  108 (4 calls)  |   32 (4 calls)  |   32 (4 calls)  |   32 (4 calls)  |   68 (4 calls)  |
|  + stateful_norm    | main.cpp:77  |  884 (2 calls)  |  106 (2 calls)  |  200 (2 calls)  |  166 (2 calls)  |  192 (2 calls)  |
|     unpack_beat     | main.cpp:27  |  314 (2 calls)  |                 |                 |                 |                 |
|     pack_beat       | main.cpp:35  |  326 (2 calls)  |                 |                 |                 |                 |
|  + gemm             | main.cpp:129 | 1,804 (4 calls) | 1,000 (4 calls) | 2,984 (4 calls) | 2,920 (4 calls) | 2,972 (4 calls) |
|     unpack_beat     | main.cpp:27  |  628 (4 calls)  |                 |                 |                 |                 |
|     pack_beat       | main.cpp:35  |  652 (4 calls)  |                 |                 |                 |                 |
|  + stateful_softmax | main.cpp:177 |  471            |  294            |  272            |  255            |  268            |
|     unpack_beat     | main.cpp:27  |  157            |                 |                 |                 |                 |
|     pack_beat       | main.cpp:35  |  163            |                 |                 |                 |                 |
|  + alu_add          | main.cpp:252 | 1,140 (2 calls) |   42 (2 calls)  |   42 (2 calls)  |   42 (2 calls)  |   64 (2 calls)  |
|     unpack_beat     | main.cpp:27  |  628 (4 calls)  |                 |                 |                 |                 |
|     pack_beat       | main.cpp:35  |  326 (2 calls)  |                 |                 |                 |                 |
|  + activation_relu  | main.cpp:234 |  383            |   19            |   19            |   19            |   28            |
|     unpack_beat     | main.cpp:27  |  157            |                 |                 |                 |                 |
|     pack_beat       | main.cpp:35  |  163            |                 |                 |                 |                 |
+---------------------+--------------+-----------------+-----------------+-----------------+-----------------+-----------------+

* Design Size Message Settings
+---------------------------------------------+--------+------------------------------------------------------------------+
| Message Setting                             | Value  | Description                                                      |
+---------------------------------------------+--------+------------------------------------------------------------------+
| config_compile -design_size_maximum_warning | 100000 | Show a warning when total design instructions exceeds this value |
+---------------------------------------------+--------+------------------------------------------------------------------+


