

================================================================
== Vitis HLS Report for 'gemm_7_Pipeline_VITIS_LOOP_151_3'
================================================================
* Date:           Fri May  1 14:54:10 2026

* Version:        2025.2 (Build 6295257 on Nov 14 2025)
* Project:        hls_component
* Solution:       hls (Vivado IP Flow Target)
* Product family: spartan7
* Target device:  xc7s50-csga324-2


================================================================
== Performance Estimates
================================================================
+ Timing: 
    * Summary: 
    +--------+----------+----------+------------+
    |  Clock |  Target  | Estimated| Uncertainty|
    +--------+----------+----------+------------+
    |ap_clk  |  10.00 ns|  7.251 ns|     1.00 ns|
    +--------+----------+----------+------------+

+ Latency: 
    * Summary: 
    +---------+---------+----------+----------+-----+-----+-------------------+
    |  Latency (cycles) |  Latency (absolute) |  Interval |      Pipeline     |
    |   min   |   max   |    min   |    max   | min | max |        Type       |
    +---------+---------+----------+----------+-----+-----+-------------------+
    |       17|       17|  0.170 us|  0.170 us|    0|    0|  loop pipeline stp|
    +---------+---------+----------+----------+-----+-----+-------------------+

    + Detail: 
        * Instance: 
        N/A

        * Loop: 
        +--------------------+---------+---------+----------+-----------+-----------+------+----------+
        |                    |  Latency (cycles) | Iteration|  Initiation Interval  | Trip |          |
        |      Loop Name     |   min   |   max   |  Latency |  achieved |   target  | Count| Pipelined|
        +--------------------+---------+---------+----------+-----------+-----------+------+----------+
        |- VITIS_LOOP_151_3  |       15|       15|         9|          1|          1|     8|       yes|
        +--------------------+---------+---------+----------+-----------+-----------+------+----------+



================================================================
== Utilization Estimates
================================================================
* Summary: 
+-----------------+---------+-----+-------+-------+-----+
|       Name      | BRAM_18K| DSP |   FF  |  LUT  | URAM|
+-----------------+---------+-----+-------+-------+-----+
|DSP              |        -|   22|      -|      -|    -|
|Expression       |        -|    -|      0|    312|    -|
|FIFO             |        -|    -|      -|      -|    -|
|Instance         |        -|    0|      0|   1658|    -|
|Memory           |        -|    -|      -|      -|    -|
|Multiplexer      |        -|    -|      0|     45|    -|
|Register         |        -|    -|    418|     32|    -|
+-----------------+---------+-----+-------+-------+-----+
|Total            |        0|   22|    418|   2047|    0|
+-----------------+---------+-----+-------+-------+-----+
|Available        |      150|  120|  65200|  32600|    0|
+-----------------+---------+-----+-------+-------+-----+
|Utilization (%)  |        0|   18|     ~0|      6|    0|
+-----------------+---------+-----+-------+-------+-----+

+ Detail: 
    * Instance: 
    +----------------------------+----------------------+---------+----+---+----+-----+
    |          Instance          |        Module        | BRAM_18K| DSP| FF| LUT| URAM|
    +----------------------------+----------------------+---------+----+---+----+-----+
    |mul_8s_8s_16_1_1_U1255      |mul_8s_8s_16_1_1      |        0|   0|  0|  41|    0|
    |mul_8s_8s_16_1_1_U1256      |mul_8s_8s_16_1_1      |        0|   0|  0|  41|    0|
    |mul_8s_8s_16_1_1_U1257      |mul_8s_8s_16_1_1      |        0|   0|  0|  41|    0|
    |mul_8s_8s_16_1_1_U1262      |mul_8s_8s_16_1_1      |        0|   0|  0|  41|    0|
    |mul_8s_8s_16_1_1_U1263      |mul_8s_8s_16_1_1      |        0|   0|  0|  41|    0|
    |mul_8s_8s_16_1_1_U1264      |mul_8s_8s_16_1_1      |        0|   0|  0|  41|    0|
    |mul_8s_8s_16_1_1_U1268      |mul_8s_8s_16_1_1      |        0|   0|  0|  41|    0|
    |mul_8s_8s_16_1_1_U1272      |mul_8s_8s_16_1_1      |        0|   0|  0|  41|    0|
    |mul_8s_8s_16_1_1_U1276      |mul_8s_8s_16_1_1      |        0|   0|  0|  41|    0|
    |mul_8s_8s_16_1_1_U1278      |mul_8s_8s_16_1_1      |        0|   0|  0|  41|    0|
    |sparsemux_17_3_8_1_1_U1237  |sparsemux_17_3_8_1_1  |        0|   0|  0|  39|    0|
    |sparsemux_17_3_8_1_1_U1238  |sparsemux_17_3_8_1_1  |        0|   0|  0|  39|    0|
    |sparsemux_17_3_8_1_1_U1239  |sparsemux_17_3_8_1_1  |        0|   0|  0|  39|    0|
    |sparsemux_17_3_8_1_1_U1240  |sparsemux_17_3_8_1_1  |        0|   0|  0|  39|    0|
    |sparsemux_17_3_8_1_1_U1241  |sparsemux_17_3_8_1_1  |        0|   0|  0|  39|    0|
    |sparsemux_17_3_8_1_1_U1242  |sparsemux_17_3_8_1_1  |        0|   0|  0|  39|    0|
    |sparsemux_17_3_8_1_1_U1243  |sparsemux_17_3_8_1_1  |        0|   0|  0|  39|    0|
    |sparsemux_17_3_8_1_1_U1244  |sparsemux_17_3_8_1_1  |        0|   0|  0|  39|    0|
    |sparsemux_17_3_8_1_1_U1245  |sparsemux_17_3_8_1_1  |        0|   0|  0|  39|    0|
    |sparsemux_17_3_8_1_1_U1246  |sparsemux_17_3_8_1_1  |        0|   0|  0|  39|    0|
    |sparsemux_17_3_8_1_1_U1247  |sparsemux_17_3_8_1_1  |        0|   0|  0|  39|    0|
    |sparsemux_17_3_8_1_1_U1248  |sparsemux_17_3_8_1_1  |        0|   0|  0|  39|    0|
    |sparsemux_17_3_8_1_1_U1249  |sparsemux_17_3_8_1_1  |        0|   0|  0|  39|    0|
    |sparsemux_17_3_8_1_1_U1250  |sparsemux_17_3_8_1_1  |        0|   0|  0|  39|    0|
    |sparsemux_17_3_8_1_1_U1251  |sparsemux_17_3_8_1_1  |        0|   0|  0|  39|    0|
    |sparsemux_17_3_8_1_1_U1252  |sparsemux_17_3_8_1_1  |        0|   0|  0|  39|    0|
    |sparsemux_17_3_8_1_1_U1253  |sparsemux_17_3_8_1_1  |        0|   0|  0|  39|    0|
    |sparsemux_17_3_8_1_1_U1254  |sparsemux_17_3_8_1_1  |        0|   0|  0|  39|    0|
    |sparsemux_17_3_8_1_1_U1258  |sparsemux_17_3_8_1_1  |        0|   0|  0|  39|    0|
    |sparsemux_17_3_8_1_1_U1259  |sparsemux_17_3_8_1_1  |        0|   0|  0|  39|    0|
    |sparsemux_17_3_8_1_1_U1260  |sparsemux_17_3_8_1_1  |        0|   0|  0|  39|    0|
    |sparsemux_17_3_8_1_1_U1261  |sparsemux_17_3_8_1_1  |        0|   0|  0|  39|    0|
    |sparsemux_17_3_8_1_1_U1265  |sparsemux_17_3_8_1_1  |        0|   0|  0|  39|    0|
    |sparsemux_17_3_8_1_1_U1266  |sparsemux_17_3_8_1_1  |        0|   0|  0|  39|    0|
    |sparsemux_17_3_8_1_1_U1267  |sparsemux_17_3_8_1_1  |        0|   0|  0|  39|    0|
    |sparsemux_17_3_8_1_1_U1269  |sparsemux_17_3_8_1_1  |        0|   0|  0|  39|    0|
    |sparsemux_17_3_8_1_1_U1270  |sparsemux_17_3_8_1_1  |        0|   0|  0|  39|    0|
    |sparsemux_17_3_8_1_1_U1271  |sparsemux_17_3_8_1_1  |        0|   0|  0|  39|    0|
    |sparsemux_17_3_8_1_1_U1273  |sparsemux_17_3_8_1_1  |        0|   0|  0|  39|    0|
    |sparsemux_17_3_8_1_1_U1274  |sparsemux_17_3_8_1_1  |        0|   0|  0|  39|    0|
    |sparsemux_17_3_8_1_1_U1275  |sparsemux_17_3_8_1_1  |        0|   0|  0|  39|    0|
    |sparsemux_17_3_8_1_1_U1277  |sparsemux_17_3_8_1_1  |        0|   0|  0|  39|    0|
    +----------------------------+----------------------+---------+----+---+----+-----+
    |Total                       |                      |        0|   0|  0|1658|    0|
    +----------------------------+----------------------+---------+----+---+----+-----+

    * DSP: 
    +-----------------------------------+-----------------------------+--------------+
    |              Instance             |            Module           |  Expression  |
    +-----------------------------------+-----------------------------+--------------+
    |mac_muladd_8s_8s_16s_17_4_1_U1279  |mac_muladd_8s_8s_16s_17_4_1  |  i0 + i1 * i2|
    |mac_muladd_8s_8s_16s_17_4_1_U1280  |mac_muladd_8s_8s_16s_17_4_1  |  i0 + i1 * i2|
    |mac_muladd_8s_8s_16s_17_4_1_U1281  |mac_muladd_8s_8s_16s_17_4_1  |  i0 + i1 * i2|
    |mac_muladd_8s_8s_16s_17_4_1_U1282  |mac_muladd_8s_8s_16s_17_4_1  |  i0 + i1 * i2|
    |mac_muladd_8s_8s_16s_17_4_1_U1283  |mac_muladd_8s_8s_16s_17_4_1  |  i0 + i1 * i2|
    |mac_muladd_8s_8s_16s_17_4_1_U1284  |mac_muladd_8s_8s_16s_17_4_1  |  i0 + i1 * i2|
    |mac_muladd_8s_8s_16s_17_4_1_U1286  |mac_muladd_8s_8s_16s_17_4_1  |  i0 + i1 * i2|
    |mac_muladd_8s_8s_16s_17_4_1_U1290  |mac_muladd_8s_8s_16s_17_4_1  |  i0 + i1 * i2|
    |mac_muladd_8s_8s_16s_17_4_1_U1295  |mac_muladd_8s_8s_16s_17_4_1  |  i0 + i1 * i2|
    |mac_muladd_8s_8s_16s_17_4_1_U1297  |mac_muladd_8s_8s_16s_17_4_1  |  i0 + i1 * i2|
    |mac_muladd_8s_8s_17s_17_4_1_U1285  |mac_muladd_8s_8s_17s_17_4_1  |  i0 + i1 * i2|
    |mac_muladd_8s_8s_17s_17_4_1_U1287  |mac_muladd_8s_8s_17s_17_4_1  |  i0 + i1 * i2|
    |mac_muladd_8s_8s_17s_17_4_1_U1288  |mac_muladd_8s_8s_17s_17_4_1  |  i0 + i1 * i2|
    |mac_muladd_8s_8s_17s_17_4_1_U1289  |mac_muladd_8s_8s_17s_17_4_1  |  i0 + i1 * i2|
    |mac_muladd_8s_8s_17s_17_4_1_U1291  |mac_muladd_8s_8s_17s_17_4_1  |  i0 + i1 * i2|
    |mac_muladd_8s_8s_17s_17_4_1_U1292  |mac_muladd_8s_8s_17s_17_4_1  |  i0 + i1 * i2|
    |mac_muladd_8s_8s_17s_18_4_1_U1293  |mac_muladd_8s_8s_17s_18_4_1  |  i0 + i1 * i2|
    |mac_muladd_8s_8s_17s_18_4_1_U1294  |mac_muladd_8s_8s_17s_18_4_1  |  i0 + i1 * i2|
    |mac_muladd_8s_8s_18s_19_4_1_U1296  |mac_muladd_8s_8s_18s_19_4_1  |  i0 + i1 * i2|
    |mac_muladd_8s_8s_18s_19_4_1_U1298  |mac_muladd_8s_8s_18s_19_4_1  |  i0 + i1 * i2|
    |mac_muladd_8s_8s_19s_20_4_1_U1299  |mac_muladd_8s_8s_19s_20_4_1  |  i0 + i1 * i2|
    |mac_muladd_8s_8s_19s_20_4_1_U1300  |mac_muladd_8s_8s_19s_20_4_1  |  i0 + i1 * i2|
    +-----------------------------------+-----------------------------+--------------+

    * Memory: 
    N/A

    * FIFO: 
    N/A

    * Expression: 
    +--------------------------------+----------+----+---+----+------------+------------+
    |          Variable Name         | Operation| DSP| FF| LUT| Bitwidth P0| Bitwidth P1|
    +--------------------------------+----------+----+---+----+------------+------------+
    |add_ln151_fu_2339_p2            |         +|   0|  0|  13|           4|           1|
    |add_ln160_12_fu_3504_p2         |         +|   0|  0|  25|          18|          18|
    |add_ln160_13_fu_3683_p2         |         +|   0|  0|  19|          19|          19|
    |add_ln160_20_fu_3663_p2         |         +|   0|  0|  25|          18|          18|
    |add_ln160_23_fu_3696_p2         |         +|   0|  0|  19|          19|          19|
    |add_ln160_27_fu_3554_p2         |         +|   0|  0|  25|          18|          18|
    |add_ln160_28_fu_3704_p2         |         +|   0|  0|  19|          19|          19|
    |add_ln160_5_fu_3607_p2          |         +|   0|  0|  25|          18|          18|
    |add_ln160_8_fu_3675_p2          |         +|   0|  0|  19|          19|          19|
    |ap_block_pp0_stage0_01001_grp1  |       and|   0|  0|   2|           1|           1|
    |icmp_ln151_fu_2333_p2           |      icmp|   0|  0|  13|           4|           5|
    |icmp_ln163_2_fu_3782_p2         |      icmp|   0|  0|  13|           5|           1|
    |icmp_ln163_fu_3732_p2           |      icmp|   0|  0|  13|           5|           1|
    |icmp_ln164_1_fu_3796_p2         |      icmp|   0|  0|  19|          12|           9|
    |icmp_ln164_fu_3746_p2           |      icmp|   0|  0|  19|          12|           9|
    |elems_14_fu_3806_p3             |    select|   0|  0|   9|           1|           9|
    |elems_fu_3756_p3                |    select|   0|  0|   9|           1|           9|
    |requant_4_fu_3738_p3            |    select|   0|  0|  12|           1|           7|
    |requant_5_fu_3788_p3            |    select|   0|  0|  12|           1|           7|
    |ap_enable_pp0                   |       xor|   0|  0|   2|           1|           2|
    +--------------------------------+----------+----+---+----+------------+------------+
    |Total                           |          |   0|  0| 312|         196|         209|
    +--------------------------------+----------+----+---+----+------------+------------+

    * Multiplexer: 
    +-------------------------+----+-----------+-----+-----------+
    |           Name          | LUT| Input Size| Bits| Total Bits|
    +-------------------------+----+-----------+-----+-----------+
    |ap_done_int              |   9|          2|    1|          2|
    |ap_enable_reg_pp0_iter1  |   9|          2|    1|          2|
    |ap_sig_allocacmp_j_2     |   9|          2|    4|          8|
    |j_fu_618                 |   9|          2|    4|          8|
    |s_gemm4_out_blk_n        |   9|          2|    1|          2|
    +-------------------------+----+-----------+-----+-----------+
    |Total                    |  45|         10|   11|         22|
    +-------------------------+----+-----------+-----+-----------+

    * Register: 
    +-------------------------------------+----+----+-----+-----------+
    |                 Name                | FF | LUT| Bits| Const Bits|
    +-------------------------------------+----+----+-----+-----------+
    |add_ln160_12_reg_5359                |  18|   0|   18|          0|
    |add_ln160_12_reg_5359_pp0_iter5_reg  |  18|   0|   18|          0|
    |add_ln160_19_reg_5374                |  17|   0|   17|          0|
    |add_ln160_27_reg_5379                |  18|   0|   18|          0|
    |add_ln160_27_reg_5379_pp0_iter5_reg  |  18|   0|   18|          0|
    |add_ln160_4_reg_5354                 |  17|   0|   17|          0|
    |ap_CS_fsm                            |   1|   0|    1|          0|
    |ap_done_reg                          |   1|   0|    1|          0|
    |ap_enable_reg_pp0_iter1              |   1|   0|    1|          0|
    |ap_enable_reg_pp0_iter2              |   1|   0|    1|          0|
    |ap_enable_reg_pp0_iter3              |   1|   0|    1|          0|
    |ap_enable_reg_pp0_iter4              |   1|   0|    1|          0|
    |ap_enable_reg_pp0_iter5              |   1|   0|    1|          0|
    |ap_enable_reg_pp0_iter6              |   1|   0|    1|          0|
    |ap_enable_reg_pp0_iter7              |   1|   0|    1|          0|
    |ap_enable_reg_pp0_iter8              |   1|   0|    1|          0|
    |ap_loop_exit_ready_pp0_iter1_reg     |   1|   0|    1|          0|
    |ap_loop_exit_ready_pp0_iter2_reg     |   1|   0|    1|          0|
    |ap_loop_exit_ready_pp0_iter3_reg     |   1|   0|    1|          0|
    |ap_loop_exit_ready_pp0_iter4_reg     |   1|   0|    1|          0|
    |ap_loop_exit_ready_pp0_iter5_reg     |   1|   0|    1|          0|
    |ap_loop_exit_ready_pp0_iter6_reg     |   1|   0|    1|          0|
    |ap_loop_exit_ready_pp0_iter7_reg     |   1|   0|    1|          0|
    |elems_14_reg_5419                    |   8|   0|    8|          0|
    |elems_reg_5414                       |   8|   0|    8|          0|
    |j_fu_618                             |   4|   0|    4|          0|
    |sext_ln160_10_cast_reg_5104          |  16|   0|   16|          0|
    |sext_ln160_11_cast_reg_5110          |  16|   0|   16|          0|
    |sext_ln160_12_cast_reg_5116          |  16|   0|   16|          0|
    |sext_ln160_13_cast_reg_5122          |  16|   0|   16|          0|
    |sext_ln160_15_cast_reg_5134          |  16|   0|   16|          0|
    |sext_ln160_1_cast_reg_5044           |  16|   0|   16|          0|
    |sext_ln160_3_cast_reg_5062           |  16|   0|   16|          0|
    |sext_ln160_4_cast_reg_5068           |  16|   0|   16|          0|
    |sext_ln160_5_cast_reg_5074           |  16|   0|   16|          0|
    |sext_ln160_7_cast_reg_5086           |  16|   0|   16|          0|
    |sext_ln160_8_cast_reg_5092           |  16|   0|   16|          0|
    |sext_ln160_9_cast_reg_5098           |  16|   0|   16|          0|
    |sext_ln160_cast_reg_5050             |  16|   0|   16|          0|
    |trunc_ln151_reg_5144                 |   3|   0|    3|          0|
    |trunc_ln151_reg_5144                 |  64|  32|    3|          0|
    +-------------------------------------+----+----+-----+-----------+
    |Total                                | 418|  32|  357|          0|
    +-------------------------------------+----+----+-----+-----------+



================================================================
== Interface
================================================================
* Summary: 
+----------------------------+-----+-----+------------+----------------------------------+--------------+
|          RTL Ports         | Dir | Bits|  Protocol  |           Source Object          |    C Type    |
+----------------------------+-----+-----+------------+----------------------------------+--------------+
|ap_clk                      |   in|    1|  ap_ctrl_hs|  gemm.7_Pipeline_VITIS_LOOP_151_3|  return value|
|ap_rst                      |   in|    1|  ap_ctrl_hs|  gemm.7_Pipeline_VITIS_LOOP_151_3|  return value|
|ap_start                    |   in|    1|  ap_ctrl_hs|  gemm.7_Pipeline_VITIS_LOOP_151_3|  return value|
|ap_done                     |  out|    1|  ap_ctrl_hs|  gemm.7_Pipeline_VITIS_LOOP_151_3|  return value|
|ap_idle                     |  out|    1|  ap_ctrl_hs|  gemm.7_Pipeline_VITIS_LOOP_151_3|  return value|
|ap_ready                    |  out|    1|  ap_ctrl_hs|  gemm.7_Pipeline_VITIS_LOOP_151_3|  return value|
|s_gemm4_out_din             |  out|   16|     ap_fifo|                       s_gemm4_out|       pointer|
|s_gemm4_out_full_n          |   in|    1|     ap_fifo|                       s_gemm4_out|       pointer|
|s_gemm4_out_write           |  out|    1|     ap_fifo|                       s_gemm4_out|       pointer|
|s_gemm4_out_num_data_valid  |   in|   32|     ap_fifo|                       s_gemm4_out|       pointer|
|s_gemm4_out_fifo_cap        |   in|   32|     ap_fifo|                       s_gemm4_out|       pointer|
|w4_0_load                   |   in|    8|     ap_none|                         w4_0_load|        scalar|
|w4_2_load                   |   in|    8|     ap_none|                         w4_2_load|        scalar|
|w4_4_load                   |   in|    8|     ap_none|                         w4_4_load|        scalar|
|w4_6_load                   |   in|    8|     ap_none|                         w4_6_load|        scalar|
|w4_8_load                   |   in|    8|     ap_none|                         w4_8_load|        scalar|
|w4_10_load                  |   in|    8|     ap_none|                        w4_10_load|        scalar|
|w4_12_load                  |   in|    8|     ap_none|                        w4_12_load|        scalar|
|w4_14_load                  |   in|    8|     ap_none|                        w4_14_load|        scalar|
|w4_0_load_1                 |   in|    8|     ap_none|                       w4_0_load_1|        scalar|
|w4_2_load_1                 |   in|    8|     ap_none|                       w4_2_load_1|        scalar|
|w4_4_load_1                 |   in|    8|     ap_none|                       w4_4_load_1|        scalar|
|w4_6_load_1                 |   in|    8|     ap_none|                       w4_6_load_1|        scalar|
|w4_8_load_1                 |   in|    8|     ap_none|                       w4_8_load_1|        scalar|
|w4_10_load_1                |   in|    8|     ap_none|                      w4_10_load_1|        scalar|
|w4_12_load_1                |   in|    8|     ap_none|                      w4_12_load_1|        scalar|
|w4_14_load_1                |   in|    8|     ap_none|                      w4_14_load_1|        scalar|
|w4_0_load_2                 |   in|    8|     ap_none|                       w4_0_load_2|        scalar|
|w4_2_load_2                 |   in|    8|     ap_none|                       w4_2_load_2|        scalar|
|w4_4_load_2                 |   in|    8|     ap_none|                       w4_4_load_2|        scalar|
|w4_6_load_2                 |   in|    8|     ap_none|                       w4_6_load_2|        scalar|
|w4_8_load_2                 |   in|    8|     ap_none|                       w4_8_load_2|        scalar|
|w4_10_load_2                |   in|    8|     ap_none|                      w4_10_load_2|        scalar|
|w4_12_load_2                |   in|    8|     ap_none|                      w4_12_load_2|        scalar|
|w4_14_load_2                |   in|    8|     ap_none|                      w4_14_load_2|        scalar|
|w4_0_load_3                 |   in|    8|     ap_none|                       w4_0_load_3|        scalar|
|w4_2_load_3                 |   in|    8|     ap_none|                       w4_2_load_3|        scalar|
|w4_4_load_3                 |   in|    8|     ap_none|                       w4_4_load_3|        scalar|
|w4_6_load_3                 |   in|    8|     ap_none|                       w4_6_load_3|        scalar|
|w4_8_load_3                 |   in|    8|     ap_none|                       w4_8_load_3|        scalar|
|w4_10_load_3                |   in|    8|     ap_none|                      w4_10_load_3|        scalar|
|w4_12_load_3                |   in|    8|     ap_none|                      w4_12_load_3|        scalar|
|w4_14_load_3                |   in|    8|     ap_none|                      w4_14_load_3|        scalar|
|w4_0_load_4                 |   in|    8|     ap_none|                       w4_0_load_4|        scalar|
|w4_2_load_4                 |   in|    8|     ap_none|                       w4_2_load_4|        scalar|
|w4_4_load_4                 |   in|    8|     ap_none|                       w4_4_load_4|        scalar|
|w4_6_load_4                 |   in|    8|     ap_none|                       w4_6_load_4|        scalar|
|w4_8_load_4                 |   in|    8|     ap_none|                       w4_8_load_4|        scalar|
|w4_10_load_4                |   in|    8|     ap_none|                      w4_10_load_4|        scalar|
|w4_12_load_4                |   in|    8|     ap_none|                      w4_12_load_4|        scalar|
|w4_14_load_4                |   in|    8|     ap_none|                      w4_14_load_4|        scalar|
|w4_0_load_5                 |   in|    8|     ap_none|                       w4_0_load_5|        scalar|
|w4_2_load_5                 |   in|    8|     ap_none|                       w4_2_load_5|        scalar|
|w4_4_load_5                 |   in|    8|     ap_none|                       w4_4_load_5|        scalar|
|w4_6_load_5                 |   in|    8|     ap_none|                       w4_6_load_5|        scalar|
|w4_8_load_5                 |   in|    8|     ap_none|                       w4_8_load_5|        scalar|
|w4_10_load_5                |   in|    8|     ap_none|                      w4_10_load_5|        scalar|
|w4_12_load_5                |   in|    8|     ap_none|                      w4_12_load_5|        scalar|
|w4_14_load_5                |   in|    8|     ap_none|                      w4_14_load_5|        scalar|
|w4_0_load_6                 |   in|    8|     ap_none|                       w4_0_load_6|        scalar|
|w4_2_load_6                 |   in|    8|     ap_none|                       w4_2_load_6|        scalar|
|w4_4_load_6                 |   in|    8|     ap_none|                       w4_4_load_6|        scalar|
|w4_6_load_6                 |   in|    8|     ap_none|                       w4_6_load_6|        scalar|
|w4_8_load_6                 |   in|    8|     ap_none|                       w4_8_load_6|        scalar|
|w4_10_load_6                |   in|    8|     ap_none|                      w4_10_load_6|        scalar|
|w4_12_load_6                |   in|    8|     ap_none|                      w4_12_load_6|        scalar|
|w4_14_load_6                |   in|    8|     ap_none|                      w4_14_load_6|        scalar|
|w4_0_load_7                 |   in|    8|     ap_none|                       w4_0_load_7|        scalar|
|w4_2_load_7                 |   in|    8|     ap_none|                       w4_2_load_7|        scalar|
|w4_4_load_7                 |   in|    8|     ap_none|                       w4_4_load_7|        scalar|
|w4_6_load_7                 |   in|    8|     ap_none|                       w4_6_load_7|        scalar|
|w4_8_load_7                 |   in|    8|     ap_none|                       w4_8_load_7|        scalar|
|w4_10_load_7                |   in|    8|     ap_none|                      w4_10_load_7|        scalar|
|w4_12_load_7                |   in|    8|     ap_none|                      w4_12_load_7|        scalar|
|w4_14_load_7                |   in|    8|     ap_none|                      w4_14_load_7|        scalar|
|w4_0_load_8                 |   in|    8|     ap_none|                       w4_0_load_8|        scalar|
|w4_2_load_8                 |   in|    8|     ap_none|                       w4_2_load_8|        scalar|
|w4_4_load_8                 |   in|    8|     ap_none|                       w4_4_load_8|        scalar|
|w4_6_load_8                 |   in|    8|     ap_none|                       w4_6_load_8|        scalar|
|w4_8_load_8                 |   in|    8|     ap_none|                       w4_8_load_8|        scalar|
|w4_10_load_8                |   in|    8|     ap_none|                      w4_10_load_8|        scalar|
|w4_12_load_8                |   in|    8|     ap_none|                      w4_12_load_8|        scalar|
|w4_14_load_8                |   in|    8|     ap_none|                      w4_14_load_8|        scalar|
|w4_0_load_9                 |   in|    8|     ap_none|                       w4_0_load_9|        scalar|
|w4_2_load_9                 |   in|    8|     ap_none|                       w4_2_load_9|        scalar|
|w4_4_load_9                 |   in|    8|     ap_none|                       w4_4_load_9|        scalar|
|w4_6_load_9                 |   in|    8|     ap_none|                       w4_6_load_9|        scalar|
|w4_8_load_9                 |   in|    8|     ap_none|                       w4_8_load_9|        scalar|
|w4_10_load_9                |   in|    8|     ap_none|                      w4_10_load_9|        scalar|
|w4_12_load_9                |   in|    8|     ap_none|                      w4_12_load_9|        scalar|
|w4_14_load_9                |   in|    8|     ap_none|                      w4_14_load_9|        scalar|
|w4_0_load_10                |   in|    8|     ap_none|                      w4_0_load_10|        scalar|
|w4_2_load_10                |   in|    8|     ap_none|                      w4_2_load_10|        scalar|
|w4_4_load_10                |   in|    8|     ap_none|                      w4_4_load_10|        scalar|
|w4_6_load_10                |   in|    8|     ap_none|                      w4_6_load_10|        scalar|
|w4_8_load_10                |   in|    8|     ap_none|                      w4_8_load_10|        scalar|
|w4_10_load_10               |   in|    8|     ap_none|                     w4_10_load_10|        scalar|
|w4_12_load_10               |   in|    8|     ap_none|                     w4_12_load_10|        scalar|
|w4_14_load_10               |   in|    8|     ap_none|                     w4_14_load_10|        scalar|
|w4_0_load_11                |   in|    8|     ap_none|                      w4_0_load_11|        scalar|
|w4_2_load_11                |   in|    8|     ap_none|                      w4_2_load_11|        scalar|
|w4_4_load_11                |   in|    8|     ap_none|                      w4_4_load_11|        scalar|
|w4_6_load_11                |   in|    8|     ap_none|                      w4_6_load_11|        scalar|
|w4_8_load_11                |   in|    8|     ap_none|                      w4_8_load_11|        scalar|
|w4_10_load_11               |   in|    8|     ap_none|                     w4_10_load_11|        scalar|
|w4_12_load_11               |   in|    8|     ap_none|                     w4_12_load_11|        scalar|
|w4_14_load_11               |   in|    8|     ap_none|                     w4_14_load_11|        scalar|
|w4_0_load_12                |   in|    8|     ap_none|                      w4_0_load_12|        scalar|
|w4_2_load_12                |   in|    8|     ap_none|                      w4_2_load_12|        scalar|
|w4_4_load_12                |   in|    8|     ap_none|                      w4_4_load_12|        scalar|
|w4_6_load_12                |   in|    8|     ap_none|                      w4_6_load_12|        scalar|
|w4_8_load_12                |   in|    8|     ap_none|                      w4_8_load_12|        scalar|
|w4_10_load_12               |   in|    8|     ap_none|                     w4_10_load_12|        scalar|
|w4_12_load_12               |   in|    8|     ap_none|                     w4_12_load_12|        scalar|
|w4_14_load_12               |   in|    8|     ap_none|                     w4_14_load_12|        scalar|
|w4_0_load_13                |   in|    8|     ap_none|                      w4_0_load_13|        scalar|
|w4_2_load_13                |   in|    8|     ap_none|                      w4_2_load_13|        scalar|
|w4_4_load_13                |   in|    8|     ap_none|                      w4_4_load_13|        scalar|
|w4_6_load_13                |   in|    8|     ap_none|                      w4_6_load_13|        scalar|
|w4_8_load_13                |   in|    8|     ap_none|                      w4_8_load_13|        scalar|
|w4_10_load_13               |   in|    8|     ap_none|                     w4_10_load_13|        scalar|
|w4_12_load_13               |   in|    8|     ap_none|                     w4_12_load_13|        scalar|
|w4_14_load_13               |   in|    8|     ap_none|                     w4_14_load_13|        scalar|
|w4_0_load_14                |   in|    8|     ap_none|                      w4_0_load_14|        scalar|
|w4_2_load_14                |   in|    8|     ap_none|                      w4_2_load_14|        scalar|
|w4_4_load_14                |   in|    8|     ap_none|                      w4_4_load_14|        scalar|
|w4_6_load_14                |   in|    8|     ap_none|                      w4_6_load_14|        scalar|
|w4_8_load_14                |   in|    8|     ap_none|                      w4_8_load_14|        scalar|
|w4_10_load_14               |   in|    8|     ap_none|                     w4_10_load_14|        scalar|
|w4_12_load_14               |   in|    8|     ap_none|                     w4_12_load_14|        scalar|
|w4_14_load_14               |   in|    8|     ap_none|                     w4_14_load_14|        scalar|
|w4_0_load_15                |   in|    8|     ap_none|                      w4_0_load_15|        scalar|
|w4_2_load_15                |   in|    8|     ap_none|                      w4_2_load_15|        scalar|
|w4_4_load_15                |   in|    8|     ap_none|                      w4_4_load_15|        scalar|
|w4_6_load_15                |   in|    8|     ap_none|                      w4_6_load_15|        scalar|
|w4_8_load_15                |   in|    8|     ap_none|                      w4_8_load_15|        scalar|
|w4_10_load_15               |   in|    8|     ap_none|                     w4_10_load_15|        scalar|
|w4_12_load_15               |   in|    8|     ap_none|                     w4_12_load_15|        scalar|
|w4_14_load_15               |   in|    8|     ap_none|                     w4_14_load_15|        scalar|
|sext_ln160_15               |   in|    8|     ap_none|                     sext_ln160_15|        scalar|
|sext_ln160_14               |   in|    8|     ap_none|                     sext_ln160_14|        scalar|
|sext_ln160_13               |   in|    8|     ap_none|                     sext_ln160_13|        scalar|
|sext_ln160_12               |   in|    8|     ap_none|                     sext_ln160_12|        scalar|
|sext_ln160_11               |   in|    8|     ap_none|                     sext_ln160_11|        scalar|
|sext_ln160_10               |   in|    8|     ap_none|                     sext_ln160_10|        scalar|
|sext_ln160_9                |   in|    8|     ap_none|                      sext_ln160_9|        scalar|
|sext_ln160_8                |   in|    8|     ap_none|                      sext_ln160_8|        scalar|
|sext_ln160_7                |   in|    8|     ap_none|                      sext_ln160_7|        scalar|
|sext_ln160_6                |   in|    8|     ap_none|                      sext_ln160_6|        scalar|
|sext_ln160_5                |   in|    8|     ap_none|                      sext_ln160_5|        scalar|
|sext_ln160_4                |   in|    8|     ap_none|                      sext_ln160_4|        scalar|
|sext_ln160_3                |   in|    8|     ap_none|                      sext_ln160_3|        scalar|
|sext_ln160_2                |   in|    8|     ap_none|                      sext_ln160_2|        scalar|
|sext_ln160                  |   in|    8|     ap_none|                        sext_ln160|        scalar|
|sext_ln160_1                |   in|    8|     ap_none|                      sext_ln160_1|        scalar|
|w4_1_load                   |   in|    8|     ap_none|                         w4_1_load|        scalar|
|w4_3_load                   |   in|    8|     ap_none|                         w4_3_load|        scalar|
|w4_5_load                   |   in|    8|     ap_none|                         w4_5_load|        scalar|
|w4_7_load                   |   in|    8|     ap_none|                         w4_7_load|        scalar|
|w4_9_load                   |   in|    8|     ap_none|                         w4_9_load|        scalar|
|w4_11_load                  |   in|    8|     ap_none|                        w4_11_load|        scalar|
|w4_13_load                  |   in|    8|     ap_none|                        w4_13_load|        scalar|
|w4_15_load                  |   in|    8|     ap_none|                        w4_15_load|        scalar|
|w4_1_load_1                 |   in|    8|     ap_none|                       w4_1_load_1|        scalar|
|w4_3_load_1                 |   in|    8|     ap_none|                       w4_3_load_1|        scalar|
|w4_5_load_1                 |   in|    8|     ap_none|                       w4_5_load_1|        scalar|
|w4_7_load_1                 |   in|    8|     ap_none|                       w4_7_load_1|        scalar|
|w4_9_load_1                 |   in|    8|     ap_none|                       w4_9_load_1|        scalar|
|w4_11_load_1                |   in|    8|     ap_none|                      w4_11_load_1|        scalar|
|w4_13_load_1                |   in|    8|     ap_none|                      w4_13_load_1|        scalar|
|w4_15_load_1                |   in|    8|     ap_none|                      w4_15_load_1|        scalar|
|w4_1_load_2                 |   in|    8|     ap_none|                       w4_1_load_2|        scalar|
|w4_3_load_2                 |   in|    8|     ap_none|                       w4_3_load_2|        scalar|
|w4_5_load_2                 |   in|    8|     ap_none|                       w4_5_load_2|        scalar|
|w4_7_load_2                 |   in|    8|     ap_none|                       w4_7_load_2|        scalar|
|w4_9_load_2                 |   in|    8|     ap_none|                       w4_9_load_2|        scalar|
|w4_11_load_2                |   in|    8|     ap_none|                      w4_11_load_2|        scalar|
|w4_13_load_2                |   in|    8|     ap_none|                      w4_13_load_2|        scalar|
|w4_15_load_2                |   in|    8|     ap_none|                      w4_15_load_2|        scalar|
|w4_1_load_3                 |   in|    8|     ap_none|                       w4_1_load_3|        scalar|
|w4_3_load_3                 |   in|    8|     ap_none|                       w4_3_load_3|        scalar|
|w4_5_load_3                 |   in|    8|     ap_none|                       w4_5_load_3|        scalar|
|w4_7_load_3                 |   in|    8|     ap_none|                       w4_7_load_3|        scalar|
|w4_9_load_3                 |   in|    8|     ap_none|                       w4_9_load_3|        scalar|
|w4_11_load_3                |   in|    8|     ap_none|                      w4_11_load_3|        scalar|
|w4_13_load_3                |   in|    8|     ap_none|                      w4_13_load_3|        scalar|
|w4_15_load_3                |   in|    8|     ap_none|                      w4_15_load_3|        scalar|
|w4_1_load_4                 |   in|    8|     ap_none|                       w4_1_load_4|        scalar|
|w4_3_load_4                 |   in|    8|     ap_none|                       w4_3_load_4|        scalar|
|w4_5_load_4                 |   in|    8|     ap_none|                       w4_5_load_4|        scalar|
|w4_7_load_4                 |   in|    8|     ap_none|                       w4_7_load_4|        scalar|
|w4_9_load_4                 |   in|    8|     ap_none|                       w4_9_load_4|        scalar|
|w4_11_load_4                |   in|    8|     ap_none|                      w4_11_load_4|        scalar|
|w4_13_load_4                |   in|    8|     ap_none|                      w4_13_load_4|        scalar|
|w4_15_load_4                |   in|    8|     ap_none|                      w4_15_load_4|        scalar|
|w4_1_load_5                 |   in|    8|     ap_none|                       w4_1_load_5|        scalar|
|w4_3_load_5                 |   in|    8|     ap_none|                       w4_3_load_5|        scalar|
|w4_5_load_5                 |   in|    8|     ap_none|                       w4_5_load_5|        scalar|
|w4_7_load_5                 |   in|    8|     ap_none|                       w4_7_load_5|        scalar|
|w4_9_load_5                 |   in|    8|     ap_none|                       w4_9_load_5|        scalar|
|w4_11_load_5                |   in|    8|     ap_none|                      w4_11_load_5|        scalar|
|w4_13_load_5                |   in|    8|     ap_none|                      w4_13_load_5|        scalar|
|w4_15_load_5                |   in|    8|     ap_none|                      w4_15_load_5|        scalar|
|w4_1_load_6                 |   in|    8|     ap_none|                       w4_1_load_6|        scalar|
|w4_3_load_6                 |   in|    8|     ap_none|                       w4_3_load_6|        scalar|
|w4_5_load_6                 |   in|    8|     ap_none|                       w4_5_load_6|        scalar|
|w4_7_load_6                 |   in|    8|     ap_none|                       w4_7_load_6|        scalar|
|w4_9_load_6                 |   in|    8|     ap_none|                       w4_9_load_6|        scalar|
|w4_11_load_6                |   in|    8|     ap_none|                      w4_11_load_6|        scalar|
|w4_13_load_6                |   in|    8|     ap_none|                      w4_13_load_6|        scalar|
|w4_15_load_6                |   in|    8|     ap_none|                      w4_15_load_6|        scalar|
|w4_1_load_7                 |   in|    8|     ap_none|                       w4_1_load_7|        scalar|
|w4_3_load_7                 |   in|    8|     ap_none|                       w4_3_load_7|        scalar|
|w4_5_load_7                 |   in|    8|     ap_none|                       w4_5_load_7|        scalar|
|w4_7_load_7                 |   in|    8|     ap_none|                       w4_7_load_7|        scalar|
|w4_9_load_7                 |   in|    8|     ap_none|                       w4_9_load_7|        scalar|
|w4_11_load_7                |   in|    8|     ap_none|                      w4_11_load_7|        scalar|
|w4_13_load_7                |   in|    8|     ap_none|                      w4_13_load_7|        scalar|
|w4_15_load_7                |   in|    8|     ap_none|                      w4_15_load_7|        scalar|
|w4_1_load_8                 |   in|    8|     ap_none|                       w4_1_load_8|        scalar|
|w4_3_load_8                 |   in|    8|     ap_none|                       w4_3_load_8|        scalar|
|w4_5_load_8                 |   in|    8|     ap_none|                       w4_5_load_8|        scalar|
|w4_7_load_8                 |   in|    8|     ap_none|                       w4_7_load_8|        scalar|
|w4_9_load_8                 |   in|    8|     ap_none|                       w4_9_load_8|        scalar|
|w4_11_load_8                |   in|    8|     ap_none|                      w4_11_load_8|        scalar|
|w4_13_load_8                |   in|    8|     ap_none|                      w4_13_load_8|        scalar|
|w4_15_load_8                |   in|    8|     ap_none|                      w4_15_load_8|        scalar|
|w4_1_load_9                 |   in|    8|     ap_none|                       w4_1_load_9|        scalar|
|w4_3_load_9                 |   in|    8|     ap_none|                       w4_3_load_9|        scalar|
|w4_5_load_9                 |   in|    8|     ap_none|                       w4_5_load_9|        scalar|
|w4_7_load_9                 |   in|    8|     ap_none|                       w4_7_load_9|        scalar|
|w4_9_load_9                 |   in|    8|     ap_none|                       w4_9_load_9|        scalar|
|w4_11_load_9                |   in|    8|     ap_none|                      w4_11_load_9|        scalar|
|w4_13_load_9                |   in|    8|     ap_none|                      w4_13_load_9|        scalar|
|w4_15_load_9                |   in|    8|     ap_none|                      w4_15_load_9|        scalar|
|w4_1_load_10                |   in|    8|     ap_none|                      w4_1_load_10|        scalar|
|w4_3_load_10                |   in|    8|     ap_none|                      w4_3_load_10|        scalar|
|w4_5_load_10                |   in|    8|     ap_none|                      w4_5_load_10|        scalar|
|w4_7_load_10                |   in|    8|     ap_none|                      w4_7_load_10|        scalar|
|w4_9_load_10                |   in|    8|     ap_none|                      w4_9_load_10|        scalar|
|w4_11_load_10               |   in|    8|     ap_none|                     w4_11_load_10|        scalar|
|w4_13_load_10               |   in|    8|     ap_none|                     w4_13_load_10|        scalar|
|w4_15_load_10               |   in|    8|     ap_none|                     w4_15_load_10|        scalar|
|w4_1_load_11                |   in|    8|     ap_none|                      w4_1_load_11|        scalar|
|w4_3_load_11                |   in|    8|     ap_none|                      w4_3_load_11|        scalar|
|w4_5_load_11                |   in|    8|     ap_none|                      w4_5_load_11|        scalar|
|w4_7_load_11                |   in|    8|     ap_none|                      w4_7_load_11|        scalar|
|w4_9_load_11                |   in|    8|     ap_none|                      w4_9_load_11|        scalar|
|w4_11_load_11               |   in|    8|     ap_none|                     w4_11_load_11|        scalar|
|w4_13_load_11               |   in|    8|     ap_none|                     w4_13_load_11|        scalar|
|w4_15_load_11               |   in|    8|     ap_none|                     w4_15_load_11|        scalar|
|w4_1_load_12                |   in|    8|     ap_none|                      w4_1_load_12|        scalar|
|w4_3_load_12                |   in|    8|     ap_none|                      w4_3_load_12|        scalar|
|w4_5_load_12                |   in|    8|     ap_none|                      w4_5_load_12|        scalar|
|w4_7_load_12                |   in|    8|     ap_none|                      w4_7_load_12|        scalar|
|w4_9_load_12                |   in|    8|     ap_none|                      w4_9_load_12|        scalar|
|w4_11_load_12               |   in|    8|     ap_none|                     w4_11_load_12|        scalar|
|w4_13_load_12               |   in|    8|     ap_none|                     w4_13_load_12|        scalar|
|w4_15_load_12               |   in|    8|     ap_none|                     w4_15_load_12|        scalar|
|w4_1_load_13                |   in|    8|     ap_none|                      w4_1_load_13|        scalar|
|w4_3_load_13                |   in|    8|     ap_none|                      w4_3_load_13|        scalar|
|w4_5_load_13                |   in|    8|     ap_none|                      w4_5_load_13|        scalar|
|w4_7_load_13                |   in|    8|     ap_none|                      w4_7_load_13|        scalar|
|w4_9_load_13                |   in|    8|     ap_none|                      w4_9_load_13|        scalar|
|w4_11_load_13               |   in|    8|     ap_none|                     w4_11_load_13|        scalar|
|w4_13_load_13               |   in|    8|     ap_none|                     w4_13_load_13|        scalar|
|w4_15_load_13               |   in|    8|     ap_none|                     w4_15_load_13|        scalar|
|w4_1_load_14                |   in|    8|     ap_none|                      w4_1_load_14|        scalar|
|w4_3_load_14                |   in|    8|     ap_none|                      w4_3_load_14|        scalar|
|w4_5_load_14                |   in|    8|     ap_none|                      w4_5_load_14|        scalar|
|w4_7_load_14                |   in|    8|     ap_none|                      w4_7_load_14|        scalar|
|w4_9_load_14                |   in|    8|     ap_none|                      w4_9_load_14|        scalar|
|w4_11_load_14               |   in|    8|     ap_none|                     w4_11_load_14|        scalar|
|w4_13_load_14               |   in|    8|     ap_none|                     w4_13_load_14|        scalar|
|w4_15_load_14               |   in|    8|     ap_none|                     w4_15_load_14|        scalar|
|w4_1_load_15                |   in|    8|     ap_none|                      w4_1_load_15|        scalar|
|w4_3_load_15                |   in|    8|     ap_none|                      w4_3_load_15|        scalar|
|w4_5_load_15                |   in|    8|     ap_none|                      w4_5_load_15|        scalar|
|w4_7_load_15                |   in|    8|     ap_none|                      w4_7_load_15|        scalar|
|w4_9_load_15                |   in|    8|     ap_none|                      w4_9_load_15|        scalar|
|w4_11_load_15               |   in|    8|     ap_none|                     w4_11_load_15|        scalar|
|w4_13_load_15               |   in|    8|     ap_none|                     w4_13_load_15|        scalar|
|w4_15_load_15               |   in|    8|     ap_none|                     w4_15_load_15|        scalar|
+----------------------------+-----+-----+------------+----------------------------------+--------------+

