

================================================================
== Vitis HLS Report for 'stateful_norm_2_Pipeline_VITIS_LOOP_109_3'
================================================================
* Date:           Fri May  1 14:54:08 2026

* Version:        2025.2 (Build 6295257 on Nov 14 2025)
* Project:        hls_component
* Solution:       hls (Vivado IP Flow Target)
* Product family: spartan7
* Target device:  xc7s50-csga324-2


================================================================
== Performance Estimates
================================================================
+ Timing: 
    * Summary: 
    +--------+----------+----------+------------+
    |  Clock |  Target  | Estimated| Uncertainty|
    +--------+----------+----------+------------+
    |ap_clk  |  10.00 ns|  4.761 ns|     1.00 ns|
    +--------+----------+----------+------------+

+ Latency: 
    * Summary: 
    +---------+---------+----------+----------+-----+-----+-------------------+
    |  Latency (cycles) |  Latency (absolute) |  Interval |      Pipeline     |
    |   min   |   max   |    min   |    max   | min | max |        Type       |
    +---------+---------+----------+----------+-----+-----+-------------------+
    |       10|       10|  0.100 us|  0.100 us|    0|    0|  loop pipeline stp|
    +---------+---------+----------+----------+-----+-----+-------------------+

    + Detail: 
        * Instance: 
        N/A

        * Loop: 
        +--------------------+---------+---------+----------+-----------+-----------+------+----------+
        |                    |  Latency (cycles) | Iteration|  Initiation Interval  | Trip |          |
        |      Loop Name     |   min   |   max   |  Latency |  achieved |   target  | Count| Pipelined|
        +--------------------+---------+---------+----------+-----------+-----------+------+----------+
        |- VITIS_LOOP_109_3  |        8|        8|         2|          1|          1|     8|       yes|
        +--------------------+---------+---------+----------+-----------+-----------+------+----------+



================================================================
== Utilization Estimates
================================================================
* Summary: 
+-----------------+---------+-----+-------+-------+-----+
|       Name      | BRAM_18K| DSP |   FF  |  LUT  | URAM|
+-----------------+---------+-----+-------+-------+-----+
|DSP              |        -|    -|      -|      -|    -|
|Expression       |        -|    -|      0|     62|    -|
|FIFO             |        -|    -|      -|      -|    -|
|Instance         |        -|    -|      0|     78|    -|
|Memory           |        -|    -|      -|      -|    -|
|Multiplexer      |        -|    -|      0|     45|    -|
|Register         |        -|    -|     21|      -|    -|
+-----------------+---------+-----+-------+-------+-----+
|Total            |        0|    0|     21|    185|    0|
+-----------------+---------+-----+-------+-------+-----+
|Available        |      150|  120|  65200|  32600|    0|
+-----------------+---------+-----+-------+-------+-----+
|Utilization (%)  |        0|    0|     ~0|     ~0|    0|
+-----------------+---------+-----+-------+-------+-----+

+ Detail: 
    * Instance: 
    +--------------------------+----------------------+---------+----+---+----+-----+
    |         Instance         |        Module        | BRAM_18K| DSP| FF| LUT| URAM|
    +--------------------------+----------------------+---------+----+---+----+-----+
    |sparsemux_17_3_8_1_1_U25  |sparsemux_17_3_8_1_1  |        0|   0|  0|  39|    0|
    |sparsemux_17_3_8_1_1_U26  |sparsemux_17_3_8_1_1  |        0|   0|  0|  39|    0|
    +--------------------------+----------------------+---------+----+---+----+-----+
    |Total                     |                      |        0|   0|  0|  78|    0|
    +--------------------------+----------------------+---------+----+---+----+-----+

    * DSP: 
    N/A

    * Memory: 
    N/A

    * FIFO: 
    N/A

    * Expression: 
    +--------------------------------+----------+----+---+----+------------+------------+
    |          Variable Name         | Operation| DSP| FF| LUT| Bitwidth P0| Bitwidth P1|
    +--------------------------------+----------+----+---+----+------------+------------+
    |add_ln109_fu_227_p2             |         +|   0|  0|  13|           4|           1|
    |diff_61_fu_341_p2               |         -|   0|  0|  16|           9|           9|
    |diff_fu_281_p2                  |         -|   0|  0|  16|           9|           9|
    |ap_block_pp0_stage0_01001_grp1  |       and|   0|  0|   2|           1|           1|
    |icmp_ln109_fu_221_p2            |      icmp|   0|  0|  13|           4|           5|
    |ap_enable_pp0                   |       xor|   0|  0|   2|           1|           2|
    +--------------------------------+----------+----+---+----+------------+------------+
    |Total                           |          |   0|  0|  62|          28|          27|
    +--------------------------------+----------+----+---+----+------------+------------+

    * Multiplexer: 
    +-------------------------+----+-----------+-----+-----------+
    |           Name          | LUT| Input Size| Bits| Total Bits|
    +-------------------------+----+-----------+-----+-----------+
    |ap_done_int              |   9|          2|    1|          2|
    |ap_enable_reg_pp0_iter1  |   9|          2|    1|          2|
    |ap_sig_allocacmp_i       |   9|          2|    4|          8|
    |i_2_fu_96                |   9|          2|    4|          8|
    |s_norm1_out_blk_n        |   9|          2|    1|          2|
    +-------------------------+----+-----------+-----+-----------+
    |Total                    |  45|         10|   11|         22|
    +-------------------------+----+-----------+-----+-----------+

    * Register: 
    +-------------------------+---+----+-----+-----------+
    |           Name          | FF| LUT| Bits| Const Bits|
    +-------------------------+---+----+-----+-----------+
    |ap_CS_fsm                |  1|   0|    1|          0|
    |ap_done_reg              |  1|   0|    1|          0|
    |ap_enable_reg_pp0_iter1  |  1|   0|    1|          0|
    |i_2_fu_96                |  4|   0|    4|          0|
    |tmp_4_reg_392            |  7|   0|    7|          0|
    |tmp_reg_387              |  7|   0|    7|          0|
    +-------------------------+---+----+-----+-----------+
    |Total                    | 21|   0|   21|          0|
    +-------------------------+---+----+-----+-----------+



================================================================
== Interface
================================================================
* Summary: 
+----------------------------+-----+-----+------------+-------------------------------------------+--------------+
|          RTL Ports         | Dir | Bits|  Protocol  |               Source Object               |    C Type    |
+----------------------------+-----+-----+------------+-------------------------------------------+--------------+
|ap_clk                      |   in|    1|  ap_ctrl_hs|  stateful_norm.2_Pipeline_VITIS_LOOP_109_3|  return value|
|ap_rst                      |   in|    1|  ap_ctrl_hs|  stateful_norm.2_Pipeline_VITIS_LOOP_109_3|  return value|
|ap_start                    |   in|    1|  ap_ctrl_hs|  stateful_norm.2_Pipeline_VITIS_LOOP_109_3|  return value|
|ap_done                     |  out|    1|  ap_ctrl_hs|  stateful_norm.2_Pipeline_VITIS_LOOP_109_3|  return value|
|ap_idle                     |  out|    1|  ap_ctrl_hs|  stateful_norm.2_Pipeline_VITIS_LOOP_109_3|  return value|
|ap_ready                    |  out|    1|  ap_ctrl_hs|  stateful_norm.2_Pipeline_VITIS_LOOP_109_3|  return value|
|s_norm1_out_din             |  out|   16|     ap_fifo|                                s_norm1_out|       pointer|
|s_norm1_out_full_n          |   in|    1|     ap_fifo|                                s_norm1_out|       pointer|
|s_norm1_out_write           |  out|    1|     ap_fifo|                                s_norm1_out|       pointer|
|s_norm1_out_num_data_valid  |   in|   32|     ap_fifo|                                s_norm1_out|       pointer|
|s_norm1_out_fifo_cap        |   in|   32|     ap_fifo|                                s_norm1_out|       pointer|
|buf_reload                  |   in|    8|     ap_none|                                 buf_reload|        scalar|
|buf_3_reload                |   in|    8|     ap_none|                               buf_3_reload|        scalar|
|buf_5_reload                |   in|    8|     ap_none|                               buf_5_reload|        scalar|
|buf_7_reload                |   in|    8|     ap_none|                               buf_7_reload|        scalar|
|buf_9_reload                |   in|    8|     ap_none|                               buf_9_reload|        scalar|
|buf_11_reload               |   in|    8|     ap_none|                              buf_11_reload|        scalar|
|buf_13_reload               |   in|    8|     ap_none|                              buf_13_reload|        scalar|
|buf_15_reload               |   in|    8|     ap_none|                              buf_15_reload|        scalar|
|sext_ln100                  |   in|    8|     ap_none|                                 sext_ln100|        scalar|
|buf_2_reload                |   in|    8|     ap_none|                               buf_2_reload|        scalar|
|buf_4_reload                |   in|    8|     ap_none|                               buf_4_reload|        scalar|
|buf_6_reload                |   in|    8|     ap_none|                               buf_6_reload|        scalar|
|buf_8_reload                |   in|    8|     ap_none|                               buf_8_reload|        scalar|
|buf_10_reload               |   in|    8|     ap_none|                              buf_10_reload|        scalar|
|buf_12_reload               |   in|    8|     ap_none|                              buf_12_reload|        scalar|
|buf_14_reload               |   in|    8|     ap_none|                              buf_14_reload|        scalar|
|buf_16_reload               |   in|    8|     ap_none|                              buf_16_reload|        scalar|
+----------------------------+-----+-----+------------+-------------------------------------------+--------------+

