

================================================================
== Vitis HLS Report for 'alu_add'
================================================================
* Date:           Fri May  1 14:54:08 2026

* Version:        2025.2 (Build 6295257 on Nov 14 2025)
* Project:        hls_component
* Solution:       hls (Vivado IP Flow Target)
* Product family: spartan7
* Target device:  xc7s50-csga324-2


================================================================
== Performance Estimates
================================================================
+ Timing: 
    * Summary: 
    +--------+----------+----------+------------+
    |  Clock |  Target  | Estimated| Uncertainty|
    +--------+----------+----------+------------+
    |ap_clk  |  10.00 ns|  8.503 ns|     1.00 ns|
    +--------+----------+----------+------------+

+ Latency: 
    * Summary: 
    +---------+---------+-----------+-----------+-----+-----+------------------------------------------------+
    |  Latency (cycles) |   Latency (absolute)  |  Interval |                    Pipeline                    |
    |   min   |   max   |    min    |    max    | min | max |                      Type                      |
    +---------+---------+-----------+-----------+-----+-----+------------------------------------------------+
    |        9|        9|  90.000 ns|  90.000 ns|    8|    8|  loop auto-rewind stp (delay=0 clock cycles(s))|
    +---------+---------+-----------+-----------+-----+-----+------------------------------------------------+

    + Detail: 
        * Instance: 
        N/A

        * Loop: 
        +--------------------+---------+---------+----------+-----------+-----------+------+----------+
        |                    |  Latency (cycles) | Iteration|  Initiation Interval  | Trip |          |
        |      Loop Name     |   min   |   max   |  Latency |  achieved |   target  | Count| Pipelined|
        +--------------------+---------+---------+----------+-----------+-----------+------+----------+
        |- VITIS_LOOP_256_1  |        7|        7|         1|          1|          1|     8|       yes|
        +--------------------+---------+---------+----------+-----------+-----------+------+----------+

============================================================
+ Verbose Summary: Synthesis Manager
============================================================
InlineROM: 1
ExposeGlobal: 0
============================================================
+ Verbose Summary: CDFG Model
============================================================
IsTopModel: 0
ResetActiveHigh: 1
IsCombinational: 2
IsDatapathOnly: 0
HasWiredReturn: 1
HasMFsm: 2
HasVarLatency: 1
IsPipeline: 0
IsRtlPipelined: 0
IsInstanceOverlapped: 0
IsDontTouch: 0
HasImplIP: 0
IsGatedGlobalClock: 0

+ Individual pipeline summary: 
  * Pipeline-0: initiation interval (II) = 1, depth = 1


============================================================
+ Verbose Summary: Schedule
============================================================
* Number of FSM states : 1
* Pipeline : 1
  Pipeline-0 : II = 1, D = 1, States = { 1 }
* Dataflow Pipeline: 0

* FSM state transitions: 
1 --> 

* FSM state operations: 

State 1 <SV = 0> <Delay = 8.50>
ST_1 : Operation 4 [1/1] (0.00ns)   --->   "%i = alloca i32 1" [main.cpp:256]   --->   Operation 4 'alloca' 'i' <Predicate = true> <Delay = 0.00>
ST_1 : Operation 5 [1/1] (0.00ns)   --->   "%specinterface_ln0 = specinterface void @_ssdm_op_SpecInterface, i16 %s_alu2_fifo, void @empty_7, i32 0, i32 0, void @empty_9, i32 0, i32 0, void @empty_9, void @empty_9, void @empty_9, i32 0, i32 0, i32 0, i32 0, void @empty_9, void @empty_9, i32 4294967295, i32 0, i32 0, i32 0"   --->   Operation 5 'specinterface' 'specinterface_ln0' <Predicate = true> <Delay = 0.00>
ST_1 : Operation 6 [1/1] (0.00ns)   --->   "%specinterface_ln0 = specinterface void @_ssdm_op_SpecInterface, i16 %s_fifo2_out, void @empty_7, i32 0, i32 0, void @empty_9, i32 0, i32 0, void @empty_9, void @empty_9, void @empty_9, i32 0, i32 0, i32 0, i32 0, void @empty_9, void @empty_9, i32 4294967295, i32 0, i32 0, i32 0"   --->   Operation 6 'specinterface' 'specinterface_ln0' <Predicate = true> <Delay = 0.00>
ST_1 : Operation 7 [1/1] (0.00ns)   --->   "%specinterface_ln0 = specinterface void @_ssdm_op_SpecInterface, i16 %s_gemm4_out, void @empty_7, i32 0, i32 0, void @empty_9, i32 0, i32 0, void @empty_9, void @empty_9, void @empty_9, i32 0, i32 0, i32 0, i32 0, void @empty_9, void @empty_9, i32 4294967295, i32 0, i32 0, i32 0"   --->   Operation 7 'specinterface' 'specinterface_ln0' <Predicate = true> <Delay = 0.00>
ST_1 : Operation 8 [1/1] (1.29ns)   --->   "%store_ln256 = store i3 0, i3 %i" [main.cpp:256]   --->   Operation 8 'store' 'store_ln256' <Predicate = true> <Delay = 1.29>
ST_1 : Operation 9 [1/1] (0.00ns)   --->   "%br_ln256 = br void %for.body.split" [main.cpp:256]   --->   Operation 9 'br' 'br_ln256' <Predicate = true> <Delay = 0.00>
ST_1 : Operation 10 [1/1] (0.00ns)   --->   "%i_19 = load i3 %i" [main.cpp:256]   --->   Operation 10 'load' 'i_19' <Predicate = true> <Delay = 0.00>
ST_1 : Operation 11 [1/1] (0.00ns)   --->   "%specpipeline_ln257 = specpipeline void @_ssdm_op_SpecPipeline, i32 1, i32 0, i32 0, i32 0, i32 4294967295, void @empty_9" [main.cpp:257]   --->   Operation 11 'specpipeline' 'specpipeline_ln257' <Predicate = true> <Delay = 0.00>
ST_1 : Operation 12 [1/1] (0.00ns)   --->   "%speclooptripcount_ln256 = speclooptripcount void @_ssdm_op_SpecLoopTripCount, i64 8, i64 8, i64 8" [main.cpp:256]   --->   Operation 12 'speclooptripcount' 'speclooptripcount_ln256' <Predicate = true> <Delay = 0.00>
ST_1 : Operation 13 [1/1] (0.00ns)   --->   "%specloopname_ln256 = specloopname void @_ssdm_op_SpecLoopName, void @empty_15" [main.cpp:256]   --->   Operation 13 'specloopname' 'specloopname_ln256' <Predicate = true> <Delay = 0.00>
ST_1 : Operation 14 [1/1] ( I:3.47ns O:3.47ns )   --->   "%b = read i16 @_ssdm_op_Read.ap_fifo.volatile.i16P0A, i16 %s_gemm4_out" [main.cpp:258]   --->   Operation 14 'read' 'b' <Predicate = true> <Delay = 3.47> <CoreInst = "FIFO_SRL">   --->   Core 80 'FIFO_SRL' <Latency = 0> <II = 1> <Delay = 3.47> <Storage> <Opcode : 'read' 'write' 'nbread' 'nbwrite'> <Ports = 0> <Width = 16> <Depth = 2> <FIFO>
ST_1 : Operation 15 [1/1] ( I:3.47ns O:3.47ns )   --->   "%b_3 = read i16 @_ssdm_op_Read.ap_fifo.volatile.i16P0A, i16 %s_fifo2_out" [main.cpp:259]   --->   Operation 15 'read' 'b_3' <Predicate = true> <Delay = 3.47> <CoreInst = "FIFO_SRL">   --->   Core 80 'FIFO_SRL' <Latency = 0> <II = 1> <Delay = 3.47> <Storage> <Opcode : 'read' 'write' 'nbread' 'nbwrite'> <Ports = 0> <Width = 16> <Depth = 2> <FIFO>
ST_1 : Operation 16 [1/1] (0.00ns)   --->   "%elems_a = trunc i16 %b" [main.cpp:31->main.cpp:262]   --->   Operation 16 'trunc' 'elems_a' <Predicate = true> <Delay = 0.00>
ST_1 : Operation 17 [1/1] (0.00ns)   --->   "%elems_a_2 = partselect i8 @_ssdm_op_PartSelect.i8.i16.i32.i32, i16 %b, i32 8, i32 15" [main.cpp:31->main.cpp:262]   --->   Operation 17 'partselect' 'elems_a_2' <Predicate = true> <Delay = 0.00>
ST_1 : Operation 18 [1/1] (0.00ns)   --->   "%elems_b = trunc i16 %b_3" [main.cpp:31->main.cpp:263]   --->   Operation 18 'trunc' 'elems_b' <Predicate = true> <Delay = 0.00>
ST_1 : Operation 19 [1/1] (0.00ns)   --->   "%elems_b_2 = partselect i8 @_ssdm_op_PartSelect.i8.i16.i32.i32, i16 %b_3, i32 8, i32 15" [main.cpp:31->main.cpp:263]   --->   Operation 19 'partselect' 'elems_b_2' <Predicate = true> <Delay = 0.00>
ST_1 : Operation 20 [1/1] (1.63ns)   --->   "%elems_out = add i8 %elems_b, i8 %elems_a" [main.cpp:267]   --->   Operation 20 'add' 'elems_out' <Predicate = true> <Delay = 1.63> <CoreInst = "Adder">   --->   Core 1 'Adder' <Latency = 0> <II = 1> <Delay = 1.63> <FuncUnit> <Opcode : 'add' 'sub'> <InPorts = 2> <OutPorts = 1>
ST_1 : Operation 21 [1/1] (1.63ns)   --->   "%elems_out_4 = add i8 %elems_b_2, i8 %elems_a_2" [main.cpp:267]   --->   Operation 21 'add' 'elems_out_4' <Predicate = true> <Delay = 1.63> <CoreInst = "Adder">   --->   Core 1 'Adder' <Latency = 0> <II = 1> <Delay = 1.63> <FuncUnit> <Opcode : 'add' 'sub'> <InPorts = 2> <OutPorts = 1>
ST_1 : Operation 22 [1/1] (0.00ns)   --->   "%b_4 = bitconcatenate i16 @_ssdm_op_BitConcatenate.i16.i8.i8, i8 %elems_out_4, i8 %elems_out" [main.cpp:41->main.cpp:270]   --->   Operation 22 'bitconcatenate' 'b_4' <Predicate = true> <Delay = 0.00>
ST_1 : Operation 23 [1/1] ( I:3.39ns O:3.39ns )   --->   "%write_ln270 = write void @_ssdm_op_Write.ap_fifo.volatile.i16P0A, i16 %s_alu2_fifo, i16 %b_4" [main.cpp:270]   --->   Operation 23 'write' 'write_ln270' <Predicate = true> <Delay = 3.39> <CoreInst = "FIFO_SRL">   --->   Core 80 'FIFO_SRL' <Latency = 0> <II = 1> <Delay = 3.39> <Storage> <Opcode : 'read' 'write' 'nbread' 'nbwrite'> <Ports = 0> <Width = 16> <Depth = 32> <FIFO>
ST_1 : Operation 24 [1/1] (1.45ns)   --->   "%i_20 = add i3 %i_19, i3 1" [main.cpp:256]   --->   Operation 24 'add' 'i_20' <Predicate = true> <Delay = 1.45> <CoreInst = "Adder">   --->   Core 1 'Adder' <Latency = 0> <II = 1> <Delay = 1.45> <FuncUnit> <Opcode : 'add' 'sub'> <InPorts = 2> <OutPorts = 1>
ST_1 : Operation 25 [1/1] (1.45ns)   --->   "%icmp_ln256 = icmp_eq  i3 %i_19, i3 7" [main.cpp:256]   --->   Operation 25 'icmp' 'icmp_ln256' <Predicate = true> <Delay = 1.45> <CoreInst = "Cmp">   --->   Core 9 'Cmp' <Latency = 0> <II = 1> <Delay = 1.45> <FuncUnit> <Opcode : 'seteq' 'setne' 'setle' 'setge' 'setlt' 'setgt'> <InPorts = 2> <OutPorts = 1>
ST_1 : Operation 26 [1/1] (1.29ns)   --->   "%store_ln256 = store i3 %i_20, i3 %i" [main.cpp:256]   --->   Operation 26 'store' 'store_ln256' <Predicate = true> <Delay = 1.29>
ST_1 : Operation 27 [1/1] (0.00ns)   --->   "%br_ln256 = br i1 %icmp_ln256, void %for.body.split, void %for.end16" [main.cpp:256]   --->   Operation 27 'br' 'br_ln256' <Predicate = true> <Delay = 0.00>
ST_1 : Operation 28 [1/1] (1.29ns)   --->   "%ret_ln272 = ret" [main.cpp:272]   --->   Operation 28 'ret' 'ret_ln272' <Predicate = (icmp_ln256)> <Delay = 1.29>


============================================================
+ Verbose Summary: Timing violations
============================================================
Target clock period: 10.000ns, clock uncertainty: 1.000ns.

 <State 1>: 8.503ns
The critical path consists of the following:
	fifo read operation ('b', main.cpp:258) on port 's_gemm4_out' (main.cpp:258) [15]  (3.475 ns)
	'add' operation 8 bit ('elems_out', main.cpp:267) [21]  (1.636 ns)
	fifo write operation ('write_ln270', main.cpp:270) on port 's_alu2_fifo' (main.cpp:270) [24]  (3.392 ns)


============================================================
+ Verbose Summary: Binding
============================================================
N/A
* FSMD analyzer results:
  - Output states:
 - Input state : 
  - Chain level:
	State 1


============================================================
+ Verbose Summary: Datapath Resource usage 
============================================================
N/A
