

================================================================
== Vitis HLS Report for 'fan_out_8'
================================================================
* Date:           Fri May  1 14:54:07 2026

* Version:        2025.2 (Build 6295257 on Nov 14 2025)
* Project:        hls_component
* Solution:       hls (Vivado IP Flow Target)
* Product family: spartan7
* Target device:  xc7s50-csga324-2


================================================================
== Performance Estimates
================================================================
+ Timing: 
    * Summary: 
    +--------+----------+----------+------------+
    |  Clock |  Target  | Estimated| Uncertainty|
    +--------+----------+----------+------------+
    |ap_clk  |  10.00 ns|  4.042 ns|     1.00 ns|
    +--------+----------+----------+------------+

+ Latency: 
    * Summary: 
    +---------+---------+-----------+-----------+-----+-----+------------------------------------------------+
    |  Latency (cycles) |   Latency (absolute)  |  Interval |                    Pipeline                    |
    |   min   |   max   |    min    |    max    | min | max |                      Type                      |
    +---------+---------+-----------+-----------+-----+-----+------------------------------------------------+
    |        9|        9|  90.000 ns|  90.000 ns|    8|    8|  loop auto-rewind stp (delay=0 clock cycles(s))|
    +---------+---------+-----------+-----------+-----+-----+------------------------------------------------+

    + Detail: 
        * Instance: 
        N/A

        * Loop: 
        +-------------------+---------+---------+----------+-----------+-----------+------+----------+
        |                   |  Latency (cycles) | Iteration|  Initiation Interval  | Trip |          |
        |     Loop Name     |   min   |   max   |  Latency |  achieved |   target  | Count| Pipelined|
        +-------------------+---------+---------+----------+-----------+-----------+------+----------+
        |- VITIS_LOOP_53_1  |        7|        7|         1|          1|          1|     8|       yes|
        +-------------------+---------+---------+----------+-----------+-----------+------+----------+

============================================================
+ Verbose Summary: Synthesis Manager
============================================================
InlineROM: 1
ExposeGlobal: 0
============================================================
+ Verbose Summary: CDFG Model
============================================================
IsTopModel: 0
ResetActiveHigh: 1
IsCombinational: 2
IsDatapathOnly: 0
HasWiredReturn: 1
HasMFsm: 2
HasVarLatency: 1
IsPipeline: 0
IsRtlPipelined: 0
IsInstanceOverlapped: 0
IsDontTouch: 0
HasImplIP: 0
IsGatedGlobalClock: 0

+ Individual pipeline summary: 
  * Pipeline-0: initiation interval (II) = 1, depth = 1


============================================================
+ Verbose Summary: Schedule
============================================================
* Number of FSM states : 1
* Pipeline : 1
  Pipeline-0 : II = 1, D = 1, States = { 1 }
* Dataflow Pipeline: 0

* FSM state transitions: 
1 --> 

* FSM state operations: 

State 1 <SV = 0> <Delay = 4.04>
ST_1 : Operation 4 [1/1] (0.00ns)   --->   "%i_011 = alloca i32 1" [main.cpp:53]   --->   Operation 4 'alloca' 'i_011' <Predicate = true> <Delay = 0.00>
ST_1 : Operation 5 [1/1] (0.00ns)   --->   "%specinterface_ln0 = specinterface void @_ssdm_op_SpecInterface, i16 %s_norm1_in, void @empty_7, i32 0, i32 0, void @empty_9, i32 0, i32 0, void @empty_9, void @empty_9, void @empty_9, i32 0, i32 0, i32 0, i32 0, void @empty_9, void @empty_9, i32 4294967295, i32 0, i32 0, i32 0"   --->   Operation 5 'specinterface' 'specinterface_ln0' <Predicate = true> <Delay = 0.00>
ST_1 : Operation 6 [1/1] (0.00ns)   --->   "%specinterface_ln0 = specinterface void @_ssdm_op_SpecInterface, i16 %s_fifo1, void @empty_7, i32 0, i32 0, void @empty_9, i32 0, i32 0, void @empty_9, void @empty_9, void @empty_9, i32 0, i32 0, i32 0, i32 0, void @empty_9, void @empty_9, i32 4294967295, i32 0, i32 0, i32 0"   --->   Operation 6 'specinterface' 'specinterface_ln0' <Predicate = true> <Delay = 0.00>
ST_1 : Operation 7 [1/1] (0.00ns)   --->   "%specinterface_ln0 = specinterface void @_ssdm_op_SpecInterface, i16 %in_r, void @empty_11, i32 1, i32 1, void @empty_10, i32 0, i32 0, void @empty_9, void @empty_9, void @empty_9, i32 0, i32 0, i32 0, i32 0, void @empty_9, void @empty_9, i32 4294967295, i32 0, i32 0, i32 0"   --->   Operation 7 'specinterface' 'specinterface_ln0' <Predicate = true> <Delay = 0.00>
ST_1 : Operation 8 [1/1] (1.29ns)   --->   "%store_ln53 = store i3 0, i3 %i_011" [main.cpp:53]   --->   Operation 8 'store' 'store_ln53' <Predicate = true> <Delay = 1.29>
ST_1 : Operation 9 [1/1] (0.00ns)   --->   "%br_ln53 = br void %for.inc.split" [main.cpp:53]   --->   Operation 9 'br' 'br_ln53' <Predicate = true> <Delay = 0.00>
ST_1 : Operation 10 [1/1] (0.00ns)   --->   "%i_15 = load i3 %i_011" [main.cpp:53]   --->   Operation 10 'load' 'i_15' <Predicate = true> <Delay = 0.00>
ST_1 : Operation 11 [1/1] (0.00ns)   --->   "%specpipeline_ln54 = specpipeline void @_ssdm_op_SpecPipeline, i32 1, i32 0, i32 0, i32 0, i32 4294967295, void @empty_9" [main.cpp:54]   --->   Operation 11 'specpipeline' 'specpipeline_ln54' <Predicate = true> <Delay = 0.00>
ST_1 : Operation 12 [1/1] (0.00ns)   --->   "%speclooptripcount_ln53 = speclooptripcount void @_ssdm_op_SpecLoopTripCount, i64 8, i64 8, i64 8" [main.cpp:53]   --->   Operation 12 'speclooptripcount' 'speclooptripcount_ln53' <Predicate = true> <Delay = 0.00>
ST_1 : Operation 13 [1/1] (0.00ns)   --->   "%specloopname_ln53 = specloopname void @_ssdm_op_SpecLoopName, void @empty_3" [main.cpp:53]   --->   Operation 13 'specloopname' 'specloopname_ln53' <Predicate = true> <Delay = 0.00>
ST_1 : Operation 14 [1/1] ( I:0.39ns O:0.39ns )   --->   "%in_r_read = read i16 @_ssdm_op_Read.axis.volatile.i16P128A, i16 %in_r" [main.cpp:55]   --->   Operation 14 'read' 'in_r_read' <Predicate = true> <Delay = 0.39> <CoreInst = "regslice">   --->   Core 135 'regslice' <Latency = 0> <II = 1> <Delay = 1.60> <Adapter> <Opcode : 'read' 'write'>
ST_1 : Operation 15 [1/1] ( I:3.38ns O:3.38ns )   --->   "%write_ln56 = write void @_ssdm_op_Write.ap_fifo.volatile.i16P0A, i16 %s_fifo1, i16 %in_r_read" [main.cpp:56]   --->   Operation 15 'write' 'write_ln56' <Predicate = true> <Delay = 3.38> <CoreInst = "FIFO">   --->   Core 77 'FIFO' <Latency = 0> <II = 1> <Delay = 3.38> <Storage> <Opcode : 'read' 'write' 'nbread' 'nbwrite'> <Ports = 0> <Width = 16> <Depth = 80> <FIFO>
ST_1 : Operation 16 [1/1] ( I:3.47ns O:3.47ns )   --->   "%write_ln57 = write void @_ssdm_op_Write.ap_fifo.volatile.i16P0A, i16 %s_norm1_in, i16 %in_r_read" [main.cpp:57]   --->   Operation 16 'write' 'write_ln57' <Predicate = true> <Delay = 3.47> <CoreInst = "FIFO_SRL">   --->   Core 80 'FIFO_SRL' <Latency = 0> <II = 1> <Delay = 3.47> <Storage> <Opcode : 'read' 'write' 'nbread' 'nbwrite'> <Ports = 0> <Width = 16> <Depth = 2> <FIFO>
ST_1 : Operation 17 [1/1] (1.45ns)   --->   "%i = add i3 %i_15, i3 1" [main.cpp:53]   --->   Operation 17 'add' 'i' <Predicate = true> <Delay = 1.45> <CoreInst = "Adder">   --->   Core 1 'Adder' <Latency = 0> <II = 1> <Delay = 1.45> <FuncUnit> <Opcode : 'add' 'sub'> <InPorts = 2> <OutPorts = 1>
ST_1 : Operation 18 [1/1] (1.45ns)   --->   "%icmp_ln53 = icmp_eq  i3 %i_15, i3 7" [main.cpp:53]   --->   Operation 18 'icmp' 'icmp_ln53' <Predicate = true> <Delay = 1.45> <CoreInst = "Cmp">   --->   Core 9 'Cmp' <Latency = 0> <II = 1> <Delay = 1.45> <FuncUnit> <Opcode : 'seteq' 'setne' 'setle' 'setge' 'setlt' 'setgt'> <InPorts = 2> <OutPorts = 1>
ST_1 : Operation 19 [1/1] (1.29ns)   --->   "%store_ln53 = store i3 %i, i3 %i_011" [main.cpp:53]   --->   Operation 19 'store' 'store_ln53' <Predicate = true> <Delay = 1.29>
ST_1 : Operation 20 [1/1] (0.00ns)   --->   "%br_ln53 = br i1 %icmp_ln53, void %for.inc.split, void %for.end" [main.cpp:53]   --->   Operation 20 'br' 'br_ln53' <Predicate = true> <Delay = 0.00>
ST_1 : Operation 21 [1/1] (1.29ns)   --->   "%ret_ln59 = ret" [main.cpp:59]   --->   Operation 21 'ret' 'ret_ln59' <Predicate = (icmp_ln53)> <Delay = 1.29>


============================================================
+ Verbose Summary: Timing violations
============================================================
Target clock period: 10.000ns, clock uncertainty: 1.000ns.

 <State 1>: 4.042ns
The critical path consists of the following:
	'store' operation ('store_ln53', main.cpp:53) of constant 0 3 bit on local variable 'i', main.cpp:53 [8]  (1.294 ns)
	'load' operation 3 bit ('i', main.cpp:53) on local variable 'i', main.cpp:53 [11]  (0.000 ns)
	'add' operation 3 bit ('i', main.cpp:53) [18]  (1.454 ns)
	'store' operation ('store_ln53', main.cpp:53) of variable 'i', main.cpp:53 3 bit on local variable 'i', main.cpp:53 [20]  (1.294 ns)


============================================================
+ Verbose Summary: Binding
============================================================
N/A
* FSMD analyzer results:
  - Output states:
 - Input state : 
  - Chain level:
	State 1


============================================================
+ Verbose Summary: Datapath Resource usage 
============================================================
N/A
