

================================================================
== Vitis HLS Report for 'fifo_9'
================================================================
* Date:           Fri May  1 14:54:08 2026

* Version:        2025.2 (Build 6295257 on Nov 14 2025)
* Project:        hls_component
* Solution:       hls (Vivado IP Flow Target)
* Product family: spartan7
* Target device:  xc7s50-csga324-2


================================================================
== Performance Estimates
================================================================
+ Timing: 
    * Summary: 
    +--------+----------+----------+------------+
    |  Clock |  Target  | Estimated| Uncertainty|
    +--------+----------+----------+------------+
    |ap_clk  |  10.00 ns|  4.441 ns|     1.00 ns|
    +--------+----------+----------+------------+

+ Latency: 
    * Summary: 
    +---------+---------+----------+----------+-----+-----+------------------------------------------------+
    |  Latency (cycles) |  Latency (absolute) |  Interval |                    Pipeline                    |
    |   min   |   max   |    min   |    max   | min | max |                      Type                      |
    +---------+---------+----------+----------+-----+-----+------------------------------------------------+
    |       10|       10|  0.100 us|  0.100 us|    8|    8|  loop auto-rewind stp (delay=0 clock cycles(s))|
    +---------+---------+----------+----------+-----+-----+------------------------------------------------+

    + Detail: 
        * Instance: 
        N/A

        * Loop: 
        +-------------------+---------+---------+----------+-----------+-----------+------+----------+
        |                   |  Latency (cycles) | Iteration|  Initiation Interval  | Trip |          |
        |     Loop Name     |   min   |   max   |  Latency |  achieved |   target  | Count| Pipelined|
        +-------------------+---------+---------+----------+-----------+-----------+------+----------+
        |- VITIS_LOOP_66_1  |        8|        8|         2|          1|          1|     8|       yes|
        +-------------------+---------+---------+----------+-----------+-----------+------+----------+

============================================================
+ Verbose Summary: Synthesis Manager
============================================================
InlineROM: 1
ExposeGlobal: 0
============================================================
+ Verbose Summary: CDFG Model
============================================================
IsTopModel: 0
ResetActiveHigh: 1
IsCombinational: 2
IsDatapathOnly: 0
HasWiredReturn: 1
HasMFsm: 2
HasVarLatency: 1
IsPipeline: 0
IsRtlPipelined: 0
IsInstanceOverlapped: 0
IsDontTouch: 0
HasImplIP: 0
IsGatedGlobalClock: 0

+ Individual pipeline summary: 
  * Pipeline-0: initiation interval (II) = 1, depth = 2


============================================================
+ Verbose Summary: Schedule
============================================================
* Number of FSM states : 2
* Pipeline : 1
  Pipeline-0 : II = 1, D = 2, States = { 1 2 }
* Dataflow Pipeline: 0

* FSM state transitions: 
1 --> 2 
2 --> 

* FSM state operations: 

State 1 <SV = 0> <Delay = 4.44>
ST_1 : Operation 5 [1/1] (0.00ns)   --->   "%i_9 = alloca i32 1" [main.cpp:66]   --->   Operation 5 'alloca' 'i_9' <Predicate = true> <Delay = 0.00>
ST_1 : Operation 6 [1/1] (0.00ns)   --->   "%specinterface_ln0 = specinterface void @_ssdm_op_SpecInterface, i16 %s_alu2_fifo, void @empty_7, i32 0, i32 0, void @empty_9, i32 0, i32 0, void @empty_9, void @empty_9, void @empty_9, i32 0, i32 0, i32 0, i32 0, void @empty_9, void @empty_9, i32 4294967295, i32 0, i32 0, i32 0"   --->   Operation 6 'specinterface' 'specinterface_ln0' <Predicate = true> <Delay = 0.00>
ST_1 : Operation 7 [1/1] (0.00ns)   --->   "%specinterface_ln0 = specinterface void @_ssdm_op_SpecInterface, i16 %out_r, void @empty_11, i32 1, i32 1, void @empty_10, i32 0, i32 0, void @empty_9, void @empty_9, void @empty_9, i32 0, i32 0, i32 0, i32 0, void @empty_9, void @empty_9, i32 4294967295, i32 0, i32 0, i32 0"   --->   Operation 7 'specinterface' 'specinterface_ln0' <Predicate = true> <Delay = 0.00>
ST_1 : Operation 8 [1/1] (1.29ns)   --->   "%store_ln66 = store i3 0, i3 %i_9" [main.cpp:66]   --->   Operation 8 'store' 'store_ln66' <Predicate = true> <Delay = 1.29>
ST_1 : Operation 9 [1/1] (0.00ns)   --->   "%br_ln66 = br void %for.inc.split" [main.cpp:66]   --->   Operation 9 'br' 'br_ln66' <Predicate = true> <Delay = 0.00>
ST_1 : Operation 10 [1/1] (0.00ns)   --->   "%i_10 = load i3 %i_9" [main.cpp:66]   --->   Operation 10 'load' 'i_10' <Predicate = true> <Delay = 0.00>
ST_1 : Operation 11 [1/1] ( I:3.39ns O:3.39ns )   --->   "%s_alu2_fifo_read = read i16 @_ssdm_op_Read.ap_fifo.volatile.i16P0A, i16 %s_alu2_fifo" [main.cpp:68]   --->   Operation 11 'read' 's_alu2_fifo_read' <Predicate = true> <Delay = 3.39> <CoreInst = "FIFO_SRL">   --->   Core 80 'FIFO_SRL' <Latency = 0> <II = 1> <Delay = 3.39> <Storage> <Opcode : 'read' 'write' 'nbread' 'nbwrite'> <Ports = 0> <Width = 16> <Depth = 32> <FIFO>
ST_1 : Operation 12 [2/2] (1.04ns)   --->   "%write_ln68 = write void @_ssdm_op_Write.axis.volatile.i16P128A, i16 %out_r, i16 %s_alu2_fifo_read" [main.cpp:68]   --->   Operation 12 'write' 'write_ln68' <Predicate = true> <Delay = 1.04> <CoreInst = "regslice">   --->   Core 135 'regslice' <Latency = 0> <II = 1> <Delay = 1.60> <Adapter> <Opcode : 'read' 'write'>
ST_1 : Operation 13 [1/1] (1.45ns)   --->   "%i = add i3 %i_10, i3 1" [main.cpp:66]   --->   Operation 13 'add' 'i' <Predicate = true> <Delay = 1.45> <CoreInst = "Adder">   --->   Core 1 'Adder' <Latency = 0> <II = 1> <Delay = 1.45> <FuncUnit> <Opcode : 'add' 'sub'> <InPorts = 2> <OutPorts = 1>
ST_1 : Operation 14 [1/1] (1.45ns)   --->   "%icmp_ln66 = icmp_eq  i3 %i_10, i3 7" [main.cpp:66]   --->   Operation 14 'icmp' 'icmp_ln66' <Predicate = true> <Delay = 1.45> <CoreInst = "Cmp">   --->   Core 9 'Cmp' <Latency = 0> <II = 1> <Delay = 1.45> <FuncUnit> <Opcode : 'seteq' 'setne' 'setle' 'setge' 'setlt' 'setgt'> <InPorts = 2> <OutPorts = 1>
ST_1 : Operation 15 [1/1] (1.29ns)   --->   "%store_ln66 = store i3 %i, i3 %i_9" [main.cpp:66]   --->   Operation 15 'store' 'store_ln66' <Predicate = true> <Delay = 1.29>
ST_1 : Operation 16 [1/1] (0.00ns)   --->   "%br_ln66 = br i1 %icmp_ln66, void %for.inc.split, void %for.end" [main.cpp:66]   --->   Operation 16 'br' 'br_ln66' <Predicate = true> <Delay = 0.00>

State 2 <SV = 1> <Delay = 1.29>
ST_2 : Operation 17 [1/1] (0.00ns)   --->   "%specpipeline_ln67 = specpipeline void @_ssdm_op_SpecPipeline, i32 1, i32 0, i32 0, i32 0, i32 4294967295, void @empty_9" [main.cpp:67]   --->   Operation 17 'specpipeline' 'specpipeline_ln67' <Predicate = true> <Delay = 0.00>
ST_2 : Operation 18 [1/1] (0.00ns)   --->   "%speclooptripcount_ln66 = speclooptripcount void @_ssdm_op_SpecLoopTripCount, i64 8, i64 8, i64 8" [main.cpp:66]   --->   Operation 18 'speclooptripcount' 'speclooptripcount_ln66' <Predicate = true> <Delay = 0.00>
ST_2 : Operation 19 [1/1] (0.00ns)   --->   "%specloopname_ln66 = specloopname void @_ssdm_op_SpecLoopName, void @empty_4" [main.cpp:66]   --->   Operation 19 'specloopname' 'specloopname_ln66' <Predicate = true> <Delay = 0.00>
ST_2 : Operation 20 [1/2] ( I:1.04ns O:1.04ns )   --->   "%write_ln68 = write void @_ssdm_op_Write.axis.volatile.i16P128A, i16 %out_r, i16 %s_alu2_fifo_read" [main.cpp:68]   --->   Operation 20 'write' 'write_ln68' <Predicate = true> <Delay = 1.04> <CoreInst = "regslice">   --->   Core 135 'regslice' <Latency = 0> <II = 1> <Delay = 1.60> <Adapter> <Opcode : 'read' 'write'>
ST_2 : Operation 21 [1/1] (1.29ns)   --->   "%ret_ln70 = ret" [main.cpp:70]   --->   Operation 21 'ret' 'ret_ln70' <Predicate = (icmp_ln66)> <Delay = 1.29>


============================================================
+ Verbose Summary: Binding
============================================================
STG Binding: 
---------------- STG Properties BEGIN ----------------
- Is combinational: 0
- Is one-state seq: 0
- Is datapath-only: 0
- Is pipelined: 0
- Is top level: 0
Port [ Return ] is wired: 1; IO mode=ap_ctrl_hs:ce=0
Port [ s_alu2_fifo]:  wired=1; compound=1; hidden=0; nouse=0; global=0; static=0; extern=0; dir=0; type=3; pingpong=0; private_global=0; IO mode=ap_fifo:ce=0
Port [ out_r]:  wired=1; compound=1; hidden=0; nouse=0; global=0; static=0; extern=0; dir=1; type=0; pingpong=0; private_global=0; IO mode=axis:ce=0
---------------- STG Properties END ------------------

---------------- Datapath Model BEGIN ----------------

<LifeTime>
<method=bitvector/>
i_9                    (alloca           ) [ 010]
specinterface_ln0      (specinterface    ) [ 000]
specinterface_ln0      (specinterface    ) [ 000]
store_ln66             (store            ) [ 000]
br_ln66                (br               ) [ 000]
i_10                   (load             ) [ 000]
s_alu2_fifo_read       (read             ) [ 011]
i                      (add              ) [ 000]
icmp_ln66              (icmp             ) [ 011]
store_ln66             (store            ) [ 000]
br_ln66                (br               ) [ 000]
specpipeline_ln67      (specpipeline     ) [ 000]
speclooptripcount_ln66 (speclooptripcount) [ 000]
specloopname_ln66      (specloopname     ) [ 000]
write_ln68             (write            ) [ 000]
ret_ln70               (ret              ) [ 000]
</LifeTime>

<model>

<comp_list>
<comp id="0" class="1000" name="s_alu2_fifo">
<pin_list>
<pin id="1" dir="1" index="0" bw="1" slack="0"/>
</pin_list>
<bind>
<StgValue><ssdm name="s_alu2_fifo"/></StgValue>
</bind>
</comp>

<comp id="2" class="1000" name="out_r">
<pin_list>
<pin id="3" dir="1" index="0" bw="1" slack="0"/>
</pin_list>
<bind>
<StgValue><ssdm name="out_r"/></StgValue>
</bind>
</comp>

<comp id="4" class="1001" name="const_4">
<pin_list>
<pin id="5" dir="1" index="0" bw="1" slack="0"/>
</pin_list>
<bind>
<StgValue><ssdm name=""/></StgValue>
</bind>
</comp>

<comp id="6" class="1001" name="const_6">
<pin_list>
<pin id="7" dir="1" index="0" bw="1" slack="2147483647"/>
</pin_list>
<bind>
<StgValue><ssdm name="_ssdm_op_SpecInterface"/></StgValue>
</bind>
</comp>

<comp id="8" class="1001" name="const_8">
<pin_list>
<pin id="9" dir="1" index="0" bw="1" slack="2147483647"/>
</pin_list>
<bind>
<StgValue><ssdm name="empty_7"/></StgValue>
</bind>
</comp>

<comp id="10" class="1001" name="const_10">
<pin_list>
<pin id="11" dir="1" index="0" bw="1" slack="2147483647"/>
</pin_list>
<bind>
<StgValue><ssdm name=""/></StgValue>
</bind>
</comp>

<comp id="12" class="1001" name="const_12">
<pin_list>
<pin id="13" dir="1" index="0" bw="1" slack="2147483647"/>
</pin_list>
<bind>
<StgValue><ssdm name="empty_9"/></StgValue>
</bind>
</comp>

<comp id="14" class="1001" name="const_14">
<pin_list>
<pin id="15" dir="1" index="0" bw="1" slack="2147483647"/>
</pin_list>
<bind>
<StgValue><ssdm name=""/></StgValue>
</bind>
</comp>

<comp id="16" class="1001" name="const_16">
<pin_list>
<pin id="17" dir="1" index="0" bw="1" slack="2147483647"/>
</pin_list>
<bind>
<StgValue><ssdm name="empty_11"/></StgValue>
</bind>
</comp>

<comp id="18" class="1001" name="const_18">
<pin_list>
<pin id="19" dir="1" index="0" bw="1" slack="2147483647"/>
</pin_list>
<bind>
<StgValue><ssdm name="empty_10"/></StgValue>
</bind>
</comp>

<comp id="20" class="1001" name="const_20">
<pin_list>
<pin id="21" dir="1" index="0" bw="1" slack="0"/>
</pin_list>
<bind>
<StgValue><ssdm name=""/></StgValue>
</bind>
</comp>

<comp id="22" class="1001" name="const_22">
<pin_list>
<pin id="23" dir="1" index="0" bw="1" slack="0"/>
</pin_list>
<bind>
<StgValue><ssdm name="_ssdm_op_Read.ap_fifo.volatile.i16P0A"/></StgValue>
</bind>
</comp>

<comp id="24" class="1001" name="const_24">
<pin_list>
<pin id="25" dir="1" index="0" bw="1" slack="0"/>
</pin_list>
<bind>
<StgValue><ssdm name="_ssdm_op_Write.axis.volatile.i16P128A"/></StgValue>
</bind>
</comp>

<comp id="26" class="1001" name="const_26">
<pin_list>
<pin id="27" dir="1" index="0" bw="1" slack="0"/>
</pin_list>
<bind>
<StgValue><ssdm name=""/></StgValue>
</bind>
</comp>

<comp id="28" class="1001" name="const_28">
<pin_list>
<pin id="29" dir="1" index="0" bw="1" slack="0"/>
</pin_list>
<bind>
<StgValue><ssdm name=""/></StgValue>
</bind>
</comp>

<comp id="30" class="1001" name="const_30">
<pin_list>
<pin id="31" dir="1" index="0" bw="1" slack="2147483647"/>
</pin_list>
<bind>
<StgValue><ssdm name="_ssdm_op_SpecPipeline"/></StgValue>
</bind>
</comp>

<comp id="32" class="1001" name="const_32">
<pin_list>
<pin id="33" dir="1" index="0" bw="1" slack="2147483647"/>
</pin_list>
<bind>
<StgValue><ssdm name="_ssdm_op_SpecLoopTripCount"/></StgValue>
</bind>
</comp>

<comp id="34" class="1001" name="const_34">
<pin_list>
<pin id="35" dir="1" index="0" bw="1" slack="2147483647"/>
</pin_list>
<bind>
<StgValue><ssdm name=""/></StgValue>
</bind>
</comp>

<comp id="36" class="1001" name="const_36">
<pin_list>
<pin id="37" dir="1" index="0" bw="1" slack="2147483647"/>
</pin_list>
<bind>
<StgValue><ssdm name="_ssdm_op_SpecLoopName"/></StgValue>
</bind>
</comp>

<comp id="38" class="1001" name="const_38">
<pin_list>
<pin id="39" dir="1" index="0" bw="1" slack="2147483647"/>
</pin_list>
<bind>
<StgValue><ssdm name="empty_4"/></StgValue>
</bind>
</comp>

<comp id="40" class="1004" name="i_9_fu_40">
<pin_list>
<pin id="41" dir="0" index="0" bw="1" slack="0"/>
<pin id="42" dir="1" index="1" bw="3" slack="0"/>
</pin_list>
<bind>
<opcode="alloca(26) " fcode="alloca"/>
<opset="i_9/1 "/>
</bind>
</comp>

<comp id="44" class="1004" name="s_alu2_fifo_read_read_fu_44">
<pin_list>
<pin id="45" dir="0" index="0" bw="16" slack="0"/>
<pin id="46" dir="0" index="1" bw="16" slack="0"/>
<pin id="47" dir="1" index="2" bw="16" slack="0"/>
</pin_list>
<bind>
<opcode="read(1150) " fcode="read"/>
<opset="s_alu2_fifo_read/1 "/>
</bind>
</comp>

<comp id="50" class="1004" name="grp_write_fu_50">
<pin_list>
<pin id="51" dir="0" index="0" bw="0" slack="0"/>
<pin id="52" dir="0" index="1" bw="16" slack="0"/>
<pin id="53" dir="0" index="2" bw="16" slack="0"/>
<pin id="54" dir="1" index="3" bw="0" slack="2147483647"/>
</pin_list>
<bind>
<opcode="write(1151) " fcode="write"/>
<opset="write_ln68/1 "/>
</bind>
</comp>

<comp id="58" class="1004" name="store_ln66_store_fu_58">
<pin_list>
<pin id="59" dir="0" index="0" bw="1" slack="0"/>
<pin id="60" dir="0" index="1" bw="3" slack="0"/>
<pin id="61" dir="1" index="2" bw="0" slack="2147483647"/>
</pin_list>
<bind>
<opcode="store(28) " fcode="store"/>
<opset="store_ln66/1 "/>
</bind>
</comp>

<comp id="63" class="1004" name="i_10_load_fu_63">
<pin_list>
<pin id="64" dir="0" index="0" bw="3" slack="0"/>
<pin id="65" dir="1" index="1" bw="3" slack="0"/>
</pin_list>
<bind>
<opcode="load(27) " fcode="load"/>
<opset="i_10/1 "/>
</bind>
</comp>

<comp id="66" class="1004" name="i_fu_66">
<pin_list>
<pin id="67" dir="0" index="0" bw="3" slack="0"/>
<pin id="68" dir="0" index="1" bw="1" slack="0"/>
<pin id="69" dir="1" index="2" bw="3" slack="0"/>
</pin_list>
<bind>
<opcode="add(8) " fcode="add"/>
<opset="i/1 "/>
</bind>
</comp>

<comp id="72" class="1004" name="icmp_ln66_fu_72">
<pin_list>
<pin id="73" dir="0" index="0" bw="3" slack="0"/>
<pin id="74" dir="0" index="1" bw="1" slack="0"/>
<pin id="75" dir="1" index="2" bw="1" slack="1"/>
</pin_list>
<bind>
<opcode="icmp(45) " fcode="icmp"/>
<opset="icmp_ln66/1 "/>
</bind>
</comp>

<comp id="78" class="1004" name="store_ln66_store_fu_78">
<pin_list>
<pin id="79" dir="0" index="0" bw="3" slack="0"/>
<pin id="80" dir="0" index="1" bw="3" slack="0"/>
<pin id="81" dir="1" index="2" bw="0" slack="2147483647"/>
</pin_list>
<bind>
<opcode="store(28) " fcode="store"/>
<opset="store_ln66/1 "/>
</bind>
</comp>

<comp id="83" class="1005" name="i_9_reg_83">
<pin_list>
<pin id="84" dir="0" index="0" bw="3" slack="0"/>
<pin id="85" dir="1" index="1" bw="3" slack="0"/>
</pin_list>
<bind>
<opset="i_9 "/>
</bind>
</comp>

<comp id="90" class="1005" name="s_alu2_fifo_read_reg_90">
<pin_list>
<pin id="91" dir="0" index="0" bw="16" slack="1"/>
<pin id="92" dir="1" index="1" bw="16" slack="1"/>
</pin_list>
<bind>
<opset="s_alu2_fifo_read "/>
</bind>
</comp>

<comp id="95" class="1005" name="icmp_ln66_reg_95">
<pin_list>
<pin id="96" dir="0" index="0" bw="1" slack="1"/>
<pin id="97" dir="1" index="1" bw="1" slack="2147483647"/>
</pin_list>
<bind>
<opset="icmp_ln66 "/>
</bind>
</comp>

</comp_list>

<net_list>
<net id="43"><net_src comp="4" pin="0"/><net_sink comp="40" pin=0"/></net>

<net id="48"><net_src comp="22" pin="0"/><net_sink comp="44" pin=0"/></net>

<net id="49"><net_src comp="0" pin="0"/><net_sink comp="44" pin=1"/></net>

<net id="55"><net_src comp="24" pin="0"/><net_sink comp="50" pin=0"/></net>

<net id="56"><net_src comp="2" pin="0"/><net_sink comp="50" pin=1"/></net>

<net id="57"><net_src comp="44" pin="2"/><net_sink comp="50" pin=2"/></net>

<net id="62"><net_src comp="20" pin="0"/><net_sink comp="58" pin=0"/></net>

<net id="70"><net_src comp="63" pin="1"/><net_sink comp="66" pin=0"/></net>

<net id="71"><net_src comp="26" pin="0"/><net_sink comp="66" pin=1"/></net>

<net id="76"><net_src comp="63" pin="1"/><net_sink comp="72" pin=0"/></net>

<net id="77"><net_src comp="28" pin="0"/><net_sink comp="72" pin=1"/></net>

<net id="82"><net_src comp="66" pin="2"/><net_sink comp="78" pin=0"/></net>

<net id="86"><net_src comp="40" pin="1"/><net_sink comp="83" pin=0"/></net>

<net id="87"><net_src comp="83" pin="1"/><net_sink comp="58" pin=1"/></net>

<net id="88"><net_src comp="83" pin="1"/><net_sink comp="63" pin=0"/></net>

<net id="89"><net_src comp="83" pin="1"/><net_sink comp="78" pin=1"/></net>

<net id="93"><net_src comp="44" pin="2"/><net_sink comp="90" pin=0"/></net>

<net id="94"><net_src comp="90" pin="1"/><net_sink comp="50" pin=2"/></net>

<net id="98"><net_src comp="72" pin="2"/><net_sink comp="95" pin=0"/></net>

</net_list>

</model> 
---------------- Datapath Model END ------------------

* FSMD analyzer results:
  - Output states:
	Port: out_r | {2 }
 - Input state : 
	Port: fifo.9 : s_alu2_fifo | {1 }
  - Chain level:
	State 1
		store_ln66 : 1
		i_10 : 1
		i : 2
		icmp_ln66 : 2
		store_ln66 : 3
		br_ln66 : 3
	State 2


============================================================
+ Verbose Summary: Datapath Resource usage 
============================================================

* Functional unit list:
|----------|-----------------------------|---------|---------|
| Operation|       Functional Unit       |    FF   |   LUT   |
|----------|-----------------------------|---------|---------|
|    add   |           i_fu_66           |    0    |    11   |
|----------|-----------------------------|---------|---------|
|   icmp   |       icmp_ln66_fu_72       |    0    |    11   |
|----------|-----------------------------|---------|---------|
|   read   | s_alu2_fifo_read_read_fu_44 |    0    |    0    |
|----------|-----------------------------|---------|---------|
|   write  |       grp_write_fu_50       |    0    |    0    |
|----------|-----------------------------|---------|---------|
|   Total  |                             |    0    |    22   |
|----------|-----------------------------|---------|---------|

Memories:
N/A

* Register list:
+-----------------------+--------+
|                       |   FF   |
+-----------------------+--------+
|       i_9_reg_83      |    3   |
|    icmp_ln66_reg_95   |    1   |
|s_alu2_fifo_read_reg_90|   16   |
+-----------------------+--------+
|         Total         |   20   |
+-----------------------+--------+

* Multiplexer (MUX) list: 
|-----------------|------|------|------|--------||---------||---------||---------|
|       Comp      |  Pin | Size |  BW  | S x BW ||  Delay  ||    FF   ||   LUT   |
|-----------------|------|------|------|--------||---------||---------||---------|
| grp_write_fu_50 |  p2  |   2  |  16  |   32   ||    0    ||    9    |
|-----------------|------|------|------|--------||---------||---------||---------|
|      Total      |      |      |      |   32   ||  1.294  ||    0    ||    9    |
|-----------------|------|------|------|--------||---------||---------||---------|



* Summary:
+-----------+--------+--------+--------+
|           |  Delay |   FF   |   LUT  |
+-----------+--------+--------+--------+
|  Function |    -   |    0   |   22   |
|   Memory  |    -   |    -   |    -   |
|Multiplexer|    1   |    0   |    9   |
|  Register |    -   |   20   |    -   |
+-----------+--------+--------+--------+
|   Total   |    1   |   20   |   31   |
+-----------+--------+--------+--------+
