

================================================================
== Vitis HLS Report for 'fifo'
================================================================
* Date:           Fri May  1 14:54:08 2026

* Version:        2025.2 (Build 6295257 on Nov 14 2025)
* Project:        hls_component
* Solution:       hls (Vivado IP Flow Target)
* Product family: spartan7
* Target device:  xc7s50-csga324-2


================================================================
== Performance Estimates
================================================================
+ Timing: 
    * Summary: 
    +--------+----------+----------+------------+
    |  Clock |  Target  | Estimated| Uncertainty|
    +--------+----------+----------+------------+
    |ap_clk  |  10.00 ns|  6.905 ns|     1.00 ns|
    +--------+----------+----------+------------+

+ Latency: 
    * Summary: 
    +---------+---------+-----------+-----------+-----+-----+------------------------------------------------+
    |  Latency (cycles) |   Latency (absolute)  |  Interval |                    Pipeline                    |
    |   min   |   max   |    min    |    max    | min | max |                      Type                      |
    +---------+---------+-----------+-----------+-----+-----+------------------------------------------------+
    |        9|        9|  90.000 ns|  90.000 ns|    8|    8|  loop auto-rewind stp (delay=0 clock cycles(s))|
    +---------+---------+-----------+-----------+-----+-----+------------------------------------------------+

    + Detail: 
        * Instance: 
        N/A

        * Loop: 
        +-------------------+---------+---------+----------+-----------+-----------+------+----------+
        |                   |  Latency (cycles) | Iteration|  Initiation Interval  | Trip |          |
        |     Loop Name     |   min   |   max   |  Latency |  achieved |   target  | Count| Pipelined|
        +-------------------+---------+---------+----------+-----------+-----------+------+----------+
        |- VITIS_LOOP_66_1  |        7|        7|         1|          1|          1|     8|       yes|
        +-------------------+---------+---------+----------+-----------+-----------+------+----------+

============================================================
+ Verbose Summary: Synthesis Manager
============================================================
InlineROM: 1
ExposeGlobal: 0
============================================================
+ Verbose Summary: CDFG Model
============================================================
IsTopModel: 0
ResetActiveHigh: 1
IsCombinational: 2
IsDatapathOnly: 0
HasWiredReturn: 1
HasMFsm: 2
HasVarLatency: 1
IsPipeline: 0
IsRtlPipelined: 0
IsInstanceOverlapped: 0
IsDontTouch: 0
HasImplIP: 0
IsGatedGlobalClock: 0

+ Individual pipeline summary: 
  * Pipeline-0: initiation interval (II) = 1, depth = 1


============================================================
+ Verbose Summary: Schedule
============================================================
* Number of FSM states : 1
* Pipeline : 1
  Pipeline-0 : II = 1, D = 1, States = { 1 }
* Dataflow Pipeline: 0

* FSM state transitions: 
1 --> 

* FSM state operations: 

State 1 <SV = 0> <Delay = 6.90>
ST_1 : Operation 4 [1/1] (0.00ns)   --->   "%i_011 = alloca i32 1" [main.cpp:66]   --->   Operation 4 'alloca' 'i_011' <Predicate = true> <Delay = 0.00>
ST_1 : Operation 5 [1/1] (0.00ns)   --->   "%specinterface_ln0 = specinterface void @_ssdm_op_SpecInterface, i16 %s_fifo2_out, void @empty_7, i32 0, i32 0, void @empty_9, i32 0, i32 0, void @empty_9, void @empty_9, void @empty_9, i32 0, i32 0, i32 0, i32 0, void @empty_9, void @empty_9, i32 4294967295, i32 0, i32 0, i32 0"   --->   Operation 5 'specinterface' 'specinterface_ln0' <Predicate = true> <Delay = 0.00>
ST_1 : Operation 6 [1/1] (0.00ns)   --->   "%specinterface_ln0 = specinterface void @_ssdm_op_SpecInterface, i16 %s_fifo2, void @empty_7, i32 0, i32 0, void @empty_9, i32 0, i32 0, void @empty_9, void @empty_9, void @empty_9, i32 0, i32 0, i32 0, i32 0, void @empty_9, void @empty_9, i32 4294967295, i32 0, i32 0, i32 0"   --->   Operation 6 'specinterface' 'specinterface_ln0' <Predicate = true> <Delay = 0.00>
ST_1 : Operation 7 [1/1] (1.29ns)   --->   "%store_ln66 = store i3 0, i3 %i_011" [main.cpp:66]   --->   Operation 7 'store' 'store_ln66' <Predicate = true> <Delay = 1.29>
ST_1 : Operation 8 [1/1] (0.00ns)   --->   "%br_ln66 = br void %for.inc.split" [main.cpp:66]   --->   Operation 8 'br' 'br_ln66' <Predicate = true> <Delay = 0.00>
ST_1 : Operation 9 [1/1] (0.00ns)   --->   "%i_14 = load i3 %i_011" [main.cpp:66]   --->   Operation 9 'load' 'i_14' <Predicate = true> <Delay = 0.00>
ST_1 : Operation 10 [1/1] (0.00ns)   --->   "%specpipeline_ln67 = specpipeline void @_ssdm_op_SpecPipeline, i32 1, i32 0, i32 0, i32 0, i32 4294967295, void @empty_9" [main.cpp:67]   --->   Operation 10 'specpipeline' 'specpipeline_ln67' <Predicate = true> <Delay = 0.00>
ST_1 : Operation 11 [1/1] (0.00ns)   --->   "%speclooptripcount_ln66 = speclooptripcount void @_ssdm_op_SpecLoopTripCount, i64 8, i64 8, i64 8" [main.cpp:66]   --->   Operation 11 'speclooptripcount' 'speclooptripcount_ln66' <Predicate = true> <Delay = 0.00>
ST_1 : Operation 12 [1/1] (0.00ns)   --->   "%specloopname_ln66 = specloopname void @_ssdm_op_SpecLoopName, void @empty_4" [main.cpp:66]   --->   Operation 12 'specloopname' 'specloopname_ln66' <Predicate = true> <Delay = 0.00>
ST_1 : Operation 13 [1/1] ( I:3.43ns O:3.43ns )   --->   "%s_fifo2_read = read i16 @_ssdm_op_Read.ap_fifo.volatile.i16P0A, i16 %s_fifo2" [main.cpp:68]   --->   Operation 13 'read' 's_fifo2_read' <Predicate = true> <Delay = 3.43> <CoreInst = "FIFO_SRL">   --->   Core 80 'FIFO_SRL' <Latency = 0> <II = 1> <Delay = 3.43> <Storage> <Opcode : 'read' 'write' 'nbread' 'nbwrite'> <Ports = 0> <Width = 16> <Depth = 48> <FIFO>
ST_1 : Operation 14 [1/1] ( I:3.47ns O:3.47ns )   --->   "%write_ln68 = write void @_ssdm_op_Write.ap_fifo.volatile.i16P0A, i16 %s_fifo2_out, i16 %s_fifo2_read" [main.cpp:68]   --->   Operation 14 'write' 'write_ln68' <Predicate = true> <Delay = 3.47> <CoreInst = "FIFO_SRL">   --->   Core 80 'FIFO_SRL' <Latency = 0> <II = 1> <Delay = 3.47> <Storage> <Opcode : 'read' 'write' 'nbread' 'nbwrite'> <Ports = 0> <Width = 16> <Depth = 2> <FIFO>
ST_1 : Operation 15 [1/1] (1.45ns)   --->   "%i = add i3 %i_14, i3 1" [main.cpp:66]   --->   Operation 15 'add' 'i' <Predicate = true> <Delay = 1.45> <CoreInst = "Adder">   --->   Core 1 'Adder' <Latency = 0> <II = 1> <Delay = 1.45> <FuncUnit> <Opcode : 'add' 'sub'> <InPorts = 2> <OutPorts = 1>
ST_1 : Operation 16 [1/1] (1.45ns)   --->   "%icmp_ln66 = icmp_eq  i3 %i_14, i3 7" [main.cpp:66]   --->   Operation 16 'icmp' 'icmp_ln66' <Predicate = true> <Delay = 1.45> <CoreInst = "Cmp">   --->   Core 9 'Cmp' <Latency = 0> <II = 1> <Delay = 1.45> <FuncUnit> <Opcode : 'seteq' 'setne' 'setle' 'setge' 'setlt' 'setgt'> <InPorts = 2> <OutPorts = 1>
ST_1 : Operation 17 [1/1] (1.29ns)   --->   "%store_ln66 = store i3 %i, i3 %i_011" [main.cpp:66]   --->   Operation 17 'store' 'store_ln66' <Predicate = true> <Delay = 1.29>
ST_1 : Operation 18 [1/1] (0.00ns)   --->   "%br_ln66 = br i1 %icmp_ln66, void %for.inc.split, void %for.end" [main.cpp:66]   --->   Operation 18 'br' 'br_ln66' <Predicate = true> <Delay = 0.00>
ST_1 : Operation 19 [1/1] (1.29ns)   --->   "%ret_ln70 = ret" [main.cpp:70]   --->   Operation 19 'ret' 'ret_ln70' <Predicate = (icmp_ln66)> <Delay = 1.29>


============================================================
+ Verbose Summary: Binding
============================================================
STG Binding: 
---------------- STG Properties BEGIN ----------------
- Is combinational: 0
- Is one-state seq: 0
- Is datapath-only: 0
- Is pipelined: 0
- Is top level: 0
Port [ Return ] is wired: 1; IO mode=ap_ctrl_hs:ce=0
Port [ s_fifo2]:  wired=1; compound=1; hidden=0; nouse=0; global=0; static=0; extern=0; dir=0; type=3; pingpong=0; private_global=0; IO mode=ap_fifo:ce=0
Port [ s_fifo2_out]:  wired=1; compound=1; hidden=0; nouse=0; global=0; static=0; extern=0; dir=1; type=3; pingpong=0; private_global=0; IO mode=ap_fifo:ce=0
---------------- STG Properties END ------------------

---------------- Datapath Model BEGIN ----------------

<LifeTime>
<method=bitvector/>
i_011                  (alloca           ) [ 01]
specinterface_ln0      (specinterface    ) [ 00]
specinterface_ln0      (specinterface    ) [ 00]
store_ln66             (store            ) [ 00]
br_ln66                (br               ) [ 00]
i_14                   (load             ) [ 00]
specpipeline_ln67      (specpipeline     ) [ 00]
speclooptripcount_ln66 (speclooptripcount) [ 00]
specloopname_ln66      (specloopname     ) [ 00]
s_fifo2_read           (read             ) [ 00]
write_ln68             (write            ) [ 00]
i                      (add              ) [ 00]
icmp_ln66              (icmp             ) [ 01]
store_ln66             (store            ) [ 00]
br_ln66                (br               ) [ 00]
ret_ln70               (ret              ) [ 00]
</LifeTime>

<model>

<comp_list>
<comp id="0" class="1000" name="s_fifo2">
<pin_list>
<pin id="1" dir="1" index="0" bw="1" slack="0"/>
</pin_list>
<bind>
<StgValue><ssdm name="s_fifo2"/></StgValue>
</bind>
</comp>

<comp id="2" class="1000" name="s_fifo2_out">
<pin_list>
<pin id="3" dir="1" index="0" bw="1" slack="0"/>
</pin_list>
<bind>
<StgValue><ssdm name="s_fifo2_out"/></StgValue>
</bind>
</comp>

<comp id="4" class="1001" name="const_4">
<pin_list>
<pin id="5" dir="1" index="0" bw="1" slack="0"/>
</pin_list>
<bind>
<StgValue><ssdm name=""/></StgValue>
</bind>
</comp>

<comp id="6" class="1001" name="const_6">
<pin_list>
<pin id="7" dir="1" index="0" bw="1" slack="2147483647"/>
</pin_list>
<bind>
<StgValue><ssdm name="_ssdm_op_SpecInterface"/></StgValue>
</bind>
</comp>

<comp id="8" class="1001" name="const_8">
<pin_list>
<pin id="9" dir="1" index="0" bw="1" slack="2147483647"/>
</pin_list>
<bind>
<StgValue><ssdm name="empty_7"/></StgValue>
</bind>
</comp>

<comp id="10" class="1001" name="const_10">
<pin_list>
<pin id="11" dir="1" index="0" bw="1" slack="2147483647"/>
</pin_list>
<bind>
<StgValue><ssdm name=""/></StgValue>
</bind>
</comp>

<comp id="12" class="1001" name="const_12">
<pin_list>
<pin id="13" dir="1" index="0" bw="1" slack="2147483647"/>
</pin_list>
<bind>
<StgValue><ssdm name="empty_9"/></StgValue>
</bind>
</comp>

<comp id="14" class="1001" name="const_14">
<pin_list>
<pin id="15" dir="1" index="0" bw="1" slack="2147483647"/>
</pin_list>
<bind>
<StgValue><ssdm name=""/></StgValue>
</bind>
</comp>

<comp id="16" class="1001" name="const_16">
<pin_list>
<pin id="17" dir="1" index="0" bw="1" slack="0"/>
</pin_list>
<bind>
<StgValue><ssdm name=""/></StgValue>
</bind>
</comp>

<comp id="18" class="1001" name="const_18">
<pin_list>
<pin id="19" dir="1" index="0" bw="1" slack="2147483647"/>
</pin_list>
<bind>
<StgValue><ssdm name="_ssdm_op_SpecPipeline"/></StgValue>
</bind>
</comp>

<comp id="20" class="1001" name="const_20">
<pin_list>
<pin id="21" dir="1" index="0" bw="1" slack="2147483647"/>
</pin_list>
<bind>
<StgValue><ssdm name="_ssdm_op_SpecLoopTripCount"/></StgValue>
</bind>
</comp>

<comp id="22" class="1001" name="const_22">
<pin_list>
<pin id="23" dir="1" index="0" bw="1" slack="2147483647"/>
</pin_list>
<bind>
<StgValue><ssdm name=""/></StgValue>
</bind>
</comp>

<comp id="24" class="1001" name="const_24">
<pin_list>
<pin id="25" dir="1" index="0" bw="1" slack="2147483647"/>
</pin_list>
<bind>
<StgValue><ssdm name="_ssdm_op_SpecLoopName"/></StgValue>
</bind>
</comp>

<comp id="26" class="1001" name="const_26">
<pin_list>
<pin id="27" dir="1" index="0" bw="1" slack="2147483647"/>
</pin_list>
<bind>
<StgValue><ssdm name="empty_4"/></StgValue>
</bind>
</comp>

<comp id="28" class="1001" name="const_28">
<pin_list>
<pin id="29" dir="1" index="0" bw="1" slack="0"/>
</pin_list>
<bind>
<StgValue><ssdm name="_ssdm_op_Read.ap_fifo.volatile.i16P0A"/></StgValue>
</bind>
</comp>

<comp id="30" class="1001" name="const_30">
<pin_list>
<pin id="31" dir="1" index="0" bw="1" slack="0"/>
</pin_list>
<bind>
<StgValue><ssdm name="_ssdm_op_Write.ap_fifo.volatile.i16P0A"/></StgValue>
</bind>
</comp>

<comp id="32" class="1001" name="const_32">
<pin_list>
<pin id="33" dir="1" index="0" bw="1" slack="0"/>
</pin_list>
<bind>
<StgValue><ssdm name=""/></StgValue>
</bind>
</comp>

<comp id="34" class="1001" name="const_34">
<pin_list>
<pin id="35" dir="1" index="0" bw="1" slack="0"/>
</pin_list>
<bind>
<StgValue><ssdm name=""/></StgValue>
</bind>
</comp>

<comp id="36" class="1004" name="i_011_fu_36">
<pin_list>
<pin id="37" dir="0" index="0" bw="1" slack="0"/>
<pin id="38" dir="1" index="1" bw="3" slack="0"/>
</pin_list>
<bind>
<opcode="alloca(26) " fcode="alloca"/>
<opset="i_011/1 "/>
</bind>
</comp>

<comp id="40" class="1004" name="s_fifo2_read_read_fu_40">
<pin_list>
<pin id="41" dir="0" index="0" bw="16" slack="0"/>
<pin id="42" dir="0" index="1" bw="16" slack="0"/>
<pin id="43" dir="1" index="2" bw="16" slack="0"/>
</pin_list>
<bind>
<opcode="read(1150) " fcode="read"/>
<opset="s_fifo2_read/1 "/>
</bind>
</comp>

<comp id="46" class="1004" name="write_ln68_write_fu_46">
<pin_list>
<pin id="47" dir="0" index="0" bw="0" slack="0"/>
<pin id="48" dir="0" index="1" bw="16" slack="0"/>
<pin id="49" dir="0" index="2" bw="16" slack="0"/>
<pin id="50" dir="1" index="3" bw="0" slack="2147483647"/>
</pin_list>
<bind>
<opcode="write(1151) " fcode="write"/>
<opset="write_ln68/1 "/>
</bind>
</comp>

<comp id="54" class="1004" name="store_ln66_store_fu_54">
<pin_list>
<pin id="55" dir="0" index="0" bw="1" slack="0"/>
<pin id="56" dir="0" index="1" bw="3" slack="0"/>
<pin id="57" dir="1" index="2" bw="0" slack="2147483647"/>
</pin_list>
<bind>
<opcode="store(28) " fcode="store"/>
<opset="store_ln66/1 "/>
</bind>
</comp>

<comp id="59" class="1004" name="i_14_load_fu_59">
<pin_list>
<pin id="60" dir="0" index="0" bw="3" slack="0"/>
<pin id="61" dir="1" index="1" bw="3" slack="0"/>
</pin_list>
<bind>
<opcode="load(27) " fcode="load"/>
<opset="i_14/1 "/>
</bind>
</comp>

<comp id="62" class="1004" name="i_fu_62">
<pin_list>
<pin id="63" dir="0" index="0" bw="3" slack="0"/>
<pin id="64" dir="0" index="1" bw="1" slack="0"/>
<pin id="65" dir="1" index="2" bw="3" slack="0"/>
</pin_list>
<bind>
<opcode="add(8) " fcode="add"/>
<opset="i/1 "/>
</bind>
</comp>

<comp id="68" class="1004" name="icmp_ln66_fu_68">
<pin_list>
<pin id="69" dir="0" index="0" bw="3" slack="0"/>
<pin id="70" dir="0" index="1" bw="1" slack="0"/>
<pin id="71" dir="1" index="2" bw="1" slack="2147483647"/>
</pin_list>
<bind>
<opcode="icmp(45) " fcode="icmp"/>
<opset="icmp_ln66/1 "/>
</bind>
</comp>

<comp id="74" class="1004" name="store_ln66_store_fu_74">
<pin_list>
<pin id="75" dir="0" index="0" bw="3" slack="0"/>
<pin id="76" dir="0" index="1" bw="3" slack="0"/>
<pin id="77" dir="1" index="2" bw="0" slack="2147483647"/>
</pin_list>
<bind>
<opcode="store(28) " fcode="store"/>
<opset="store_ln66/1 "/>
</bind>
</comp>

<comp id="79" class="1005" name="i_011_reg_79">
<pin_list>
<pin id="80" dir="0" index="0" bw="3" slack="0"/>
<pin id="81" dir="1" index="1" bw="3" slack="0"/>
</pin_list>
<bind>
<opset="i_011 "/>
</bind>
</comp>

</comp_list>

<net_list>
<net id="39"><net_src comp="4" pin="0"/><net_sink comp="36" pin=0"/></net>

<net id="44"><net_src comp="28" pin="0"/><net_sink comp="40" pin=0"/></net>

<net id="45"><net_src comp="0" pin="0"/><net_sink comp="40" pin=1"/></net>

<net id="51"><net_src comp="30" pin="0"/><net_sink comp="46" pin=0"/></net>

<net id="52"><net_src comp="2" pin="0"/><net_sink comp="46" pin=1"/></net>

<net id="53"><net_src comp="40" pin="2"/><net_sink comp="46" pin=2"/></net>

<net id="58"><net_src comp="16" pin="0"/><net_sink comp="54" pin=0"/></net>

<net id="66"><net_src comp="59" pin="1"/><net_sink comp="62" pin=0"/></net>

<net id="67"><net_src comp="32" pin="0"/><net_sink comp="62" pin=1"/></net>

<net id="72"><net_src comp="59" pin="1"/><net_sink comp="68" pin=0"/></net>

<net id="73"><net_src comp="34" pin="0"/><net_sink comp="68" pin=1"/></net>

<net id="78"><net_src comp="62" pin="2"/><net_sink comp="74" pin=0"/></net>

<net id="82"><net_src comp="36" pin="1"/><net_sink comp="79" pin=0"/></net>

<net id="83"><net_src comp="79" pin="1"/><net_sink comp="54" pin=1"/></net>

<net id="84"><net_src comp="79" pin="1"/><net_sink comp="59" pin=0"/></net>

<net id="85"><net_src comp="79" pin="1"/><net_sink comp="74" pin=1"/></net>

</net_list>

</model> 
---------------- Datapath Model END ------------------

* FSMD analyzer results:
  - Output states:
	Port: s_fifo2_out | {1 }
 - Input state : 
	Port: fifo : s_fifo2 | {1 }
  - Chain level:
	State 1
		store_ln66 : 1
		i_14 : 1
		i : 2
		icmp_ln66 : 2
		store_ln66 : 3
		br_ln66 : 3


============================================================
+ Verbose Summary: Datapath Resource usage 
============================================================

* Functional unit list:
|----------|-------------------------|---------|---------|
| Operation|     Functional Unit     |    FF   |   LUT   |
|----------|-------------------------|---------|---------|
|    add   |         i_fu_62         |    0    |    11   |
|----------|-------------------------|---------|---------|
|   icmp   |     icmp_ln66_fu_68     |    0    |    11   |
|----------|-------------------------|---------|---------|
|   read   | s_fifo2_read_read_fu_40 |    0    |    0    |
|----------|-------------------------|---------|---------|
|   write  |  write_ln68_write_fu_46 |    0    |    0    |
|----------|-------------------------|---------|---------|
|   Total  |                         |    0    |    22   |
|----------|-------------------------|---------|---------|

Memories:
N/A

* Register list:
+------------+--------+
|            |   FF   |
+------------+--------+
|i_011_reg_79|    3   |
+------------+--------+
|    Total   |    3   |
+------------+--------+

* Multiplexer (MUX) list: 
|--------|------|------|------|--------|
|  Comp  |  Pin | Size |  BW  | S x BW |
|--------|------|------|------|--------|
|  Total |      |      |      |    0   |
|--------|------|------|------|--------|



* Summary:
+-----------+--------+--------+
|           |   FF   |   LUT  |
+-----------+--------+--------+
|  Function |    0   |   22   |
|   Memory  |    -   |    -   |
|Multiplexer|    -   |    -   |
|  Register |    3   |    -   |
+-----------+--------+--------+
|   Total   |    3   |   22   |
+-----------+--------+--------+
