

================================================================
== Vitis HLS Report for 'gemm_Pipeline_VITIS_LOOP_139_1'
================================================================
* Date:           Fri May  1 14:54:07 2026

* Version:        2025.2 (Build 6295257 on Nov 14 2025)
* Project:        hls_component
* Solution:       hls (Vivado IP Flow Target)
* Product family: spartan7
* Target device:  xc7s50-csga324-2


================================================================
== Performance Estimates
================================================================
+ Timing: 
    * Summary: 
    +--------+----------+----------+------------+
    |  Clock |  Target  | Estimated| Uncertainty|
    +--------+----------+----------+------------+
    |ap_clk  |  10.00 ns|  4.155 ns|     1.00 ns|
    +--------+----------+----------+------------+

+ Latency: 
    * Summary: 
    +---------+---------+----------+----------+-----+-----+-------------------+
    |  Latency (cycles) |  Latency (absolute) |  Interval |      Pipeline     |
    |   min   |   max   |    min   |    max   | min | max |        Type       |
    +---------+---------+----------+----------+-----+-----+-------------------+
    |       10|       10|  0.100 us|  0.100 us|    0|    0|  loop pipeline stp|
    +---------+---------+----------+----------+-----+-----+-------------------+

    + Detail: 
        * Instance: 
        N/A

        * Loop: 
        +--------------------+---------+---------+----------+-----------+-----------+------+----------+
        |                    |  Latency (cycles) | Iteration|  Initiation Interval  | Trip |          |
        |      Loop Name     |   min   |   max   |  Latency |  achieved |   target  | Count| Pipelined|
        +--------------------+---------+---------+----------+-----------+-----------+------+----------+
        |- VITIS_LOOP_139_1  |        8|        8|         2|          1|          1|     8|       yes|
        +--------------------+---------+---------+----------+-----------+-----------+------+----------+

============================================================
+ Verbose Summary: Synthesis Manager
============================================================
InlineROM: 1
ExposeGlobal: 0
============================================================
+ Verbose Summary: CDFG Model
============================================================
IsTopModel: 0
ResetActiveHigh: 1
IsCombinational: 0
IsDatapathOnly: 0
HasWiredReturn: 1
HasMFsm: 2
HasVarLatency: 1
IsPipeline: 0
IsRtlPipelined: 0
IsInstanceOverlapped: 0
IsDontTouch: 0
HasImplIP: 0
IsGatedGlobalClock: 0

+ Individual pipeline summary: 
  * Pipeline-0: initiation interval (II) = 1, depth = 2


============================================================
+ Verbose Summary: Schedule
============================================================
* Number of FSM states : 2
* Pipeline : 1
  Pipeline-0 : II = 1, D = 2, States = { 1 2 }
* Dataflow Pipeline: 0

* FSM state transitions: 
1 --> 2 
2 --> 

* FSM state operations: 

State 1 <SV = 0> <Delay = 4.15>
ST_1 : Operation 5 [1/1] (0.00ns)   --->   "%i = alloca i32 1" [main.cpp:139]   --->   Operation 5 'alloca' 'i' <Predicate = true> <Delay = 0.00>
ST_1 : Operation 6 [1/1] (0.00ns)   --->   "%empty = alloca i32 1"   --->   Operation 6 'alloca' 'empty' <Predicate = true> <Delay = 0.00>
ST_1 : Operation 7 [1/1] (0.00ns)   --->   "%empty_61 = alloca i32 1"   --->   Operation 7 'alloca' 'empty_61' <Predicate = true> <Delay = 0.00>
ST_1 : Operation 8 [1/1] (0.00ns)   --->   "%empty_62 = alloca i32 1"   --->   Operation 8 'alloca' 'empty_62' <Predicate = true> <Delay = 0.00>
ST_1 : Operation 9 [1/1] (0.00ns)   --->   "%empty_63 = alloca i32 1"   --->   Operation 9 'alloca' 'empty_63' <Predicate = true> <Delay = 0.00>
ST_1 : Operation 10 [1/1] (0.00ns)   --->   "%empty_64 = alloca i32 1"   --->   Operation 10 'alloca' 'empty_64' <Predicate = true> <Delay = 0.00>
ST_1 : Operation 11 [1/1] (0.00ns)   --->   "%empty_65 = alloca i32 1"   --->   Operation 11 'alloca' 'empty_65' <Predicate = true> <Delay = 0.00>
ST_1 : Operation 12 [1/1] (0.00ns)   --->   "%empty_66 = alloca i32 1"   --->   Operation 12 'alloca' 'empty_66' <Predicate = true> <Delay = 0.00>
ST_1 : Operation 13 [1/1] (0.00ns)   --->   "%empty_67 = alloca i32 1"   --->   Operation 13 'alloca' 'empty_67' <Predicate = true> <Delay = 0.00>
ST_1 : Operation 14 [1/1] (0.00ns)   --->   "%empty_68 = alloca i32 1"   --->   Operation 14 'alloca' 'empty_68' <Predicate = true> <Delay = 0.00>
ST_1 : Operation 15 [1/1] (0.00ns)   --->   "%empty_69 = alloca i32 1"   --->   Operation 15 'alloca' 'empty_69' <Predicate = true> <Delay = 0.00>
ST_1 : Operation 16 [1/1] (0.00ns)   --->   "%empty_70 = alloca i32 1"   --->   Operation 16 'alloca' 'empty_70' <Predicate = true> <Delay = 0.00>
ST_1 : Operation 17 [1/1] (0.00ns)   --->   "%empty_71 = alloca i32 1"   --->   Operation 17 'alloca' 'empty_71' <Predicate = true> <Delay = 0.00>
ST_1 : Operation 18 [1/1] (0.00ns)   --->   "%empty_72 = alloca i32 1"   --->   Operation 18 'alloca' 'empty_72' <Predicate = true> <Delay = 0.00>
ST_1 : Operation 19 [1/1] (0.00ns)   --->   "%empty_73 = alloca i32 1"   --->   Operation 19 'alloca' 'empty_73' <Predicate = true> <Delay = 0.00>
ST_1 : Operation 20 [1/1] (0.00ns)   --->   "%empty_74 = alloca i32 1"   --->   Operation 20 'alloca' 'empty_74' <Predicate = true> <Delay = 0.00>
ST_1 : Operation 21 [1/1] (0.00ns)   --->   "%empty_75 = alloca i32 1"   --->   Operation 21 'alloca' 'empty_75' <Predicate = true> <Delay = 0.00>
ST_1 : Operation 22 [1/1] (0.00ns)   --->   "%specinterface_ln0 = specinterface void @_ssdm_op_SpecInterface, i16 %s_norm1_out, void @empty_7, i32 0, i32 0, void @empty_9, i32 0, i32 0, void @empty_9, void @empty_9, void @empty_9, i32 0, i32 0, i32 0, i32 0, void @empty_9, void @empty_9, i32 4294967295, i32 0, i32 0, i32 0"   --->   Operation 22 'specinterface' 'specinterface_ln0' <Predicate = true> <Delay = 0.00>
ST_1 : Operation 23 [1/1] (1.29ns)   --->   "%store_ln139 = store i4 0, i4 %i" [main.cpp:139]   --->   Operation 23 'store' 'store_ln139' <Predicate = true> <Delay = 1.29>
ST_1 : Operation 24 [1/1] (0.00ns)   --->   "%br_ln139 = br void %for.body" [main.cpp:139]   --->   Operation 24 'br' 'br_ln139' <Predicate = true> <Delay = 0.00>
ST_1 : Operation 25 [1/1] (0.00ns)   --->   "%i_5 = load i4 %i" [main.cpp:139]   --->   Operation 25 'load' 'i_5' <Predicate = true> <Delay = 0.00>
ST_1 : Operation 26 [1/1] (1.56ns)   --->   "%icmp_ln139 = icmp_eq  i4 %i_5, i4 8" [main.cpp:139]   --->   Operation 26 'icmp' 'icmp_ln139' <Predicate = true> <Delay = 1.56> <CoreInst = "Cmp">   --->   Core 9 'Cmp' <Latency = 0> <II = 1> <Delay = 1.56> <FuncUnit> <Opcode : 'seteq' 'setne' 'setle' 'setge' 'setlt' 'setgt'> <InPorts = 2> <OutPorts = 1>
ST_1 : Operation 27 [1/1] (1.56ns)   --->   "%add_ln139 = add i4 %i_5, i4 1" [main.cpp:139]   --->   Operation 27 'add' 'add_ln139' <Predicate = true> <Delay = 1.56> <CoreInst = "Adder">   --->   Core 1 'Adder' <Latency = 0> <II = 1> <Delay = 1.56> <FuncUnit> <Opcode : 'add' 'sub'> <InPorts = 2> <OutPorts = 1>
ST_1 : Operation 28 [1/1] (0.00ns)   --->   "%br_ln139 = br i1 %icmp_ln139, void %for.body.split, void %VITIS_LOOP_151_3.exitStub" [main.cpp:139]   --->   Operation 28 'br' 'br_ln139' <Predicate = true> <Delay = 0.00>
ST_1 : Operation 29 [1/1] (0.00ns)   --->   "%trunc_ln139 = trunc i4 %i_5" [main.cpp:139]   --->   Operation 29 'trunc' 'trunc_ln139' <Predicate = (!icmp_ln139)> <Delay = 0.00>
ST_1 : Operation 30 [1/1] (1.45ns)   --->   "%switch_ln146 = switch i3 %trunc_ln139, void %arrayidx6.1.case.15, i3 0, void %for.body.split.arrayidx6.1.exit_crit_edge, i3 1, void %arrayidx6.1.case.3, i3 2, void %arrayidx6.1.case.5, i3 3, void %arrayidx6.1.case.7, i3 4, void %arrayidx6.1.case.9, i3 5, void %arrayidx6.1.case.11, i3 6, void %arrayidx6.1.case.13" [main.cpp:146]   --->   Operation 30 'switch' 'switch_ln146' <Predicate = (!icmp_ln139)> <Delay = 1.45>
ST_1 : Operation 31 [1/1] (1.29ns)   --->   "%store_ln139 = store i4 %add_ln139, i4 %i" [main.cpp:139]   --->   Operation 31 'store' 'store_ln139' <Predicate = (!icmp_ln139)> <Delay = 1.29>
ST_1 : Operation 32 [1/1] (0.00ns)   --->   "%br_ln139 = br void %for.body" [main.cpp:139]   --->   Operation 32 'br' 'br_ln139' <Predicate = (!icmp_ln139)> <Delay = 0.00>
ST_1 : Operation 63 [1/1] (0.00ns)   --->   "%p_load32 = load i8 %empty"   --->   Operation 63 'load' 'p_load32' <Predicate = (icmp_ln139)> <Delay = 0.00>
ST_1 : Operation 64 [1/1] (0.00ns)   --->   "%p_load31 = load i8 %empty_61"   --->   Operation 64 'load' 'p_load31' <Predicate = (icmp_ln139)> <Delay = 0.00>
ST_1 : Operation 65 [1/1] (0.00ns)   --->   "%p_load30 = load i8 %empty_62"   --->   Operation 65 'load' 'p_load30' <Predicate = (icmp_ln139)> <Delay = 0.00>
ST_1 : Operation 66 [1/1] (0.00ns)   --->   "%p_load29 = load i8 %empty_63"   --->   Operation 66 'load' 'p_load29' <Predicate = (icmp_ln139)> <Delay = 0.00>
ST_1 : Operation 67 [1/1] (0.00ns)   --->   "%p_load28 = load i8 %empty_64"   --->   Operation 67 'load' 'p_load28' <Predicate = (icmp_ln139)> <Delay = 0.00>
ST_1 : Operation 68 [1/1] (0.00ns)   --->   "%p_load27 = load i8 %empty_65"   --->   Operation 68 'load' 'p_load27' <Predicate = (icmp_ln139)> <Delay = 0.00>
ST_1 : Operation 69 [1/1] (0.00ns)   --->   "%p_load26 = load i8 %empty_66"   --->   Operation 69 'load' 'p_load26' <Predicate = (icmp_ln139)> <Delay = 0.00>
ST_1 : Operation 70 [1/1] (0.00ns)   --->   "%p_load25 = load i8 %empty_67"   --->   Operation 70 'load' 'p_load25' <Predicate = (icmp_ln139)> <Delay = 0.00>
ST_1 : Operation 71 [1/1] (0.00ns)   --->   "%p_load24 = load i8 %empty_68"   --->   Operation 71 'load' 'p_load24' <Predicate = (icmp_ln139)> <Delay = 0.00>
ST_1 : Operation 72 [1/1] (0.00ns)   --->   "%p_load23 = load i8 %empty_69"   --->   Operation 72 'load' 'p_load23' <Predicate = (icmp_ln139)> <Delay = 0.00>
ST_1 : Operation 73 [1/1] (0.00ns)   --->   "%p_load22 = load i8 %empty_70"   --->   Operation 73 'load' 'p_load22' <Predicate = (icmp_ln139)> <Delay = 0.00>
ST_1 : Operation 74 [1/1] (0.00ns)   --->   "%p_load21 = load i8 %empty_71"   --->   Operation 74 'load' 'p_load21' <Predicate = (icmp_ln139)> <Delay = 0.00>
ST_1 : Operation 75 [1/1] (0.00ns)   --->   "%p_load20 = load i8 %empty_72"   --->   Operation 75 'load' 'p_load20' <Predicate = (icmp_ln139)> <Delay = 0.00>
ST_1 : Operation 76 [1/1] (0.00ns)   --->   "%p_load19 = load i8 %empty_73"   --->   Operation 76 'load' 'p_load19' <Predicate = (icmp_ln139)> <Delay = 0.00>
ST_1 : Operation 77 [1/1] (0.00ns)   --->   "%p_load18 = load i8 %empty_74"   --->   Operation 77 'load' 'p_load18' <Predicate = (icmp_ln139)> <Delay = 0.00>
ST_1 : Operation 78 [1/1] (0.00ns)   --->   "%p_load = load i8 %empty_75"   --->   Operation 78 'load' 'p_load' <Predicate = (icmp_ln139)> <Delay = 0.00>
ST_1 : Operation 79 [1/1] (0.00ns)   --->   "%write_ln0 = write void @_ssdm_op_Write.ap_auto.i8P0A, i8 %p_out, i8 %p_load"   --->   Operation 79 'write' 'write_ln0' <Predicate = (icmp_ln139)> <Delay = 0.00>
ST_1 : Operation 80 [1/1] (0.00ns)   --->   "%write_ln0 = write void @_ssdm_op_Write.ap_auto.i8P0A, i8 %p_out1, i8 %p_load18"   --->   Operation 80 'write' 'write_ln0' <Predicate = (icmp_ln139)> <Delay = 0.00>
ST_1 : Operation 81 [1/1] (0.00ns)   --->   "%write_ln0 = write void @_ssdm_op_Write.ap_auto.i8P0A, i8 %p_out2, i8 %p_load19"   --->   Operation 81 'write' 'write_ln0' <Predicate = (icmp_ln139)> <Delay = 0.00>
ST_1 : Operation 82 [1/1] (0.00ns)   --->   "%write_ln0 = write void @_ssdm_op_Write.ap_auto.i8P0A, i8 %p_out3, i8 %p_load20"   --->   Operation 82 'write' 'write_ln0' <Predicate = (icmp_ln139)> <Delay = 0.00>
ST_1 : Operation 83 [1/1] (0.00ns)   --->   "%write_ln0 = write void @_ssdm_op_Write.ap_auto.i8P0A, i8 %p_out4, i8 %p_load21"   --->   Operation 83 'write' 'write_ln0' <Predicate = (icmp_ln139)> <Delay = 0.00>
ST_1 : Operation 84 [1/1] (0.00ns)   --->   "%write_ln0 = write void @_ssdm_op_Write.ap_auto.i8P0A, i8 %p_out5, i8 %p_load22"   --->   Operation 84 'write' 'write_ln0' <Predicate = (icmp_ln139)> <Delay = 0.00>
ST_1 : Operation 85 [1/1] (0.00ns)   --->   "%write_ln0 = write void @_ssdm_op_Write.ap_auto.i8P0A, i8 %p_out6, i8 %p_load23"   --->   Operation 85 'write' 'write_ln0' <Predicate = (icmp_ln139)> <Delay = 0.00>
ST_1 : Operation 86 [1/1] (0.00ns)   --->   "%write_ln0 = write void @_ssdm_op_Write.ap_auto.i8P0A, i8 %p_out7, i8 %p_load24"   --->   Operation 86 'write' 'write_ln0' <Predicate = (icmp_ln139)> <Delay = 0.00>
ST_1 : Operation 87 [1/1] (0.00ns)   --->   "%write_ln0 = write void @_ssdm_op_Write.ap_auto.i8P0A, i8 %p_out8, i8 %p_load25"   --->   Operation 87 'write' 'write_ln0' <Predicate = (icmp_ln139)> <Delay = 0.00>
ST_1 : Operation 88 [1/1] (0.00ns)   --->   "%write_ln0 = write void @_ssdm_op_Write.ap_auto.i8P0A, i8 %p_out9, i8 %p_load26"   --->   Operation 88 'write' 'write_ln0' <Predicate = (icmp_ln139)> <Delay = 0.00>
ST_1 : Operation 89 [1/1] (0.00ns)   --->   "%write_ln0 = write void @_ssdm_op_Write.ap_auto.i8P0A, i8 %p_out10, i8 %p_load27"   --->   Operation 89 'write' 'write_ln0' <Predicate = (icmp_ln139)> <Delay = 0.00>
ST_1 : Operation 90 [1/1] (0.00ns)   --->   "%write_ln0 = write void @_ssdm_op_Write.ap_auto.i8P0A, i8 %p_out11, i8 %p_load28"   --->   Operation 90 'write' 'write_ln0' <Predicate = (icmp_ln139)> <Delay = 0.00>
ST_1 : Operation 91 [1/1] (0.00ns)   --->   "%write_ln0 = write void @_ssdm_op_Write.ap_auto.i8P0A, i8 %p_out12, i8 %p_load29"   --->   Operation 91 'write' 'write_ln0' <Predicate = (icmp_ln139)> <Delay = 0.00>
ST_1 : Operation 92 [1/1] (0.00ns)   --->   "%write_ln0 = write void @_ssdm_op_Write.ap_auto.i8P0A, i8 %p_out13, i8 %p_load30"   --->   Operation 92 'write' 'write_ln0' <Predicate = (icmp_ln139)> <Delay = 0.00>
ST_1 : Operation 93 [1/1] (0.00ns)   --->   "%write_ln0 = write void @_ssdm_op_Write.ap_auto.i8P0A, i8 %p_out14, i8 %p_load31"   --->   Operation 93 'write' 'write_ln0' <Predicate = (icmp_ln139)> <Delay = 0.00>
ST_1 : Operation 94 [1/1] (0.00ns)   --->   "%write_ln0 = write void @_ssdm_op_Write.ap_auto.i8P0A, i8 %p_out15, i8 %p_load32"   --->   Operation 94 'write' 'write_ln0' <Predicate = (icmp_ln139)> <Delay = 0.00>
ST_1 : Operation 95 [1/1] (1.29ns)   --->   "%ret_ln0 = ret"   --->   Operation 95 'ret' 'ret_ln0' <Predicate = (icmp_ln139)> <Delay = 1.29>

State 2 <SV = 1> <Delay = 3.47>
ST_2 : Operation 33 [1/1] (0.00ns)   --->   "%specpipeline_ln140 = specpipeline void @_ssdm_op_SpecPipeline, i32 1, i32 0, i32 0, i32 0, i32 4294967295, void @empty_9" [main.cpp:140]   --->   Operation 33 'specpipeline' 'specpipeline_ln140' <Predicate = true> <Delay = 0.00>
ST_2 : Operation 34 [1/1] (0.00ns)   --->   "%speclooptripcount_ln139 = speclooptripcount void @_ssdm_op_SpecLoopTripCount, i64 8, i64 8, i64 8" [main.cpp:139]   --->   Operation 34 'speclooptripcount' 'speclooptripcount_ln139' <Predicate = true> <Delay = 0.00>
ST_2 : Operation 35 [1/1] (0.00ns)   --->   "%specloopname_ln139 = specloopname void @_ssdm_op_SpecLoopName, void @empty_12" [main.cpp:139]   --->   Operation 35 'specloopname' 'specloopname_ln139' <Predicate = true> <Delay = 0.00>
ST_2 : Operation 36 [1/1] ( I:3.47ns O:3.47ns )   --->   "%b = read i16 @_ssdm_op_Read.ap_fifo.volatile.i16P0A, i16 %s_norm1_out" [main.cpp:141]   --->   Operation 36 'read' 'b' <Predicate = true> <Delay = 3.47> <CoreInst = "FIFO_SRL">   --->   Core 80 'FIFO_SRL' <Latency = 0> <II = 1> <Delay = 3.47> <Storage> <Opcode : 'read' 'write' 'nbread' 'nbwrite'> <Ports = 0> <Width = 16> <Depth = 2> <FIFO>
ST_2 : Operation 37 [1/1] (0.00ns)   --->   "%elems = trunc i16 %b" [main.cpp:31->main.cpp:143]   --->   Operation 37 'trunc' 'elems' <Predicate = true> <Delay = 0.00>
ST_2 : Operation 38 [1/1] (0.00ns)   --->   "%elems_12 = partselect i8 @_ssdm_op_PartSelect.i8.i16.i32.i32, i16 %b, i32 8, i32 15" [main.cpp:31->main.cpp:143]   --->   Operation 38 'partselect' 'elems_12' <Predicate = true> <Delay = 0.00>
ST_2 : Operation 39 [1/1] (0.00ns)   --->   "%store_ln31 = store i8 %elems_12, i8 %empty_73" [main.cpp:31->main.cpp:143]   --->   Operation 39 'store' 'store_ln31' <Predicate = (trunc_ln139 == 6)> <Delay = 0.00>
ST_2 : Operation 40 [1/1] (0.00ns)   --->   "%store_ln31 = store i8 %elems, i8 %empty_72" [main.cpp:31->main.cpp:143]   --->   Operation 40 'store' 'store_ln31' <Predicate = (trunc_ln139 == 6)> <Delay = 0.00>
ST_2 : Operation 41 [1/1] (0.00ns)   --->   "%br_ln146 = br void %arrayidx6.1.exit" [main.cpp:146]   --->   Operation 41 'br' 'br_ln146' <Predicate = (trunc_ln139 == 6)> <Delay = 0.00>
ST_2 : Operation 42 [1/1] (0.00ns)   --->   "%store_ln31 = store i8 %elems_12, i8 %empty_71" [main.cpp:31->main.cpp:143]   --->   Operation 42 'store' 'store_ln31' <Predicate = (trunc_ln139 == 5)> <Delay = 0.00>
ST_2 : Operation 43 [1/1] (0.00ns)   --->   "%store_ln31 = store i8 %elems, i8 %empty_70" [main.cpp:31->main.cpp:143]   --->   Operation 43 'store' 'store_ln31' <Predicate = (trunc_ln139 == 5)> <Delay = 0.00>
ST_2 : Operation 44 [1/1] (0.00ns)   --->   "%br_ln146 = br void %arrayidx6.1.exit" [main.cpp:146]   --->   Operation 44 'br' 'br_ln146' <Predicate = (trunc_ln139 == 5)> <Delay = 0.00>
ST_2 : Operation 45 [1/1] (0.00ns)   --->   "%store_ln31 = store i8 %elems_12, i8 %empty_69" [main.cpp:31->main.cpp:143]   --->   Operation 45 'store' 'store_ln31' <Predicate = (trunc_ln139 == 4)> <Delay = 0.00>
ST_2 : Operation 46 [1/1] (0.00ns)   --->   "%store_ln31 = store i8 %elems, i8 %empty_68" [main.cpp:31->main.cpp:143]   --->   Operation 46 'store' 'store_ln31' <Predicate = (trunc_ln139 == 4)> <Delay = 0.00>
ST_2 : Operation 47 [1/1] (0.00ns)   --->   "%br_ln146 = br void %arrayidx6.1.exit" [main.cpp:146]   --->   Operation 47 'br' 'br_ln146' <Predicate = (trunc_ln139 == 4)> <Delay = 0.00>
ST_2 : Operation 48 [1/1] (0.00ns)   --->   "%store_ln31 = store i8 %elems_12, i8 %empty_67" [main.cpp:31->main.cpp:143]   --->   Operation 48 'store' 'store_ln31' <Predicate = (trunc_ln139 == 3)> <Delay = 0.00>
ST_2 : Operation 49 [1/1] (0.00ns)   --->   "%store_ln31 = store i8 %elems, i8 %empty_66" [main.cpp:31->main.cpp:143]   --->   Operation 49 'store' 'store_ln31' <Predicate = (trunc_ln139 == 3)> <Delay = 0.00>
ST_2 : Operation 50 [1/1] (0.00ns)   --->   "%br_ln146 = br void %arrayidx6.1.exit" [main.cpp:146]   --->   Operation 50 'br' 'br_ln146' <Predicate = (trunc_ln139 == 3)> <Delay = 0.00>
ST_2 : Operation 51 [1/1] (0.00ns)   --->   "%store_ln31 = store i8 %elems_12, i8 %empty_65" [main.cpp:31->main.cpp:143]   --->   Operation 51 'store' 'store_ln31' <Predicate = (trunc_ln139 == 2)> <Delay = 0.00>
ST_2 : Operation 52 [1/1] (0.00ns)   --->   "%store_ln31 = store i8 %elems, i8 %empty_64" [main.cpp:31->main.cpp:143]   --->   Operation 52 'store' 'store_ln31' <Predicate = (trunc_ln139 == 2)> <Delay = 0.00>
ST_2 : Operation 53 [1/1] (0.00ns)   --->   "%br_ln146 = br void %arrayidx6.1.exit" [main.cpp:146]   --->   Operation 53 'br' 'br_ln146' <Predicate = (trunc_ln139 == 2)> <Delay = 0.00>
ST_2 : Operation 54 [1/1] (0.00ns)   --->   "%store_ln31 = store i8 %elems_12, i8 %empty_63" [main.cpp:31->main.cpp:143]   --->   Operation 54 'store' 'store_ln31' <Predicate = (trunc_ln139 == 1)> <Delay = 0.00>
ST_2 : Operation 55 [1/1] (0.00ns)   --->   "%store_ln31 = store i8 %elems, i8 %empty_62" [main.cpp:31->main.cpp:143]   --->   Operation 55 'store' 'store_ln31' <Predicate = (trunc_ln139 == 1)> <Delay = 0.00>
ST_2 : Operation 56 [1/1] (0.00ns)   --->   "%br_ln146 = br void %arrayidx6.1.exit" [main.cpp:146]   --->   Operation 56 'br' 'br_ln146' <Predicate = (trunc_ln139 == 1)> <Delay = 0.00>
ST_2 : Operation 57 [1/1] (0.00ns)   --->   "%store_ln31 = store i8 %elems_12, i8 %empty_61" [main.cpp:31->main.cpp:143]   --->   Operation 57 'store' 'store_ln31' <Predicate = (trunc_ln139 == 0)> <Delay = 0.00>
ST_2 : Operation 58 [1/1] (0.00ns)   --->   "%store_ln31 = store i8 %elems, i8 %empty" [main.cpp:31->main.cpp:143]   --->   Operation 58 'store' 'store_ln31' <Predicate = (trunc_ln139 == 0)> <Delay = 0.00>
ST_2 : Operation 59 [1/1] (0.00ns)   --->   "%br_ln146 = br void %arrayidx6.1.exit" [main.cpp:146]   --->   Operation 59 'br' 'br_ln146' <Predicate = (trunc_ln139 == 0)> <Delay = 0.00>
ST_2 : Operation 60 [1/1] (0.00ns)   --->   "%store_ln31 = store i8 %elems_12, i8 %empty_75" [main.cpp:31->main.cpp:143]   --->   Operation 60 'store' 'store_ln31' <Predicate = (trunc_ln139 == 7)> <Delay = 0.00>
ST_2 : Operation 61 [1/1] (0.00ns)   --->   "%store_ln31 = store i8 %elems, i8 %empty_74" [main.cpp:31->main.cpp:143]   --->   Operation 61 'store' 'store_ln31' <Predicate = (trunc_ln139 == 7)> <Delay = 0.00>
ST_2 : Operation 62 [1/1] (0.00ns)   --->   "%br_ln146 = br void %arrayidx6.1.exit" [main.cpp:146]   --->   Operation 62 'br' 'br_ln146' <Predicate = (trunc_ln139 == 7)> <Delay = 0.00>


============================================================
+ Verbose Summary: Binding
============================================================
STG Binding: 
---------------- STG Properties BEGIN ----------------
- Is combinational: 0
- Is one-state seq: 0
- Is datapath-only: 0
- Is pipelined: 0
- Is top level: 0
Port [ Return ] is wired: 1; IO mode=ap_ctrl_hs:ce=0
Port [ s_norm1_out]:  wired=1; compound=1; hidden=0; nouse=0; global=0; static=0; extern=0; dir=0; type=3; pingpong=0; private_global=0; IO mode=ap_fifo:ce=0
Port [ p_out]:  wired=1; compound=0; hidden=0; nouse=0; global=0; static=0; extern=0; dir=1; type=0; pingpong=0; private_global=0; IO mode=ap_vld:ce=0
Port [ p_out1]:  wired=1; compound=0; hidden=0; nouse=0; global=0; static=0; extern=0; dir=1; type=0; pingpong=0; private_global=0; IO mode=ap_vld:ce=0
Port [ p_out2]:  wired=1; compound=0; hidden=0; nouse=0; global=0; static=0; extern=0; dir=1; type=0; pingpong=0; private_global=0; IO mode=ap_vld:ce=0
Port [ p_out3]:  wired=1; compound=0; hidden=0; nouse=0; global=0; static=0; extern=0; dir=1; type=0; pingpong=0; private_global=0; IO mode=ap_vld:ce=0
Port [ p_out4]:  wired=1; compound=0; hidden=0; nouse=0; global=0; static=0; extern=0; dir=1; type=0; pingpong=0; private_global=0; IO mode=ap_vld:ce=0
Port [ p_out5]:  wired=1; compound=0; hidden=0; nouse=0; global=0; static=0; extern=0; dir=1; type=0; pingpong=0; private_global=0; IO mode=ap_vld:ce=0
Port [ p_out6]:  wired=1; compound=0; hidden=0; nouse=0; global=0; static=0; extern=0; dir=1; type=0; pingpong=0; private_global=0; IO mode=ap_vld:ce=0
Port [ p_out7]:  wired=1; compound=0; hidden=0; nouse=0; global=0; static=0; extern=0; dir=1; type=0; pingpong=0; private_global=0; IO mode=ap_vld:ce=0
Port [ p_out8]:  wired=1; compound=0; hidden=0; nouse=0; global=0; static=0; extern=0; dir=1; type=0; pingpong=0; private_global=0; IO mode=ap_vld:ce=0
Port [ p_out9]:  wired=1; compound=0; hidden=0; nouse=0; global=0; static=0; extern=0; dir=1; type=0; pingpong=0; private_global=0; IO mode=ap_vld:ce=0
Port [ p_out10]:  wired=1; compound=0; hidden=0; nouse=0; global=0; static=0; extern=0; dir=1; type=0; pingpong=0; private_global=0; IO mode=ap_vld:ce=0
Port [ p_out11]:  wired=1; compound=0; hidden=0; nouse=0; global=0; static=0; extern=0; dir=1; type=0; pingpong=0; private_global=0; IO mode=ap_vld:ce=0
Port [ p_out12]:  wired=1; compound=0; hidden=0; nouse=0; global=0; static=0; extern=0; dir=1; type=0; pingpong=0; private_global=0; IO mode=ap_vld:ce=0
Port [ p_out13]:  wired=1; compound=0; hidden=0; nouse=0; global=0; static=0; extern=0; dir=1; type=0; pingpong=0; private_global=0; IO mode=ap_vld:ce=0
Port [ p_out14]:  wired=1; compound=0; hidden=0; nouse=0; global=0; static=0; extern=0; dir=1; type=0; pingpong=0; private_global=0; IO mode=ap_vld:ce=0
Port [ p_out15]:  wired=1; compound=0; hidden=0; nouse=0; global=0; static=0; extern=0; dir=1; type=0; pingpong=0; private_global=0; IO mode=ap_vld:ce=0
---------------- STG Properties END ------------------

---------------- Datapath Model BEGIN ----------------

<LifeTime>
<method=bitvector/>
i                       (alloca           ) [ 010]
empty                   (alloca           ) [ 011]
empty_61                (alloca           ) [ 011]
empty_62                (alloca           ) [ 011]
empty_63                (alloca           ) [ 011]
empty_64                (alloca           ) [ 011]
empty_65                (alloca           ) [ 011]
empty_66                (alloca           ) [ 011]
empty_67                (alloca           ) [ 011]
empty_68                (alloca           ) [ 011]
empty_69                (alloca           ) [ 011]
empty_70                (alloca           ) [ 011]
empty_71                (alloca           ) [ 011]
empty_72                (alloca           ) [ 011]
empty_73                (alloca           ) [ 011]
empty_74                (alloca           ) [ 011]
empty_75                (alloca           ) [ 011]
specinterface_ln0       (specinterface    ) [ 000]
store_ln139             (store            ) [ 000]
br_ln139                (br               ) [ 000]
i_5                     (load             ) [ 000]
icmp_ln139              (icmp             ) [ 010]
add_ln139               (add              ) [ 000]
br_ln139                (br               ) [ 000]
trunc_ln139             (trunc            ) [ 011]
switch_ln146            (switch           ) [ 000]
store_ln139             (store            ) [ 000]
br_ln139                (br               ) [ 000]
specpipeline_ln140      (specpipeline     ) [ 000]
speclooptripcount_ln139 (speclooptripcount) [ 000]
specloopname_ln139      (specloopname     ) [ 000]
b                       (read             ) [ 000]
elems                   (trunc            ) [ 000]
elems_12                (partselect       ) [ 000]
store_ln31              (store            ) [ 000]
store_ln31              (store            ) [ 000]
br_ln146                (br               ) [ 000]
store_ln31              (store            ) [ 000]
store_ln31              (store            ) [ 000]
br_ln146                (br               ) [ 000]
store_ln31              (store            ) [ 000]
store_ln31              (store            ) [ 000]
br_ln146                (br               ) [ 000]
store_ln31              (store            ) [ 000]
store_ln31              (store            ) [ 000]
br_ln146                (br               ) [ 000]
store_ln31              (store            ) [ 000]
store_ln31              (store            ) [ 000]
br_ln146                (br               ) [ 000]
store_ln31              (store            ) [ 000]
store_ln31              (store            ) [ 000]
br_ln146                (br               ) [ 000]
store_ln31              (store            ) [ 000]
store_ln31              (store            ) [ 000]
br_ln146                (br               ) [ 000]
store_ln31              (store            ) [ 000]
store_ln31              (store            ) [ 000]
br_ln146                (br               ) [ 000]
p_load32                (load             ) [ 000]
p_load31                (load             ) [ 000]
p_load30                (load             ) [ 000]
p_load29                (load             ) [ 000]
p_load28                (load             ) [ 000]
p_load27                (load             ) [ 000]
p_load26                (load             ) [ 000]
p_load25                (load             ) [ 000]
p_load24                (load             ) [ 000]
p_load23                (load             ) [ 000]
p_load22                (load             ) [ 000]
p_load21                (load             ) [ 000]
p_load20                (load             ) [ 000]
p_load19                (load             ) [ 000]
p_load18                (load             ) [ 000]
p_load                  (load             ) [ 000]
write_ln0               (write            ) [ 000]
write_ln0               (write            ) [ 000]
write_ln0               (write            ) [ 000]
write_ln0               (write            ) [ 000]
write_ln0               (write            ) [ 000]
write_ln0               (write            ) [ 000]
write_ln0               (write            ) [ 000]
write_ln0               (write            ) [ 000]
write_ln0               (write            ) [ 000]
write_ln0               (write            ) [ 000]
write_ln0               (write            ) [ 000]
write_ln0               (write            ) [ 000]
write_ln0               (write            ) [ 000]
write_ln0               (write            ) [ 000]
write_ln0               (write            ) [ 000]
write_ln0               (write            ) [ 000]
ret_ln0                 (ret              ) [ 000]
</LifeTime>

<model>

<comp_list>
<comp id="0" class="1000" name="s_norm1_out">
<pin_list>
<pin id="1" dir="1" index="0" bw="1" slack="0"/>
</pin_list>
<bind>
<StgValue><ssdm name="s_norm1_out"/></StgValue>
</bind>
</comp>

<comp id="2" class="1000" name="p_out">
<pin_list>
<pin id="3" dir="1" index="0" bw="1" slack="0"/>
</pin_list>
<bind>
<StgValue><ssdm name="p_out"/></StgValue>
</bind>
</comp>

<comp id="4" class="1000" name="p_out1">
<pin_list>
<pin id="5" dir="1" index="0" bw="1" slack="0"/>
</pin_list>
<bind>
<StgValue><ssdm name="p_out1"/></StgValue>
</bind>
</comp>

<comp id="6" class="1000" name="p_out2">
<pin_list>
<pin id="7" dir="1" index="0" bw="1" slack="0"/>
</pin_list>
<bind>
<StgValue><ssdm name="p_out2"/></StgValue>
</bind>
</comp>

<comp id="8" class="1000" name="p_out3">
<pin_list>
<pin id="9" dir="1" index="0" bw="1" slack="0"/>
</pin_list>
<bind>
<StgValue><ssdm name="p_out3"/></StgValue>
</bind>
</comp>

<comp id="10" class="1000" name="p_out4">
<pin_list>
<pin id="11" dir="1" index="0" bw="1" slack="0"/>
</pin_list>
<bind>
<StgValue><ssdm name="p_out4"/></StgValue>
</bind>
</comp>

<comp id="12" class="1000" name="p_out5">
<pin_list>
<pin id="13" dir="1" index="0" bw="1" slack="0"/>
</pin_list>
<bind>
<StgValue><ssdm name="p_out5"/></StgValue>
</bind>
</comp>

<comp id="14" class="1000" name="p_out6">
<pin_list>
<pin id="15" dir="1" index="0" bw="1" slack="0"/>
</pin_list>
<bind>
<StgValue><ssdm name="p_out6"/></StgValue>
</bind>
</comp>

<comp id="16" class="1000" name="p_out7">
<pin_list>
<pin id="17" dir="1" index="0" bw="1" slack="0"/>
</pin_list>
<bind>
<StgValue><ssdm name="p_out7"/></StgValue>
</bind>
</comp>

<comp id="18" class="1000" name="p_out8">
<pin_list>
<pin id="19" dir="1" index="0" bw="1" slack="0"/>
</pin_list>
<bind>
<StgValue><ssdm name="p_out8"/></StgValue>
</bind>
</comp>

<comp id="20" class="1000" name="p_out9">
<pin_list>
<pin id="21" dir="1" index="0" bw="1" slack="0"/>
</pin_list>
<bind>
<StgValue><ssdm name="p_out9"/></StgValue>
</bind>
</comp>

<comp id="22" class="1000" name="p_out10">
<pin_list>
<pin id="23" dir="1" index="0" bw="1" slack="0"/>
</pin_list>
<bind>
<StgValue><ssdm name="p_out10"/></StgValue>
</bind>
</comp>

<comp id="24" class="1000" name="p_out11">
<pin_list>
<pin id="25" dir="1" index="0" bw="1" slack="0"/>
</pin_list>
<bind>
<StgValue><ssdm name="p_out11"/></StgValue>
</bind>
</comp>

<comp id="26" class="1000" name="p_out12">
<pin_list>
<pin id="27" dir="1" index="0" bw="1" slack="0"/>
</pin_list>
<bind>
<StgValue><ssdm name="p_out12"/></StgValue>
</bind>
</comp>

<comp id="28" class="1000" name="p_out13">
<pin_list>
<pin id="29" dir="1" index="0" bw="1" slack="0"/>
</pin_list>
<bind>
<StgValue><ssdm name="p_out13"/></StgValue>
</bind>
</comp>

<comp id="30" class="1000" name="p_out14">
<pin_list>
<pin id="31" dir="1" index="0" bw="1" slack="0"/>
</pin_list>
<bind>
<StgValue><ssdm name="p_out14"/></StgValue>
</bind>
</comp>

<comp id="32" class="1000" name="p_out15">
<pin_list>
<pin id="33" dir="1" index="0" bw="1" slack="0"/>
</pin_list>
<bind>
<StgValue><ssdm name="p_out15"/></StgValue>
</bind>
</comp>

<comp id="34" class="1001" name="const_34">
<pin_list>
<pin id="35" dir="1" index="0" bw="1" slack="0"/>
</pin_list>
<bind>
<StgValue><ssdm name=""/></StgValue>
</bind>
</comp>

<comp id="36" class="1001" name="const_36">
<pin_list>
<pin id="37" dir="1" index="0" bw="1" slack="2147483647"/>
</pin_list>
<bind>
<StgValue><ssdm name="_ssdm_op_SpecInterface"/></StgValue>
</bind>
</comp>

<comp id="38" class="1001" name="const_38">
<pin_list>
<pin id="39" dir="1" index="0" bw="1" slack="2147483647"/>
</pin_list>
<bind>
<StgValue><ssdm name="empty_7"/></StgValue>
</bind>
</comp>

<comp id="40" class="1001" name="const_40">
<pin_list>
<pin id="41" dir="1" index="0" bw="1" slack="2147483647"/>
</pin_list>
<bind>
<StgValue><ssdm name=""/></StgValue>
</bind>
</comp>

<comp id="42" class="1001" name="const_42">
<pin_list>
<pin id="43" dir="1" index="0" bw="1" slack="2147483647"/>
</pin_list>
<bind>
<StgValue><ssdm name="empty_9"/></StgValue>
</bind>
</comp>

<comp id="44" class="1001" name="const_44">
<pin_list>
<pin id="45" dir="1" index="0" bw="1" slack="2147483647"/>
</pin_list>
<bind>
<StgValue><ssdm name=""/></StgValue>
</bind>
</comp>

<comp id="46" class="1001" name="const_46">
<pin_list>
<pin id="47" dir="1" index="0" bw="1" slack="0"/>
</pin_list>
<bind>
<StgValue><ssdm name=""/></StgValue>
</bind>
</comp>

<comp id="48" class="1001" name="const_48">
<pin_list>
<pin id="49" dir="1" index="0" bw="1" slack="0"/>
</pin_list>
<bind>
<StgValue><ssdm name=""/></StgValue>
</bind>
</comp>

<comp id="50" class="1001" name="const_50">
<pin_list>
<pin id="51" dir="1" index="0" bw="1" slack="0"/>
</pin_list>
<bind>
<StgValue><ssdm name=""/></StgValue>
</bind>
</comp>

<comp id="52" class="1001" name="const_52">
<pin_list>
<pin id="53" dir="1" index="0" bw="1" slack="0"/>
</pin_list>
<bind>
<StgValue><ssdm name=""/></StgValue>
</bind>
</comp>

<comp id="54" class="1001" name="const_54">
<pin_list>
<pin id="55" dir="1" index="0" bw="1" slack="0"/>
</pin_list>
<bind>
<StgValue><ssdm name=""/></StgValue>
</bind>
</comp>

<comp id="56" class="1001" name="const_56">
<pin_list>
<pin id="57" dir="1" index="0" bw="1" slack="0"/>
</pin_list>
<bind>
<StgValue><ssdm name=""/></StgValue>
</bind>
</comp>

<comp id="58" class="1001" name="const_58">
<pin_list>
<pin id="59" dir="1" index="0" bw="1" slack="0"/>
</pin_list>
<bind>
<StgValue><ssdm name=""/></StgValue>
</bind>
</comp>

<comp id="60" class="1001" name="const_60">
<pin_list>
<pin id="61" dir="1" index="0" bw="1" slack="0"/>
</pin_list>
<bind>
<StgValue><ssdm name=""/></StgValue>
</bind>
</comp>

<comp id="62" class="1001" name="const_62">
<pin_list>
<pin id="63" dir="1" index="0" bw="1" slack="0"/>
</pin_list>
<bind>
<StgValue><ssdm name=""/></StgValue>
</bind>
</comp>

<comp id="64" class="1001" name="const_64">
<pin_list>
<pin id="65" dir="1" index="0" bw="1" slack="0"/>
</pin_list>
<bind>
<StgValue><ssdm name=""/></StgValue>
</bind>
</comp>

<comp id="66" class="1001" name="const_66">
<pin_list>
<pin id="67" dir="1" index="0" bw="1" slack="2147483647"/>
</pin_list>
<bind>
<StgValue><ssdm name="_ssdm_op_SpecPipeline"/></StgValue>
</bind>
</comp>

<comp id="68" class="1001" name="const_68">
<pin_list>
<pin id="69" dir="1" index="0" bw="1" slack="2147483647"/>
</pin_list>
<bind>
<StgValue><ssdm name="_ssdm_op_SpecLoopTripCount"/></StgValue>
</bind>
</comp>

<comp id="70" class="1001" name="const_70">
<pin_list>
<pin id="71" dir="1" index="0" bw="1" slack="2147483647"/>
</pin_list>
<bind>
<StgValue><ssdm name=""/></StgValue>
</bind>
</comp>

<comp id="72" class="1001" name="const_72">
<pin_list>
<pin id="73" dir="1" index="0" bw="1" slack="2147483647"/>
</pin_list>
<bind>
<StgValue><ssdm name="_ssdm_op_SpecLoopName"/></StgValue>
</bind>
</comp>

<comp id="74" class="1001" name="const_74">
<pin_list>
<pin id="75" dir="1" index="0" bw="1" slack="2147483647"/>
</pin_list>
<bind>
<StgValue><ssdm name="empty_12"/></StgValue>
</bind>
</comp>

<comp id="76" class="1001" name="const_76">
<pin_list>
<pin id="77" dir="1" index="0" bw="1" slack="0"/>
</pin_list>
<bind>
<StgValue><ssdm name="_ssdm_op_Read.ap_fifo.volatile.i16P0A"/></StgValue>
</bind>
</comp>

<comp id="78" class="1001" name="const_78">
<pin_list>
<pin id="79" dir="1" index="0" bw="1" slack="0"/>
</pin_list>
<bind>
<StgValue><ssdm name="_ssdm_op_PartSelect.i8.i16.i32.i32"/></StgValue>
</bind>
</comp>

<comp id="80" class="1001" name="const_80">
<pin_list>
<pin id="81" dir="1" index="0" bw="1" slack="0"/>
</pin_list>
<bind>
<StgValue><ssdm name=""/></StgValue>
</bind>
</comp>

<comp id="82" class="1001" name="const_82">
<pin_list>
<pin id="83" dir="1" index="0" bw="1" slack="0"/>
</pin_list>
<bind>
<StgValue><ssdm name=""/></StgValue>
</bind>
</comp>

<comp id="84" class="1001" name="const_84">
<pin_list>
<pin id="85" dir="1" index="0" bw="1" slack="0"/>
</pin_list>
<bind>
<StgValue><ssdm name="_ssdm_op_Write.ap_auto.i8P0A"/></StgValue>
</bind>
</comp>

<comp id="86" class="1004" name="i_fu_86">
<pin_list>
<pin id="87" dir="0" index="0" bw="1" slack="0"/>
<pin id="88" dir="1" index="1" bw="4" slack="0"/>
</pin_list>
<bind>
<opcode="alloca(26) " fcode="alloca"/>
<opset="i/1 "/>
</bind>
</comp>

<comp id="90" class="1004" name="empty_fu_90">
<pin_list>
<pin id="91" dir="0" index="0" bw="1" slack="0"/>
<pin id="92" dir="1" index="1" bw="8" slack="0"/>
</pin_list>
<bind>
<opcode="alloca(26) " fcode="alloca"/>
<opset="empty/1 "/>
</bind>
</comp>

<comp id="94" class="1004" name="empty_61_fu_94">
<pin_list>
<pin id="95" dir="0" index="0" bw="1" slack="0"/>
<pin id="96" dir="1" index="1" bw="8" slack="0"/>
</pin_list>
<bind>
<opcode="alloca(26) " fcode="alloca"/>
<opset="empty_61/1 "/>
</bind>
</comp>

<comp id="98" class="1004" name="empty_62_fu_98">
<pin_list>
<pin id="99" dir="0" index="0" bw="1" slack="0"/>
<pin id="100" dir="1" index="1" bw="8" slack="0"/>
</pin_list>
<bind>
<opcode="alloca(26) " fcode="alloca"/>
<opset="empty_62/1 "/>
</bind>
</comp>

<comp id="102" class="1004" name="empty_63_fu_102">
<pin_list>
<pin id="103" dir="0" index="0" bw="1" slack="0"/>
<pin id="104" dir="1" index="1" bw="8" slack="0"/>
</pin_list>
<bind>
<opcode="alloca(26) " fcode="alloca"/>
<opset="empty_63/1 "/>
</bind>
</comp>

<comp id="106" class="1004" name="empty_64_fu_106">
<pin_list>
<pin id="107" dir="0" index="0" bw="1" slack="0"/>
<pin id="108" dir="1" index="1" bw="8" slack="0"/>
</pin_list>
<bind>
<opcode="alloca(26) " fcode="alloca"/>
<opset="empty_64/1 "/>
</bind>
</comp>

<comp id="110" class="1004" name="empty_65_fu_110">
<pin_list>
<pin id="111" dir="0" index="0" bw="1" slack="0"/>
<pin id="112" dir="1" index="1" bw="8" slack="0"/>
</pin_list>
<bind>
<opcode="alloca(26) " fcode="alloca"/>
<opset="empty_65/1 "/>
</bind>
</comp>

<comp id="114" class="1004" name="empty_66_fu_114">
<pin_list>
<pin id="115" dir="0" index="0" bw="1" slack="0"/>
<pin id="116" dir="1" index="1" bw="8" slack="0"/>
</pin_list>
<bind>
<opcode="alloca(26) " fcode="alloca"/>
<opset="empty_66/1 "/>
</bind>
</comp>

<comp id="118" class="1004" name="empty_67_fu_118">
<pin_list>
<pin id="119" dir="0" index="0" bw="1" slack="0"/>
<pin id="120" dir="1" index="1" bw="8" slack="0"/>
</pin_list>
<bind>
<opcode="alloca(26) " fcode="alloca"/>
<opset="empty_67/1 "/>
</bind>
</comp>

<comp id="122" class="1004" name="empty_68_fu_122">
<pin_list>
<pin id="123" dir="0" index="0" bw="1" slack="0"/>
<pin id="124" dir="1" index="1" bw="8" slack="0"/>
</pin_list>
<bind>
<opcode="alloca(26) " fcode="alloca"/>
<opset="empty_68/1 "/>
</bind>
</comp>

<comp id="126" class="1004" name="empty_69_fu_126">
<pin_list>
<pin id="127" dir="0" index="0" bw="1" slack="0"/>
<pin id="128" dir="1" index="1" bw="8" slack="0"/>
</pin_list>
<bind>
<opcode="alloca(26) " fcode="alloca"/>
<opset="empty_69/1 "/>
</bind>
</comp>

<comp id="130" class="1004" name="empty_70_fu_130">
<pin_list>
<pin id="131" dir="0" index="0" bw="1" slack="0"/>
<pin id="132" dir="1" index="1" bw="8" slack="0"/>
</pin_list>
<bind>
<opcode="alloca(26) " fcode="alloca"/>
<opset="empty_70/1 "/>
</bind>
</comp>

<comp id="134" class="1004" name="empty_71_fu_134">
<pin_list>
<pin id="135" dir="0" index="0" bw="1" slack="0"/>
<pin id="136" dir="1" index="1" bw="8" slack="0"/>
</pin_list>
<bind>
<opcode="alloca(26) " fcode="alloca"/>
<opset="empty_71/1 "/>
</bind>
</comp>

<comp id="138" class="1004" name="empty_72_fu_138">
<pin_list>
<pin id="139" dir="0" index="0" bw="1" slack="0"/>
<pin id="140" dir="1" index="1" bw="8" slack="0"/>
</pin_list>
<bind>
<opcode="alloca(26) " fcode="alloca"/>
<opset="empty_72/1 "/>
</bind>
</comp>

<comp id="142" class="1004" name="empty_73_fu_142">
<pin_list>
<pin id="143" dir="0" index="0" bw="1" slack="0"/>
<pin id="144" dir="1" index="1" bw="8" slack="0"/>
</pin_list>
<bind>
<opcode="alloca(26) " fcode="alloca"/>
<opset="empty_73/1 "/>
</bind>
</comp>

<comp id="146" class="1004" name="empty_74_fu_146">
<pin_list>
<pin id="147" dir="0" index="0" bw="1" slack="0"/>
<pin id="148" dir="1" index="1" bw="8" slack="0"/>
</pin_list>
<bind>
<opcode="alloca(26) " fcode="alloca"/>
<opset="empty_74/1 "/>
</bind>
</comp>

<comp id="150" class="1004" name="empty_75_fu_150">
<pin_list>
<pin id="151" dir="0" index="0" bw="1" slack="0"/>
<pin id="152" dir="1" index="1" bw="8" slack="0"/>
</pin_list>
<bind>
<opcode="alloca(26) " fcode="alloca"/>
<opset="empty_75/1 "/>
</bind>
</comp>

<comp id="154" class="1004" name="b_read_fu_154">
<pin_list>
<pin id="155" dir="0" index="0" bw="16" slack="0"/>
<pin id="156" dir="0" index="1" bw="16" slack="0"/>
<pin id="157" dir="1" index="2" bw="16" slack="0"/>
</pin_list>
<bind>
<opcode="read(1150) " fcode="read"/>
<opset="b/2 "/>
</bind>
</comp>

<comp id="160" class="1004" name="write_ln0_write_fu_160">
<pin_list>
<pin id="161" dir="0" index="0" bw="0" slack="0"/>
<pin id="162" dir="0" index="1" bw="8" slack="0"/>
<pin id="163" dir="0" index="2" bw="8" slack="0"/>
<pin id="164" dir="1" index="3" bw="0" slack="2147483647"/>
</pin_list>
<bind>
<opcode="write(1151) " fcode="write"/>
<opset="write_ln0/1 "/>
</bind>
</comp>

<comp id="167" class="1004" name="write_ln0_write_fu_167">
<pin_list>
<pin id="168" dir="0" index="0" bw="0" slack="0"/>
<pin id="169" dir="0" index="1" bw="8" slack="0"/>
<pin id="170" dir="0" index="2" bw="8" slack="0"/>
<pin id="171" dir="1" index="3" bw="0" slack="2147483647"/>
</pin_list>
<bind>
<opcode="write(1151) " fcode="write"/>
<opset="write_ln0/1 "/>
</bind>
</comp>

<comp id="174" class="1004" name="write_ln0_write_fu_174">
<pin_list>
<pin id="175" dir="0" index="0" bw="0" slack="0"/>
<pin id="176" dir="0" index="1" bw="8" slack="0"/>
<pin id="177" dir="0" index="2" bw="8" slack="0"/>
<pin id="178" dir="1" index="3" bw="0" slack="2147483647"/>
</pin_list>
<bind>
<opcode="write(1151) " fcode="write"/>
<opset="write_ln0/1 "/>
</bind>
</comp>

<comp id="181" class="1004" name="write_ln0_write_fu_181">
<pin_list>
<pin id="182" dir="0" index="0" bw="0" slack="0"/>
<pin id="183" dir="0" index="1" bw="8" slack="0"/>
<pin id="184" dir="0" index="2" bw="8" slack="0"/>
<pin id="185" dir="1" index="3" bw="0" slack="2147483647"/>
</pin_list>
<bind>
<opcode="write(1151) " fcode="write"/>
<opset="write_ln0/1 "/>
</bind>
</comp>

<comp id="188" class="1004" name="write_ln0_write_fu_188">
<pin_list>
<pin id="189" dir="0" index="0" bw="0" slack="0"/>
<pin id="190" dir="0" index="1" bw="8" slack="0"/>
<pin id="191" dir="0" index="2" bw="8" slack="0"/>
<pin id="192" dir="1" index="3" bw="0" slack="2147483647"/>
</pin_list>
<bind>
<opcode="write(1151) " fcode="write"/>
<opset="write_ln0/1 "/>
</bind>
</comp>

<comp id="195" class="1004" name="write_ln0_write_fu_195">
<pin_list>
<pin id="196" dir="0" index="0" bw="0" slack="0"/>
<pin id="197" dir="0" index="1" bw="8" slack="0"/>
<pin id="198" dir="0" index="2" bw="8" slack="0"/>
<pin id="199" dir="1" index="3" bw="0" slack="2147483647"/>
</pin_list>
<bind>
<opcode="write(1151) " fcode="write"/>
<opset="write_ln0/1 "/>
</bind>
</comp>

<comp id="202" class="1004" name="write_ln0_write_fu_202">
<pin_list>
<pin id="203" dir="0" index="0" bw="0" slack="0"/>
<pin id="204" dir="0" index="1" bw="8" slack="0"/>
<pin id="205" dir="0" index="2" bw="8" slack="0"/>
<pin id="206" dir="1" index="3" bw="0" slack="2147483647"/>
</pin_list>
<bind>
<opcode="write(1151) " fcode="write"/>
<opset="write_ln0/1 "/>
</bind>
</comp>

<comp id="209" class="1004" name="write_ln0_write_fu_209">
<pin_list>
<pin id="210" dir="0" index="0" bw="0" slack="0"/>
<pin id="211" dir="0" index="1" bw="8" slack="0"/>
<pin id="212" dir="0" index="2" bw="8" slack="0"/>
<pin id="213" dir="1" index="3" bw="0" slack="2147483647"/>
</pin_list>
<bind>
<opcode="write(1151) " fcode="write"/>
<opset="write_ln0/1 "/>
</bind>
</comp>

<comp id="216" class="1004" name="write_ln0_write_fu_216">
<pin_list>
<pin id="217" dir="0" index="0" bw="0" slack="0"/>
<pin id="218" dir="0" index="1" bw="8" slack="0"/>
<pin id="219" dir="0" index="2" bw="8" slack="0"/>
<pin id="220" dir="1" index="3" bw="0" slack="2147483647"/>
</pin_list>
<bind>
<opcode="write(1151) " fcode="write"/>
<opset="write_ln0/1 "/>
</bind>
</comp>

<comp id="223" class="1004" name="write_ln0_write_fu_223">
<pin_list>
<pin id="224" dir="0" index="0" bw="0" slack="0"/>
<pin id="225" dir="0" index="1" bw="8" slack="0"/>
<pin id="226" dir="0" index="2" bw="8" slack="0"/>
<pin id="227" dir="1" index="3" bw="0" slack="2147483647"/>
</pin_list>
<bind>
<opcode="write(1151) " fcode="write"/>
<opset="write_ln0/1 "/>
</bind>
</comp>

<comp id="230" class="1004" name="write_ln0_write_fu_230">
<pin_list>
<pin id="231" dir="0" index="0" bw="0" slack="0"/>
<pin id="232" dir="0" index="1" bw="8" slack="0"/>
<pin id="233" dir="0" index="2" bw="8" slack="0"/>
<pin id="234" dir="1" index="3" bw="0" slack="2147483647"/>
</pin_list>
<bind>
<opcode="write(1151) " fcode="write"/>
<opset="write_ln0/1 "/>
</bind>
</comp>

<comp id="237" class="1004" name="write_ln0_write_fu_237">
<pin_list>
<pin id="238" dir="0" index="0" bw="0" slack="0"/>
<pin id="239" dir="0" index="1" bw="8" slack="0"/>
<pin id="240" dir="0" index="2" bw="8" slack="0"/>
<pin id="241" dir="1" index="3" bw="0" slack="2147483647"/>
</pin_list>
<bind>
<opcode="write(1151) " fcode="write"/>
<opset="write_ln0/1 "/>
</bind>
</comp>

<comp id="244" class="1004" name="write_ln0_write_fu_244">
<pin_list>
<pin id="245" dir="0" index="0" bw="0" slack="0"/>
<pin id="246" dir="0" index="1" bw="8" slack="0"/>
<pin id="247" dir="0" index="2" bw="8" slack="0"/>
<pin id="248" dir="1" index="3" bw="0" slack="2147483647"/>
</pin_list>
<bind>
<opcode="write(1151) " fcode="write"/>
<opset="write_ln0/1 "/>
</bind>
</comp>

<comp id="251" class="1004" name="write_ln0_write_fu_251">
<pin_list>
<pin id="252" dir="0" index="0" bw="0" slack="0"/>
<pin id="253" dir="0" index="1" bw="8" slack="0"/>
<pin id="254" dir="0" index="2" bw="8" slack="0"/>
<pin id="255" dir="1" index="3" bw="0" slack="2147483647"/>
</pin_list>
<bind>
<opcode="write(1151) " fcode="write"/>
<opset="write_ln0/1 "/>
</bind>
</comp>

<comp id="258" class="1004" name="write_ln0_write_fu_258">
<pin_list>
<pin id="259" dir="0" index="0" bw="0" slack="0"/>
<pin id="260" dir="0" index="1" bw="8" slack="0"/>
<pin id="261" dir="0" index="2" bw="8" slack="0"/>
<pin id="262" dir="1" index="3" bw="0" slack="2147483647"/>
</pin_list>
<bind>
<opcode="write(1151) " fcode="write"/>
<opset="write_ln0/1 "/>
</bind>
</comp>

<comp id="265" class="1004" name="write_ln0_write_fu_265">
<pin_list>
<pin id="266" dir="0" index="0" bw="0" slack="0"/>
<pin id="267" dir="0" index="1" bw="8" slack="0"/>
<pin id="268" dir="0" index="2" bw="8" slack="0"/>
<pin id="269" dir="1" index="3" bw="0" slack="2147483647"/>
</pin_list>
<bind>
<opcode="write(1151) " fcode="write"/>
<opset="write_ln0/1 "/>
</bind>
</comp>

<comp id="272" class="1004" name="store_ln139_store_fu_272">
<pin_list>
<pin id="273" dir="0" index="0" bw="1" slack="0"/>
<pin id="274" dir="0" index="1" bw="4" slack="0"/>
<pin id="275" dir="1" index="2" bw="0" slack="2147483647"/>
</pin_list>
<bind>
<opcode="store(28) " fcode="store"/>
<opset="store_ln139/1 "/>
</bind>
</comp>

<comp id="277" class="1004" name="i_5_load_fu_277">
<pin_list>
<pin id="278" dir="0" index="0" bw="4" slack="0"/>
<pin id="279" dir="1" index="1" bw="4" slack="0"/>
</pin_list>
<bind>
<opcode="load(27) " fcode="load"/>
<opset="i_5/1 "/>
</bind>
</comp>

<comp id="280" class="1004" name="icmp_ln139_fu_280">
<pin_list>
<pin id="281" dir="0" index="0" bw="4" slack="0"/>
<pin id="282" dir="0" index="1" bw="4" slack="0"/>
<pin id="283" dir="1" index="2" bw="1" slack="2147483647"/>
</pin_list>
<bind>
<opcode="icmp(45) " fcode="icmp"/>
<opset="icmp_ln139/1 "/>
</bind>
</comp>

<comp id="286" class="1004" name="add_ln139_fu_286">
<pin_list>
<pin id="287" dir="0" index="0" bw="4" slack="0"/>
<pin id="288" dir="0" index="1" bw="1" slack="0"/>
<pin id="289" dir="1" index="2" bw="4" slack="0"/>
</pin_list>
<bind>
<opcode="add(8) " fcode="add"/>
<opset="add_ln139/1 "/>
</bind>
</comp>

<comp id="292" class="1004" name="trunc_ln139_fu_292">
<pin_list>
<pin id="293" dir="0" index="0" bw="4" slack="0"/>
<pin id="294" dir="1" index="1" bw="3" slack="0"/>
</pin_list>
<bind>
<opcode="trunc(33) " fcode="trunc"/>
<opset="trunc_ln139/1 "/>
</bind>
</comp>

<comp id="296" class="1004" name="switch_ln146_fu_296">
<pin_list>
<pin id="297" dir="0" index="0" bw="3" slack="0"/>
<pin id="298" dir="0" index="1" bw="1" slack="0"/>
<pin id="299" dir="0" index="2" bw="1" slack="0"/>
<pin id="300" dir="0" index="3" bw="3" slack="0"/>
<pin id="301" dir="0" index="4" bw="3" slack="0"/>
<pin id="302" dir="0" index="5" bw="3" slack="0"/>
<pin id="303" dir="0" index="6" bw="3" slack="0"/>
<pin id="304" dir="0" index="7" bw="2" slack="0"/>
<pin id="305" dir="1" index="8" bw="0" slack="2147483647"/>
</pin_list>
<bind>
<opcode="switch(3) " fcode="switch"/>
<opset="switch_ln146/1 "/>
</bind>
</comp>

<comp id="314" class="1004" name="store_ln139_store_fu_314">
<pin_list>
<pin id="315" dir="0" index="0" bw="4" slack="0"/>
<pin id="316" dir="0" index="1" bw="4" slack="0"/>
<pin id="317" dir="1" index="2" bw="0" slack="2147483647"/>
</pin_list>
<bind>
<opcode="store(28) " fcode="store"/>
<opset="store_ln139/1 "/>
</bind>
</comp>

<comp id="319" class="1004" name="elems_fu_319">
<pin_list>
<pin id="320" dir="0" index="0" bw="16" slack="0"/>
<pin id="321" dir="1" index="1" bw="8" slack="0"/>
</pin_list>
<bind>
<opcode="trunc(33) " fcode="trunc"/>
<opset="elems/2 "/>
</bind>
</comp>

<comp id="323" class="1004" name="elems_12_fu_323">
<pin_list>
<pin id="324" dir="0" index="0" bw="8" slack="0"/>
<pin id="325" dir="0" index="1" bw="16" slack="0"/>
<pin id="326" dir="0" index="2" bw="5" slack="0"/>
<pin id="327" dir="0" index="3" bw="5" slack="0"/>
<pin id="328" dir="1" index="4" bw="8" slack="0"/>
</pin_list>
<bind>
<opcode="partselect(1002) " fcode="partselect"/>
<opset="elems_12/2 "/>
</bind>
</comp>

<comp id="333" class="1004" name="store_ln31_store_fu_333">
<pin_list>
<pin id="334" dir="0" index="0" bw="8" slack="0"/>
<pin id="335" dir="0" index="1" bw="8" slack="1"/>
<pin id="336" dir="1" index="2" bw="0" slack="2147483647"/>
</pin_list>
<bind>
<opcode="store(28) " fcode="store"/>
<opset="store_ln31/2 "/>
</bind>
</comp>

<comp id="338" class="1004" name="store_ln31_store_fu_338">
<pin_list>
<pin id="339" dir="0" index="0" bw="8" slack="0"/>
<pin id="340" dir="0" index="1" bw="8" slack="1"/>
<pin id="341" dir="1" index="2" bw="0" slack="2147483647"/>
</pin_list>
<bind>
<opcode="store(28) " fcode="store"/>
<opset="store_ln31/2 "/>
</bind>
</comp>

<comp id="343" class="1004" name="store_ln31_store_fu_343">
<pin_list>
<pin id="344" dir="0" index="0" bw="8" slack="0"/>
<pin id="345" dir="0" index="1" bw="8" slack="1"/>
<pin id="346" dir="1" index="2" bw="0" slack="2147483647"/>
</pin_list>
<bind>
<opcode="store(28) " fcode="store"/>
<opset="store_ln31/2 "/>
</bind>
</comp>

<comp id="348" class="1004" name="store_ln31_store_fu_348">
<pin_list>
<pin id="349" dir="0" index="0" bw="8" slack="0"/>
<pin id="350" dir="0" index="1" bw="8" slack="1"/>
<pin id="351" dir="1" index="2" bw="0" slack="2147483647"/>
</pin_list>
<bind>
<opcode="store(28) " fcode="store"/>
<opset="store_ln31/2 "/>
</bind>
</comp>

<comp id="353" class="1004" name="store_ln31_store_fu_353">
<pin_list>
<pin id="354" dir="0" index="0" bw="8" slack="0"/>
<pin id="355" dir="0" index="1" bw="8" slack="1"/>
<pin id="356" dir="1" index="2" bw="0" slack="2147483647"/>
</pin_list>
<bind>
<opcode="store(28) " fcode="store"/>
<opset="store_ln31/2 "/>
</bind>
</comp>

<comp id="358" class="1004" name="store_ln31_store_fu_358">
<pin_list>
<pin id="359" dir="0" index="0" bw="8" slack="0"/>
<pin id="360" dir="0" index="1" bw="8" slack="1"/>
<pin id="361" dir="1" index="2" bw="0" slack="2147483647"/>
</pin_list>
<bind>
<opcode="store(28) " fcode="store"/>
<opset="store_ln31/2 "/>
</bind>
</comp>

<comp id="363" class="1004" name="store_ln31_store_fu_363">
<pin_list>
<pin id="364" dir="0" index="0" bw="8" slack="0"/>
<pin id="365" dir="0" index="1" bw="8" slack="1"/>
<pin id="366" dir="1" index="2" bw="0" slack="2147483647"/>
</pin_list>
<bind>
<opcode="store(28) " fcode="store"/>
<opset="store_ln31/2 "/>
</bind>
</comp>

<comp id="368" class="1004" name="store_ln31_store_fu_368">
<pin_list>
<pin id="369" dir="0" index="0" bw="8" slack="0"/>
<pin id="370" dir="0" index="1" bw="8" slack="1"/>
<pin id="371" dir="1" index="2" bw="0" slack="2147483647"/>
</pin_list>
<bind>
<opcode="store(28) " fcode="store"/>
<opset="store_ln31/2 "/>
</bind>
</comp>

<comp id="373" class="1004" name="store_ln31_store_fu_373">
<pin_list>
<pin id="374" dir="0" index="0" bw="8" slack="0"/>
<pin id="375" dir="0" index="1" bw="8" slack="1"/>
<pin id="376" dir="1" index="2" bw="0" slack="2147483647"/>
</pin_list>
<bind>
<opcode="store(28) " fcode="store"/>
<opset="store_ln31/2 "/>
</bind>
</comp>

<comp id="378" class="1004" name="store_ln31_store_fu_378">
<pin_list>
<pin id="379" dir="0" index="0" bw="8" slack="0"/>
<pin id="380" dir="0" index="1" bw="8" slack="1"/>
<pin id="381" dir="1" index="2" bw="0" slack="2147483647"/>
</pin_list>
<bind>
<opcode="store(28) " fcode="store"/>
<opset="store_ln31/2 "/>
</bind>
</comp>

<comp id="383" class="1004" name="store_ln31_store_fu_383">
<pin_list>
<pin id="384" dir="0" index="0" bw="8" slack="0"/>
<pin id="385" dir="0" index="1" bw="8" slack="1"/>
<pin id="386" dir="1" index="2" bw="0" slack="2147483647"/>
</pin_list>
<bind>
<opcode="store(28) " fcode="store"/>
<opset="store_ln31/2 "/>
</bind>
</comp>

<comp id="388" class="1004" name="store_ln31_store_fu_388">
<pin_list>
<pin id="389" dir="0" index="0" bw="8" slack="0"/>
<pin id="390" dir="0" index="1" bw="8" slack="1"/>
<pin id="391" dir="1" index="2" bw="0" slack="2147483647"/>
</pin_list>
<bind>
<opcode="store(28) " fcode="store"/>
<opset="store_ln31/2 "/>
</bind>
</comp>

<comp id="393" class="1004" name="store_ln31_store_fu_393">
<pin_list>
<pin id="394" dir="0" index="0" bw="8" slack="0"/>
<pin id="395" dir="0" index="1" bw="8" slack="1"/>
<pin id="396" dir="1" index="2" bw="0" slack="2147483647"/>
</pin_list>
<bind>
<opcode="store(28) " fcode="store"/>
<opset="store_ln31/2 "/>
</bind>
</comp>

<comp id="398" class="1004" name="store_ln31_store_fu_398">
<pin_list>
<pin id="399" dir="0" index="0" bw="8" slack="0"/>
<pin id="400" dir="0" index="1" bw="8" slack="1"/>
<pin id="401" dir="1" index="2" bw="0" slack="2147483647"/>
</pin_list>
<bind>
<opcode="store(28) " fcode="store"/>
<opset="store_ln31/2 "/>
</bind>
</comp>

<comp id="403" class="1004" name="store_ln31_store_fu_403">
<pin_list>
<pin id="404" dir="0" index="0" bw="8" slack="0"/>
<pin id="405" dir="0" index="1" bw="8" slack="1"/>
<pin id="406" dir="1" index="2" bw="0" slack="2147483647"/>
</pin_list>
<bind>
<opcode="store(28) " fcode="store"/>
<opset="store_ln31/2 "/>
</bind>
</comp>

<comp id="408" class="1004" name="store_ln31_store_fu_408">
<pin_list>
<pin id="409" dir="0" index="0" bw="8" slack="0"/>
<pin id="410" dir="0" index="1" bw="8" slack="1"/>
<pin id="411" dir="1" index="2" bw="0" slack="2147483647"/>
</pin_list>
<bind>
<opcode="store(28) " fcode="store"/>
<opset="store_ln31/2 "/>
</bind>
</comp>

<comp id="413" class="1004" name="p_load32_load_fu_413">
<pin_list>
<pin id="414" dir="0" index="0" bw="8" slack="0"/>
<pin id="415" dir="1" index="1" bw="8" slack="0"/>
</pin_list>
<bind>
<opcode="load(27) " fcode="load"/>
<opset="p_load32/1 "/>
</bind>
</comp>

<comp id="417" class="1004" name="p_load31_load_fu_417">
<pin_list>
<pin id="418" dir="0" index="0" bw="8" slack="0"/>
<pin id="419" dir="1" index="1" bw="8" slack="0"/>
</pin_list>
<bind>
<opcode="load(27) " fcode="load"/>
<opset="p_load31/1 "/>
</bind>
</comp>

<comp id="421" class="1004" name="p_load30_load_fu_421">
<pin_list>
<pin id="422" dir="0" index="0" bw="8" slack="0"/>
<pin id="423" dir="1" index="1" bw="8" slack="0"/>
</pin_list>
<bind>
<opcode="load(27) " fcode="load"/>
<opset="p_load30/1 "/>
</bind>
</comp>

<comp id="425" class="1004" name="p_load29_load_fu_425">
<pin_list>
<pin id="426" dir="0" index="0" bw="8" slack="0"/>
<pin id="427" dir="1" index="1" bw="8" slack="0"/>
</pin_list>
<bind>
<opcode="load(27) " fcode="load"/>
<opset="p_load29/1 "/>
</bind>
</comp>

<comp id="429" class="1004" name="p_load28_load_fu_429">
<pin_list>
<pin id="430" dir="0" index="0" bw="8" slack="0"/>
<pin id="431" dir="1" index="1" bw="8" slack="0"/>
</pin_list>
<bind>
<opcode="load(27) " fcode="load"/>
<opset="p_load28/1 "/>
</bind>
</comp>

<comp id="433" class="1004" name="p_load27_load_fu_433">
<pin_list>
<pin id="434" dir="0" index="0" bw="8" slack="0"/>
<pin id="435" dir="1" index="1" bw="8" slack="0"/>
</pin_list>
<bind>
<opcode="load(27) " fcode="load"/>
<opset="p_load27/1 "/>
</bind>
</comp>

<comp id="437" class="1004" name="p_load26_load_fu_437">
<pin_list>
<pin id="438" dir="0" index="0" bw="8" slack="0"/>
<pin id="439" dir="1" index="1" bw="8" slack="0"/>
</pin_list>
<bind>
<opcode="load(27) " fcode="load"/>
<opset="p_load26/1 "/>
</bind>
</comp>

<comp id="441" class="1004" name="p_load25_load_fu_441">
<pin_list>
<pin id="442" dir="0" index="0" bw="8" slack="0"/>
<pin id="443" dir="1" index="1" bw="8" slack="0"/>
</pin_list>
<bind>
<opcode="load(27) " fcode="load"/>
<opset="p_load25/1 "/>
</bind>
</comp>

<comp id="445" class="1004" name="p_load24_load_fu_445">
<pin_list>
<pin id="446" dir="0" index="0" bw="8" slack="0"/>
<pin id="447" dir="1" index="1" bw="8" slack="0"/>
</pin_list>
<bind>
<opcode="load(27) " fcode="load"/>
<opset="p_load24/1 "/>
</bind>
</comp>

<comp id="449" class="1004" name="p_load23_load_fu_449">
<pin_list>
<pin id="450" dir="0" index="0" bw="8" slack="0"/>
<pin id="451" dir="1" index="1" bw="8" slack="0"/>
</pin_list>
<bind>
<opcode="load(27) " fcode="load"/>
<opset="p_load23/1 "/>
</bind>
</comp>

<comp id="453" class="1004" name="p_load22_load_fu_453">
<pin_list>
<pin id="454" dir="0" index="0" bw="8" slack="0"/>
<pin id="455" dir="1" index="1" bw="8" slack="0"/>
</pin_list>
<bind>
<opcode="load(27) " fcode="load"/>
<opset="p_load22/1 "/>
</bind>
</comp>

<comp id="457" class="1004" name="p_load21_load_fu_457">
<pin_list>
<pin id="458" dir="0" index="0" bw="8" slack="0"/>
<pin id="459" dir="1" index="1" bw="8" slack="0"/>
</pin_list>
<bind>
<opcode="load(27) " fcode="load"/>
<opset="p_load21/1 "/>
</bind>
</comp>

<comp id="461" class="1004" name="p_load20_load_fu_461">
<pin_list>
<pin id="462" dir="0" index="0" bw="8" slack="0"/>
<pin id="463" dir="1" index="1" bw="8" slack="0"/>
</pin_list>
<bind>
<opcode="load(27) " fcode="load"/>
<opset="p_load20/1 "/>
</bind>
</comp>

<comp id="465" class="1004" name="p_load19_load_fu_465">
<pin_list>
<pin id="466" dir="0" index="0" bw="8" slack="0"/>
<pin id="467" dir="1" index="1" bw="8" slack="0"/>
</pin_list>
<bind>
<opcode="load(27) " fcode="load"/>
<opset="p_load19/1 "/>
</bind>
</comp>

<comp id="469" class="1004" name="p_load18_load_fu_469">
<pin_list>
<pin id="470" dir="0" index="0" bw="8" slack="0"/>
<pin id="471" dir="1" index="1" bw="8" slack="0"/>
</pin_list>
<bind>
<opcode="load(27) " fcode="load"/>
<opset="p_load18/1 "/>
</bind>
</comp>

<comp id="473" class="1004" name="p_load_load_fu_473">
<pin_list>
<pin id="474" dir="0" index="0" bw="8" slack="0"/>
<pin id="475" dir="1" index="1" bw="8" slack="0"/>
</pin_list>
<bind>
<opcode="load(27) " fcode="load"/>
<opset="p_load/1 "/>
</bind>
</comp>

<comp id="477" class="1005" name="i_reg_477">
<pin_list>
<pin id="478" dir="0" index="0" bw="4" slack="0"/>
<pin id="479" dir="1" index="1" bw="4" slack="0"/>
</pin_list>
<bind>
<opset="i "/>
</bind>
</comp>

<comp id="484" class="1005" name="empty_reg_484">
<pin_list>
<pin id="485" dir="0" index="0" bw="8" slack="0"/>
<pin id="486" dir="1" index="1" bw="8" slack="0"/>
</pin_list>
<bind>
<opset="empty "/>
</bind>
</comp>

<comp id="490" class="1005" name="empty_61_reg_490">
<pin_list>
<pin id="491" dir="0" index="0" bw="8" slack="0"/>
<pin id="492" dir="1" index="1" bw="8" slack="0"/>
</pin_list>
<bind>
<opset="empty_61 "/>
</bind>
</comp>

<comp id="496" class="1005" name="empty_62_reg_496">
<pin_list>
<pin id="497" dir="0" index="0" bw="8" slack="0"/>
<pin id="498" dir="1" index="1" bw="8" slack="0"/>
</pin_list>
<bind>
<opset="empty_62 "/>
</bind>
</comp>

<comp id="502" class="1005" name="empty_63_reg_502">
<pin_list>
<pin id="503" dir="0" index="0" bw="8" slack="0"/>
<pin id="504" dir="1" index="1" bw="8" slack="0"/>
</pin_list>
<bind>
<opset="empty_63 "/>
</bind>
</comp>

<comp id="508" class="1005" name="empty_64_reg_508">
<pin_list>
<pin id="509" dir="0" index="0" bw="8" slack="0"/>
<pin id="510" dir="1" index="1" bw="8" slack="0"/>
</pin_list>
<bind>
<opset="empty_64 "/>
</bind>
</comp>

<comp id="514" class="1005" name="empty_65_reg_514">
<pin_list>
<pin id="515" dir="0" index="0" bw="8" slack="0"/>
<pin id="516" dir="1" index="1" bw="8" slack="0"/>
</pin_list>
<bind>
<opset="empty_65 "/>
</bind>
</comp>

<comp id="520" class="1005" name="empty_66_reg_520">
<pin_list>
<pin id="521" dir="0" index="0" bw="8" slack="0"/>
<pin id="522" dir="1" index="1" bw="8" slack="0"/>
</pin_list>
<bind>
<opset="empty_66 "/>
</bind>
</comp>

<comp id="526" class="1005" name="empty_67_reg_526">
<pin_list>
<pin id="527" dir="0" index="0" bw="8" slack="0"/>
<pin id="528" dir="1" index="1" bw="8" slack="0"/>
</pin_list>
<bind>
<opset="empty_67 "/>
</bind>
</comp>

<comp id="532" class="1005" name="empty_68_reg_532">
<pin_list>
<pin id="533" dir="0" index="0" bw="8" slack="0"/>
<pin id="534" dir="1" index="1" bw="8" slack="0"/>
</pin_list>
<bind>
<opset="empty_68 "/>
</bind>
</comp>

<comp id="538" class="1005" name="empty_69_reg_538">
<pin_list>
<pin id="539" dir="0" index="0" bw="8" slack="0"/>
<pin id="540" dir="1" index="1" bw="8" slack="0"/>
</pin_list>
<bind>
<opset="empty_69 "/>
</bind>
</comp>

<comp id="544" class="1005" name="empty_70_reg_544">
<pin_list>
<pin id="545" dir="0" index="0" bw="8" slack="0"/>
<pin id="546" dir="1" index="1" bw="8" slack="0"/>
</pin_list>
<bind>
<opset="empty_70 "/>
</bind>
</comp>

<comp id="550" class="1005" name="empty_71_reg_550">
<pin_list>
<pin id="551" dir="0" index="0" bw="8" slack="0"/>
<pin id="552" dir="1" index="1" bw="8" slack="0"/>
</pin_list>
<bind>
<opset="empty_71 "/>
</bind>
</comp>

<comp id="556" class="1005" name="empty_72_reg_556">
<pin_list>
<pin id="557" dir="0" index="0" bw="8" slack="0"/>
<pin id="558" dir="1" index="1" bw="8" slack="0"/>
</pin_list>
<bind>
<opset="empty_72 "/>
</bind>
</comp>

<comp id="562" class="1005" name="empty_73_reg_562">
<pin_list>
<pin id="563" dir="0" index="0" bw="8" slack="0"/>
<pin id="564" dir="1" index="1" bw="8" slack="0"/>
</pin_list>
<bind>
<opset="empty_73 "/>
</bind>
</comp>

<comp id="568" class="1005" name="empty_74_reg_568">
<pin_list>
<pin id="569" dir="0" index="0" bw="8" slack="0"/>
<pin id="570" dir="1" index="1" bw="8" slack="0"/>
</pin_list>
<bind>
<opset="empty_74 "/>
</bind>
</comp>

<comp id="574" class="1005" name="empty_75_reg_574">
<pin_list>
<pin id="575" dir="0" index="0" bw="8" slack="0"/>
<pin id="576" dir="1" index="1" bw="8" slack="0"/>
</pin_list>
<bind>
<opset="empty_75 "/>
</bind>
</comp>

<comp id="583" class="1005" name="trunc_ln139_reg_583">
<pin_list>
<pin id="584" dir="0" index="0" bw="3" slack="1"/>
<pin id="585" dir="1" index="1" bw="3" slack="2147483647"/>
</pin_list>
<bind>
<opset="trunc_ln139 "/>
</bind>
</comp>

</comp_list>

<net_list>
<net id="89"><net_src comp="34" pin="0"/><net_sink comp="86" pin=0"/></net>

<net id="93"><net_src comp="34" pin="0"/><net_sink comp="90" pin=0"/></net>

<net id="97"><net_src comp="34" pin="0"/><net_sink comp="94" pin=0"/></net>

<net id="101"><net_src comp="34" pin="0"/><net_sink comp="98" pin=0"/></net>

<net id="105"><net_src comp="34" pin="0"/><net_sink comp="102" pin=0"/></net>

<net id="109"><net_src comp="34" pin="0"/><net_sink comp="106" pin=0"/></net>

<net id="113"><net_src comp="34" pin="0"/><net_sink comp="110" pin=0"/></net>

<net id="117"><net_src comp="34" pin="0"/><net_sink comp="114" pin=0"/></net>

<net id="121"><net_src comp="34" pin="0"/><net_sink comp="118" pin=0"/></net>

<net id="125"><net_src comp="34" pin="0"/><net_sink comp="122" pin=0"/></net>

<net id="129"><net_src comp="34" pin="0"/><net_sink comp="126" pin=0"/></net>

<net id="133"><net_src comp="34" pin="0"/><net_sink comp="130" pin=0"/></net>

<net id="137"><net_src comp="34" pin="0"/><net_sink comp="134" pin=0"/></net>

<net id="141"><net_src comp="34" pin="0"/><net_sink comp="138" pin=0"/></net>

<net id="145"><net_src comp="34" pin="0"/><net_sink comp="142" pin=0"/></net>

<net id="149"><net_src comp="34" pin="0"/><net_sink comp="146" pin=0"/></net>

<net id="153"><net_src comp="34" pin="0"/><net_sink comp="150" pin=0"/></net>

<net id="158"><net_src comp="76" pin="0"/><net_sink comp="154" pin=0"/></net>

<net id="159"><net_src comp="0" pin="0"/><net_sink comp="154" pin=1"/></net>

<net id="165"><net_src comp="84" pin="0"/><net_sink comp="160" pin=0"/></net>

<net id="166"><net_src comp="2" pin="0"/><net_sink comp="160" pin=1"/></net>

<net id="172"><net_src comp="84" pin="0"/><net_sink comp="167" pin=0"/></net>

<net id="173"><net_src comp="4" pin="0"/><net_sink comp="167" pin=1"/></net>

<net id="179"><net_src comp="84" pin="0"/><net_sink comp="174" pin=0"/></net>

<net id="180"><net_src comp="6" pin="0"/><net_sink comp="174" pin=1"/></net>

<net id="186"><net_src comp="84" pin="0"/><net_sink comp="181" pin=0"/></net>

<net id="187"><net_src comp="8" pin="0"/><net_sink comp="181" pin=1"/></net>

<net id="193"><net_src comp="84" pin="0"/><net_sink comp="188" pin=0"/></net>

<net id="194"><net_src comp="10" pin="0"/><net_sink comp="188" pin=1"/></net>

<net id="200"><net_src comp="84" pin="0"/><net_sink comp="195" pin=0"/></net>

<net id="201"><net_src comp="12" pin="0"/><net_sink comp="195" pin=1"/></net>

<net id="207"><net_src comp="84" pin="0"/><net_sink comp="202" pin=0"/></net>

<net id="208"><net_src comp="14" pin="0"/><net_sink comp="202" pin=1"/></net>

<net id="214"><net_src comp="84" pin="0"/><net_sink comp="209" pin=0"/></net>

<net id="215"><net_src comp="16" pin="0"/><net_sink comp="209" pin=1"/></net>

<net id="221"><net_src comp="84" pin="0"/><net_sink comp="216" pin=0"/></net>

<net id="222"><net_src comp="18" pin="0"/><net_sink comp="216" pin=1"/></net>

<net id="228"><net_src comp="84" pin="0"/><net_sink comp="223" pin=0"/></net>

<net id="229"><net_src comp="20" pin="0"/><net_sink comp="223" pin=1"/></net>

<net id="235"><net_src comp="84" pin="0"/><net_sink comp="230" pin=0"/></net>

<net id="236"><net_src comp="22" pin="0"/><net_sink comp="230" pin=1"/></net>

<net id="242"><net_src comp="84" pin="0"/><net_sink comp="237" pin=0"/></net>

<net id="243"><net_src comp="24" pin="0"/><net_sink comp="237" pin=1"/></net>

<net id="249"><net_src comp="84" pin="0"/><net_sink comp="244" pin=0"/></net>

<net id="250"><net_src comp="26" pin="0"/><net_sink comp="244" pin=1"/></net>

<net id="256"><net_src comp="84" pin="0"/><net_sink comp="251" pin=0"/></net>

<net id="257"><net_src comp="28" pin="0"/><net_sink comp="251" pin=1"/></net>

<net id="263"><net_src comp="84" pin="0"/><net_sink comp="258" pin=0"/></net>

<net id="264"><net_src comp="30" pin="0"/><net_sink comp="258" pin=1"/></net>

<net id="270"><net_src comp="84" pin="0"/><net_sink comp="265" pin=0"/></net>

<net id="271"><net_src comp="32" pin="0"/><net_sink comp="265" pin=1"/></net>

<net id="276"><net_src comp="46" pin="0"/><net_sink comp="272" pin=0"/></net>

<net id="284"><net_src comp="277" pin="1"/><net_sink comp="280" pin=0"/></net>

<net id="285"><net_src comp="48" pin="0"/><net_sink comp="280" pin=1"/></net>

<net id="290"><net_src comp="277" pin="1"/><net_sink comp="286" pin=0"/></net>

<net id="291"><net_src comp="50" pin="0"/><net_sink comp="286" pin=1"/></net>

<net id="295"><net_src comp="277" pin="1"/><net_sink comp="292" pin=0"/></net>

<net id="306"><net_src comp="292" pin="1"/><net_sink comp="296" pin=0"/></net>

<net id="307"><net_src comp="52" pin="0"/><net_sink comp="296" pin=1"/></net>

<net id="308"><net_src comp="54" pin="0"/><net_sink comp="296" pin=2"/></net>

<net id="309"><net_src comp="56" pin="0"/><net_sink comp="296" pin=3"/></net>

<net id="310"><net_src comp="58" pin="0"/><net_sink comp="296" pin=4"/></net>

<net id="311"><net_src comp="60" pin="0"/><net_sink comp="296" pin=5"/></net>

<net id="312"><net_src comp="62" pin="0"/><net_sink comp="296" pin=6"/></net>

<net id="313"><net_src comp="64" pin="0"/><net_sink comp="296" pin=7"/></net>

<net id="318"><net_src comp="286" pin="2"/><net_sink comp="314" pin=0"/></net>

<net id="322"><net_src comp="154" pin="2"/><net_sink comp="319" pin=0"/></net>

<net id="329"><net_src comp="78" pin="0"/><net_sink comp="323" pin=0"/></net>

<net id="330"><net_src comp="154" pin="2"/><net_sink comp="323" pin=1"/></net>

<net id="331"><net_src comp="80" pin="0"/><net_sink comp="323" pin=2"/></net>

<net id="332"><net_src comp="82" pin="0"/><net_sink comp="323" pin=3"/></net>

<net id="337"><net_src comp="323" pin="4"/><net_sink comp="333" pin=0"/></net>

<net id="342"><net_src comp="319" pin="1"/><net_sink comp="338" pin=0"/></net>

<net id="347"><net_src comp="323" pin="4"/><net_sink comp="343" pin=0"/></net>

<net id="352"><net_src comp="319" pin="1"/><net_sink comp="348" pin=0"/></net>

<net id="357"><net_src comp="323" pin="4"/><net_sink comp="353" pin=0"/></net>

<net id="362"><net_src comp="319" pin="1"/><net_sink comp="358" pin=0"/></net>

<net id="367"><net_src comp="323" pin="4"/><net_sink comp="363" pin=0"/></net>

<net id="372"><net_src comp="319" pin="1"/><net_sink comp="368" pin=0"/></net>

<net id="377"><net_src comp="323" pin="4"/><net_sink comp="373" pin=0"/></net>

<net id="382"><net_src comp="319" pin="1"/><net_sink comp="378" pin=0"/></net>

<net id="387"><net_src comp="323" pin="4"/><net_sink comp="383" pin=0"/></net>

<net id="392"><net_src comp="319" pin="1"/><net_sink comp="388" pin=0"/></net>

<net id="397"><net_src comp="323" pin="4"/><net_sink comp="393" pin=0"/></net>

<net id="402"><net_src comp="319" pin="1"/><net_sink comp="398" pin=0"/></net>

<net id="407"><net_src comp="323" pin="4"/><net_sink comp="403" pin=0"/></net>

<net id="412"><net_src comp="319" pin="1"/><net_sink comp="408" pin=0"/></net>

<net id="416"><net_src comp="413" pin="1"/><net_sink comp="265" pin=2"/></net>

<net id="420"><net_src comp="417" pin="1"/><net_sink comp="258" pin=2"/></net>

<net id="424"><net_src comp="421" pin="1"/><net_sink comp="251" pin=2"/></net>

<net id="428"><net_src comp="425" pin="1"/><net_sink comp="244" pin=2"/></net>

<net id="432"><net_src comp="429" pin="1"/><net_sink comp="237" pin=2"/></net>

<net id="436"><net_src comp="433" pin="1"/><net_sink comp="230" pin=2"/></net>

<net id="440"><net_src comp="437" pin="1"/><net_sink comp="223" pin=2"/></net>

<net id="444"><net_src comp="441" pin="1"/><net_sink comp="216" pin=2"/></net>

<net id="448"><net_src comp="445" pin="1"/><net_sink comp="209" pin=2"/></net>

<net id="452"><net_src comp="449" pin="1"/><net_sink comp="202" pin=2"/></net>

<net id="456"><net_src comp="453" pin="1"/><net_sink comp="195" pin=2"/></net>

<net id="460"><net_src comp="457" pin="1"/><net_sink comp="188" pin=2"/></net>

<net id="464"><net_src comp="461" pin="1"/><net_sink comp="181" pin=2"/></net>

<net id="468"><net_src comp="465" pin="1"/><net_sink comp="174" pin=2"/></net>

<net id="472"><net_src comp="469" pin="1"/><net_sink comp="167" pin=2"/></net>

<net id="476"><net_src comp="473" pin="1"/><net_sink comp="160" pin=2"/></net>

<net id="480"><net_src comp="86" pin="1"/><net_sink comp="477" pin=0"/></net>

<net id="481"><net_src comp="477" pin="1"/><net_sink comp="272" pin=1"/></net>

<net id="482"><net_src comp="477" pin="1"/><net_sink comp="277" pin=0"/></net>

<net id="483"><net_src comp="477" pin="1"/><net_sink comp="314" pin=1"/></net>

<net id="487"><net_src comp="90" pin="1"/><net_sink comp="484" pin=0"/></net>

<net id="488"><net_src comp="484" pin="1"/><net_sink comp="398" pin=1"/></net>

<net id="489"><net_src comp="484" pin="1"/><net_sink comp="413" pin=0"/></net>

<net id="493"><net_src comp="94" pin="1"/><net_sink comp="490" pin=0"/></net>

<net id="494"><net_src comp="490" pin="1"/><net_sink comp="393" pin=1"/></net>

<net id="495"><net_src comp="490" pin="1"/><net_sink comp="417" pin=0"/></net>

<net id="499"><net_src comp="98" pin="1"/><net_sink comp="496" pin=0"/></net>

<net id="500"><net_src comp="496" pin="1"/><net_sink comp="388" pin=1"/></net>

<net id="501"><net_src comp="496" pin="1"/><net_sink comp="421" pin=0"/></net>

<net id="505"><net_src comp="102" pin="1"/><net_sink comp="502" pin=0"/></net>

<net id="506"><net_src comp="502" pin="1"/><net_sink comp="383" pin=1"/></net>

<net id="507"><net_src comp="502" pin="1"/><net_sink comp="425" pin=0"/></net>

<net id="511"><net_src comp="106" pin="1"/><net_sink comp="508" pin=0"/></net>

<net id="512"><net_src comp="508" pin="1"/><net_sink comp="378" pin=1"/></net>

<net id="513"><net_src comp="508" pin="1"/><net_sink comp="429" pin=0"/></net>

<net id="517"><net_src comp="110" pin="1"/><net_sink comp="514" pin=0"/></net>

<net id="518"><net_src comp="514" pin="1"/><net_sink comp="373" pin=1"/></net>

<net id="519"><net_src comp="514" pin="1"/><net_sink comp="433" pin=0"/></net>

<net id="523"><net_src comp="114" pin="1"/><net_sink comp="520" pin=0"/></net>

<net id="524"><net_src comp="520" pin="1"/><net_sink comp="368" pin=1"/></net>

<net id="525"><net_src comp="520" pin="1"/><net_sink comp="437" pin=0"/></net>

<net id="529"><net_src comp="118" pin="1"/><net_sink comp="526" pin=0"/></net>

<net id="530"><net_src comp="526" pin="1"/><net_sink comp="363" pin=1"/></net>

<net id="531"><net_src comp="526" pin="1"/><net_sink comp="441" pin=0"/></net>

<net id="535"><net_src comp="122" pin="1"/><net_sink comp="532" pin=0"/></net>

<net id="536"><net_src comp="532" pin="1"/><net_sink comp="358" pin=1"/></net>

<net id="537"><net_src comp="532" pin="1"/><net_sink comp="445" pin=0"/></net>

<net id="541"><net_src comp="126" pin="1"/><net_sink comp="538" pin=0"/></net>

<net id="542"><net_src comp="538" pin="1"/><net_sink comp="353" pin=1"/></net>

<net id="543"><net_src comp="538" pin="1"/><net_sink comp="449" pin=0"/></net>

<net id="547"><net_src comp="130" pin="1"/><net_sink comp="544" pin=0"/></net>

<net id="548"><net_src comp="544" pin="1"/><net_sink comp="348" pin=1"/></net>

<net id="549"><net_src comp="544" pin="1"/><net_sink comp="453" pin=0"/></net>

<net id="553"><net_src comp="134" pin="1"/><net_sink comp="550" pin=0"/></net>

<net id="554"><net_src comp="550" pin="1"/><net_sink comp="343" pin=1"/></net>

<net id="555"><net_src comp="550" pin="1"/><net_sink comp="457" pin=0"/></net>

<net id="559"><net_src comp="138" pin="1"/><net_sink comp="556" pin=0"/></net>

<net id="560"><net_src comp="556" pin="1"/><net_sink comp="338" pin=1"/></net>

<net id="561"><net_src comp="556" pin="1"/><net_sink comp="461" pin=0"/></net>

<net id="565"><net_src comp="142" pin="1"/><net_sink comp="562" pin=0"/></net>

<net id="566"><net_src comp="562" pin="1"/><net_sink comp="333" pin=1"/></net>

<net id="567"><net_src comp="562" pin="1"/><net_sink comp="465" pin=0"/></net>

<net id="571"><net_src comp="146" pin="1"/><net_sink comp="568" pin=0"/></net>

<net id="572"><net_src comp="568" pin="1"/><net_sink comp="408" pin=1"/></net>

<net id="573"><net_src comp="568" pin="1"/><net_sink comp="469" pin=0"/></net>

<net id="577"><net_src comp="150" pin="1"/><net_sink comp="574" pin=0"/></net>

<net id="578"><net_src comp="574" pin="1"/><net_sink comp="403" pin=1"/></net>

<net id="579"><net_src comp="574" pin="1"/><net_sink comp="473" pin=0"/></net>

<net id="586"><net_src comp="292" pin="1"/><net_sink comp="583" pin=0"/></net>

</net_list>

</model> 
---------------- Datapath Model END ------------------

* FSMD analyzer results:
  - Output states:
	Port: p_out | {1 }
	Port: p_out1 | {1 }
	Port: p_out2 | {1 }
	Port: p_out3 | {1 }
	Port: p_out4 | {1 }
	Port: p_out5 | {1 }
	Port: p_out6 | {1 }
	Port: p_out7 | {1 }
	Port: p_out8 | {1 }
	Port: p_out9 | {1 }
	Port: p_out10 | {1 }
	Port: p_out11 | {1 }
	Port: p_out12 | {1 }
	Port: p_out13 | {1 }
	Port: p_out14 | {1 }
	Port: p_out15 | {1 }
 - Input state : 
	Port: gemm_Pipeline_VITIS_LOOP_139_1 : s_norm1_out | {2 }
  - Chain level:
	State 1
		store_ln139 : 1
		i_5 : 1
		icmp_ln139 : 2
		add_ln139 : 2
		br_ln139 : 3
		trunc_ln139 : 2
		switch_ln146 : 3
		store_ln139 : 3
		p_load32 : 1
		p_load31 : 1
		p_load30 : 1
		p_load29 : 1
		p_load28 : 1
		p_load27 : 1
		p_load26 : 1
		p_load25 : 1
		p_load24 : 1
		p_load23 : 1
		p_load22 : 1
		p_load21 : 1
		p_load20 : 1
		p_load19 : 1
		p_load18 : 1
		p_load : 1
		write_ln0 : 2
		write_ln0 : 2
		write_ln0 : 2
		write_ln0 : 2
		write_ln0 : 2
		write_ln0 : 2
		write_ln0 : 2
		write_ln0 : 2
		write_ln0 : 2
		write_ln0 : 2
		write_ln0 : 2
		write_ln0 : 2
		write_ln0 : 2
		write_ln0 : 2
		write_ln0 : 2
		write_ln0 : 2
	State 2
		store_ln31 : 1
		store_ln31 : 1
		store_ln31 : 1
		store_ln31 : 1
		store_ln31 : 1
		store_ln31 : 1
		store_ln31 : 1
		store_ln31 : 1
		store_ln31 : 1
		store_ln31 : 1
		store_ln31 : 1
		store_ln31 : 1
		store_ln31 : 1
		store_ln31 : 1
		store_ln31 : 1
		store_ln31 : 1


============================================================
+ Verbose Summary: Datapath Resource usage 
============================================================

* Functional unit list:
|----------|------------------------|---------|---------|
| Operation|     Functional Unit    |    FF   |   LUT   |
|----------|------------------------|---------|---------|
|   icmp   |    icmp_ln139_fu_280   |    0    |    13   |
|----------|------------------------|---------|---------|
|    add   |    add_ln139_fu_286    |    0    |    13   |
|----------|------------------------|---------|---------|
|   read   |      b_read_fu_154     |    0    |    0    |
|----------|------------------------|---------|---------|
|          | write_ln0_write_fu_160 |    0    |    0    |
|          | write_ln0_write_fu_167 |    0    |    0    |
|          | write_ln0_write_fu_174 |    0    |    0    |
|          | write_ln0_write_fu_181 |    0    |    0    |
|          | write_ln0_write_fu_188 |    0    |    0    |
|          | write_ln0_write_fu_195 |    0    |    0    |
|          | write_ln0_write_fu_202 |    0    |    0    |
|   write  | write_ln0_write_fu_209 |    0    |    0    |
|          | write_ln0_write_fu_216 |    0    |    0    |
|          | write_ln0_write_fu_223 |    0    |    0    |
|          | write_ln0_write_fu_230 |    0    |    0    |
|          | write_ln0_write_fu_237 |    0    |    0    |
|          | write_ln0_write_fu_244 |    0    |    0    |
|          | write_ln0_write_fu_251 |    0    |    0    |
|          | write_ln0_write_fu_258 |    0    |    0    |
|          | write_ln0_write_fu_265 |    0    |    0    |
|----------|------------------------|---------|---------|
|   trunc  |   trunc_ln139_fu_292   |    0    |    0    |
|          |      elems_fu_319      |    0    |    0    |
|----------|------------------------|---------|---------|
|  switch  |   switch_ln146_fu_296  |    0    |    0    |
|----------|------------------------|---------|---------|
|partselect|     elems_12_fu_323    |    0    |    0    |
|----------|------------------------|---------|---------|
|   Total  |                        |    0    |    26   |
|----------|------------------------|---------|---------|

Memories:
N/A

* Register list:
+-------------------+--------+
|                   |   FF   |
+-------------------+--------+
|  empty_61_reg_490 |    8   |
|  empty_62_reg_496 |    8   |
|  empty_63_reg_502 |    8   |
|  empty_64_reg_508 |    8   |
|  empty_65_reg_514 |    8   |
|  empty_66_reg_520 |    8   |
|  empty_67_reg_526 |    8   |
|  empty_68_reg_532 |    8   |
|  empty_69_reg_538 |    8   |
|  empty_70_reg_544 |    8   |
|  empty_71_reg_550 |    8   |
|  empty_72_reg_556 |    8   |
|  empty_73_reg_562 |    8   |
|  empty_74_reg_568 |    8   |
|  empty_75_reg_574 |    8   |
|   empty_reg_484   |    8   |
|     i_reg_477     |    4   |
|trunc_ln139_reg_583|    3   |
+-------------------+--------+
|       Total       |   135  |
+-------------------+--------+

* Multiplexer (MUX) list: 
|--------|------|------|------|--------|
|  Comp  |  Pin | Size |  BW  | S x BW |
|--------|------|------|------|--------|
|  Total |      |      |      |    0   |
|--------|------|------|------|--------|



* Summary:
+-----------+--------+--------+
|           |   FF   |   LUT  |
+-----------+--------+--------+
|  Function |    0   |   26   |
|   Memory  |    -   |    -   |
|Multiplexer|    -   |    -   |
|  Register |   135  |    -   |
+-----------+--------+--------+
|   Total   |   135  |   26   |
+-----------+--------+--------+
