

================================================================
== Vitis HLS Report for 'stateful_norm'
================================================================
* Date:           Fri May  1 14:54:08 2026

* Version:        2025.2 (Build 6295257 on Nov 14 2025)
* Project:        hls_component
* Solution:       hls (Vivado IP Flow Target)
* Product family: spartan7
* Target device:  xc7s50-csga324-2


================================================================
== Performance Estimates
================================================================
+ Timing: 
    * Summary: 
    +--------+----------+----------+------------+
    |  Clock |  Target  | Estimated| Uncertainty|
    +--------+----------+----------+------------+
    |ap_clk  |  10.00 ns|  8.098 ns|     1.00 ns|
    +--------+----------+----------+------------+

+ Latency: 
    * Summary: 
    +---------+---------+----------+----------+-----+-----+---------+
    |  Latency (cycles) |  Latency (absolute) |  Interval | Pipeline|
    |   min   |   max   |    min   |    max   | min | max |   Type  |
    +---------+---------+----------+----------+-----+-----+---------+
    |       23|       23|  0.230 us|  0.230 us|   23|   23|       no|
    +---------+---------+----------+----------+-----+-----+---------+

    + Detail: 
        * Instance: 
        N/A

        * Loop: 
        N/A

============================================================
+ Verbose Summary: Synthesis Manager
============================================================
InlineROM: 1
ExposeGlobal: 0
============================================================
+ Verbose Summary: CDFG Model
============================================================
IsTopModel: 0
ResetActiveHigh: 1
IsCombinational: 2
IsDatapathOnly: 0
HasWiredReturn: 1
HasMFsm: 0
HasVarLatency: 1
IsPipeline: 0
IsRtlPipelined: 0
IsInstanceOverlapped: 0
IsDontTouch: 0
HasImplIP: 0
IsGatedGlobalClock: 0


============================================================
+ Verbose Summary: Schedule
============================================================
* Number of FSM states : 4
* Pipeline : 0
* Dataflow Pipeline: 0

* FSM state transitions: 
1 --> 2 
2 --> 3 
3 --> 4 
4 --> 

* FSM state operations: 

State 1 <SV = 0> <Delay = 0.00>
ST_1 : Operation 5 [1/1] (0.00ns)   --->   "%sum_x_loc = alloca i64 1"   --->   Operation 5 'alloca' 'sum_x_loc' <Predicate = true> <Delay = 0.00>
ST_1 : Operation 6 [1/1] (0.00ns)   --->   "%buf_loc = alloca i64 1"   --->   Operation 6 'alloca' 'buf_loc' <Predicate = true> <Delay = 0.00>
ST_1 : Operation 7 [1/1] (0.00ns)   --->   "%buf_35_loc = alloca i64 1"   --->   Operation 7 'alloca' 'buf_35_loc' <Predicate = true> <Delay = 0.00>
ST_1 : Operation 8 [1/1] (0.00ns)   --->   "%buf_36_loc = alloca i64 1"   --->   Operation 8 'alloca' 'buf_36_loc' <Predicate = true> <Delay = 0.00>
ST_1 : Operation 9 [1/1] (0.00ns)   --->   "%buf_37_loc = alloca i64 1"   --->   Operation 9 'alloca' 'buf_37_loc' <Predicate = true> <Delay = 0.00>
ST_1 : Operation 10 [1/1] (0.00ns)   --->   "%buf_38_loc = alloca i64 1"   --->   Operation 10 'alloca' 'buf_38_loc' <Predicate = true> <Delay = 0.00>
ST_1 : Operation 11 [1/1] (0.00ns)   --->   "%buf_39_loc = alloca i64 1"   --->   Operation 11 'alloca' 'buf_39_loc' <Predicate = true> <Delay = 0.00>
ST_1 : Operation 12 [1/1] (0.00ns)   --->   "%buf_40_loc = alloca i64 1"   --->   Operation 12 'alloca' 'buf_40_loc' <Predicate = true> <Delay = 0.00>
ST_1 : Operation 13 [1/1] (0.00ns)   --->   "%buf_41_loc = alloca i64 1"   --->   Operation 13 'alloca' 'buf_41_loc' <Predicate = true> <Delay = 0.00>
ST_1 : Operation 14 [1/1] (0.00ns)   --->   "%buf_42_loc = alloca i64 1"   --->   Operation 14 'alloca' 'buf_42_loc' <Predicate = true> <Delay = 0.00>
ST_1 : Operation 15 [1/1] (0.00ns)   --->   "%buf_43_loc = alloca i64 1"   --->   Operation 15 'alloca' 'buf_43_loc' <Predicate = true> <Delay = 0.00>
ST_1 : Operation 16 [1/1] (0.00ns)   --->   "%buf_44_loc = alloca i64 1"   --->   Operation 16 'alloca' 'buf_44_loc' <Predicate = true> <Delay = 0.00>
ST_1 : Operation 17 [1/1] (0.00ns)   --->   "%buf_45_loc = alloca i64 1"   --->   Operation 17 'alloca' 'buf_45_loc' <Predicate = true> <Delay = 0.00>
ST_1 : Operation 18 [1/1] (0.00ns)   --->   "%buf_46_loc = alloca i64 1"   --->   Operation 18 'alloca' 'buf_46_loc' <Predicate = true> <Delay = 0.00>
ST_1 : Operation 19 [1/1] (0.00ns)   --->   "%buf_47_loc = alloca i64 1"   --->   Operation 19 'alloca' 'buf_47_loc' <Predicate = true> <Delay = 0.00>
ST_1 : Operation 20 [1/1] (0.00ns)   --->   "%buf_48_loc = alloca i64 1"   --->   Operation 20 'alloca' 'buf_48_loc' <Predicate = true> <Delay = 0.00>
ST_1 : Operation 21 [1/1] (0.00ns)   --->   "%buf_49_loc = alloca i64 1"   --->   Operation 21 'alloca' 'buf_49_loc' <Predicate = true> <Delay = 0.00>
ST_1 : Operation 22 [2/2] (0.00ns)   --->   "%call_ln0 = call void @stateful_norm_Pipeline_VITIS_LOOP_85_1, i16 %s_norm2_in, i8 %buf_49_loc, i8 %buf_48_loc, i8 %buf_47_loc, i8 %buf_46_loc, i8 %buf_45_loc, i8 %buf_44_loc, i8 %buf_43_loc, i8 %buf_42_loc, i8 %buf_41_loc, i8 %buf_40_loc, i8 %buf_39_loc, i8 %buf_38_loc, i8 %buf_37_loc, i8 %buf_36_loc, i8 %buf_35_loc, i8 %buf_loc, i12 %sum_x_loc"   --->   Operation 22 'call' 'call_ln0' <Predicate = true> <Delay = 0.00> <CoreType = "Generic">   --->   Generic Core

State 2 <SV = 1> <Delay = 4.15>
ST_2 : Operation 23 [1/2] (4.15ns)   --->   "%call_ln0 = call void @stateful_norm_Pipeline_VITIS_LOOP_85_1, i16 %s_norm2_in, i8 %buf_49_loc, i8 %buf_48_loc, i8 %buf_47_loc, i8 %buf_46_loc, i8 %buf_45_loc, i8 %buf_44_loc, i8 %buf_43_loc, i8 %buf_42_loc, i8 %buf_41_loc, i8 %buf_40_loc, i8 %buf_39_loc, i8 %buf_38_loc, i8 %buf_37_loc, i8 %buf_36_loc, i8 %buf_35_loc, i8 %buf_loc, i12 %sum_x_loc"   --->   Operation 23 'call' 'call_ln0' <Predicate = true> <Delay = 4.15> <CoreType = "Generic">   --->   Generic Core

State 3 <SV = 2> <Delay = 3.46>
ST_3 : Operation 24 [1/1] (0.00ns)   --->   "%fence_ln100 = fence void @_ssdm_op_Fence, i16 %s_norm2_in, i32 4294967295, i16 %s_norm2_out, i32 0" [main.cpp:100]   --->   Operation 24 'fence' 'fence_ln100' <Predicate = true> <Delay = 0.00>
ST_3 : Operation 25 [1/1] (0.00ns)   --->   "%buf_49_loc_load = load i8 %buf_49_loc"   --->   Operation 25 'load' 'buf_49_loc_load' <Predicate = true> <Delay = 0.00>
ST_3 : Operation 26 [1/1] (0.00ns)   --->   "%buf_48_loc_load = load i8 %buf_48_loc"   --->   Operation 26 'load' 'buf_48_loc_load' <Predicate = true> <Delay = 0.00>
ST_3 : Operation 27 [1/1] (0.00ns)   --->   "%buf_47_loc_load = load i8 %buf_47_loc"   --->   Operation 27 'load' 'buf_47_loc_load' <Predicate = true> <Delay = 0.00>
ST_3 : Operation 28 [1/1] (0.00ns)   --->   "%buf_46_loc_load = load i8 %buf_46_loc"   --->   Operation 28 'load' 'buf_46_loc_load' <Predicate = true> <Delay = 0.00>
ST_3 : Operation 29 [1/1] (0.00ns)   --->   "%buf_45_loc_load = load i8 %buf_45_loc"   --->   Operation 29 'load' 'buf_45_loc_load' <Predicate = true> <Delay = 0.00>
ST_3 : Operation 30 [1/1] (0.00ns)   --->   "%buf_44_loc_load = load i8 %buf_44_loc"   --->   Operation 30 'load' 'buf_44_loc_load' <Predicate = true> <Delay = 0.00>
ST_3 : Operation 31 [1/1] (0.00ns)   --->   "%buf_43_loc_load = load i8 %buf_43_loc"   --->   Operation 31 'load' 'buf_43_loc_load' <Predicate = true> <Delay = 0.00>
ST_3 : Operation 32 [1/1] (0.00ns)   --->   "%buf_42_loc_load = load i8 %buf_42_loc"   --->   Operation 32 'load' 'buf_42_loc_load' <Predicate = true> <Delay = 0.00>
ST_3 : Operation 33 [1/1] (0.00ns)   --->   "%buf_41_loc_load = load i8 %buf_41_loc"   --->   Operation 33 'load' 'buf_41_loc_load' <Predicate = true> <Delay = 0.00>
ST_3 : Operation 34 [1/1] (0.00ns)   --->   "%buf_40_loc_load = load i8 %buf_40_loc"   --->   Operation 34 'load' 'buf_40_loc_load' <Predicate = true> <Delay = 0.00>
ST_3 : Operation 35 [1/1] (0.00ns)   --->   "%buf_39_loc_load = load i8 %buf_39_loc"   --->   Operation 35 'load' 'buf_39_loc_load' <Predicate = true> <Delay = 0.00>
ST_3 : Operation 36 [1/1] (0.00ns)   --->   "%buf_38_loc_load = load i8 %buf_38_loc"   --->   Operation 36 'load' 'buf_38_loc_load' <Predicate = true> <Delay = 0.00>
ST_3 : Operation 37 [1/1] (0.00ns)   --->   "%buf_37_loc_load = load i8 %buf_37_loc"   --->   Operation 37 'load' 'buf_37_loc_load' <Predicate = true> <Delay = 0.00>
ST_3 : Operation 38 [1/1] (0.00ns)   --->   "%buf_36_loc_load = load i8 %buf_36_loc"   --->   Operation 38 'load' 'buf_36_loc_load' <Predicate = true> <Delay = 0.00>
ST_3 : Operation 39 [1/1] (0.00ns)   --->   "%buf_35_loc_load = load i8 %buf_35_loc"   --->   Operation 39 'load' 'buf_35_loc_load' <Predicate = true> <Delay = 0.00>
ST_3 : Operation 40 [1/1] (0.00ns)   --->   "%buf_loc_load = load i8 %buf_loc"   --->   Operation 40 'load' 'buf_loc_load' <Predicate = true> <Delay = 0.00>
ST_3 : Operation 41 [1/1] (0.00ns)   --->   "%sum_x_loc_load = load i12 %sum_x_loc"   --->   Operation 41 'load' 'sum_x_loc_load' <Predicate = true> <Delay = 0.00>
ST_3 : Operation 42 [1/1] (0.00ns)   --->   "%trunc_ln = partselect i8 @_ssdm_op_PartSelect.i8.i12.i32.i32, i12 %sum_x_loc_load, i32 4, i32 11" [main.cpp:100]   --->   Operation 42 'partselect' 'trunc_ln' <Predicate = true> <Delay = 0.00>
ST_3 : Operation 43 [1/1] (0.00ns)   --->   "%fence_ln109 = fence void @_ssdm_op_Fence, i16 %s_norm2_in, i32 4294967295, i16 %s_norm2_out, i32 0" [main.cpp:109]   --->   Operation 43 'fence' 'fence_ln109' <Predicate = true> <Delay = 0.00>
ST_3 : Operation 44 [2/2] (3.46ns)   --->   "%call_ln100 = call void @stateful_norm_Pipeline_VITIS_LOOP_109_3, i8 %buf_loc_load, i8 %buf_36_loc_load, i8 %buf_38_loc_load, i8 %buf_40_loc_load, i8 %buf_42_loc_load, i8 %buf_44_loc_load, i8 %buf_46_loc_load, i8 %buf_48_loc_load, i8 %trunc_ln, i8 %buf_35_loc_load, i8 %buf_37_loc_load, i8 %buf_39_loc_load, i8 %buf_41_loc_load, i8 %buf_43_loc_load, i8 %buf_45_loc_load, i8 %buf_47_loc_load, i8 %buf_49_loc_load, i16 %s_norm2_out" [main.cpp:100]   --->   Operation 44 'call' 'call_ln100' <Predicate = true> <Delay = 3.46> <CoreType = "Generic">   --->   Generic Core

State 4 <SV = 3> <Delay = 4.15>
ST_4 : Operation 45 [1/1] (0.00ns)   --->   "%specinterface_ln0 = specinterface void @_ssdm_op_SpecInterface, i16 %s_norm2_out, void @empty_7, i32 0, i32 0, void @empty_9, i32 0, i32 0, void @empty_9, void @empty_9, void @empty_9, i32 0, i32 0, i32 0, i32 0, void @empty_9, void @empty_9, i32 4294967295, i32 0, i32 0, i32 0"   --->   Operation 45 'specinterface' 'specinterface_ln0' <Predicate = true> <Delay = 0.00>
ST_4 : Operation 46 [1/1] (0.00ns)   --->   "%specinterface_ln0 = specinterface void @_ssdm_op_SpecInterface, i16 %s_norm2_in, void @empty_7, i32 0, i32 0, void @empty_9, i32 0, i32 0, void @empty_9, void @empty_9, void @empty_9, i32 0, i32 0, i32 0, i32 0, void @empty_9, void @empty_9, i32 4294967295, i32 0, i32 0, i32 0"   --->   Operation 46 'specinterface' 'specinterface_ln0' <Predicate = true> <Delay = 0.00>
ST_4 : Operation 47 [1/2] (4.15ns)   --->   "%call_ln100 = call void @stateful_norm_Pipeline_VITIS_LOOP_109_3, i8 %buf_loc_load, i8 %buf_36_loc_load, i8 %buf_38_loc_load, i8 %buf_40_loc_load, i8 %buf_42_loc_load, i8 %buf_44_loc_load, i8 %buf_46_loc_load, i8 %buf_48_loc_load, i8 %trunc_ln, i8 %buf_35_loc_load, i8 %buf_37_loc_load, i8 %buf_39_loc_load, i8 %buf_41_loc_load, i8 %buf_43_loc_load, i8 %buf_45_loc_load, i8 %buf_47_loc_load, i8 %buf_49_loc_load, i16 %s_norm2_out" [main.cpp:100]   --->   Operation 47 'call' 'call_ln100' <Predicate = true> <Delay = 4.15> <CoreType = "Generic">   --->   Generic Core
ST_4 : Operation 48 [1/1] (0.00ns)   --->   "%ret_ln122 = ret" [main.cpp:122]   --->   Operation 48 'ret' 'ret_ln122' <Predicate = true> <Delay = 0.00>


============================================================
+ Verbose Summary: Timing violations
============================================================
Target clock period: 10.000ns, clock uncertainty: 1.000ns.

 <State 1>: 0.000ns
The critical path consists of the following:

 <State 2>: 4.155ns
The critical path consists of the following:
	'call' operation ('call_ln0') to 'stateful_norm_Pipeline_VITIS_LOOP_85_1' [22]  (4.155 ns)

 <State 3>: 3.467ns
The critical path consists of the following:
	'load' operation 8 bit ('buf_49_loc_load') on local variable 'buf_49_loc' [24]  (0.000 ns)
	'call' operation ('call_ln100', main.cpp:100) to 'stateful_norm_Pipeline_VITIS_LOOP_109_3' [43]  (3.467 ns)

 <State 4>: 4.155ns
The critical path consists of the following:
	'call' operation ('call_ln100', main.cpp:100) to 'stateful_norm_Pipeline_VITIS_LOOP_109_3' [43]  (4.155 ns)


============================================================
+ Verbose Summary: Binding
============================================================
N/A
* FSMD analyzer results:
  - Output states:
 - Input state : 
  - Chain level:
	State 1
	State 2
	State 3
	State 4


============================================================
+ Verbose Summary: Datapath Resource usage 
============================================================
N/A
