

================================================================
== Vitis HLS Report for 'stateful_norm_Pipeline_VITIS_LOOP_109_3'
================================================================
* Date:           Fri May  1 14:54:08 2026

* Version:        2025.2 (Build 6295257 on Nov 14 2025)
* Project:        hls_component
* Solution:       hls (Vivado IP Flow Target)
* Product family: spartan7
* Target device:  xc7s50-csga324-2


================================================================
== Performance Estimates
================================================================
+ Timing: 
    * Summary: 
    +--------+----------+----------+------------+
    |  Clock |  Target  | Estimated| Uncertainty|
    +--------+----------+----------+------------+
    |ap_clk  |  10.00 ns|  4.761 ns|     1.00 ns|
    +--------+----------+----------+------------+

+ Latency: 
    * Summary: 
    +---------+---------+----------+----------+-----+-----+-------------------+
    |  Latency (cycles) |  Latency (absolute) |  Interval |      Pipeline     |
    |   min   |   max   |    min   |    max   | min | max |        Type       |
    +---------+---------+----------+----------+-----+-----+-------------------+
    |       10|       10|  0.100 us|  0.100 us|    0|    0|  loop pipeline stp|
    +---------+---------+----------+----------+-----+-----+-------------------+

    + Detail: 
        * Instance: 
        N/A

        * Loop: 
        +--------------------+---------+---------+----------+-----------+-----------+------+----------+
        |                    |  Latency (cycles) | Iteration|  Initiation Interval  | Trip |          |
        |      Loop Name     |   min   |   max   |  Latency |  achieved |   target  | Count| Pipelined|
        +--------------------+---------+---------+----------+-----------+-----------+------+----------+
        |- VITIS_LOOP_109_3  |        8|        8|         2|          1|          1|     8|       yes|
        +--------------------+---------+---------+----------+-----------+-----------+------+----------+

============================================================
+ Verbose Summary: Synthesis Manager
============================================================
InlineROM: 1
ExposeGlobal: 0
============================================================
+ Verbose Summary: CDFG Model
============================================================
IsTopModel: 0
ResetActiveHigh: 1
IsCombinational: 0
IsDatapathOnly: 0
HasWiredReturn: 1
HasMFsm: 2
HasVarLatency: 1
IsPipeline: 0
IsRtlPipelined: 0
IsInstanceOverlapped: 0
IsDontTouch: 0
HasImplIP: 0
IsGatedGlobalClock: 0

+ Individual pipeline summary: 
  * Pipeline-0: initiation interval (II) = 1, depth = 2


============================================================
+ Verbose Summary: Schedule
============================================================
* Number of FSM states : 2
* Pipeline : 1
  Pipeline-0 : II = 1, D = 2, States = { 1 2 }
* Dataflow Pipeline: 0

* FSM state transitions: 
1 --> 2 
2 --> 

* FSM state operations: 

State 1 <SV = 0> <Delay = 4.76>
ST_1 : Operation 5 [1/1] (0.00ns)   --->   "%i_3 = alloca i32 1" [main.cpp:109]   --->   Operation 5 'alloca' 'i_3' <Predicate = true> <Delay = 0.00>
ST_1 : Operation 6 [1/1] (0.00ns)   --->   "%buf_49_reload_read = read i8 @_ssdm_op_Read.ap_auto.i8, i8 %buf_49_reload"   --->   Operation 6 'read' 'buf_49_reload_read' <Predicate = true> <Delay = 0.00>
ST_1 : Operation 7 [1/1] (0.00ns)   --->   "%buf_47_reload_read = read i8 @_ssdm_op_Read.ap_auto.i8, i8 %buf_47_reload"   --->   Operation 7 'read' 'buf_47_reload_read' <Predicate = true> <Delay = 0.00>
ST_1 : Operation 8 [1/1] (0.00ns)   --->   "%buf_45_reload_read = read i8 @_ssdm_op_Read.ap_auto.i8, i8 %buf_45_reload"   --->   Operation 8 'read' 'buf_45_reload_read' <Predicate = true> <Delay = 0.00>
ST_1 : Operation 9 [1/1] (0.00ns)   --->   "%buf_43_reload_read = read i8 @_ssdm_op_Read.ap_auto.i8, i8 %buf_43_reload"   --->   Operation 9 'read' 'buf_43_reload_read' <Predicate = true> <Delay = 0.00>
ST_1 : Operation 10 [1/1] (0.00ns)   --->   "%buf_41_reload_read = read i8 @_ssdm_op_Read.ap_auto.i8, i8 %buf_41_reload"   --->   Operation 10 'read' 'buf_41_reload_read' <Predicate = true> <Delay = 0.00>
ST_1 : Operation 11 [1/1] (0.00ns)   --->   "%buf_39_reload_read = read i8 @_ssdm_op_Read.ap_auto.i8, i8 %buf_39_reload"   --->   Operation 11 'read' 'buf_39_reload_read' <Predicate = true> <Delay = 0.00>
ST_1 : Operation 12 [1/1] (0.00ns)   --->   "%buf_37_reload_read = read i8 @_ssdm_op_Read.ap_auto.i8, i8 %buf_37_reload"   --->   Operation 12 'read' 'buf_37_reload_read' <Predicate = true> <Delay = 0.00>
ST_1 : Operation 13 [1/1] (0.00ns)   --->   "%buf_35_reload_read = read i8 @_ssdm_op_Read.ap_auto.i8, i8 %buf_35_reload"   --->   Operation 13 'read' 'buf_35_reload_read' <Predicate = true> <Delay = 0.00>
ST_1 : Operation 14 [1/1] (0.00ns)   --->   "%sext_ln100_read = read i8 @_ssdm_op_Read.ap_auto.i8, i8 %sext_ln100"   --->   Operation 14 'read' 'sext_ln100_read' <Predicate = true> <Delay = 0.00>
ST_1 : Operation 15 [1/1] (0.00ns)   --->   "%buf_48_reload_read = read i8 @_ssdm_op_Read.ap_auto.i8, i8 %buf_48_reload"   --->   Operation 15 'read' 'buf_48_reload_read' <Predicate = true> <Delay = 0.00>
ST_1 : Operation 16 [1/1] (0.00ns)   --->   "%buf_46_reload_read = read i8 @_ssdm_op_Read.ap_auto.i8, i8 %buf_46_reload"   --->   Operation 16 'read' 'buf_46_reload_read' <Predicate = true> <Delay = 0.00>
ST_1 : Operation 17 [1/1] (0.00ns)   --->   "%buf_44_reload_read = read i8 @_ssdm_op_Read.ap_auto.i8, i8 %buf_44_reload"   --->   Operation 17 'read' 'buf_44_reload_read' <Predicate = true> <Delay = 0.00>
ST_1 : Operation 18 [1/1] (0.00ns)   --->   "%buf_42_reload_read = read i8 @_ssdm_op_Read.ap_auto.i8, i8 %buf_42_reload"   --->   Operation 18 'read' 'buf_42_reload_read' <Predicate = true> <Delay = 0.00>
ST_1 : Operation 19 [1/1] (0.00ns)   --->   "%buf_40_reload_read = read i8 @_ssdm_op_Read.ap_auto.i8, i8 %buf_40_reload"   --->   Operation 19 'read' 'buf_40_reload_read' <Predicate = true> <Delay = 0.00>
ST_1 : Operation 20 [1/1] (0.00ns)   --->   "%buf_38_reload_read = read i8 @_ssdm_op_Read.ap_auto.i8, i8 %buf_38_reload"   --->   Operation 20 'read' 'buf_38_reload_read' <Predicate = true> <Delay = 0.00>
ST_1 : Operation 21 [1/1] (0.00ns)   --->   "%buf_36_reload_read = read i8 @_ssdm_op_Read.ap_auto.i8, i8 %buf_36_reload"   --->   Operation 21 'read' 'buf_36_reload_read' <Predicate = true> <Delay = 0.00>
ST_1 : Operation 22 [1/1] (0.00ns)   --->   "%buf_reload_read = read i8 @_ssdm_op_Read.ap_auto.i8, i8 %buf_reload"   --->   Operation 22 'read' 'buf_reload_read' <Predicate = true> <Delay = 0.00>
ST_1 : Operation 23 [1/1] (0.00ns)   --->   "%sext_ln100_cast = sext i8 %sext_ln100_read"   --->   Operation 23 'sext' 'sext_ln100_cast' <Predicate = true> <Delay = 0.00>
ST_1 : Operation 24 [1/1] (0.00ns)   --->   "%specinterface_ln0 = specinterface void @_ssdm_op_SpecInterface, i16 %s_norm2_out, void @empty_7, i32 0, i32 0, void @empty_9, i32 0, i32 0, void @empty_9, void @empty_9, void @empty_9, i32 0, i32 0, i32 0, i32 0, void @empty_9, void @empty_9, i32 4294967295, i32 0, i32 0, i32 0"   --->   Operation 24 'specinterface' 'specinterface_ln0' <Predicate = true> <Delay = 0.00>
ST_1 : Operation 25 [1/1] (1.29ns)   --->   "%store_ln109 = store i4 0, i4 %i_3" [main.cpp:109]   --->   Operation 25 'store' 'store_ln109' <Predicate = true> <Delay = 1.29>
ST_1 : Operation 26 [1/1] (0.00ns)   --->   "%br_ln0 = br void %VITIS_LOOP_112_4"   --->   Operation 26 'br' 'br_ln0' <Predicate = true> <Delay = 0.00>
ST_1 : Operation 27 [1/1] (0.00ns)   --->   "%i = load i4 %i_3" [main.cpp:109]   --->   Operation 27 'load' 'i' <Predicate = true> <Delay = 0.00>
ST_1 : Operation 28 [1/1] (1.56ns)   --->   "%icmp_ln109 = icmp_eq  i4 %i, i4 8" [main.cpp:109]   --->   Operation 28 'icmp' 'icmp_ln109' <Predicate = true> <Delay = 1.56> <CoreInst = "Cmp">   --->   Core 9 'Cmp' <Latency = 0> <II = 1> <Delay = 1.56> <FuncUnit> <Opcode : 'seteq' 'setne' 'setle' 'setge' 'setlt' 'setgt'> <InPorts = 2> <OutPorts = 1>
ST_1 : Operation 29 [1/1] (1.56ns)   --->   "%add_ln109 = add i4 %i, i4 1" [main.cpp:109]   --->   Operation 29 'add' 'add_ln109' <Predicate = true> <Delay = 1.56> <CoreInst = "Adder">   --->   Core 1 'Adder' <Latency = 0> <II = 1> <Delay = 1.56> <FuncUnit> <Opcode : 'add' 'sub'> <InPorts = 2> <OutPorts = 1>
ST_1 : Operation 30 [1/1] (0.00ns)   --->   "%br_ln109 = br i1 %icmp_ln109, void %VITIS_LOOP_112_4.split, void %for.end51.exitStub" [main.cpp:109]   --->   Operation 30 'br' 'br_ln109' <Predicate = true> <Delay = 0.00>
ST_1 : Operation 31 [1/1] (0.00ns)   --->   "%trunc_ln109 = trunc i4 %i" [main.cpp:109]   --->   Operation 31 'trunc' 'trunc_ln109' <Predicate = (!icmp_ln109)> <Delay = 0.00>
ST_1 : Operation 32 [1/1] (1.83ns)   --->   "%x = sparsemux i8 @_ssdm_op_SparseMux.ap_auto.8i8.i8.i3, i3 0, i8 %buf_reload_read, i3 1, i8 %buf_36_reload_read, i3 2, i8 %buf_38_reload_read, i3 3, i8 %buf_40_reload_read, i3 4, i8 %buf_42_reload_read, i3 5, i8 %buf_44_reload_read, i3 6, i8 %buf_46_reload_read, i3 7, i8 %buf_48_reload_read, i8 0, i3 %trunc_ln109" [main.cpp:114]   --->   Operation 32 'sparsemux' 'x' <Predicate = (!icmp_ln109)> <Delay = 1.83> <CoreInst = "BinarySparseMux_DontCare">   --->   Core 137 'BinarySparseMux_DontCare' <Latency = 0> <II = 1> <Delay = 1.83> <FuncUnit> <Opcode : 'sparsemux'> <InPorts = 2> <OutPorts = 1>
ST_1 : Operation 33 [1/1] (0.00ns)   --->   "%sext_ln115 = sext i8 %x" [main.cpp:115]   --->   Operation 33 'sext' 'sext_ln115' <Predicate = (!icmp_ln109)> <Delay = 0.00>
ST_1 : Operation 34 [1/1] (1.63ns)   --->   "%diff = sub i9 %sext_ln115, i9 %sext_ln100_cast" [main.cpp:115]   --->   Operation 34 'sub' 'diff' <Predicate = (!icmp_ln109)> <Delay = 1.63> <CoreInst = "Adder">   --->   Core 1 'Adder' <Latency = 0> <II = 1> <Delay = 1.63> <FuncUnit> <Opcode : 'add' 'sub'> <InPorts = 2> <OutPorts = 1>
ST_1 : Operation 35 [1/1] (0.00ns)   --->   "%tmp = partselect i7 @_ssdm_op_PartSelect.i7.i9.i32.i32, i9 %diff, i32 2, i32 8" [main.cpp:118]   --->   Operation 35 'partselect' 'tmp' <Predicate = (!icmp_ln109)> <Delay = 0.00>
ST_1 : Operation 36 [1/1] (1.83ns)   --->   "%x_2 = sparsemux i8 @_ssdm_op_SparseMux.ap_auto.8i8.i8.i3, i3 0, i8 %buf_35_reload_read, i3 1, i8 %buf_37_reload_read, i3 2, i8 %buf_39_reload_read, i3 3, i8 %buf_41_reload_read, i3 4, i8 %buf_43_reload_read, i3 5, i8 %buf_45_reload_read, i3 6, i8 %buf_47_reload_read, i3 7, i8 %buf_49_reload_read, i8 0, i3 %trunc_ln109" [main.cpp:114]   --->   Operation 36 'sparsemux' 'x_2' <Predicate = (!icmp_ln109)> <Delay = 1.83> <CoreInst = "BinarySparseMux_DontCare">   --->   Core 137 'BinarySparseMux_DontCare' <Latency = 0> <II = 1> <Delay = 1.83> <FuncUnit> <Opcode : 'sparsemux'> <InPorts = 2> <OutPorts = 1>
ST_1 : Operation 37 [1/1] (0.00ns)   --->   "%sext_ln115_1 = sext i8 %x_2" [main.cpp:115]   --->   Operation 37 'sext' 'sext_ln115_1' <Predicate = (!icmp_ln109)> <Delay = 0.00>
ST_1 : Operation 38 [1/1] (1.63ns)   --->   "%diff_60 = sub i9 %sext_ln115_1, i9 %sext_ln100_cast" [main.cpp:115]   --->   Operation 38 'sub' 'diff_60' <Predicate = (!icmp_ln109)> <Delay = 1.63> <CoreInst = "Adder">   --->   Core 1 'Adder' <Latency = 0> <II = 1> <Delay = 1.63> <FuncUnit> <Opcode : 'add' 'sub'> <InPorts = 2> <OutPorts = 1>
ST_1 : Operation 39 [1/1] (0.00ns)   --->   "%tmp_2 = partselect i7 @_ssdm_op_PartSelect.i7.i9.i32.i32, i9 %diff_60, i32 2, i32 8" [main.cpp:118]   --->   Operation 39 'partselect' 'tmp_2' <Predicate = (!icmp_ln109)> <Delay = 0.00>
ST_1 : Operation 40 [1/1] (1.29ns)   --->   "%store_ln109 = store i4 %add_ln109, i4 %i_3" [main.cpp:109]   --->   Operation 40 'store' 'store_ln109' <Predicate = (!icmp_ln109)> <Delay = 1.29>
ST_1 : Operation 49 [1/1] (1.29ns)   --->   "%ret_ln0 = ret"   --->   Operation 49 'ret' 'ret_ln0' <Predicate = (icmp_ln109)> <Delay = 1.29>

State 2 <SV = 1> <Delay = 3.47>
ST_2 : Operation 41 [1/1] (0.00ns)   --->   "%specpipeline_ln110 = specpipeline void @_ssdm_op_SpecPipeline, i32 1, i32 0, i32 0, i32 0, i32 4294967295, void @empty_9" [main.cpp:110]   --->   Operation 41 'specpipeline' 'specpipeline_ln110' <Predicate = true> <Delay = 0.00>
ST_2 : Operation 42 [1/1] (0.00ns)   --->   "%speclooptripcount_ln109 = speclooptripcount void @_ssdm_op_SpecLoopTripCount, i64 8, i64 8, i64 8" [main.cpp:109]   --->   Operation 42 'speclooptripcount' 'speclooptripcount_ln109' <Predicate = true> <Delay = 0.00>
ST_2 : Operation 43 [1/1] (0.00ns)   --->   "%specloopname_ln109 = specloopname void @_ssdm_op_SpecLoopName, void @empty_6" [main.cpp:109]   --->   Operation 43 'specloopname' 'specloopname_ln109' <Predicate = true> <Delay = 0.00>
ST_2 : Operation 44 [1/1] (0.00ns)   --->   "%elems = sext i7 %tmp" [main.cpp:118]   --->   Operation 44 'sext' 'elems' <Predicate = true> <Delay = 0.00>
ST_2 : Operation 45 [1/1] (0.00ns)   --->   "%tmp_3 = bitconcatenate i15 @_ssdm_op_BitConcatenate.i15.i7.i8, i7 %tmp_2, i8 %elems" [main.cpp:41->main.cpp:120]   --->   Operation 45 'bitconcatenate' 'tmp_3' <Predicate = true> <Delay = 0.00>
ST_2 : Operation 46 [1/1] (0.00ns)   --->   "%b = sext i15 %tmp_3" [main.cpp:41->main.cpp:120]   --->   Operation 46 'sext' 'b' <Predicate = true> <Delay = 0.00>
ST_2 : Operation 47 [1/1] ( I:3.47ns O:3.47ns )   --->   "%write_ln120 = write void @_ssdm_op_Write.ap_fifo.volatile.i16P0A, i16 %s_norm2_out, i16 %b" [main.cpp:120]   --->   Operation 47 'write' 'write_ln120' <Predicate = true> <Delay = 3.47> <CoreInst = "FIFO_SRL">   --->   Core 80 'FIFO_SRL' <Latency = 0> <II = 1> <Delay = 3.47> <Storage> <Opcode : 'read' 'write' 'nbread' 'nbwrite'> <Ports = 0> <Width = 16> <Depth = 2> <FIFO>
ST_2 : Operation 48 [1/1] (0.00ns)   --->   "%br_ln109 = br void %VITIS_LOOP_112_4" [main.cpp:109]   --->   Operation 48 'br' 'br_ln109' <Predicate = true> <Delay = 0.00>


============================================================
+ Verbose Summary: Timing violations
============================================================
Target clock period: 10.000ns, clock uncertainty: 1.000ns.

 <State 1>: 4.761ns
The critical path consists of the following:
	'store' operation ('store_ln109', main.cpp:109) of constant 0 4 bit on local variable 'i', main.cpp:109 [39]  (1.294 ns)
	'load' operation 4 bit ('i', main.cpp:109) on local variable 'i', main.cpp:109 [42]  (0.000 ns)
	'sparsemux' operation 8 bit ('x', main.cpp:114) [51]  (1.831 ns)
	'sub' operation 9 bit ('diff', main.cpp:115) [53]  (1.636 ns)

 <State 2>: 3.475ns
The critical path consists of the following:
	fifo write operation ('write_ln120', main.cpp:120) on port 's_norm2_out' (main.cpp:120) [62]  (3.475 ns)


============================================================
+ Verbose Summary: Binding
============================================================
N/A
* FSMD analyzer results:
  - Output states:
 - Input state : 
  - Chain level:
	State 1
	State 2


============================================================
+ Verbose Summary: Datapath Resource usage 
============================================================
N/A
