

================================================================
== Vitis HLS Report for 'stateful_softmax_Pipeline_VITIS_LOOP_188_1'
================================================================
* Date:           Fri May  1 14:54:07 2026

* Version:        2025.2 (Build 6295257 on Nov 14 2025)
* Project:        hls_component
* Solution:       hls (Vivado IP Flow Target)
* Product family: spartan7
* Target device:  xc7s50-csga324-2


================================================================
== Performance Estimates
================================================================
+ Timing: 
    * Summary: 
    +--------+----------+----------+------------+
    |  Clock |  Target  | Estimated| Uncertainty|
    +--------+----------+----------+------------+
    |ap_clk  |  10.00 ns|  6.548 ns|     1.00 ns|
    +--------+----------+----------+------------+

+ Latency: 
    * Summary: 
    +---------+---------+----------+----------+-----+-----+-------------------+
    |  Latency (cycles) |  Latency (absolute) |  Interval |      Pipeline     |
    |   min   |   max   |    min   |    max   | min | max |        Type       |
    +---------+---------+----------+----------+-----+-----+-------------------+
    |       11|       11|  0.110 us|  0.110 us|    0|    0|  loop pipeline stp|
    +---------+---------+----------+----------+-----+-----+-------------------+

    + Detail: 
        * Instance: 
        N/A

        * Loop: 
        +--------------------+---------+---------+----------+-----------+-----------+------+----------+
        |                    |  Latency (cycles) | Iteration|  Initiation Interval  | Trip |          |
        |      Loop Name     |   min   |   max   |  Latency |  achieved |   target  | Count| Pipelined|
        +--------------------+---------+---------+----------+-----------+-----------+------+----------+
        |- VITIS_LOOP_188_1  |        9|        9|         3|          1|          1|     8|       yes|
        +--------------------+---------+---------+----------+-----------+-----------+------+----------+

============================================================
+ Verbose Summary: Synthesis Manager
============================================================
InlineROM: 1
ExposeGlobal: 0
============================================================
+ Verbose Summary: CDFG Model
============================================================
IsTopModel: 0
ResetActiveHigh: 1
IsCombinational: 0
IsDatapathOnly: 0
HasWiredReturn: 1
HasMFsm: 2
HasVarLatency: 1
IsPipeline: 0
IsRtlPipelined: 0
IsInstanceOverlapped: 0
IsDontTouch: 0
HasImplIP: 0
IsGatedGlobalClock: 0

+ Individual pipeline summary: 
  * Pipeline-0: initiation interval (II) = 1, depth = 3


============================================================
+ Verbose Summary: Schedule
============================================================
* Number of FSM states : 3
* Pipeline : 1
  Pipeline-0 : II = 1, D = 3, States = { 1 2 3 }
* Dataflow Pipeline: 0

* FSM state transitions: 
1 --> 2 
2 --> 3 
3 --> 

* FSM state operations: 

State 1 <SV = 0> <Delay = 4.15>
ST_1 : Operation 6 [1/1] (0.00ns)   --->   "%max_val = alloca i32 1" [main.cpp:187]   --->   Operation 6 'alloca' 'max_val' <Predicate = true> <Delay = 0.00>
ST_1 : Operation 7 [1/1] (0.00ns)   --->   "%i = alloca i32 1" [main.cpp:188]   --->   Operation 7 'alloca' 'i' <Predicate = true> <Delay = 0.00>
ST_1 : Operation 8 [1/1] (0.00ns)   --->   "%empty = alloca i32 1"   --->   Operation 8 'alloca' 'empty' <Predicate = true> <Delay = 0.00>
ST_1 : Operation 9 [1/1] (0.00ns)   --->   "%empty_46 = alloca i32 1"   --->   Operation 9 'alloca' 'empty_46' <Predicate = true> <Delay = 0.00>
ST_1 : Operation 10 [1/1] (0.00ns)   --->   "%empty_47 = alloca i32 1"   --->   Operation 10 'alloca' 'empty_47' <Predicate = true> <Delay = 0.00>
ST_1 : Operation 11 [1/1] (0.00ns)   --->   "%empty_48 = alloca i32 1"   --->   Operation 11 'alloca' 'empty_48' <Predicate = true> <Delay = 0.00>
ST_1 : Operation 12 [1/1] (0.00ns)   --->   "%empty_49 = alloca i32 1"   --->   Operation 12 'alloca' 'empty_49' <Predicate = true> <Delay = 0.00>
ST_1 : Operation 13 [1/1] (0.00ns)   --->   "%empty_50 = alloca i32 1"   --->   Operation 13 'alloca' 'empty_50' <Predicate = true> <Delay = 0.00>
ST_1 : Operation 14 [1/1] (0.00ns)   --->   "%empty_51 = alloca i32 1"   --->   Operation 14 'alloca' 'empty_51' <Predicate = true> <Delay = 0.00>
ST_1 : Operation 15 [1/1] (0.00ns)   --->   "%empty_52 = alloca i32 1"   --->   Operation 15 'alloca' 'empty_52' <Predicate = true> <Delay = 0.00>
ST_1 : Operation 16 [1/1] (0.00ns)   --->   "%empty_53 = alloca i32 1"   --->   Operation 16 'alloca' 'empty_53' <Predicate = true> <Delay = 0.00>
ST_1 : Operation 17 [1/1] (0.00ns)   --->   "%empty_54 = alloca i32 1"   --->   Operation 17 'alloca' 'empty_54' <Predicate = true> <Delay = 0.00>
ST_1 : Operation 18 [1/1] (0.00ns)   --->   "%empty_55 = alloca i32 1"   --->   Operation 18 'alloca' 'empty_55' <Predicate = true> <Delay = 0.00>
ST_1 : Operation 19 [1/1] (0.00ns)   --->   "%empty_56 = alloca i32 1"   --->   Operation 19 'alloca' 'empty_56' <Predicate = true> <Delay = 0.00>
ST_1 : Operation 20 [1/1] (0.00ns)   --->   "%empty_57 = alloca i32 1"   --->   Operation 20 'alloca' 'empty_57' <Predicate = true> <Delay = 0.00>
ST_1 : Operation 21 [1/1] (0.00ns)   --->   "%empty_58 = alloca i32 1"   --->   Operation 21 'alloca' 'empty_58' <Predicate = true> <Delay = 0.00>
ST_1 : Operation 22 [1/1] (0.00ns)   --->   "%empty_59 = alloca i32 1"   --->   Operation 22 'alloca' 'empty_59' <Predicate = true> <Delay = 0.00>
ST_1 : Operation 23 [1/1] (0.00ns)   --->   "%empty_60 = alloca i32 1"   --->   Operation 23 'alloca' 'empty_60' <Predicate = true> <Delay = 0.00>
ST_1 : Operation 24 [1/1] (0.00ns)   --->   "%specinterface_ln0 = specinterface void @_ssdm_op_SpecInterface, i16 %s_gemm1_out, void @empty_7, i32 0, i32 0, void @empty_9, i32 0, i32 0, void @empty_9, void @empty_9, void @empty_9, i32 0, i32 0, i32 0, i32 0, void @empty_9, void @empty_9, i32 4294967295, i32 0, i32 0, i32 0"   --->   Operation 24 'specinterface' 'specinterface_ln0' <Predicate = true> <Delay = 0.00>
ST_1 : Operation 25 [1/1] (1.29ns)   --->   "%store_ln188 = store i4 0, i4 %i" [main.cpp:188]   --->   Operation 25 'store' 'store_ln188' <Predicate = true> <Delay = 1.29>
ST_1 : Operation 26 [1/1] (1.29ns)   --->   "%store_ln187 = store i8 128, i8 %max_val" [main.cpp:187]   --->   Operation 26 'store' 'store_ln187' <Predicate = true> <Delay = 1.29>
ST_1 : Operation 27 [1/1] (0.00ns)   --->   "%br_ln188 = br void %for.body" [main.cpp:188]   --->   Operation 27 'br' 'br_ln188' <Predicate = true> <Delay = 0.00>
ST_1 : Operation 28 [1/1] (0.00ns)   --->   "%i_2 = load i4 %i" [main.cpp:188]   --->   Operation 28 'load' 'i_2' <Predicate = true> <Delay = 0.00>
ST_1 : Operation 29 [1/1] (1.56ns)   --->   "%icmp_ln188 = icmp_eq  i4 %i_2, i4 8" [main.cpp:188]   --->   Operation 29 'icmp' 'icmp_ln188' <Predicate = true> <Delay = 1.56> <CoreInst = "Cmp">   --->   Core 9 'Cmp' <Latency = 0> <II = 1> <Delay = 1.56> <FuncUnit> <Opcode : 'seteq' 'setne' 'setle' 'setge' 'setlt' 'setgt'> <InPorts = 2> <OutPorts = 1>
ST_1 : Operation 30 [1/1] (1.56ns)   --->   "%add_ln188 = add i4 %i_2, i4 1" [main.cpp:188]   --->   Operation 30 'add' 'add_ln188' <Predicate = true> <Delay = 1.56> <CoreInst = "Adder">   --->   Core 1 'Adder' <Latency = 0> <II = 1> <Delay = 1.56> <FuncUnit> <Opcode : 'add' 'sub'> <InPorts = 2> <OutPorts = 1>
ST_1 : Operation 31 [1/1] (0.00ns)   --->   "%br_ln188 = br i1 %icmp_ln188, void %for.body.split, void %for.end11.exitStub" [main.cpp:188]   --->   Operation 31 'br' 'br_ln188' <Predicate = true> <Delay = 0.00>
ST_1 : Operation 32 [1/1] (0.00ns)   --->   "%trunc_ln188 = trunc i4 %i_2" [main.cpp:188]   --->   Operation 32 'trunc' 'trunc_ln188' <Predicate = (!icmp_ln188)> <Delay = 0.00>
ST_1 : Operation 33 [1/1] (1.45ns)   --->   "%switch_ln196 = switch i3 %trunc_ln188, void %arrayidx6.1.case.15, i3 0, void %for.body.split.arrayidx6.1.exit_crit_edge, i3 1, void %arrayidx6.1.case.3, i3 2, void %arrayidx6.1.case.5, i3 3, void %arrayidx6.1.case.7, i3 4, void %arrayidx6.1.case.9, i3 5, void %arrayidx6.1.case.11, i3 6, void %arrayidx6.1.case.13" [main.cpp:196]   --->   Operation 33 'switch' 'switch_ln196' <Predicate = (!icmp_ln188)> <Delay = 1.45>
ST_1 : Operation 34 [1/1] (1.29ns)   --->   "%store_ln188 = store i4 %add_ln188, i4 %i" [main.cpp:188]   --->   Operation 34 'store' 'store_ln188' <Predicate = (!icmp_ln188)> <Delay = 1.29>

State 2 <SV = 1> <Delay = 3.47>
ST_2 : Operation 35 [1/1] ( I:3.47ns O:3.47ns )   --->   "%b = read i16 @_ssdm_op_Read.ap_fifo.volatile.i16P0A, i16 %s_gemm1_out" [main.cpp:190]   --->   Operation 35 'read' 'b' <Predicate = true> <Delay = 3.47> <CoreInst = "FIFO_SRL">   --->   Core 80 'FIFO_SRL' <Latency = 0> <II = 1> <Delay = 3.47> <Storage> <Opcode : 'read' 'write' 'nbread' 'nbwrite'> <Ports = 0> <Width = 16> <Depth = 2> <FIFO>
ST_2 : Operation 36 [1/1] (0.00ns)   --->   "%elems = trunc i16 %b" [main.cpp:31->main.cpp:192]   --->   Operation 36 'trunc' 'elems' <Predicate = true> <Delay = 0.00>
ST_2 : Operation 37 [1/1] (0.00ns)   --->   "%elems_4 = partselect i8 @_ssdm_op_PartSelect.i8.i16.i32.i32, i16 %b, i32 8, i32 15" [main.cpp:31->main.cpp:192]   --->   Operation 37 'partselect' 'elems_4' <Predicate = true> <Delay = 0.00>
ST_2 : Operation 38 [1/1] (0.00ns)   --->   "%store_ln31 = store i8 %elems_4, i8 %empty_58" [main.cpp:31->main.cpp:192]   --->   Operation 38 'store' 'store_ln31' <Predicate = (trunc_ln188 == 6)> <Delay = 0.00>
ST_2 : Operation 39 [1/1] (0.00ns)   --->   "%store_ln31 = store i8 %elems, i8 %empty_57" [main.cpp:31->main.cpp:192]   --->   Operation 39 'store' 'store_ln31' <Predicate = (trunc_ln188 == 6)> <Delay = 0.00>
ST_2 : Operation 40 [1/1] (0.00ns)   --->   "%br_ln196 = br void %arrayidx6.1.exit" [main.cpp:196]   --->   Operation 40 'br' 'br_ln196' <Predicate = (trunc_ln188 == 6)> <Delay = 0.00>
ST_2 : Operation 41 [1/1] (0.00ns)   --->   "%store_ln31 = store i8 %elems_4, i8 %empty_56" [main.cpp:31->main.cpp:192]   --->   Operation 41 'store' 'store_ln31' <Predicate = (trunc_ln188 == 5)> <Delay = 0.00>
ST_2 : Operation 42 [1/1] (0.00ns)   --->   "%store_ln31 = store i8 %elems, i8 %empty_55" [main.cpp:31->main.cpp:192]   --->   Operation 42 'store' 'store_ln31' <Predicate = (trunc_ln188 == 5)> <Delay = 0.00>
ST_2 : Operation 43 [1/1] (0.00ns)   --->   "%br_ln196 = br void %arrayidx6.1.exit" [main.cpp:196]   --->   Operation 43 'br' 'br_ln196' <Predicate = (trunc_ln188 == 5)> <Delay = 0.00>
ST_2 : Operation 44 [1/1] (0.00ns)   --->   "%store_ln31 = store i8 %elems_4, i8 %empty_54" [main.cpp:31->main.cpp:192]   --->   Operation 44 'store' 'store_ln31' <Predicate = (trunc_ln188 == 4)> <Delay = 0.00>
ST_2 : Operation 45 [1/1] (0.00ns)   --->   "%store_ln31 = store i8 %elems, i8 %empty_53" [main.cpp:31->main.cpp:192]   --->   Operation 45 'store' 'store_ln31' <Predicate = (trunc_ln188 == 4)> <Delay = 0.00>
ST_2 : Operation 46 [1/1] (0.00ns)   --->   "%br_ln196 = br void %arrayidx6.1.exit" [main.cpp:196]   --->   Operation 46 'br' 'br_ln196' <Predicate = (trunc_ln188 == 4)> <Delay = 0.00>
ST_2 : Operation 47 [1/1] (0.00ns)   --->   "%store_ln31 = store i8 %elems_4, i8 %empty_52" [main.cpp:31->main.cpp:192]   --->   Operation 47 'store' 'store_ln31' <Predicate = (trunc_ln188 == 3)> <Delay = 0.00>
ST_2 : Operation 48 [1/1] (0.00ns)   --->   "%store_ln31 = store i8 %elems, i8 %empty_51" [main.cpp:31->main.cpp:192]   --->   Operation 48 'store' 'store_ln31' <Predicate = (trunc_ln188 == 3)> <Delay = 0.00>
ST_2 : Operation 49 [1/1] (0.00ns)   --->   "%br_ln196 = br void %arrayidx6.1.exit" [main.cpp:196]   --->   Operation 49 'br' 'br_ln196' <Predicate = (trunc_ln188 == 3)> <Delay = 0.00>
ST_2 : Operation 50 [1/1] (0.00ns)   --->   "%store_ln31 = store i8 %elems_4, i8 %empty_50" [main.cpp:31->main.cpp:192]   --->   Operation 50 'store' 'store_ln31' <Predicate = (trunc_ln188 == 2)> <Delay = 0.00>
ST_2 : Operation 51 [1/1] (0.00ns)   --->   "%store_ln31 = store i8 %elems, i8 %empty_49" [main.cpp:31->main.cpp:192]   --->   Operation 51 'store' 'store_ln31' <Predicate = (trunc_ln188 == 2)> <Delay = 0.00>
ST_2 : Operation 52 [1/1] (0.00ns)   --->   "%br_ln196 = br void %arrayidx6.1.exit" [main.cpp:196]   --->   Operation 52 'br' 'br_ln196' <Predicate = (trunc_ln188 == 2)> <Delay = 0.00>
ST_2 : Operation 53 [1/1] (0.00ns)   --->   "%store_ln31 = store i8 %elems_4, i8 %empty_48" [main.cpp:31->main.cpp:192]   --->   Operation 53 'store' 'store_ln31' <Predicate = (trunc_ln188 == 1)> <Delay = 0.00>
ST_2 : Operation 54 [1/1] (0.00ns)   --->   "%store_ln31 = store i8 %elems, i8 %empty_47" [main.cpp:31->main.cpp:192]   --->   Operation 54 'store' 'store_ln31' <Predicate = (trunc_ln188 == 1)> <Delay = 0.00>
ST_2 : Operation 55 [1/1] (0.00ns)   --->   "%br_ln196 = br void %arrayidx6.1.exit" [main.cpp:196]   --->   Operation 55 'br' 'br_ln196' <Predicate = (trunc_ln188 == 1)> <Delay = 0.00>
ST_2 : Operation 56 [1/1] (0.00ns)   --->   "%store_ln31 = store i8 %elems_4, i8 %empty_46" [main.cpp:31->main.cpp:192]   --->   Operation 56 'store' 'store_ln31' <Predicate = (trunc_ln188 == 0)> <Delay = 0.00>
ST_2 : Operation 57 [1/1] (0.00ns)   --->   "%store_ln31 = store i8 %elems, i8 %empty" [main.cpp:31->main.cpp:192]   --->   Operation 57 'store' 'store_ln31' <Predicate = (trunc_ln188 == 0)> <Delay = 0.00>
ST_2 : Operation 58 [1/1] (0.00ns)   --->   "%br_ln196 = br void %arrayidx6.1.exit" [main.cpp:196]   --->   Operation 58 'br' 'br_ln196' <Predicate = (trunc_ln188 == 0)> <Delay = 0.00>
ST_2 : Operation 59 [1/1] (0.00ns)   --->   "%store_ln31 = store i8 %elems_4, i8 %empty_60" [main.cpp:31->main.cpp:192]   --->   Operation 59 'store' 'store_ln31' <Predicate = (trunc_ln188 == 7)> <Delay = 0.00>
ST_2 : Operation 60 [1/1] (0.00ns)   --->   "%store_ln31 = store i8 %elems, i8 %empty_59" [main.cpp:31->main.cpp:192]   --->   Operation 60 'store' 'store_ln31' <Predicate = (trunc_ln188 == 7)> <Delay = 0.00>
ST_2 : Operation 61 [1/1] (0.00ns)   --->   "%br_ln196 = br void %arrayidx6.1.exit" [main.cpp:196]   --->   Operation 61 'br' 'br_ln196' <Predicate = (trunc_ln188 == 7)> <Delay = 0.00>
ST_2 : Operation 72 [1/1] (0.00ns)   --->   "%max_val_load = load i8 %max_val"   --->   Operation 72 'load' 'max_val_load' <Predicate = (icmp_ln188)> <Delay = 0.00>
ST_2 : Operation 73 [1/1] (0.00ns)   --->   "%p_load32 = load i8 %empty"   --->   Operation 73 'load' 'p_load32' <Predicate = (icmp_ln188)> <Delay = 0.00>
ST_2 : Operation 74 [1/1] (0.00ns)   --->   "%p_load31 = load i8 %empty_46"   --->   Operation 74 'load' 'p_load31' <Predicate = (icmp_ln188)> <Delay = 0.00>
ST_2 : Operation 75 [1/1] (0.00ns)   --->   "%p_load30 = load i8 %empty_47"   --->   Operation 75 'load' 'p_load30' <Predicate = (icmp_ln188)> <Delay = 0.00>
ST_2 : Operation 76 [1/1] (0.00ns)   --->   "%p_load29 = load i8 %empty_48"   --->   Operation 76 'load' 'p_load29' <Predicate = (icmp_ln188)> <Delay = 0.00>
ST_2 : Operation 77 [1/1] (0.00ns)   --->   "%p_load28 = load i8 %empty_49"   --->   Operation 77 'load' 'p_load28' <Predicate = (icmp_ln188)> <Delay = 0.00>
ST_2 : Operation 78 [1/1] (0.00ns)   --->   "%p_load27 = load i8 %empty_50"   --->   Operation 78 'load' 'p_load27' <Predicate = (icmp_ln188)> <Delay = 0.00>
ST_2 : Operation 79 [1/1] (0.00ns)   --->   "%p_load26 = load i8 %empty_51"   --->   Operation 79 'load' 'p_load26' <Predicate = (icmp_ln188)> <Delay = 0.00>
ST_2 : Operation 80 [1/1] (0.00ns)   --->   "%p_load25 = load i8 %empty_52"   --->   Operation 80 'load' 'p_load25' <Predicate = (icmp_ln188)> <Delay = 0.00>
ST_2 : Operation 81 [1/1] (0.00ns)   --->   "%p_load24 = load i8 %empty_53"   --->   Operation 81 'load' 'p_load24' <Predicate = (icmp_ln188)> <Delay = 0.00>
ST_2 : Operation 82 [1/1] (0.00ns)   --->   "%p_load23 = load i8 %empty_54"   --->   Operation 82 'load' 'p_load23' <Predicate = (icmp_ln188)> <Delay = 0.00>
ST_2 : Operation 83 [1/1] (0.00ns)   --->   "%p_load22 = load i8 %empty_55"   --->   Operation 83 'load' 'p_load22' <Predicate = (icmp_ln188)> <Delay = 0.00>
ST_2 : Operation 84 [1/1] (0.00ns)   --->   "%p_load21 = load i8 %empty_56"   --->   Operation 84 'load' 'p_load21' <Predicate = (icmp_ln188)> <Delay = 0.00>
ST_2 : Operation 85 [1/1] (0.00ns)   --->   "%p_load20 = load i8 %empty_57"   --->   Operation 85 'load' 'p_load20' <Predicate = (icmp_ln188)> <Delay = 0.00>
ST_2 : Operation 86 [1/1] (0.00ns)   --->   "%p_load19 = load i8 %empty_58"   --->   Operation 86 'load' 'p_load19' <Predicate = (icmp_ln188)> <Delay = 0.00>
ST_2 : Operation 87 [1/1] (0.00ns)   --->   "%p_load18 = load i8 %empty_59"   --->   Operation 87 'load' 'p_load18' <Predicate = (icmp_ln188)> <Delay = 0.00>
ST_2 : Operation 88 [1/1] (0.00ns)   --->   "%p_load = load i8 %empty_60"   --->   Operation 88 'load' 'p_load' <Predicate = (icmp_ln188)> <Delay = 0.00>
ST_2 : Operation 89 [1/1] (0.00ns)   --->   "%write_ln0 = write void @_ssdm_op_Write.ap_auto.i8P0A, i8 %p_out, i8 %p_load"   --->   Operation 89 'write' 'write_ln0' <Predicate = (icmp_ln188)> <Delay = 0.00>
ST_2 : Operation 90 [1/1] (0.00ns)   --->   "%write_ln0 = write void @_ssdm_op_Write.ap_auto.i8P0A, i8 %p_out1, i8 %p_load18"   --->   Operation 90 'write' 'write_ln0' <Predicate = (icmp_ln188)> <Delay = 0.00>
ST_2 : Operation 91 [1/1] (0.00ns)   --->   "%write_ln0 = write void @_ssdm_op_Write.ap_auto.i8P0A, i8 %p_out2, i8 %p_load19"   --->   Operation 91 'write' 'write_ln0' <Predicate = (icmp_ln188)> <Delay = 0.00>
ST_2 : Operation 92 [1/1] (0.00ns)   --->   "%write_ln0 = write void @_ssdm_op_Write.ap_auto.i8P0A, i8 %p_out3, i8 %p_load20"   --->   Operation 92 'write' 'write_ln0' <Predicate = (icmp_ln188)> <Delay = 0.00>
ST_2 : Operation 93 [1/1] (0.00ns)   --->   "%write_ln0 = write void @_ssdm_op_Write.ap_auto.i8P0A, i8 %p_out4, i8 %p_load21"   --->   Operation 93 'write' 'write_ln0' <Predicate = (icmp_ln188)> <Delay = 0.00>
ST_2 : Operation 94 [1/1] (0.00ns)   --->   "%write_ln0 = write void @_ssdm_op_Write.ap_auto.i8P0A, i8 %p_out5, i8 %p_load22"   --->   Operation 94 'write' 'write_ln0' <Predicate = (icmp_ln188)> <Delay = 0.00>
ST_2 : Operation 95 [1/1] (0.00ns)   --->   "%write_ln0 = write void @_ssdm_op_Write.ap_auto.i8P0A, i8 %p_out6, i8 %p_load23"   --->   Operation 95 'write' 'write_ln0' <Predicate = (icmp_ln188)> <Delay = 0.00>
ST_2 : Operation 96 [1/1] (0.00ns)   --->   "%write_ln0 = write void @_ssdm_op_Write.ap_auto.i8P0A, i8 %p_out7, i8 %p_load24"   --->   Operation 96 'write' 'write_ln0' <Predicate = (icmp_ln188)> <Delay = 0.00>
ST_2 : Operation 97 [1/1] (0.00ns)   --->   "%write_ln0 = write void @_ssdm_op_Write.ap_auto.i8P0A, i8 %p_out8, i8 %p_load25"   --->   Operation 97 'write' 'write_ln0' <Predicate = (icmp_ln188)> <Delay = 0.00>
ST_2 : Operation 98 [1/1] (0.00ns)   --->   "%write_ln0 = write void @_ssdm_op_Write.ap_auto.i8P0A, i8 %p_out9, i8 %p_load26"   --->   Operation 98 'write' 'write_ln0' <Predicate = (icmp_ln188)> <Delay = 0.00>
ST_2 : Operation 99 [1/1] (0.00ns)   --->   "%write_ln0 = write void @_ssdm_op_Write.ap_auto.i8P0A, i8 %p_out10, i8 %p_load27"   --->   Operation 99 'write' 'write_ln0' <Predicate = (icmp_ln188)> <Delay = 0.00>
ST_2 : Operation 100 [1/1] (0.00ns)   --->   "%write_ln0 = write void @_ssdm_op_Write.ap_auto.i8P0A, i8 %p_out11, i8 %p_load28"   --->   Operation 100 'write' 'write_ln0' <Predicate = (icmp_ln188)> <Delay = 0.00>
ST_2 : Operation 101 [1/1] (0.00ns)   --->   "%write_ln0 = write void @_ssdm_op_Write.ap_auto.i8P0A, i8 %p_out12, i8 %p_load29"   --->   Operation 101 'write' 'write_ln0' <Predicate = (icmp_ln188)> <Delay = 0.00>
ST_2 : Operation 102 [1/1] (0.00ns)   --->   "%write_ln0 = write void @_ssdm_op_Write.ap_auto.i8P0A, i8 %p_out13, i8 %p_load30"   --->   Operation 102 'write' 'write_ln0' <Predicate = (icmp_ln188)> <Delay = 0.00>
ST_2 : Operation 103 [1/1] (0.00ns)   --->   "%write_ln0 = write void @_ssdm_op_Write.ap_auto.i8P0A, i8 %p_out14, i8 %p_load31"   --->   Operation 103 'write' 'write_ln0' <Predicate = (icmp_ln188)> <Delay = 0.00>
ST_2 : Operation 104 [1/1] (0.00ns)   --->   "%write_ln0 = write void @_ssdm_op_Write.ap_auto.i8P0A, i8 %p_out15, i8 %p_load32"   --->   Operation 104 'write' 'write_ln0' <Predicate = (icmp_ln188)> <Delay = 0.00>
ST_2 : Operation 105 [1/1] (0.00ns)   --->   "%write_ln0 = write void @_ssdm_op_Write.ap_auto.i8P0A, i8 %max_val_out, i8 %max_val_load"   --->   Operation 105 'write' 'write_ln0' <Predicate = (icmp_ln188)> <Delay = 0.00>
ST_2 : Operation 106 [1/1] (1.29ns)   --->   "%ret_ln0 = ret"   --->   Operation 106 'ret' 'ret_ln0' <Predicate = (icmp_ln188)> <Delay = 1.29>

State 3 <SV = 2> <Delay = 6.54>
ST_3 : Operation 62 [1/1] (0.00ns)   --->   "%max_val_load_1 = load i8 %max_val" [main.cpp:197]   --->   Operation 62 'load' 'max_val_load_1' <Predicate = true> <Delay = 0.00>
ST_3 : Operation 63 [1/1] (0.00ns)   --->   "%specpipeline_ln189 = specpipeline void @_ssdm_op_SpecPipeline, i32 1, i32 0, i32 0, i32 0, i32 4294967295, void @empty_9" [main.cpp:189]   --->   Operation 63 'specpipeline' 'specpipeline_ln189' <Predicate = true> <Delay = 0.00>
ST_3 : Operation 64 [1/1] (0.00ns)   --->   "%speclooptripcount_ln188 = speclooptripcount void @_ssdm_op_SpecLoopTripCount, i64 8, i64 8, i64 8" [main.cpp:188]   --->   Operation 64 'speclooptripcount' 'speclooptripcount_ln188' <Predicate = true> <Delay = 0.00>
ST_3 : Operation 65 [1/1] (0.00ns)   --->   "%specloopname_ln188 = specloopname void @_ssdm_op_SpecLoopName, void @empty_0" [main.cpp:188]   --->   Operation 65 'specloopname' 'specloopname_ln188' <Predicate = true> <Delay = 0.00>
ST_3 : Operation 66 [1/1] (1.63ns)   --->   "%icmp_ln197 = icmp_sgt  i8 %elems, i8 %max_val_load_1" [main.cpp:197]   --->   Operation 66 'icmp' 'icmp_ln197' <Predicate = true> <Delay = 1.63> <CoreInst = "Cmp">   --->   Core 9 'Cmp' <Latency = 0> <II = 1> <Delay = 1.63> <FuncUnit> <Opcode : 'seteq' 'setne' 'setle' 'setge' 'setlt' 'setgt'> <InPorts = 2> <OutPorts = 1>
ST_3 : Operation 67 [1/1] (0.99ns)   --->   "%max_val_2 = select i1 %icmp_ln197, i8 %elems, i8 %max_val_load_1" [main.cpp:197]   --->   Operation 67 'select' 'max_val_2' <Predicate = true> <Delay = 0.99> <CoreInst = "Sel">   --->   Core 73 'Sel' <Latency = 0> <II = 1> <Delay = 0.99> <FuncUnit> <Opcode : 'select'> <InPorts = 3> <OutPorts = 1>
ST_3 : Operation 68 [1/1] (1.63ns)   --->   "%icmp_ln197_1 = icmp_sgt  i8 %elems_4, i8 %max_val_2" [main.cpp:197]   --->   Operation 68 'icmp' 'icmp_ln197_1' <Predicate = true> <Delay = 1.63> <CoreInst = "Cmp">   --->   Core 9 'Cmp' <Latency = 0> <II = 1> <Delay = 1.63> <FuncUnit> <Opcode : 'seteq' 'setne' 'setle' 'setge' 'setlt' 'setgt'> <InPorts = 2> <OutPorts = 1>
ST_3 : Operation 69 [1/1] (0.99ns)   --->   "%max_val_3 = select i1 %icmp_ln197_1, i8 %elems_4, i8 %max_val_2" [main.cpp:197]   --->   Operation 69 'select' 'max_val_3' <Predicate = true> <Delay = 0.99> <CoreInst = "Sel">   --->   Core 73 'Sel' <Latency = 0> <II = 1> <Delay = 0.99> <FuncUnit> <Opcode : 'select'> <InPorts = 3> <OutPorts = 1>
ST_3 : Operation 70 [1/1] (1.29ns)   --->   "%store_ln187 = store i8 %max_val_3, i8 %max_val" [main.cpp:187]   --->   Operation 70 'store' 'store_ln187' <Predicate = true> <Delay = 1.29>
ST_3 : Operation 71 [1/1] (0.00ns)   --->   "%br_ln188 = br void %for.body" [main.cpp:188]   --->   Operation 71 'br' 'br_ln188' <Predicate = true> <Delay = 0.00>


============================================================
+ Verbose Summary: Timing violations
============================================================
Target clock period: 10.000ns, clock uncertainty: 1.000ns.

 <State 1>: 4.155ns
The critical path consists of the following:
	'store' operation ('store_ln188', main.cpp:188) of constant 0 4 bit on local variable 'i', main.cpp:188 [38]  (1.294 ns)
	'load' operation 4 bit ('i', main.cpp:188) on local variable 'i', main.cpp:188 [42]  (0.000 ns)
	'icmp' operation 1 bit ('icmp_ln188', main.cpp:188) [43]  (1.567 ns)
	'store' operation ('store_ln188', main.cpp:188) of variable 'add_ln188', main.cpp:188 4 bit on local variable 'i', main.cpp:188 [93]  (1.294 ns)

 <State 2>: 3.475ns
The critical path consists of the following:
	fifo read operation ('b', main.cpp:190) on port 's_gemm1_out' (main.cpp:190) [52]  (3.475 ns)
	'store' operation ('store_ln31', main.cpp:31->main.cpp:192) of variable 'elems', main.cpp:31->main.cpp:192 8 bit on local variable 'empty_58' [59]  (0.000 ns)

 <State 3>: 6.548ns
The critical path consists of the following:
	'load' operation 8 bit ('max_val_load_1', main.cpp:197) on local variable 'max_val', main.cpp:187 [47]  (0.000 ns)
	'icmp' operation 1 bit ('icmp_ln197', main.cpp:197) [55]  (1.636 ns)
	'select' operation 8 bit ('max_val', main.cpp:197) [56]  (0.991 ns)
	'icmp' operation 1 bit ('icmp_ln197_1', main.cpp:197) [91]  (1.636 ns)
	'select' operation 8 bit ('max_val', main.cpp:197) [92]  (0.991 ns)
	'store' operation ('store_ln187', main.cpp:187) of variable 'max_val', main.cpp:197 8 bit on local variable 'max_val', main.cpp:187 [94]  (1.294 ns)


============================================================
+ Verbose Summary: Binding
============================================================
N/A
* FSMD analyzer results:
  - Output states:
 - Input state : 
  - Chain level:
	State 1
	State 2
	State 3


============================================================
+ Verbose Summary: Datapath Resource usage 
============================================================
N/A
