# 
# Steps log generated by v++
# This log file contains a collection of steps that describe the kernel compilation flow
# Note: Some steps are tagged as internal, these steps are for debugging purposes and 
#       are not expected to be able to run independently.
# 

# The following environment variables are set when running v++
Environment variables :
------------------------------------------
SHELL=/usr/bin/fish
SESSION_MANAGER=local/lutet-7950x-linux:@/tmp/.ICE-unix/1813,unix/lutet-7950x-linux:/tmp/.ICE-unix/1813
QT_ACCESSIBILITY=1
XDG_CONFIG_DIRS=/home/lutet/.config/kdedefaults:/etc/xdg
XDG_SESSION_PATH=/org/freedesktop/DisplayManager/Session0
XDG_MENU_PREFIX=plasma-
RDI_APPROOT=/home/lutet/data3/amd_fpga_tools/2025.2/Vitis
RDI_JAVA_PLATFORM=
TK_LIBRARY=/home/lutet/data3/amd_fpga_tools/2025.2/Vitis/tps/tk/tk8.5
ICEAUTHORITY=/run/user/1000/iceauth_rdqjVM
LANGUAGE=en_US:en
FREETYPE_PROPERTIES=truetype:interpreter-version=35
XIL_SUPPRESS_OVERRIDE_WARNINGS=1
RDI_BINROOT=/home/lutet/data3/amd_fpga_tools/2025.2/Vitis/bin
LC_ADDRESS=en_US.UTF-8
XILINX_VIVADO=/home/lutet/data3/amd_fpga_tools/2025.2/Vivado
JAVA_HOME=/home/lutet/data3/amd_fpga_tools/2025.2/Vitis/tps/lnx64/jre21.0.5_11/
LC_NAME=en_US.UTF-8
SSH_AUTH_SOCK=/run/user/1000/gnupg/S.gpg-agent.ssh
RDI_INSTALLVERSION=2025.2
RDI_OPT_EXT=.o
RDI_INSTALLVER=Vitis
RDI_INSTALLROOT=/home/lutet/data3/amd_fpga_tools
THEIA_DEFAULT_PLUGINS=local-dir:/home/lutet/data3/amd_fpga_tools/2025.2/Vitis/ide/electron-app/lnx64/resources/app/plugins
MEMORY_PRESSURE_WRITE=c29tZSAyMDAwMDAgMjAwMDAwMAA=
RDI_PATCHROOT=
DESKTOP_SESSION=plasma
LC_MONETARY=en_US.UTF-8
XILINX_VITIS_AIETOOLS=/home/lutet/data3/amd_fpga_tools/2025.2/Vitis/aietools
GTK_RC_FILES=/etc/gtk/gtkrc:/home/lutet/.gtkrc:/home/lutet/.config/gtkrc
KDE_FORK_SLAVES=1
XDG_SEAT=seat0
XIL_NO_OVERRIDE=0
RDI_LIBDIR=/home/lutet/data3/amd_fpga_tools/2025.2/Vitis/lib/lnx64.o/Ubuntu/24:/home/lutet/data3/amd_fpga_tools/2025.2/Vitis/lib/lnx64.o/Ubuntu:/home/lutet/data3/amd_fpga_tools/2025.2/Vitis/lib/lnx64.o
PWD=/home/lutet/tiled-ip/hls_impl/hls_component
LOGNAME=lutet
XDG_SESSION_DESKTOP=KDE
THEIA_ELECTRON_VERSION=30.1.2
XDG_SESSION_TYPE=wayland
_RDI_DONT_SET_XILINX_AS_PATH=True
SYSTEMD_EXEC_PID=1867
VALIDATE_ARGS=False
XAUTHORITY=/run/user/1000/xauth_UDkMWJ
RDI_PREPEND_PATH=/home/lutet/data3/amd_fpga_tools/2025.2/Vitis/bin
XILINX_DSP=
THEIA_PLUGINS=local-dir:/home/lutet/.theia/plugins
XKB_DEFAULT_MODEL=pc105
GTK2_RC_FILES=/etc/gtk-2.0/gtkrc:/home/lutet/.gtkrc-2.0:/home/lutet/.config/gtkrc-2.0
HOME=/home/lutet
SYNTH_COMMON=/home/lutet/data3/amd_fpga_tools/2025.2/Vitis/scripts/rt/data
SSH_ASKPASS=/usr/bin/ksshaskpass
LANG=en_US.UTF-8
LC_PAPER=en_US.UTF-8
_JAVA_AWT_WM_NONREPARENTING=1
XDG_CURRENT_DESKTOP=KDE
MEMORY_PRESSURE_WATCH=/sys/fs/cgroup/user.slice/user-1000.slice/user@1000.service/session.slice/plasma-plasmashell.service/memory.pressure
WAYLAND_DISPLAY=wayland-0
QT_EXCLUDE_GENERIC_BEARER=1
XILINX_HLS=/home/lutet/data3/amd_fpga_tools/2025.2/Vitis
KCRASH_DUMP_ONLY=1
XDG_SEAT_PATH=/org/freedesktop/DisplayManager/Seat0
HDI_PROCESSOR=x86_64
RDI_BUILD=yes
RDI_PROG=/home/lutet/data3/amd_fpga_tools/2025.2/Vitis/bin/unwrapped/lnx64.o/v++
INVOCATION_ID=b0e495f95c6943618ef740b98e57a497
QTWEBENGINE_DICTIONARIES_PATH=/usr/share/hunspell-bdic/
MANAGERPID=1443
RDI_SESSION_INFO=/home/lutet:lutet-7950x-linux_1777661755_6624
CHROME_DESKTOP=Vitis Unified IDE.desktop
RT_TCL_PATH=/home/lutet/data3/amd_fpga_tools/2025.2/Vitis/scripts/rt/base_tcl/tcl
KDE_SESSION_UID=1000
XILINX_VITIS_GDB=/home/lutet/data3/amd_fpga_tools/2025.2/Vitis/lnx64/tools/gdb/gdb-15.2
XILINX_SDK=/home/lutet/data3/amd_fpga_tools/2025.2/Vitis
XKB_DEFAULT_LAYOUT=us
RDI_SHARED_DATA=
XDG_ACTIVATION_TOKEN=kwin-23
VSCODE_API_VERSION=1.99.3
XDG_SESSION_CLASS=user
PYTHONPATH=/home/lutet/data3/amd_fpga_tools/2025.2/Vitis/cli/:/home/lutet/data3/amd_fpga_tools/2025.2/Vitis/cli/python-packages/site-packages:/home/lutet/data3/amd_fpga_tools/2025.2/Vitis/cli/proto:/home/lutet/data3/amd_fpga_tools/2025.2/Vitis/tps/lnx64/python-3.13.0/lib/python3.13/lib-dynload/:/home/lutet/data3/amd_fpga_tools/2025.2/Vitis/tps/lnx64/python-3.13.0/lib/python3.13/:/home/lutet/data3/amd_fpga_tools/2025.2/Vitis/scripts/python_pkg:/home/lutet/data3/amd_fpga_tools/2025.2/Vitis/cli/:/home/lutet/data3/amd_fpga_tools/2025.2/Vitis/cli/python-packages/site-packages:/home/lutet/data3/amd_fpga_tools/2025.2/Vitis/cli/python-packages/lnx64:/home/lutet/data3/amd_fpga_tools/2025.2/Vitis/cli/proto:/home/lutet/data3/amd_fpga_tools/2025.2/Vivado/tps/lnx64/python-3.13.0/lib/python3.13/lib-dynload/:/home/lutet/data3/amd_fpga_tools/2025.2/Vivado/tps/lnx64/python-3.13.0/lib/python3.13
LC_IDENTIFICATION=en_US.UTF-8
PYTHONHOME=/home/lutet/data3/amd_fpga_tools/2025.2/Vitis/tps/lnx64/python-3.13.0/
USER=lutet
SSH_ASKPASS_REQUIRE=prefer
XILINX_PLANAHEAD=/home/lutet/data3/amd_fpga_tools/2025.2/Vitis
PATCH_INFO=
QT_WAYLAND_RECONNECT=1
RDI_BASEROOT=/home/lutet/data3/amd_fpga_tools/2025.2
KDE_SESSION_VERSION=6
LOPPER_DTC_FLAGS=-b 0 -@
RDI_TPS_ROOT=/home/lutet/data3/amd_fpga_tools/2025.2/Vivado/tps/lnx64
RDI_JAVA_VERSION=11.0.16_1
IDE_SKIP_SERVER_LICENSE=1
RDI_DATADIR=:/home/lutet/data3/amd_fpga_tools/2025.2/data
THEIA_ELECTRON_TOKEN={"value":"53dac8ba-050d-4c46-a2ec-546dd759382b"}
DISPLAY=:1
SHLVL=3
GSM_SKIP_SSH_AGENT_WORKAROUND=true
LC_TELEPHONE=en_US.UTF-8
RDI_USE_JDK11=1
MOZ_USE_XINPUT2=1
LC_MEASUREMENT=en_US.UTF-8
XDG_VTNR=1
XIL_CHECK_TCL_DEBUG=False
XDG_SESSION_ID=2
SYSTEMPLATFORM=KDE
LD_LIBRARY_PATH=/home/lutet/data3/amd_fpga_tools/2025.2/Vitis/tps/lnx64/java-cef-95.0.4638.69/bin/lib/linux64:/home/lutet/data3/amd_fpga_tools/2025.2/Vitis/tps/lnx64/javafx-sdk-11.0.2/lib:/home/lutet/data3/amd_fpga_tools/2025.2/Vitis/lib/lnx64.o/Ubuntu/24:/home/lutet/data3/amd_fpga_tools/2025.2/Vitis/lib/lnx64.o/Ubuntu:/home/lutet/data3/amd_fpga_tools/2025.2/Vitis/lib/lnx64.o:/home/lutet/data3/amd_fpga_tools/2025.2/Vitis/tps/lnx64/jre11.0.16_1/lib/:/home/lutet/data3/amd_fpga_tools/2025.2/Vitis/tps/lnx64/jre11.0.16_1/lib//server:/home/lutet/data3/amd_fpga_tools/2025.2/Vitis/lib/lnx64.o/Ubuntu/24:/home/lutet/data3/amd_fpga_tools/2025.2/Vitis/lib/lnx64.o/Ubuntu:/home/lutet/data3/amd_fpga_tools/2025.2/Vitis/lib/lnx64.o:/home/lutet/data3/amd_fpga_tools/2025.2/Vitis/tps/lnx64/cmake-3.24.2/libs/Ubuntu/24:/home/lutet/data3/amd_fpga_tools/2025.2/Vitis/tps/lnx64/cmake-3.24.2/libs/Ubuntu:/home/lutet/data3/amd_fpga_tools/2025.2/Vitis/tps/lnx64/cmake-3.24.2/libs:/home/lutet/data3/amd_fpga_tools/2025.2/Vitis/lib/lnx64.o/Ubuntu/24:/home/lutet/data3/amd_fpga_tools/2025.2/Vitis/lib/lnx64.o/Ubuntu:/home/lutet/data3/amd_fpga_tools/2025.2/Vitis/lib/lnx64.o:/home/lutet/data3/amd_fpga_tools/2025.2/Vitis/tps/lnx64/python-3.13.0/lib:/home/lutet/data3/amd_fpga_tools/2025.2/Vivado/tps/lnx64/cmake-3.24.2/libs/Ubuntu/24:/home/lutet/data3/amd_fpga_tools/2025.2/Vivado/tps/lnx64/cmake-3.24.2/libs/Ubuntu:/home/lutet/data3/amd_fpga_tools/2025.2/Vivado/tps/lnx64/cmake-3.24.2/libs:/home/lutet/data3/amd_fpga_tools/2025.2/Vitis/lib/lnx64.o:/home/lutet/data3/amd_fpga_tools/2025.2/Vitis/lib/lnx64.o/Ubuntu/24:/home/lutet/data3/amd_fpga_tools/2025.2/Vitis/lib/lnx64.o/Ubuntu:/home/lutet/data3/amd_fpga_tools/2025.2/Vitis/lib/lnx64.o:/home/lutet/data3/amd_fpga_tools/2025.2/Vivado/tps/lnx64/python-3.13.0/lib:/home/lutet/data3/amd_fpga_tools/2025.2/Vitis/aietools/lib/lnx64.o
HDIPRELDPATH=/home/lutet/data3/amd_fpga_tools/2025.2/Vitis/lib/lnx64.o/Ubuntu/24:/home/lutet/data3/amd_fpga_tools/2025.2/Vitis/lib/lnx64.o/Ubuntu:/home/lutet/data3/amd_fpga_tools/2025.2/Vitis/lib/lnx64.o:/home/lutet/data3/amd_fpga_tools/2025.2/Vitis/tps/lnx64/cmake-3.24.2/libs/Ubuntu/24:/home/lutet/data3/amd_fpga_tools/2025.2/Vitis/tps/lnx64/cmake-3.24.2/libs/Ubuntu:/home/lutet/data3/amd_fpga_tools/2025.2/Vitis/tps/lnx64/cmake-3.24.2/libs:/home/lutet/data3/amd_fpga_tools/2025.2/Vitis/lib/lnx64.o/Ubuntu/24:/home/lutet/data3/amd_fpga_tools/2025.2/Vitis/lib/lnx64.o/Ubuntu:/home/lutet/data3/amd_fpga_tools/2025.2/Vitis/lib/lnx64.o:/home/lutet/data3/amd_fpga_tools/2025.2/Vitis/tps/lnx64/python-3.13.0/lib:/home/lutet/data3/amd_fpga_tools/2025.2/Vivado/tps/lnx64/cmake-3.24.2/libs/Ubuntu/24:/home/lutet/data3/amd_fpga_tools/2025.2/Vivado/tps/lnx64/cmake-3.24.2/libs/Ubuntu:/home/lutet/data3/amd_fpga_tools/2025.2/Vivado/tps/lnx64/cmake-3.24.2/libs:/home/lutet/data3/amd_fpga_tools/2025.2/Vitis/lib/lnx64.o:/home/lutet/data3/amd_fpga_tools/2025.2/Vitis/lib/lnx64.o/Ubuntu/24:/home/lutet/data3/amd_fpga_tools/2025.2/Vitis/lib/lnx64.o/Ubuntu:/home/lutet/data3/amd_fpga_tools/2025.2/Vitis/lib/lnx64.o:/home/lutet/data3/amd_fpga_tools/2025.2/Vivado/tps/lnx64/python-3.13.0/lib:/home/lutet/data3/amd_fpga_tools/2025.2/Vitis/aietools/lib/lnx64.o
XDG_RUNTIME_DIR=/run/user/1000
TCMALLOC_LARGE_ALLOC_REPORT_THRESHOLD=4294967296
DEBUGINFOD_URLS=https://debuginfod.neon.kde.org/ https://debuginfod.ubuntu.com/ 
LC_TIME=en_US.UTF-8
TCL_LIBRARY=/home/lutet/data3/amd_fpga_tools/2025.2/Vitis/tps/tcl/tcl8.6
LC_ALL=en_US.UTF-8
JOURNAL_STREAM=9:17350
XILINX_VITIS_GIT=/home/lutet/data3/amd_fpga_tools/2025.2/Vivado/tps/lnx64/git-2.50.0/bin
XDG_DATA_DIRS=/home/lutet/.local/share/flatpak/exports/share:/var/lib/flatpak/exports/share:/usr/local/share:/usr/share:/var/lib/snapd/desktop
KDE_FULL_SESSION=true
PATH=/home/lutet/data3/amd_fpga_tools/2025.2/Vivado/tps/lnx64/binutils-2.26/bin:/home/lutet/data3/amd_fpga_tools/2025.2/Vitis/bin/../gnu/aarch64/lin/aarch64-linux/bin:/home/lutet/data3/amd_fpga_tools/2025.2/Vitis/bin/../gnu/ppc64le/4.9.3/lnx64/bin:/home/lutet/data3/amd_fpga_tools/2025.2/Vitis/bin/../gnu/aarch32/lin/gcc-arm-linux-gnueabi/bin:/home/lutet/data3/amd_fpga_tools/2025.2/Vivado/tps/lnx64/gcc-8.3.0/bin:/home/lutet/data3/amd_fpga_tools/2025.2/Vivado/gnu/microblaze/lin/bin:/home/lutet/data3/amd_fpga_tools/2025.2/Vitis/bin:/home/lutet/data3/amd_fpga_tools/2025.2/Vitis/tps/lnx64/jre11.0.16_1/bin:/home/lutet/data3/amd_fpga_tools/2025.2/Vitis/gnu/microblaze/lin/bin:/home/lutet/data3/amd_fpga_tools/2025.2/Vitis/gnu/arm/lin/bin:/home/lutet/data3/amd_fpga_tools/2025.2/Vitis/gnu/microblaze/linux_toolchain/nt64_be/bin:/home/lutet/data3/amd_fpga_tools/2025.2/Vitis/gnu/microblaze/linux_toolchain/nt64_le/bin:/home/lutet/data3/amd_fpga_tools/2025.2/Vitis/gnu/aarch32/lin/gcc-arm-linux-gnueabi/bin:/home/lutet/data3/amd_fpga_tools/2025.2/Vitis/gnu/aarch32/lin/gcc-arm-none-eabi/bin:/home/lutet/data3/amd_fpga_tools/2025.2/Vitis/gnu/aarch64/lin/aarch64-linux/bin:/home/lutet/data3/amd_fpga_tools/2025.2/Vitis/gnu/aarch64/lin/aarch64-none/bin:/home/lutet/data3/amd_fpga_tools/2025.2/Vitis/gnu/armr5/lin/gcc-arm-none-eabi/bin:/home/lutet/data3/amd_fpga_tools/2025.2/Vitis/tps/lnx64/cmake-3.24.2/bin:/home/lutet/data3/amd_fpga_tools/2025.2/Vitis/lnx64/tools/clang/bin:/home/lutet/data3/amd_fpga_tools/2025.2/Vitis/tps/lnx64/python-3.13.0//bin:/home/lutet/data3/amd_fpga_tools/2025.2/Vitis/tps/lnx64/jre21.0.5_11//bin:/home/lutet/data3/amd_fpga_tools/2025.2/Vitis/aietools/bin:/bin:/home/lutet/data3/amd_fpga_tools/2025.2/Vivado/bin:/home/lutet/.local/bin:/home/lutet/.opencode/bin:/home/lutet/.fzf/bin:/home/lutet/data3/amd_fpga_tools/2025.2/Vivado/tps/lnx64/git-2.50.0/bin:/home/lutet/data3/amd_fpga_tools/2025.2/Vitis/lnx64/tools/vcxx/libexec:/home/lutet/data3/amd_fpga_tools/2025.2/Vivado/tps/lnx64/cmake-3.24.2/bin:/home/lutet/data3/amd_fpga_tools/2025.2/Vivado/tps/lnx64/jre21.0.5_11/bin:/home/lutet/data3/amd_fpga_tools/2025.2/Vivado/tps/lnx64/python-3.13.0/bin:/home/lutet/data3/amd_fpga_tools/2025.2/Vitis/gnu/riscv/lin/bin:/home/lutet/data3/amd_fpga_tools/2025.2/Vitis/gnu/riscv/linux_toolchain/lin32/bin:/home/lutet/data3/amd_fpga_tools/2025.2/Vitis/gnu/riscv/linux_toolchain/lin64/bin:/usr/local/sbin:/usr/local/bin:/usr/sbin:/usr/bin:/sbin:/usr/games:/usr/local/games:/snap/bin
RT_LIBPATH=/home/lutet/data3/amd_fpga_tools/2025.2/Vitis/scripts/rt/data
ORIGINAL_XDG_CURRENT_DESKTOP=KDE
HDI_APPROOT=/home/lutet/data3/amd_fpga_tools/2025.2/Vitis
DBUS_SESSION_BUS_ADDRESS=unix:path=/run/user/1000/bus
RDI_PLATFORM=lnx64
THEIA_APP_PROJECT_PATH=/home/lutet/data3/amd_fpga_tools/2025.2/Vitis/ide/electron-app/lnx64/resources/app
MYVIVADO=
KDE_APPLICATIONS_AS_SCOPE=1
BUILDINFO=SW Build 6295257 on 2025-11-13-01:29:14
ISL_IOSTREAMS_RSA=/home/lutet/data3/amd_fpga_tools/2025.2/Vitis/tps/isl
LC_NUMERIC=C
XILINX_VITIS=/home/lutet/data3/amd_fpga_tools/2025.2/Vitis
OLDPWD=/home/lutet/data3/amd_fpga_tools/2025.2/Vitis/bin
SASL_PATH=/usr/lib/x86_64-linux-gnu/sasl2
XILINX_VCXX=/home/lutet/data3/amd_fpga_tools/2025.2/Vitis/lnx64/tools/vcxx
_=/home/lutet/data3/amd_fpga_tools/2025.2/Vitis/bin/unwrapped/lnx64.o/v++
XILINX_CD_CONNECT_ID=32799
XILINX_CD_SESSION=3a70f052-d99c-415b-bd21-d461d4a25e42


V++ command line:
------------------------------------------
/home/lutet/data3/amd_fpga_tools/2025.2/Vitis/bin/unwrapped/lnx64.o/v++ -c --mode hls --config /home/lutet/tiled-ip/hls_impl/hls_component/hls_config.cfg --work_dir hls_component 

FINAL PROGRAM OPTIONS
--compile
--config /home/lutet/tiled-ip/hls_impl/hls_component/hls_config.cfg
--hls.clock 10ns
--hls.clock_uncertainty 1ns
--hls.flow_target vivado
--hls.package.output.format ip_catalog
--hls.package.output.syn false
--hls.syn.file main.cpp
--hls.syn.top transformer_top
--mode hls
--part xc7s50csga324-2
--target hw
--work_dir hls_component

PARSED COMMAND LINE OPTIONS
-c 
--mode hls 
--config /home/lutet/tiled-ip/hls_impl/hls_component/hls_config.cfg 
--work_dir hls_component 

PARSED CONFIG FILE (1) OPTIONS
file: /home/lutet/tiled-ip/hls_impl/hls_component/hls_config.cfg
part xc7s50csga324-2 
hls.flow_target vivado 
hls.package.output.format ip_catalog 
hls.package.output.syn false 
hls.clock 10ns 
hls.clock_uncertainty 1ns 
hls.syn.file main.cpp 
hls.syn.top transformer_top 


==========================================
new:  steps log generated by v++ for new launch 
timestamp: 01 May 2026 14:21:09

------------------------------------------
VITIS-RUN command line :
------------------------------------------
/home/lutet/data3/amd_fpga_tools/2025.2/Vitis/bin/unwrapped/lnx64.o/vitis-run --mode hls --csim --work_dir hls_component --config hls_config.cfg 
  Options from -O    : 
  Options from *.ini : 
  Options from Hw Platform : 

==========================================
new:  steps log generated by v++ for new launch 
timestamp: 01 May 2026 14:34:09

------------------------------------------
V++ command line :
------------------------------------------
/home/lutet/data3/amd_fpga_tools/2025.2/Vitis/bin/unwrapped/lnx64.o/v++ -c --mode hls --config /home/lutet/tiled-ip/hls_impl/hls_component/hls_config.cfg --work_dir hls_component 
  Options from -O    : 
  Options from *.ini : 
  Options from Hw Platform : 

==========================================
new:  steps log generated by v++ for new launch 
timestamp: 01 May 2026 14:53:53
