Fri May  1 14:21:07 2026: Running xcd server. This server was built by gradle.
Fri May  1 14:21:07 2026: Server was asked to start on port: '32799'
Fri May  1 14:21:07 2026: Server is using token UUID: '4e790d7a-64ad-4a51-99a7-eb161e8172c6'
Fri May  1 14:21:07 2026: SESSION_MGR: creating session with session uuid: '6d04a3e9-ade5-4ab9-8d63-1f78fcd2ec76' and name 'default'
Fri May  1 14:21:07 2026: Attempting to start server on port '32799'
Fri May  1 14:21:07 2026: XCD main fifo: created main fifo '/tmp/xcdmain4e790d7a-64ad-4a51-99a7-eb161e8172c6', fd read = 13
Fri May  1 14:21:07 2026: Running Dispatch Server
Fri May  1 14:21:07 2026: Version 2.2.0
Fri May  1 14:21:09 2026: Dispatch Server: Accepted socket connection from client
Fri May  1 14:21:09 2026: Starting Socket connection
Fri May  1 14:21:09 2026: EXCHANGE_TOKEN received, server token: 4e790d7a-64ad-4a51-99a7-eb161e8172c6, passed token: 4e790d7a-64ad-4a51-99a7-eb161e8172c6
Fri May  1 14:21:09 2026: DISPATCH_HANDLER: Adding handler from function makeHandler in library libxv_system_diagram
Fri May  1 14:21:09 2026: SESSION_MGR: creating session with session uuid: '3a70f052-d99c-415b-bd21-d461d4a25e42' and name 'v++_compile_hls_component'
Fri May  1 14:21:09 2026: KERNEL_SVC: creating session with uuid: '3a70f052-d99c-415b-bd21-d461d4a25e42' and name 'v++_compile_hls_component'
Fri May  1 14:21:09 2026: GUIDANCE_SMGR: creating guidance session with uuid: '3a70f052-d99c-415b-bd21-d461d4a25e42' and name 'v++_compile_hls_component'
Fri May  1 14:21:09 2026: SYSTEM_DIAGRAM: creating session with uuid: '3a70f052-d99c-415b-bd21-d461d4a25e42' and name 'v++_compile_hls_component'
Fri May  1 14:21:11 2026: Dispatch Server: Accepted socket connection from client
Fri May  1 14:21:11 2026: Starting Socket connection
Fri May  1 14:21:31 2026: SESSION_MGR: closing session for UUID '3a70f052-d99c-415b-bd21-d461d4a25e42' with name 'v++_compile_hls_component'
Fri May  1 14:21:31 2026: KERNEL_SVC: closing session for UUID '3a70f052-d99c-415b-bd21-d461d4a25e42' with name 'v++_compile_hls_component'
Fri May  1 14:21:31 2026: GUIDANCE_SMGR: closing session for UUID '3a70f052-d99c-415b-bd21-d461d4a25e42' with name 'v++_compile_hls_component'
Fri May  1 14:21:31 2026: SYSTEM_DIAGRAM: closing session for UUID '3a70f052-d99c-415b-bd21-d461d4a25e42' with name 'v++_compile_hls_component'
Fri May  1 14:21:31 2026: STOP_SERVER received, server token: 4e790d7a-64ad-4a51-99a7-eb161e8172c6, passed token: 4e790d7a-64ad-4a51-99a7-eb161e8172c6
Fri May  1 14:21:31 2026: Socket received request to stop server.
Fri May  1 14:21:31 2026: Dispatch Server: do_await_stop
Fri May  1 14:21:31 2026: Dispatch Server: stopping mainFifo_
Fri May  1 14:21:31 2026: XCD main fifo: Stopping
Fri May  1 14:21:31 2026: XCD main fifo: do_read error code: Operation canceled
Fri May  1 14:21:31 2026: XCD main fifo: bytes_transferred: 0
Fri May  1 14:21:31 2026: SERVER: destructor for server bound to port 32799
Fri May  1 14:21:31 2026: XCD main fifo: Good unlink of /tmp/xcdmain4e790d7a-64ad-4a51-99a7-eb161e8172c6
Fri May  1 14:21:31 2026: Server exiting with status 0.
Fri May  1 14:21:31 2026: Closing log file.
Fri May  1 14:34:07 2026: Running xcd server. This server was built by gradle.
Fri May  1 14:34:07 2026: Server was asked to start on port: '36299'
Fri May  1 14:34:07 2026: Server is using token UUID: 'b8be180e-38fb-4acb-861f-f1e2e636a9d4'
Fri May  1 14:34:07 2026: SESSION_MGR: creating session with session uuid: '6d04a3e9-ade5-4ab9-8d63-1f78fcd2ec76' and name 'default'
Fri May  1 14:34:07 2026: Attempting to start server on port '36299'
Fri May  1 14:34:07 2026: XCD main fifo: created main fifo '/tmp/xcdmainb8be180e-38fb-4acb-861f-f1e2e636a9d4', fd read = 13
Fri May  1 14:34:07 2026: Running Dispatch Server
Fri May  1 14:34:07 2026: Version 2.2.0
Fri May  1 14:34:08 2026: Dispatch Server: Accepted socket connection from client
Fri May  1 14:34:08 2026: Starting Socket connection
Fri May  1 14:34:08 2026: EXCHANGE_TOKEN received, server token: b8be180e-38fb-4acb-861f-f1e2e636a9d4, passed token: b8be180e-38fb-4acb-861f-f1e2e636a9d4
Fri May  1 14:34:09 2026: DISPATCH_HANDLER: Adding handler from function makeHandler in library libxv_system_diagram
Fri May  1 14:34:09 2026: SESSION_MGR: creating session with session uuid: '0d5edc42-a3fb-439b-b7ff-3a2f65ae408c' and name 'vitis-run_compile_hls_component'
Fri May  1 14:34:09 2026: KERNEL_SVC: creating session with uuid: '0d5edc42-a3fb-439b-b7ff-3a2f65ae408c' and name 'vitis-run_compile_hls_component'
Fri May  1 14:34:09 2026: GUIDANCE_SMGR: creating guidance session with uuid: '0d5edc42-a3fb-439b-b7ff-3a2f65ae408c' and name 'vitis-run_compile_hls_component'
Fri May  1 14:34:09 2026: SYSTEM_DIAGRAM: creating session with uuid: '0d5edc42-a3fb-439b-b7ff-3a2f65ae408c' and name 'vitis-run_compile_hls_component'
Fri May  1 14:34:10 2026: Dispatch Server: Accepted socket connection from client
Fri May  1 14:34:10 2026: Starting Socket connection
Fri May  1 14:34:10 2026: SESSION_MGR: closing session for UUID '0d5edc42-a3fb-439b-b7ff-3a2f65ae408c' with name 'vitis-run_compile_hls_component'
Fri May  1 14:34:10 2026: KERNEL_SVC: closing session for UUID '0d5edc42-a3fb-439b-b7ff-3a2f65ae408c' with name 'vitis-run_compile_hls_component'
Fri May  1 14:34:10 2026: GUIDANCE_SMGR: closing session for UUID '0d5edc42-a3fb-439b-b7ff-3a2f65ae408c' with name 'vitis-run_compile_hls_component'
Fri May  1 14:34:10 2026: SYSTEM_DIAGRAM: closing session for UUID '0d5edc42-a3fb-439b-b7ff-3a2f65ae408c' with name 'vitis-run_compile_hls_component'
Fri May  1 14:34:10 2026: STOP_SERVER received, server token: b8be180e-38fb-4acb-861f-f1e2e636a9d4, passed token: b8be180e-38fb-4acb-861f-f1e2e636a9d4
Fri May  1 14:34:10 2026: Socket received request to stop server.
Fri May  1 14:34:10 2026: Dispatch Server: do_await_stop
Fri May  1 14:34:10 2026: Dispatch Server: stopping mainFifo_
Fri May  1 14:34:10 2026: XCD main fifo: Stopping
Fri May  1 14:34:10 2026: XCD main fifo: do_read error code: Operation canceled
Fri May  1 14:34:10 2026: XCD main fifo: bytes_transferred: 0
Fri May  1 14:34:10 2026: SERVER: destructor for server bound to port 36299
Fri May  1 14:34:10 2026: XCD main fifo: Good unlink of /tmp/xcdmainb8be180e-38fb-4acb-861f-f1e2e636a9d4
Fri May  1 14:34:10 2026: Server exiting with status 0.
Fri May  1 14:34:10 2026: Closing log file.
Fri May  1 14:53:51 2026: Running xcd server. This server was built by gradle.
Fri May  1 14:53:51 2026: Server was asked to start on port: '44827'
Fri May  1 14:53:51 2026: Server is using token UUID: '17b9a662-1cae-45e6-9167-0adc84022542'
Fri May  1 14:53:51 2026: SESSION_MGR: creating session with session uuid: '6d04a3e9-ade5-4ab9-8d63-1f78fcd2ec76' and name 'default'
Fri May  1 14:53:51 2026: Attempting to start server on port '44827'
Fri May  1 14:53:51 2026: XCD main fifo: created main fifo '/tmp/xcdmain17b9a662-1cae-45e6-9167-0adc84022542', fd read = 13
Fri May  1 14:53:51 2026: Running Dispatch Server
Fri May  1 14:53:51 2026: Version 2.2.0
Fri May  1 14:53:53 2026: Dispatch Server: Accepted socket connection from client
Fri May  1 14:53:53 2026: Starting Socket connection
Fri May  1 14:53:53 2026: EXCHANGE_TOKEN received, server token: 17b9a662-1cae-45e6-9167-0adc84022542, passed token: 17b9a662-1cae-45e6-9167-0adc84022542
Fri May  1 14:53:53 2026: DISPATCH_HANDLER: Adding handler from function makeHandler in library libxv_system_diagram
Fri May  1 14:53:53 2026: SESSION_MGR: creating session with session uuid: '79c87486-7892-4a05-bfed-00cb1cfb1640' and name 'v++_compile_hls_component'
Fri May  1 14:53:53 2026: KERNEL_SVC: creating session with uuid: '79c87486-7892-4a05-bfed-00cb1cfb1640' and name 'v++_compile_hls_component'
Fri May  1 14:53:53 2026: GUIDANCE_SMGR: creating guidance session with uuid: '79c87486-7892-4a05-bfed-00cb1cfb1640' and name 'v++_compile_hls_component'
Fri May  1 14:53:53 2026: SYSTEM_DIAGRAM: creating session with uuid: '79c87486-7892-4a05-bfed-00cb1cfb1640' and name 'v++_compile_hls_component'
Fri May  1 14:53:54 2026: Dispatch Server: Accepted socket connection from client
Fri May  1 14:53:54 2026: Starting Socket connection
Fri May  1 14:54:13 2026: SESSION_MGR: closing session for UUID '79c87486-7892-4a05-bfed-00cb1cfb1640' with name 'v++_compile_hls_component'
Fri May  1 14:54:13 2026: KERNEL_SVC: closing session for UUID '79c87486-7892-4a05-bfed-00cb1cfb1640' with name 'v++_compile_hls_component'
Fri May  1 14:54:13 2026: GUIDANCE_SMGR: closing session for UUID '79c87486-7892-4a05-bfed-00cb1cfb1640' with name 'v++_compile_hls_component'
Fri May  1 14:54:13 2026: SYSTEM_DIAGRAM: closing session for UUID '79c87486-7892-4a05-bfed-00cb1cfb1640' with name 'v++_compile_hls_component'
Fri May  1 14:54:13 2026: STOP_SERVER received, server token: 17b9a662-1cae-45e6-9167-0adc84022542, passed token: 17b9a662-1cae-45e6-9167-0adc84022542
Fri May  1 14:54:13 2026: Socket received request to stop server.
Fri May  1 14:54:13 2026: Dispatch Server: do_await_stop
Fri May  1 14:54:13 2026: Dispatch Server: stopping mainFifo_
Fri May  1 14:54:13 2026: XCD main fifo: Stopping
Fri May  1 14:54:13 2026: XCD main fifo: do_read error code: Operation canceled
Fri May  1 14:54:13 2026: XCD main fifo: bytes_transferred: 0
Fri May  1 14:54:13 2026: SERVER: destructor for server bound to port 44827
Fri May  1 14:54:13 2026: XCD main fifo: Good unlink of /tmp/xcdmain17b9a662-1cae-45e6-9167-0adc84022542
Fri May  1 14:54:13 2026: Server exiting with status 0.
Fri May  1 14:54:13 2026: Closing log file.
